<?xml version="1.0" encoding="UTF-8"?>
<!-- Generated by org.testng.reporters.JUnitXMLReporter -->
<testsuite ignored="0" hostname="DESKTOP-V88DC5U" failures="0" tests="3" name="Default test" time="70.999" errors="0" timestamp="2026-02-25T15:29:32 IST">
  <testcase classname="com.test.IpBilling.test.Tc_013_PackageDurationModifictionTest" name="PackageDurationModifiction_ChangeBillableTypeTest" time="34.56"/>
  <testcase classname="com.test.IpBilling.test.Tc_013_PackageDurationModifictionTest" name="PackageDurationModifictionTest" time="12.203"/>
  <testcase classname="com.test.IpBilling.test.Tc_013_PackageDurationModifictionTest" name="PackageDurationModifictionDeleteTest" time="6.323"/>
</testsuite> <!-- Default test -->
