<?xml version="1.0" encoding="UTF-8"?>
<!-- Generated by org.testng.reporters.JUnitXMLReporter -->
<testsuite ignored="0" hostname="DESKTOP-V88DC5U" failures="0" tests="3" name="Default test" time="63.298" errors="0" timestamp="2026-04-30T14:23:29 IST">
  <testcase classname="com.test.emergency.test.TC_036_Er_Order_NurseCarePlanTest" name="SelectOccupiedPatientInRightTab" time="16.627"/>
  <testcase classname="com.test.emergency.test.TC_036_Er_Order_NurseCarePlanTest" name="ErMarkedAsErrorTest" time="16.076"/>
  <testcase classname="com.test.emergency.test.TC_036_Er_Order_NurseCarePlanTest" name="ErSaveNurseCarePlanTest" time="18.162"/>
</testsuite> <!-- Default test -->
