<?xml version="1.0" encoding="UTF-8"?>
<!-- Generated by org.testng.reporters.JUnitXMLReporter -->
<testsuite ignored="2" hostname="DESKTOP-V88DC5U" failures="0" tests="2" name="Default test" time="57.491" errors="0" timestamp="2026-04-03T16:46:58 IST">
  <testcase classname="com.test.emergency.test.TC_016_Er_DepositRefundTest" name="SearchCurrentInPatientTest" time="30.003"/>
  <testcase classname="com.test.emergency.test.TC_016_Er_DepositRefundTest" name="DepositReceiptUtilityTest" time="10.961"/>
  <testcase classname="com.test.emergency.test.TC_016_Er_DepositRefundTest" name="DepositInCashTest" time="0.0">
    <ignored/>
  </testcase> <!-- DepositInCashTest -->
  <testcase classname="com.test.emergency.test.TC_016_Er_DepositRefundTest" name="DepositInChequeTest" time="0.0">
    <ignored/>
  </testcase> <!-- DepositInChequeTest -->
</testsuite> <!-- Default test -->
