<?xml version="1.0" encoding="UTF-8"?>
<!-- Generated by org.testng.reporters.JUnitXMLReporter -->
<testsuite ignored="0" hostname="DESKTOP-V88DC5U" failures="0" tests="3" name="Default test" time="50.716" errors="0" timestamp="2026-04-16T16:30:07 IST">
  <testcase classname="com.test.emergency.test.TC_022_BloodBank_RequisitionListTest" name="SeachInDateWiseRequisitionListTest" time="24.476"/>
  <testcase classname="com.test.emergency.test.TC_022_BloodBank_RequisitionListTest" name="SeachInUHIDRequisitionListTest" time="6.318"/>
  <testcase classname="com.test.emergency.test.TC_022_BloodBank_RequisitionListTest" name="SearchStatusRequisitionListTest" time="3.004"/>
</testsuite> <!-- Default test -->
