<?xml version="1.0" encoding="UTF-8"?>
<!-- Generated by org.testng.reporters.JUnitXMLReporter -->
<testsuite ignored="0" hostname="DESKTOP-V88DC5U" failures="0" tests="2" name="Default test" time="56.123" errors="0" timestamp="2026-01-07T18:59:30 IST">
  <testcase classname="com.test.frontoffice.test.InsuranceDocumentTest" name="FrontOfficeOP_InsuranceDocument" time="30.826"/>
  <testcase classname="com.test.frontoffice.test.InsuranceDocumentTest" name="FrontOfficeIP_InsuranceDocument" time="12.408"/>
</testsuite> <!-- Default test -->
