<?xml version="1.0" encoding="UTF-8"?>
<!-- Generated by org.testng.reporters.JUnitXMLReporter -->
<testsuite ignored="0" hostname="DESKTOP-V88DC5U" failures="0" tests="3" name="Default test" time="151.608" errors="0" timestamp="2025-12-01T11:51:31 IST">
  <testcase classname="com.test.frontoffice.test.FrontOfficeAppointmentSchedulingTest" name="frontOfficeAppointmentSchedulingAndRegistration" time="58.741"/>
  <testcase classname="com.test.frontoffice.test.FrontOfficeAppointmentSchedulingTest" name="FoAppointmentInLinkUHIDAndBilling" time="53.701"/>
  <testcase classname="com.test.frontoffice.test.FrontOfficeAppointmentSchedulingTest" name="FoAppointmentINUHID" time="25.779"/>
</testsuite> <!-- Default test -->
