<?xml version="1.0" encoding="UTF-8"?>
<!-- Generated by org.testng.reporters.JUnitXMLReporter -->
<testsuite ignored="0" hostname="DESKTOP-V88DC5U" failures="0" tests="2" name="Default test" time="44.267" errors="0" timestamp="2026-05-11T15:14:12 IST">
  <testcase classname="com.test.emergency.test.TC_039_ER_Order_MARMissedDoseTest" name="SelectOccupiedPatientInRightTab" time="20.355"/>
  <testcase classname="com.test.emergency.test.TC_039_ER_Order_MARMissedDoseTest" name="ErMedicationAdministrationsMissedDoseTest" time="11.75"/>
</testsuite> <!-- Default test -->
