<?xml version="1.0" encoding="UTF-8"?>
<!-- Generated by org.testng.reporters.JUnitXMLReporter -->
<testsuite ignored="1" hostname="DESKTOP-V88DC5U" failures="0" tests="1" name="Default test" time="82.622" errors="0" timestamp="2026-01-17T13:50:09 IST">
  <testcase classname="com.test.frontoffice.test.DoctorBlockScheduleAndEquipmentScheduleTest" name="BlockEquimentTest" time="70.609"/>
  <testcase classname="com.test.frontoffice.test.DoctorBlockScheduleAndEquipmentScheduleTest" name="BlockSchedulingTest" time="0.0">
    <ignored/>
  </testcase> <!-- BlockSchedulingTest -->
</testsuite> <!-- Default test -->
