<?xml version="1.0" encoding="UTF-8"?>
<!-- Generated by org.testng.reporters.JUnitXMLReporter -->
<testsuite ignored="0" hostname="DESKTOP-V88DC5U" failures="0" tests="5" name="Default test" time="128.596" errors="0" timestamp="2026-02-05T23:07:17 IST">
  <testcase classname="com.test.IpBilling.test.TC_007_GeneralOrderEntry_IpbillinTest" name="GeneralOrderEntryIpBilling" time="52.65"/>
  <testcase classname="com.test.IpBilling.test.TC_007_GeneralOrderEntry_IpbillinTest" name="PreviousOrderGeneralOrderEntryCheck" time="12.702"/>
  <testcase classname="com.test.IpBilling.test.TC_007_GeneralOrderEntry_IpbillinTest" name="DeleteProceduresTest" time="17.118"/>
  <testcase classname="com.test.IpBilling.test.TC_007_GeneralOrderEntry_IpbillinTest" name="SearchCurrint_In_Paient" time="16.399"/>
  <testcase classname="com.test.IpBilling.test.TC_007_GeneralOrderEntry_IpbillinTest" name="DischargedPatientsGeneralOrderEntry" time="18.783"/>
</testsuite> <!-- Default test -->
