<?xml version="1.0" encoding="UTF-8"?>
<!-- Generated by org.testng.reporters.JUnitXMLReporter -->
<testsuite ignored="1" hostname="DESKTOP-V88DC5U" failures="0" tests="4" name="Default test" time="122.548" errors="0" timestamp="2026-04-24T16:22:09 IST">
  <testcase classname="com.test.emergency.test.TC_032_ER_IOChartTest" name="SearchPatientIOChartTest" time="25.063"/>
  <testcase classname="com.test.emergency.test.TC_032_ER_IOChartTest" name="ERNumberPatientIOChartTest" time="63.393"/>
  <testcase classname="com.test.emergency.test.TC_032_ER_IOChartTest" name="IOChartChildWindToParentWindowPrintTest" time="13.024"/>
  <testcase classname="com.test.emergency.test.TC_032_ER_IOChartTest" name="DeleteErrorMarkedErrorTest" time="3.798"/>
  <testcase classname="com.test.emergency.test.TC_032_ER_IOChartTest" name="DeletePatientIOChartTest" time="0.0">
    <ignored/>
  </testcase> <!-- DeletePatientIOChartTest -->
</testsuite> <!-- Default test -->
