<?xml version="1.0" encoding="UTF-8"?>
<!-- Generated by org.testng.reporters.JUnitXMLReporter -->
<testsuite ignored="15" hostname="DESKTOP-V88DC5U" failures="0" tests="2" name="Default test" time="51.86" errors="0" timestamp="2026-03-24T14:22:20 IST">
  <testcase classname="com.test.emergency.test.ErBillingTest" name="EnterErNumberAndUHID" time="16.334"/>
  <testcase classname="com.test.emergency.test.ErBillingTest" name="DiscountInItemWiseTest" time="21.745"/>
  <testcase classname="com.test.emergency.test.ErBillingTest" name="CancelDischargeTest" time="0.0">
    <ignored/>
  </testcase> <!-- CancelDischargeTest -->
  <testcase classname="com.test.emergency.test.ErBillingTest" name="PatientInsuranceApprovalDetailsTest" time="0.0">
    <ignored/>
  </testcase> <!-- PatientInsuranceApprovalDetailsTest -->
  <testcase classname="com.test.emergency.test.ErBillingTest" name="DepositRefundDetails" time="0.0">
    <ignored/>
  </testcase> <!-- DepositRefundDetails -->
  <testcase classname="com.test.emergency.test.ErBillingTest" name="EditFinancialDetaitModification" time="0.0">
    <ignored/>
  </testcase> <!-- EditFinancialDetaitModification -->
  <testcase classname="com.test.emergency.test.ErBillingTest" name="DeleteDiscountBillTest" time="0.0">
    <ignored/>
  </testcase> <!-- DeleteDiscountBillTest -->
  <testcase classname="com.test.emergency.test.ErBillingTest" name="DeleteDiscountBillTest1" time="0.0">
    <ignored/>
  </testcase> <!-- DeleteDiscountBillTest1 -->
  <testcase classname="com.test.emergency.test.ErBillingTest" name="SearchDischargedPatientTest" time="0.0">
    <ignored/>
  </testcase> <!-- SearchDischargedPatientTest -->
  <testcase classname="com.test.emergency.test.ErBillingTest" name="BillDetailsDetails" time="0.0">
    <ignored/>
  </testcase> <!-- BillDetailsDetails -->
  <testcase classname="com.test.emergency.test.ErBillingTest" name="PendingInvestigationtest" time="0.0">
    <ignored/>
  </testcase> <!-- PendingInvestigationtest -->
  <testcase classname="com.test.emergency.test.ErBillingTest" name="DiscountOnServiceWiseDiscountTest" time="0.0">
    <ignored/>
  </testcase> <!-- DiscountOnServiceWiseDiscountTest -->
  <testcase classname="com.test.emergency.test.ErBillingTest" name="SearchCurrentPatientTest" time="0.0">
    <ignored/>
  </testcase> <!-- SearchCurrentPatientTest -->
  <testcase classname="com.test.emergency.test.ErBillingTest" name="DischargeIconTest" time="0.0">
    <ignored/>
  </testcase> <!-- DischargeIconTest -->
  <testcase classname="com.test.emergency.test.ErBillingTest" name="PatientBillSchemeTest" time="0.0">
    <ignored/>
  </testcase> <!-- PatientBillSchemeTest -->
  <testcase classname="com.test.emergency.test.ErBillingTest" name="DiscountInTotalBillDiscountTest" time="0.0">
    <ignored/>
  </testcase> <!-- DiscountInTotalBillDiscountTest -->
  <testcase classname="com.test.emergency.test.ErBillingTest" name="InterimBillTest" time="0.0">
    <ignored/>
  </testcase> <!-- InterimBillTest -->
</testsuite> <!-- Default test -->
