<?xml version="1.0" encoding="UTF-8"?>
<!-- Generated by org.testng.reporters.JUnitXMLReporter -->
<testsuite ignored="0" hostname="DESKTOP-V88DC5U" failures="0" tests="6" name="Default test" time="151.645" errors="0" timestamp="2026-05-12T17:48:03 IST">
  <testcase classname="com.test.emergency.test.TC_009_Reg_Discharge_DueBillSrttled_ErBillingTest" name="erDemogrphicDetailsTest" time="65.344"/>
  <testcase classname="com.test.emergency.test.TC_009_Reg_Discharge_DueBillSrttled_ErBillingTest" name="SaveEmergencyPatientTest" time="5.8"/>
  <testcase classname="com.test.emergency.test.TC_009_Reg_Discharge_DueBillSrttled_ErBillingTest" name="EnterErNumberAndUHID" time="7.733"/>
  <testcase classname="com.test.emergency.test.TC_009_Reg_Discharge_DueBillSrttled_ErBillingTest" name="DischargeIconTest" time="12.063"/>
  <testcase classname="com.test.emergency.test.TC_009_Reg_Discharge_DueBillSrttled_ErBillingTest" name="DueBillSettlementReceiptTest" time="19.627"/>
  <testcase classname="com.test.emergency.test.TC_009_Reg_Discharge_DueBillSrttled_ErBillingTest" name="EnterErNumberInChequeDueSettlementTest" time="28.036"/>
</testsuite> <!-- Default test -->
