<?xml version="1.0" encoding="UTF-8"?>
<!-- Generated by org.testng.reporters.JUnitXMLReporter -->
<testsuite ignored="0" hostname="DESKTOP-V88DC5U" failures="1" tests="19" name="Default test" time="461.862" errors="0" timestamp="2026-05-13T15:51:09 IST">
  <testcase classname="com.test.emergency.test.TC_017_Er_OrderTest" name="SearchOccupiedPatientTest" time="20.846"/>
  <testcase classname="com.test.emergency.test.TC_017_Er_OrderTest" name="InvestigationsOrderTest" time="25.286"/>
  <testcase classname="com.test.emergency.test.TC_017_Er_OrderTest" name="PendingOrderSaveTest" time="10.364"/>
  <testcase classname="com.test.emergency.test.TC_017_Er_OrderTest" name="PrintCompletedOrderTest" time="31.501">
    <failure type="org.openqa.selenium.TimeoutException" message="Expected condition failed: waiting for element to be clickable: By.xpath: //table[@id=&amp;apos;investigationlist&amp;apos;]//tbody//tr[position()=1] (tried for 5 second(s) with 500 milliseconds interval)
Build info: version: &amp;apos;4.38.0&amp;apos;, revision: &amp;apos;6b412e825c*&amp;apos;
System info: os.name: &amp;apos;Windows 11&amp;apos;, os.arch: &amp;apos;amd64&amp;apos;, os.version: &amp;apos;10.0&amp;apos;, java.version: &amp;apos;21.0.1&amp;apos;
Driver info: org.openqa.selenium.chrome.ChromeDriver
Capabilities {acceptInsecureCerts: true, browserName: chrome, browserVersion: 148.0.7778.97, chrome: {chromedriverVersion: 148.0.7778.167 (65db666ac2c..., userDataDir: C:\Users\ANUP~1.DES\AppData...}, fedcm:accounts: true, goog:chromeOptions: {debuggerAddress: localhost:59827}, goog:processID: 5332, networkConnectionEnabled: false, pageLoadStrategy: normal, platformName: windows, proxy: Proxy(), se:cdp: ws://localhost:59827/devtoo..., se:cdpVersion: 148.0.7778.97, setWindowRect: true, strictFileInteractability: false, timeouts: {implicit: 0, pageLoad: 300000, script: 30000}, unhandledPromptBehavior: dismiss and notify, webauthn:extension:credBlob: true, webauthn:extension:largeBlob: true, webauthn:extension:minPinLength: true, webauthn:extension:prf: true, webauthn:virtualAuthenticators: true}
Session ID: b3c51d4646454f6945bc0e26f1d8c3ca">
      <![CDATA[org.openqa.selenium.TimeoutException: Expected condition failed: waiting for element to be clickable: By.xpath: //table[@id='investigationlist']//tbody//tr[position()=1] (tried for 5 second(s) with 500 milliseconds interval)
Build info: version: '4.38.0', revision: '6b412e825c*'
System info: os.name: 'Windows 11', os.arch: 'amd64', os.version: '10.0', java.version: '21.0.1'
Driver info: org.openqa.selenium.chrome.ChromeDriver
Capabilities {acceptInsecureCerts: true, browserName: chrome, browserVersion: 148.0.7778.97, chrome: {chromedriverVersion: 148.0.7778.167 (65db666ac2c..., userDataDir: C:\Users\ANUP~1.DES\AppData...}, fedcm:accounts: true, goog:chromeOptions: {debuggerAddress: localhost:59827}, goog:processID: 5332, networkConnectionEnabled: false, pageLoadStrategy: normal, platformName: windows, proxy: Proxy(), se:cdp: ws://localhost:59827/devtoo..., se:cdpVersion: 148.0.7778.97, setWindowRect: true, strictFileInteractability: false, timeouts: {implicit: 0, pageLoad: 300000, script: 30000}, unhandledPromptBehavior: dismiss and notify, webauthn:extension:credBlob: true, webauthn:extension:largeBlob: true, webauthn:extension:minPinLength: true, webauthn:extension:prf: true, webauthn:virtualAuthenticators: true}
Session ID: b3c51d4646454f6945bc0e26f1d8c3ca
at org.openqa.selenium.support.ui.WebDriverWait.timeoutException(WebDriverWait.java:84)
at org.openqa.selenium.support.ui.FluentWait.until(FluentWait.java:228)
at com.test.emergency.page.Er_OrderPage.ClickOnCompletedOrderTable(Er_OrderPage.java:473)
at com.test.emergency.test.TC_017_Er_OrderTest.PrintCompletedOrderTest(TC_017_Er_OrderTest.java:128)
at java.base/jdk.internal.reflect.DirectMethodHandleAccessor.invoke(DirectMethodHandleAccessor.java:103)
at java.base/java.lang.reflect.Method.invoke(Method.java:580)
at org.testng.internal.invokers.MethodInvocationHelper.invokeMethod(MethodInvocationHelper.java:141)
at org.testng.internal.invokers.TestInvoker.invokeMethod(TestInvoker.java:687)
at org.testng.internal.invokers.TestInvoker.invokeTestMethod(TestInvoker.java:230)
at org.testng.internal.invokers.MethodRunner.runInSequence(MethodRunner.java:63)
at org.testng.internal.invokers.TestInvoker$MethodInvocationAgent.invoke(TestInvoker.java:995)
at org.testng.internal.invokers.TestInvoker.invokeTestMethods(TestInvoker.java:203)
at org.testng.internal.invokers.TestMethodWorker.invokeTestMethods(TestMethodWorker.java:154)
at org.testng.internal.invokers.TestMethodWorker.run(TestMethodWorker.java:134)
at java.base/java.util.ArrayList.forEach(ArrayList.java:1596)
at org.testng.TestRunner.privateRun(TestRunner.java:741)
at org.testng.TestRunner.run(TestRunner.java:616)
at org.testng.SuiteRunner.runTest(SuiteRunner.java:421)
at org.testng.SuiteRunner.runSequentially(SuiteRunner.java:413)
at org.testng.SuiteRunner.privateRun(SuiteRunner.java:373)
at org.testng.SuiteRunner.run(SuiteRunner.java:312)
at org.testng.SuiteRunnerWorker.runSuite(SuiteRunnerWorker.java:52)
at org.testng.SuiteRunnerWorker.run(SuiteRunnerWorker.java:95)
at org.testng.TestNG.runSuitesSequentially(TestNG.java:1274)
at org.testng.TestNG.runSuitesLocally(TestNG.java:1208)
at org.testng.TestNG.runSuites(TestNG.java:1112)
at org.testng.TestNG.run(TestNG.java:1079)
at org.testng.remote.AbstractRemoteTestNG.run(AbstractRemoteTestNG.java:115)
at org.testng.remote.RemoteTestNG.initAndRun(RemoteTestNG.java:293)
at org.testng.remote.RemoteTestNG.main(RemoteTestNG.java:91)
]]>
    </failure>
  </testcase> <!-- PrintCompletedOrderTest -->
  <testcase classname="com.test.emergency.test.TC_017_Er_OrderTest" name="GeneralOrderEntryTest" time="19.025"/>
  <testcase classname="com.test.emergency.test.TC_017_Er_OrderTest" name="SaveGeneralOrderEntryTest" time="4.774"/>
  <testcase classname="com.test.emergency.test.TC_017_Er_OrderTest" name="DeleteGeneralOrderEntryTest" time="8.089"/>
  <testcase classname="com.test.emergency.test.TC_017_Er_OrderTest" name="NewDrugOrderTest" time="62.922"/>
  <testcase classname="com.test.emergency.test.TC_017_Er_OrderTest" name="PrintPendingDrugsOrderTest" time="33.182"/>
  <testcase classname="com.test.emergency.test.TC_017_Er_OrderTest" name="CancelPendingDrugsOrderTest" time="17.649"/>
  <testcase classname="com.test.emergency.test.TC_017_Er_OrderTest" name="PharmacyIpIssueTest" time="69.33"/>
  <testcase classname="com.test.emergency.test.TC_017_Er_OrderTest" name="SearchOccupiedPatientTest_2" time="20.037"/>
  <testcase classname="com.test.emergency.test.TC_017_Er_OrderTest" name="CheckVerifyDrugsIssuedTest" time="2.729"/>
  <testcase classname="com.test.emergency.test.TC_017_Er_OrderTest" name="NewRetunDrugTestFuncility" time="45.779"/>
  <testcase classname="com.test.emergency.test.TC_017_Er_OrderTest" name="PharmacyIpRetunTest" time="21.476"/>
  <testcase classname="com.test.emergency.test.TC_017_Er_OrderTest" name="SearchOccupiedPatientTest_3" time="19.309"/>
  <testcase classname="com.test.emergency.test.TC_017_Er_OrderTest" name="CheckAndVerifyPendingNewRetunDrugTestFuncility" time="1.333"/>
  <testcase classname="com.test.emergency.test.TC_017_Er_OrderTest" name="EmergencyDischargeIntimationTest" time="12.398"/>
  <testcase classname="com.test.emergency.test.TC_017_Er_OrderTest" name="CancleDischargedIntimationTestFuncility" time="13.014"/>
</testsuite> <!-- Default test -->
