<?xml version="1.0" encoding="UTF-8"?>
<!-- Generated by org.testng.reporters.JUnitXMLReporter -->
<testsuite ignored="0" hostname="DESKTOP-V88DC5U" failures="0" tests="2" name="Default test" time="95.088" errors="0" timestamp="2025-12-24T12:42:31 IST">
  <testcase classname="com.test.frontoffice.test.GenerateScheduleAndEquipmentScheduleTest" name="GenenrateSchedulingTest" time="12.589"/>
  <testcase classname="com.test.frontoffice.test.GenerateScheduleAndEquipmentScheduleTest" name="Generate_Equipment_Schedule" time="71.251"/>
</testsuite> <!-- Default test -->
