<?xml version="1.0" encoding="UTF-8"?>
<!-- Generated by org.testng.reporters.JUnitXMLReporter -->
<testsuite ignored="3" hostname="DESKTOP-V88DC5U" failures="0" tests="1" name="Default test" time="53.078" errors="0" timestamp="2026-02-05T22:06:53 IST">
  <testcase classname="com.test.IpBilling.test.TC_008_DoctorVisit_BillingTest" name="SearchDateWisePatientsDoctorVisitTest" time="39.916"/>
  <testcase classname="com.test.IpBilling.test.TC_008_DoctorVisit_BillingTest" name="SerachDischargedPatientsDoctorVisit" time="0.0">
    <ignored/>
  </testcase> <!-- SerachDischargedPatientsDoctorVisit -->
  <testcase classname="com.test.IpBilling.test.TC_008_DoctorVisit_BillingTest" name="SearchInCurrentPatintDoctorVisit" time="0.0">
    <ignored/>
  </testcase> <!-- SearchInCurrentPatintDoctorVisit -->
  <testcase classname="com.test.IpBilling.test.TC_008_DoctorVisit_BillingTest" name="PatientsDoctorVisitTest" time="0.0">
    <ignored/>
  </testcase> <!-- PatientsDoctorVisitTest -->
</testsuite> <!-- Default test -->
