<?xml version="1.0" encoding="UTF-8"?>
<!-- Generated by org.testng.reporters.JUnitXMLReporter -->
<testsuite ignored="0" hostname="DESKTOP-V88DC5U" failures="0" tests="3" name="Default test" time="99.331" errors="0" timestamp="2026-05-13T17:32:17 IST">
  <testcase classname="com.test.emergency.test.TC_015A_Er_DueSettlementSearchDateTest" name="SearchErNumberAndDueSettlmentTest" time="21.215"/>
  <testcase classname="com.test.emergency.test.TC_015A_Er_DueSettlementSearchDateTest" name="EnterErNumberInChequeDueSettlementTest" time="23.913"/>
  <testcase classname="com.test.emergency.test.TC_015A_Er_DueSettlementSearchDateTest" name="PrintReciptNumberTest" time="37.857"/>
</testsuite> <!-- Default test -->
