<?xml version="1.0" encoding="UTF-8"?>
<!-- Generated by org.testng.reporters.JUnitXMLReporter -->
<testsuite ignored="7" hostname="DESKTOP-V88DC5U" failures="5" tests="12" name="Test" time="918.084" errors="0" timestamp="2025-07-24T23:40:22 IST">
  <testcase classname="com.test.frontoffice.test.Tc_50FrontOfficeAppointmentSchedulingTest001" name="appointmentScheduling" time="80.945"/>
  <testcase classname="com.test.frontoffice.test.Tc_51FrontOfficeSelectEquipmentScheduleTest002" name="frontOfficeSelectEquipmentScheduley" time="106.352"/>
  <testcase classname="com.test.frontoffice.test.Tc_52FrontOfficeDoctorScheduleCurrentStatusTest003" name="doctorScheduleCurrentStatus" time="26.458">
    <failure type="java.lang.AssertionError" message="Error while Clicking on the web element... ">
      <![CDATA[java.lang.AssertionError: Error while Clicking on the web element... 
at com.test.ui.helper.CommanUtill.clickFunction(CommanUtill.java:314)
at com.test.frontoffice.page.FrontOfficeDoctorScheduleCurrentStatusPage003.clickOnSelectAllCheckBox(FrontOfficeDoctorScheduleCurrentStatusPage003.java:96)
at com.test.frontoffice.test.Tc_52FrontOfficeDoctorScheduleCurrentStatusTest003.doctorScheduleCurrentStatus(Tc_52FrontOfficeDoctorScheduleCurrentStatusTest003.java:58)
at java.base/java.util.ArrayList.forEach(ArrayList.java:1596)
... Removed 26 stack frames]]>
    </failure>
  </testcase> <!-- doctorScheduleCurrentStatus -->
  <testcase classname="com.test.frontoffice.test.Tc_53FrontOfficeSearchAppointmentSchedulingTeste004" name="serachAppointmentScheduling" time="21.482"/>
  <testcase classname="com.test.frontoffice.test.Tc_54FrontOfficeHomeCareAppointmentTest006" name="appointmentScheduling" time="45.613"/>
  <testcase classname="com.test.frontoffice.test.Tc_55FrontOfficeBlockHomeCareAppointmentTest007" name="appointmentScheduling" time="27.29"/>
  <testcase classname="com.test.frontoffice.test.Tc_56PhysicianOrderCasePatientBillTest005" name="FrontOfficePatientRegistration" time="67.566"/>
  <testcase classname="com.test.frontoffice.test.Tc_56PhysicianOrderCasePatientBillTest005" name="appointmentScheduling" time="75.509">
    <failure type="java.lang.AssertionError" message="Error while Clicking on the web element... ">
      <![CDATA[java.lang.AssertionError: Error while Clicking on the web element... 
at com.test.ui.helper.CommanUtill.clickFunction(CommanUtill.java:314)
at com.test.frontoffice.page.PhysicianOrderCasePatientBillPage005.clickOnCloseCaseSheetHeaderButton(PhysicianOrderCasePatientBillPage005.java:356)
at com.test.frontoffice.test.Tc_56PhysicianOrderCasePatientBillTest005.appointmentScheduling(Tc_56PhysicianOrderCasePatientBillTest005.java:200)
at java.base/java.util.ArrayList.forEach(ArrayList.java:1596)
... Removed 26 stack frames]]>
    </failure>
  </testcase> <!-- appointmentScheduling -->
  <testcase classname="com.test.frontoffice.test.Tc_56PhysicianOrderCasePatientBillTest005" name="reBilingAfterPhysicianOrder" time="67.152">
    <failure type="java.lang.AssertionError" message="Error while Clicking on the web element... ">
      <![CDATA[java.lang.AssertionError: Error while Clicking on the web element... 
at com.test.ui.helper.CommanUtill.clickFunction(CommanUtill.java:314)
at com.test.frontoffice.page.FrontOfficeBillingPage.clickOngeneratedsuccessfullyPrintBillPopup(FrontOfficeBillingPage.java:241)
at com.test.frontoffice.test.Tc_56PhysicianOrderCasePatientBillTest005.reBilingAfterPhysicianOrder(Tc_56PhysicianOrderCasePatientBillTest005.java:263)
at java.base/java.util.ArrayList.forEach(ArrayList.java:1596)
... Removed 26 stack frames]]>
    </failure>
  </testcase> <!-- reBilingAfterPhysicianOrder -->
  <testcase classname="com.test.frontoffice.test.Tc_57PhysicianOrderCasePatientSelfApprovedBillTest" name="FrontOfficePatientRegistration" time="92.098">
    <failure type="java.lang.AssertionError" message="Error while Clicking on the web element... ">
      <![CDATA[java.lang.AssertionError: Error while Clicking on the web element... 
at com.test.ui.helper.CommanUtill.clickFunction(CommanUtill.java:314)
at com.test.frontoffice.page.FrontOfficeBillingPage.clickOngeneratedsuccessfullyPrintBillPopup(FrontOfficeBillingPage.java:241)
at com.test.frontoffice.test.Tc_57PhysicianOrderCasePatientSelfApprovedBillTest.FrontOfficePatientRegistration(Tc_57PhysicianOrderCasePatientSelfApprovedBillTest.java:120)
at java.base/java.util.ArrayList.forEach(ArrayList.java:1596)
... Removed 26 stack frames]]>
    </failure>
  </testcase> <!-- FrontOfficePatientRegistration -->
  <testcase classname="com.test.frontoffice.test.Tc_57PhysicianOrderCasePatientSelfApprovedBillTest" name="appointmentScheduling" time="86.352"/>
  <testcase classname="com.test.frontoffice.test.Tc_57PhysicianOrderCasePatientSelfApprovedBillTest" name="reBilingAfterPhysicianOrder" time="48.819">
    <failure type="java.lang.AssertionError" message="Error while Clicking on the web element... ">
      <![CDATA[java.lang.AssertionError: Error while Clicking on the web element... 
at com.test.ui.helper.CommanUtill.clickFunction(CommanUtill.java:314)
at com.test.frontoffice.page.FrontOfficeBillingPage.clickOnTableBenefitsButton(FrontOfficeBillingPage.java:279)
at com.test.frontoffice.test.Tc_57PhysicianOrderCasePatientSelfApprovedBillTest.reBilingAfterPhysicianOrder(Tc_57PhysicianOrderCasePatientSelfApprovedBillTest.java:233)
at java.base/java.util.ArrayList.forEach(ArrayList.java:1596)
... Removed 26 stack frames]]>
    </failure>
  </testcase> <!-- reBilingAfterPhysicianOrder -->
  <testcase classname="com.test.report.Reports" name="@BeforeSuite launch" time="0.0">
    <ignored/>
  </testcase> <!-- @BeforeSuite launch -->
  <testcase classname="com.test.report.Reports" name="@BeforeSuite launch" time="0.0">
    <ignored/>
  </testcase> <!-- @BeforeSuite launch -->
  <testcase classname="com.test.report.Reports" name="@BeforeSuite launch" time="0.0">
    <ignored/>
  </testcase> <!-- @BeforeSuite launch -->
  <testcase classname="com.test.report.Reports" name="@BeforeSuite launch" time="0.0">
    <ignored/>
  </testcase> <!-- @BeforeSuite launch -->
  <testcase classname="com.test.report.Reports" name="@BeforeSuite launch" time="0.0">
    <ignored/>
  </testcase> <!-- @BeforeSuite launch -->
  <testcase classname="com.test.report.Reports" name="@BeforeSuite launch" time="0.0">
    <ignored/>
  </testcase> <!-- @BeforeSuite launch -->
  <testcase classname="com.test.report.Reports" name="@BeforeSuite launch" time="0.0">
    <ignored/>
  </testcase> <!-- @BeforeSuite launch -->
</testsuite> <!-- Test -->
