<html>
<head>
<title>TestNG:  Test</title>
<link href="../testng.css" rel="stylesheet" type="text/css" />
<link href="../my-testng.css" rel="stylesheet" type="text/css" />

<style type="text/css">
.log { display: none;} 
.stack-trace { display: none;} 
</style>
<script type="text/javascript">
<!--
function flip(e) {
  current = e.style.display;
  if (current == 'block') {
    e.style.display = 'none';
    return 0;
  }
  else {
    e.style.display = 'block';
    return 1;
  }
}

function toggleBox(szDivId, elem, msg1, msg2)
{
  var res = -1;  if (document.getElementById) {
    res = flip(document.getElementById(szDivId));
  }
  else if (document.all) {
    // this is the way old msie versions work
    res = flip(document.all[szDivId]);
  }
  if(elem) {
    if(res == 0) elem.innerHTML = msg1; else elem.innerHTML = msg2;
  }

}

function toggleAllBoxes() {
  if (document.getElementsByTagName) {
    d = document.getElementsByTagName('div');
    for (i = 0; i < d.length; i++) {
      if (d[i].className == 'log') {
        flip(d[i]);
      }
    }
  }
}

// -->
</script>

</head>
<body>
<h2 align='center'>Test</h2><table border='1' align="center">
<tr>
<td>Tests passed/Failed/Skipped:</td><td>13/9/4</td>
</tr><tr>
<td>Started on:</td><td>Mon Jan 26 15:49:30 IST 2026</td>
</tr>
<tr><td>Total time:</td><td>1083 seconds (1083135 ms)</td>
</tr><tr>
<td>Included groups:</td><td></td>
</tr><tr>
<td>Excluded groups:</td><td></td>
</tr>
</table><p/>
<small><i>(Hover the method name to see the test class name)</i></small><p/>
<table width='100%' border='1' class='invocation-failed'>
<tr><td colspan='4' align='center'><b>FAILED CONFIGURATIONS</b></td></tr>
<tr><td><b>Test method</b></td>
<td><b>Attribute(s)</b></td>
<td width="30%"><b>Exception</b></td>
<td width="10%"><b>Time (seconds)</b></td>
<td><b>Instance</b></td>
</tr>
<tr>
<td title='com.test.frontofficeBilling.test.TC_008_ApproveBillsRefundTest.launchBrowser()'><b>launchBrowser</b><br>Test class: com.test.frontofficeBilling.test.TC_008_ApproveBillsRefundTest</td>
<td><div><pre>org.openqa.selenium.WebDriverException: unknown error: JavaScript code failed
from unknown command: &apos;Runtime.evaluate&apos; wasn&apos;t found
  (Session info: chrome=143.0.7499.193)
Build info: version: &apos;4.38.0&apos;, revision: &apos;6b412e825c*&apos;
System info: os.name: &apos;Windows 11&apos;, os.arch: &apos;amd64&apos;, os.version: &apos;10.0&apos;, java.version: &apos;21.0.1&apos;
Driver info: org.openqa.selenium.chrome.ChromeDriver
Command: [03492475d75e61c393497d5eac7e2765, maximizeCurrentWindow {}]
Capabilities {acceptInsecureCerts: true, browserName: chrome, browserVersion: 143.0.7499.193, chrome: {chromedriverVersion: 142.0.7444.61 (9884f628acbc..., userDataDir: C:\Users\ANUP~1.DES\AppData...}, fedcm:accounts: true, goog:chromeOptions: {debuggerAddress: localhost:51767}, goog:processID: 18912, networkConnectionEnabled: false, pageLoadStrategy: normal, platformName: windows, proxy: Proxy(), se:cdp: ws://localhost:51767/devtoo..., se:cdpVersion: 143.0.7499.193, setWindowRect: true, strictFileInteractability: false, timeouts: {implicit: 0, pageLoad: 300000, script: 30000}, unhandledPromptBehavior: dismiss and notify, webauthn:extension:credBlob: true, webauthn:extension:largeBlob: true, webauthn:extension:minPinLength: true, webauthn:extension:prf: true, webauthn:virtualAuthenticators: true}
Session ID: 03492475d75e61c393497d5eac7e2765
	at org.openqa.selenium.remote.ErrorCodec.decode(ErrorCodec.java:167)
	at org.openqa.selenium.remote.codec.w3c.W3CHttpResponseCodec.decode(W3CHttpResponseCodec.java:138)
	at org.openqa.selenium.remote.codec.w3c.W3CHttpResponseCodec.decode(W3CHttpResponseCodec.java:50)
	at org.openqa.selenium.remote.HttpCommandExecutor.execute(HttpCommandExecutor.java:215)
	at org.openqa.selenium.remote.service.DriverCommandExecutor.invokeExecute(DriverCommandExecutor.java:216)
	at org.openqa.selenium.remote.service.DriverCommandExecutor.execute(DriverCommandExecutor.java:174)
	at org.openqa.selenium.remote.RemoteWebDriver.execute(RemoteWebDriver.java:557)
	at org.openqa.selenium.remote.RemoteWebDriver.execute(RemoteWebDriver.java:634)
	at org.openqa.selenium.remote.RemoteWebDriver.execute(RemoteWebDriver.java:638)
	at org.openqa.selenium.remote.RemoteWebDriver$RemoteWebDriverOptions$RemoteWindow.maximize(RemoteWebDriver.java:1064)
	at com.test.browser.setup.GeneralBrowserSetting.launchBrowser(GeneralBrowserSetting.java:90)
	at java.base/java.util.ArrayList.forEach(ArrayList.java:1596)
... Removed 26 stack frames</pre></div><a href='#' onClick='toggleBox("stack-trace483546388", this, "Click to show all stack frames", "Click to hide stack frames")'>Click to show all stack frames</a>
<div class='stack-trace' id='stack-trace483546388'><pre>org.openqa.selenium.WebDriverException: unknown error: JavaScript code failed
from unknown command: &apos;Runtime.evaluate&apos; wasn&apos;t found
  (Session info: chrome=143.0.7499.193)
Build info: version: &apos;4.38.0&apos;, revision: &apos;6b412e825c*&apos;
System info: os.name: &apos;Windows 11&apos;, os.arch: &apos;amd64&apos;, os.version: &apos;10.0&apos;, java.version: &apos;21.0.1&apos;
Driver info: org.openqa.selenium.chrome.ChromeDriver
Command: [03492475d75e61c393497d5eac7e2765, maximizeCurrentWindow {}]
Capabilities {acceptInsecureCerts: true, browserName: chrome, browserVersion: 143.0.7499.193, chrome: {chromedriverVersion: 142.0.7444.61 (9884f628acbc..., userDataDir: C:\Users\ANUP~1.DES\AppData...}, fedcm:accounts: true, goog:chromeOptions: {debuggerAddress: localhost:51767}, goog:processID: 18912, networkConnectionEnabled: false, pageLoadStrategy: normal, platformName: windows, proxy: Proxy(), se:cdp: ws://localhost:51767/devtoo..., se:cdpVersion: 143.0.7499.193, setWindowRect: true, strictFileInteractability: false, timeouts: {implicit: 0, pageLoad: 300000, script: 30000}, unhandledPromptBehavior: dismiss and notify, webauthn:extension:credBlob: true, webauthn:extension:largeBlob: true, webauthn:extension:minPinLength: true, webauthn:extension:prf: true, webauthn:virtualAuthenticators: true}
Session ID: 03492475d75e61c393497d5eac7e2765
	at java.base/jdk.internal.reflect.DirectConstructorHandleAccessor.newInstance(DirectConstructorHandleAccessor.java:62)
	at java.base/java.lang.reflect.Constructor.newInstanceWithCaller(Constructor.java:502)
	at java.base/java.lang.reflect.Constructor.newInstance(Constructor.java:486)
	at org.openqa.selenium.remote.ErrorCodec.decode(ErrorCodec.java:167)
	at org.openqa.selenium.remote.codec.w3c.W3CHttpResponseCodec.decode(W3CHttpResponseCodec.java:138)
	at org.openqa.selenium.remote.codec.w3c.W3CHttpResponseCodec.decode(W3CHttpResponseCodec.java:50)
	at org.openqa.selenium.remote.HttpCommandExecutor.execute(HttpCommandExecutor.java:215)
	at org.openqa.selenium.remote.service.DriverCommandExecutor.invokeExecute(DriverCommandExecutor.java:216)
	at org.openqa.selenium.remote.service.DriverCommandExecutor.execute(DriverCommandExecutor.java:174)
	at org.openqa.selenium.remote.RemoteWebDriver.execute(RemoteWebDriver.java:557)
	at org.openqa.selenium.remote.RemoteWebDriver.execute(RemoteWebDriver.java:634)
	at org.openqa.selenium.remote.RemoteWebDriver.execute(RemoteWebDriver.java:638)
	at org.openqa.selenium.remote.RemoteWebDriver$RemoteWebDriverOptions$RemoteWindow.maximize(RemoteWebDriver.java:1064)
	at com.test.browser.setup.GeneralBrowserSetting.launchBrowser(GeneralBrowserSetting.java:90)
	at java.base/jdk.internal.reflect.DirectMethodHandleAccessor.invoke(DirectMethodHandleAccessor.java:103)
	at java.base/java.lang.reflect.Method.invoke(Method.java:580)
	at org.testng.internal.invokers.MethodInvocationHelper.invokeMethod(MethodInvocationHelper.java:141)
	at org.testng.internal.invokers.MethodInvocationHelper.invokeMethodConsideringTimeout(MethodInvocationHelper.java:71)
	at org.testng.internal.invokers.ConfigInvoker.invokeConfigurationMethod(ConfigInvoker.java:400)
	at org.testng.internal.invokers.ConfigInvoker.invokeConfigurations(ConfigInvoker.java:333)
	at org.testng.internal.invokers.TestMethodWorker.invokeBeforeClassMethods(TestMethodWorker.java:188)
	at org.testng.internal.invokers.TestMethodWorker.run(TestMethodWorker.java:128)
	at java.base/java.util.ArrayList.forEach(ArrayList.java:1596)
	at org.testng.TestRunner.privateRun(TestRunner.java:741)
	at org.testng.TestRunner.run(TestRunner.java:616)
	at org.testng.SuiteRunner.runTest(SuiteRunner.java:421)
	at org.testng.SuiteRunner.runSequentially(SuiteRunner.java:413)
	at org.testng.SuiteRunner.privateRun(SuiteRunner.java:373)
	at org.testng.SuiteRunner.run(SuiteRunner.java:312)
	at org.testng.SuiteRunnerWorker.runSuite(SuiteRunnerWorker.java:52)
	at org.testng.SuiteRunnerWorker.run(SuiteRunnerWorker.java:95)
	at org.testng.TestNG.runSuitesSequentially(TestNG.java:1274)
	at org.testng.TestNG.runSuitesLocally(TestNG.java:1208)
	at org.testng.TestNG.runSuites(TestNG.java:1112)
	at org.testng.TestNG.run(TestNG.java:1079)
	at org.testng.remote.AbstractRemoteTestNG.run(AbstractRemoteTestNG.java:115)
	at org.testng.remote.RemoteTestNG.initAndRun(RemoteTestNG.java:293)
	at org.testng.remote.RemoteTestNG.main(RemoteTestNG.java:91)
</pre></div></td>
<td>1</td>
<td>com.test.frontofficeBilling.test.TC_008_ApproveBillsRefundTest@54c5a2ff</td></tr>
</table><p>
<table width='100%' border='1' class='invocation-skipped'>
<tr><td colspan='4' align='center'><b>SKIPPED CONFIGURATIONS</b></td></tr>
<tr><td><b>Test method</b></td>
<td><b>Attribute(s)</b></td>
<td width="30%"><b>Exception</b></td>
<td width="10%"><b>Time (seconds)</b></td>
<td><b>Instance</b></td>
</tr>
<tr>
<td title='com.test.frontofficeBilling.test.TC_008_ApproveBillsRefundTest.reportclosewindows()'><b>reportclosewindows</b><br>Test class: com.test.frontofficeBilling.test.TC_008_ApproveBillsRefundTest</td>
<td></td>
<td>0</td>
<td>com.test.frontofficeBilling.test.TC_008_ApproveBillsRefundTest@54c5a2ff</td></tr>
<tr>
<td title='com.test.frontofficeBilling.test.TC_008_ApproveBillsRefundTest.reportclosewindows()'><b>reportclosewindows</b><br>Test class: com.test.frontofficeBilling.test.TC_008_ApproveBillsRefundTest</td>
<td></td>
<td>0</td>
<td>com.test.frontofficeBilling.test.TC_008_ApproveBillsRefundTest@54c5a2ff</td></tr>
<tr>
<td title='com.test.frontofficeBilling.test.TC_008_ApproveBillsRefundTest.closeBroser()'><b>closeBroser</b><br>Test class: com.test.frontofficeBilling.test.TC_008_ApproveBillsRefundTest</td>
<td></td>
<td>0</td>
<td>com.test.frontofficeBilling.test.TC_008_ApproveBillsRefundTest@54c5a2ff</td></tr>
<tr>
<td title='com.test.frontofficeBilling.test.TC_008_ApproveBillsRefundTest.reportclosewindows()'><b>reportclosewindows</b><br>Test class: com.test.frontofficeBilling.test.TC_008_ApproveBillsRefundTest</td>
<td></td>
<td>0</td>
<td>com.test.frontofficeBilling.test.TC_008_ApproveBillsRefundTest@54c5a2ff</td></tr>
<tr>
<td title='com.test.frontofficeBilling.test.TC_008_ApproveBillsRefundTest.reportclosewindows()'><b>reportclosewindows</b><br>Test class: com.test.frontofficeBilling.test.TC_008_ApproveBillsRefundTest</td>
<td></td>
<td>0</td>
<td>com.test.frontofficeBilling.test.TC_008_ApproveBillsRefundTest@54c5a2ff</td></tr>
</table><p>
<table width='100%' border='1' class='invocation-failed'>
<tr><td colspan='4' align='center'><b>FAILED TESTS</b></td></tr>
<tr><td><b>Test method</b></td>
<td><b>Attribute(s)</b></td>
<td width="30%"><b>Exception</b></td>
<td width="10%"><b>Time (seconds)</b></td>
<td><b>Instance</b></td>
</tr>
<tr>
<td title='com.test.frontofficeBilling.test.TC_005_FoRegistrationWithBillsUtilityTest.verifyPatientRegistration()'><b>verifyPatientRegistration</b><br>Test class: com.test.frontofficeBilling.test.TC_005_FoRegistrationWithBillsUtilityTest<br>Parameters: SANITY HOSPITAL, 1st Floor NS, Mr., Avdesh, Kumar, Mandal, Male, 17/11/2010, 19/11/2017, 23, Single, Devi, Sharma, Gupta, Indian, 12345678, 91, 9876543210, Anup@gmail.com, D345, Delhi ( DELHI ), Place, 111213, DELHI, 111213, India, A123456789, Divyansh company, Divyansh Pvt Ltd, fhg, Healthindia Allied Services Pvt Ltd, Company Department test, Consultation, Company Department test, 123456, asvg123, As requested, VIP_Text, Remaks Show  In Billing, aadhar card, ID1234567, ABHA, Abha, self, Hindi, 124111, Business, B.D.S., Hindu, asd, OBC, Doctor Referral, ER, asdd, Anup, Brother, 1234556, 20% Scheme, Kin, Anup, Brother, 124567, Fine, Covid, Two, Covishield, 15/12/2025, Vaccine Remaks</td>
<td><div><pre>java.lang.AssertionError: Error while Clicking on the web element... 
	at com.test.ui.helper.CommanUtill.clickFunction(CommanUtill.java:370)
	at com.test.frontoffice.page.FrontOfficePatientRegistrationPage.clickOnDashboardFrontOfficeBtn(FrontOfficePatientRegistrationPage.java:242)
	at com.test.frontofficeBilling.test.TC_005_FoRegistrationWithBillsUtilityTest.verifyPatientRegistration(TC_005_FoRegistrationWithBillsUtilityTest.java:258)
	at java.base/java.util.ArrayList.forEach(ArrayList.java:1596)
... Removed 26 stack frames</pre></div><a href='#' onClick='toggleBox("stack-trace1288585758", this, "Click to show all stack frames", "Click to hide stack frames")'>Click to show all stack frames</a>
<div class='stack-trace' id='stack-trace1288585758'><pre>java.lang.AssertionError: Error while Clicking on the web element... 
	at org.testng.Assert.fail(Assert.java:111)
	at com.test.ui.helper.CommanUtill.clickFunction(CommanUtill.java:370)
	at com.test.frontoffice.page.FrontOfficePatientRegistrationPage.clickOnDashboardFrontOfficeBtn(FrontOfficePatientRegistrationPage.java:242)
	at com.test.frontofficeBilling.test.TC_005_FoRegistrationWithBillsUtilityTest.verifyPatientRegistration(TC_005_FoRegistrationWithBillsUtilityTest.java:258)
	at java.base/jdk.internal.reflect.DirectMethodHandleAccessor.invoke(DirectMethodHandleAccessor.java:103)
	at java.base/java.lang.reflect.Method.invoke(Method.java:580)
	at org.testng.internal.invokers.MethodInvocationHelper.invokeMethod(MethodInvocationHelper.java:141)
	at org.testng.internal.invokers.TestInvoker.invokeMethod(TestInvoker.java:687)
	at org.testng.internal.invokers.TestInvoker.invokeTestMethod(TestInvoker.java:230)
	at org.testng.internal.invokers.MethodRunner.runInSequence(MethodRunner.java:63)
	at org.testng.internal.invokers.TestInvoker$MethodInvocationAgent.invoke(TestInvoker.java:995)
	at org.testng.internal.invokers.TestInvoker.invokeTestMethods(TestInvoker.java:203)
	at org.testng.internal.invokers.TestMethodWorker.invokeTestMethods(TestMethodWorker.java:154)
	at org.testng.internal.invokers.TestMethodWorker.run(TestMethodWorker.java:134)
	at java.base/java.util.ArrayList.forEach(ArrayList.java:1596)
	at org.testng.TestRunner.privateRun(TestRunner.java:741)
	at org.testng.TestRunner.run(TestRunner.java:616)
	at org.testng.SuiteRunner.runTest(SuiteRunner.java:421)
	at org.testng.SuiteRunner.runSequentially(SuiteRunner.java:413)
	at org.testng.SuiteRunner.privateRun(SuiteRunner.java:373)
	at org.testng.SuiteRunner.run(SuiteRunner.java:312)
	at org.testng.SuiteRunnerWorker.runSuite(SuiteRunnerWorker.java:52)
	at org.testng.SuiteRunnerWorker.run(SuiteRunnerWorker.java:95)
	at org.testng.TestNG.runSuitesSequentially(TestNG.java:1274)
	at org.testng.TestNG.runSuitesLocally(TestNG.java:1208)
	at org.testng.TestNG.runSuites(TestNG.java:1112)
	at org.testng.TestNG.run(TestNG.java:1079)
	at org.testng.remote.AbstractRemoteTestNG.run(AbstractRemoteTestNG.java:115)
	at org.testng.remote.RemoteTestNG.initAndRun(RemoteTestNG.java:293)
	at org.testng.remote.RemoteTestNG.main(RemoteTestNG.java:91)
</pre></div></td>
<td>3</td>
<td>com.test.frontofficeBilling.test.TC_005_FoRegistrationWithBillsUtilityTest@26d9b808</td></tr>
<tr>
<td title='com.test.frontofficeBilling.test.TC_005_FoRegistrationWithBillsUtilityTest.billsUtilityInRefundChequeTest()'><b>billsUtilityInRefundChequeTest</b><br>Test class: com.test.frontofficeBilling.test.TC_005_FoRegistrationWithBillsUtilityTest<br>Parameters: SANITY HOSPITAL, 1st Floor NS, SPSL.884588, 12/01/2026, 12/01/2026, SAKTI, Admin@123, Doctor Not Available, Refund Reason XYZ, SAKTI, Doctor Not Available, Anup, Cash, Cheque, Credit Card, Anup1111, 12/01/2026, Airtel payment Bank, 12/02/2026, NOIDA, 9876543210, MASTERCARD, 02/01/2026, 123456, SPSL.885424, 100, Balihar Singh, Duplicate Entry, Anup Credit Note</td>
<td><div><pre>java.lang.NullPointerException: Cannot invoke &quot;String.toString()&quot; because &quot;inputText&quot; is null
	at com.test.ui.helper.CommanUtill.textEnter(CommanUtill.java:482)
	at com.test.frontoffice.page.FoBillsUtilityPage.enterUHID(FoBillsUtilityPage.java:167)
	at com.test.frontofficeBilling.test.TC_005_FoRegistrationWithBillsUtilityTest.billsUtilityInRefundChequeTest(TC_005_FoRegistrationWithBillsUtilityTest.java:103)
	at java.base/java.util.ArrayList.forEach(ArrayList.java:1596)
... Removed 25 stack frames</pre></div><a href='#' onClick='toggleBox("stack-trace674382000", this, "Click to show all stack frames", "Click to hide stack frames")'>Click to show all stack frames</a>
<div class='stack-trace' id='stack-trace674382000'><pre>java.lang.NullPointerException: Cannot invoke &quot;String.toString()&quot; because &quot;inputText&quot; is null
	at com.test.ui.helper.CommanUtill.textEnter(CommanUtill.java:482)
	at com.test.frontoffice.page.FoBillsUtilityPage.enterUHID(FoBillsUtilityPage.java:167)
	at com.test.frontofficeBilling.test.TC_005_FoRegistrationWithBillsUtilityTest.billsUtilityInRefundChequeTest(TC_005_FoRegistrationWithBillsUtilityTest.java:103)
	at java.base/jdk.internal.reflect.DirectMethodHandleAccessor.invoke(DirectMethodHandleAccessor.java:103)
	at java.base/java.lang.reflect.Method.invoke(Method.java:580)
	at org.testng.internal.invokers.MethodInvocationHelper.invokeMethod(MethodInvocationHelper.java:141)
	at org.testng.internal.invokers.TestInvoker.invokeMethod(TestInvoker.java:687)
	at org.testng.internal.invokers.TestInvoker.invokeTestMethod(TestInvoker.java:230)
	at org.testng.internal.invokers.MethodRunner.runInSequence(MethodRunner.java:63)
	at org.testng.internal.invokers.TestInvoker$MethodInvocationAgent.invoke(TestInvoker.java:995)
	at org.testng.internal.invokers.TestInvoker.invokeTestMethods(TestInvoker.java:203)
	at org.testng.internal.invokers.TestMethodWorker.invokeTestMethods(TestMethodWorker.java:154)
	at org.testng.internal.invokers.TestMethodWorker.run(TestMethodWorker.java:134)
	at java.base/java.util.ArrayList.forEach(ArrayList.java:1596)
	at org.testng.TestRunner.privateRun(TestRunner.java:741)
	at org.testng.TestRunner.run(TestRunner.java:616)
	at org.testng.SuiteRunner.runTest(SuiteRunner.java:421)
	at org.testng.SuiteRunner.runSequentially(SuiteRunner.java:413)
	at org.testng.SuiteRunner.privateRun(SuiteRunner.java:373)
	at org.testng.SuiteRunner.run(SuiteRunner.java:312)
	at org.testng.SuiteRunnerWorker.runSuite(SuiteRunnerWorker.java:52)
	at org.testng.SuiteRunnerWorker.run(SuiteRunnerWorker.java:95)
	at org.testng.TestNG.runSuitesSequentially(TestNG.java:1274)
	at org.testng.TestNG.runSuitesLocally(TestNG.java:1208)
	at org.testng.TestNG.runSuites(TestNG.java:1112)
	at org.testng.TestNG.run(TestNG.java:1079)
	at org.testng.remote.AbstractRemoteTestNG.run(AbstractRemoteTestNG.java:115)
	at org.testng.remote.RemoteTestNG.initAndRun(RemoteTestNG.java:293)
	at org.testng.remote.RemoteTestNG.main(RemoteTestNG.java:91)
</pre></div></td>
<td>0</td>
<td>com.test.frontofficeBilling.test.TC_005_FoRegistrationWithBillsUtilityTest@26d9b808</td></tr>
<tr>
<td title='com.test.frontofficeBilling.test.TC_005_FoRegistrationWithBillsUtilityTest.frontOfficeBillingTest()'><b>frontOfficeBillingTest</b><br>Test class: com.test.frontofficeBilling.test.TC_005_FoRegistrationWithBillsUtilityTest<br>Parameters: SANITY HOSPITAL, 1st Floor NS, SPSL.884909, Divyansh company, Divyansh Pvt Ltd, Healthindia Allied Services Pvt Ltd, Insurance_Card_001, Cardiac Sciences, ABHIJEET, 333, cbc outsource, Routine, Anaesthesia, Employee231, Blood Bank, Test, 2, 10, Blood Bank, abc, Routine, Cardiology, Laxmi Halder, self, KAMAL ADHIKARI, Doctor Referral, ER, Billing Remaks Box, 100% scheme, 03/12/2025, Dr. Himanshu Sharma, On Bill, On Service, On Items, Staff Discount, Staff Discount, Consultations, ABHIJEET SAWANT, Kamal Adhikari, Discount On, SAKTI, Admin@123, Cheque, Anup00123, Airtel payment Bank, Noida, Credit Card, MASTERCARD, A1111, Air Force BANK, B2222</td>
<td><div><pre>org.openqa.selenium.NoSuchElementException: no such element: Unable to locate element: {&quot;method&quot;:&quot;xpath&quot;,&quot;selector&quot;:&quot;//a[@id=&apos;cancelinsurance&apos;]//i[@class=&apos;fa fa-times&apos;]&quot;}
  (Session info: chrome=143.0.7499.193)
For documentation on this error, please visit: https://www.selenium.dev/documentation/webdriver/troubleshooting/errors#nosuchelementexception
Build info: version: &apos;4.38.0&apos;, revision: &apos;6b412e825c*&apos;
System info: os.name: &apos;Windows 11&apos;, os.arch: &apos;amd64&apos;, os.version: &apos;10.0&apos;, java.version: &apos;21.0.1&apos;
Driver info: org.openqa.selenium.chrome.ChromeDriver
Command: [49c601bf1ec5005dbf720608bf73e11f, findElement {value=//a[@id=&apos;cancelinsurance&apos;]//i[@class=&apos;fa fa-times&apos;], using=xpath}]
Capabilities {acceptInsecureCerts: true, browserName: chrome, browserVersion: 143.0.7499.193, chrome: {chromedriverVersion: 142.0.7444.61 (9884f628acbc..., userDataDir: C:\Users\ANUP~1.DES\AppData...}, fedcm:accounts: true, goog:chromeOptions: {debuggerAddress: localhost:50434}, goog:processID: 3076, networkConnectionEnabled: false, pageLoadStrategy: normal, platformName: windows, proxy: Proxy(), se:cdp: ws://localhost:50434/devtoo..., se:cdpVersion: 143.0.7499.193, setWindowRect: true, strictFileInteractability: false, timeouts: {implicit: 0, pageLoad: 300000, script: 30000}, unhandledPromptBehavior: dismiss and notify, webauthn:extension:credBlob: true, webauthn:extension:largeBlob: true, webauthn:extension:minPinLength: true, webauthn:extension:prf: true, webauthn:virtualAuthenticators: true}
Session ID: 49c601bf1ec5005dbf720608bf73e11f
	at org.openqa.selenium.remote.ErrorCodec.decode(ErrorCodec.java:167)
	at org.openqa.selenium.remote.codec.w3c.W3CHttpResponseCodec.decode(W3CHttpResponseCodec.java:138)
	at org.openqa.selenium.remote.codec.w3c.W3CHttpResponseCodec.decode(W3CHttpResponseCodec.java:50)
	at org.openqa.selenium.remote.HttpCommandExecutor.execute(HttpCommandExecutor.java:215)
	at org.openqa.selenium.remote.service.DriverCommandExecutor.invokeExecute(DriverCommandExecutor.java:216)
	at org.openqa.selenium.remote.service.DriverCommandExecutor.execute(DriverCommandExecutor.java:174)
	at org.openqa.selenium.remote.RemoteWebDriver.execute(RemoteWebDriver.java:557)
	at org.openqa.selenium.remote.ElementLocation$ElementFinder$2.findElement(ElementLocation.java:165)
	at org.openqa.selenium.remote.ElementLocation.findElement(ElementLocation.java:59)
	at org.openqa.selenium.remote.RemoteWebDriver.findElement(RemoteWebDriver.java:380)
	at org.openqa.selenium.remote.RemoteWebDriver.findElement(RemoteWebDriver.java:374)
	at com.test.ui.helper.CommanUtill.isElementPresent(CommanUtill.java:1910)
	at com.test.frontoffice.page.FrontOfficeBillingPage.closeCompanyDetailsPopup(FrontOfficeBillingPage.java:393)
	at com.test.frontofficeBilling.test.TC_005_FoRegistrationWithBillsUtilityTest.frontOfficeBillingTest(TC_005_FoRegistrationWithBillsUtilityTest.java:322)
	at java.base/java.util.ArrayList.forEach(ArrayList.java:1596)
... Removed 28 stack frames</pre></div><a href='#' onClick='toggleBox("stack-trace1860010238", this, "Click to show all stack frames", "Click to hide stack frames")'>Click to show all stack frames</a>
<div class='stack-trace' id='stack-trace1860010238'><pre>org.openqa.selenium.NoSuchElementException: no such element: Unable to locate element: {&quot;method&quot;:&quot;xpath&quot;,&quot;selector&quot;:&quot;//a[@id=&apos;cancelinsurance&apos;]//i[@class=&apos;fa fa-times&apos;]&quot;}
  (Session info: chrome=143.0.7499.193)
For documentation on this error, please visit: https://www.selenium.dev/documentation/webdriver/troubleshooting/errors#nosuchelementexception
Build info: version: &apos;4.38.0&apos;, revision: &apos;6b412e825c*&apos;
System info: os.name: &apos;Windows 11&apos;, os.arch: &apos;amd64&apos;, os.version: &apos;10.0&apos;, java.version: &apos;21.0.1&apos;
Driver info: org.openqa.selenium.chrome.ChromeDriver
Command: [49c601bf1ec5005dbf720608bf73e11f, findElement {value=//a[@id=&apos;cancelinsurance&apos;]//i[@class=&apos;fa fa-times&apos;], using=xpath}]
Capabilities {acceptInsecureCerts: true, browserName: chrome, browserVersion: 143.0.7499.193, chrome: {chromedriverVersion: 142.0.7444.61 (9884f628acbc..., userDataDir: C:\Users\ANUP~1.DES\AppData...}, fedcm:accounts: true, goog:chromeOptions: {debuggerAddress: localhost:50434}, goog:processID: 3076, networkConnectionEnabled: false, pageLoadStrategy: normal, platformName: windows, proxy: Proxy(), se:cdp: ws://localhost:50434/devtoo..., se:cdpVersion: 143.0.7499.193, setWindowRect: true, strictFileInteractability: false, timeouts: {implicit: 0, pageLoad: 300000, script: 30000}, unhandledPromptBehavior: dismiss and notify, webauthn:extension:credBlob: true, webauthn:extension:largeBlob: true, webauthn:extension:minPinLength: true, webauthn:extension:prf: true, webauthn:virtualAuthenticators: true}
Session ID: 49c601bf1ec5005dbf720608bf73e11f
	at java.base/jdk.internal.reflect.DirectConstructorHandleAccessor.newInstance(DirectConstructorHandleAccessor.java:62)
	at java.base/java.lang.reflect.Constructor.newInstanceWithCaller(Constructor.java:502)
	at java.base/java.lang.reflect.Constructor.newInstance(Constructor.java:486)
	at org.openqa.selenium.remote.ErrorCodec.decode(ErrorCodec.java:167)
	at org.openqa.selenium.remote.codec.w3c.W3CHttpResponseCodec.decode(W3CHttpResponseCodec.java:138)
	at org.openqa.selenium.remote.codec.w3c.W3CHttpResponseCodec.decode(W3CHttpResponseCodec.java:50)
	at org.openqa.selenium.remote.HttpCommandExecutor.execute(HttpCommandExecutor.java:215)
	at org.openqa.selenium.remote.service.DriverCommandExecutor.invokeExecute(DriverCommandExecutor.java:216)
	at org.openqa.selenium.remote.service.DriverCommandExecutor.execute(DriverCommandExecutor.java:174)
	at org.openqa.selenium.remote.RemoteWebDriver.execute(RemoteWebDriver.java:557)
	at org.openqa.selenium.remote.ElementLocation$ElementFinder$2.findElement(ElementLocation.java:165)
	at org.openqa.selenium.remote.ElementLocation.findElement(ElementLocation.java:59)
	at org.openqa.selenium.remote.RemoteWebDriver.findElement(RemoteWebDriver.java:380)
	at org.openqa.selenium.remote.RemoteWebDriver.findElement(RemoteWebDriver.java:374)
	at com.test.ui.helper.CommanUtill.isElementPresent(CommanUtill.java:1910)
	at com.test.frontoffice.page.FrontOfficeBillingPage.closeCompanyDetailsPopup(FrontOfficeBillingPage.java:393)
	at com.test.frontofficeBilling.test.TC_005_FoRegistrationWithBillsUtilityTest.frontOfficeBillingTest(TC_005_FoRegistrationWithBillsUtilityTest.java:322)
	at java.base/jdk.internal.reflect.DirectMethodHandleAccessor.invoke(DirectMethodHandleAccessor.java:103)
	at java.base/java.lang.reflect.Method.invoke(Method.java:580)
	at org.testng.internal.invokers.MethodInvocationHelper.invokeMethod(MethodInvocationHelper.java:141)
	at org.testng.internal.invokers.TestInvoker.invokeMethod(TestInvoker.java:687)
	at org.testng.internal.invokers.TestInvoker.invokeTestMethod(TestInvoker.java:230)
	at org.testng.internal.invokers.MethodRunner.runInSequence(MethodRunner.java:63)
	at org.testng.internal.invokers.TestInvoker$MethodInvocationAgent.invoke(TestInvoker.java:995)
	at org.testng.internal.invokers.TestInvoker.invokeTestMethods(TestInvoker.java:203)
	at org.testng.internal.invokers.TestMethodWorker.invokeTestMethods(TestMethodWorker.java:154)
	at org.testng.internal.invokers.TestMethodWorker.run(TestMethodWorker.java:134)
	at java.base/java.util.ArrayList.forEach(ArrayList.java:1596)
	at org.testng.TestRunner.privateRun(TestRunner.java:741)
	at org.testng.TestRunner.run(TestRunner.java:616)
	at org.testng.SuiteRunner.runTest(SuiteRunner.java:421)
	at org.testng.SuiteRunner.runSequentially(SuiteRunner.java:413)
	at org.testng.SuiteRunner.privateRun(SuiteRunner.java:373)
	at org.testng.SuiteRunner.run(SuiteRunner.java:312)
	at org.testng.SuiteRunnerWorker.runSuite(SuiteRunnerWorker.java:52)
	at org.testng.SuiteRunnerWorker.run(SuiteRunnerWorker.java:95)
	at org.testng.TestNG.runSuitesSequentially(TestNG.java:1274)
	at org.testng.TestNG.runSuitesLocally(TestNG.java:1208)
	at org.testng.TestNG.runSuites(TestNG.java:1112)
	at org.testng.TestNG.run(TestNG.java:1079)
	at org.testng.remote.AbstractRemoteTestNG.run(AbstractRemoteTestNG.java:115)
	at org.testng.remote.RemoteTestNG.initAndRun(RemoteTestNG.java:293)
	at org.testng.remote.RemoteTestNG.main(RemoteTestNG.java:91)
</pre></div></td>
<td>30</td>
<td>com.test.frontofficeBilling.test.TC_005_FoRegistrationWithBillsUtilityTest@26d9b808</td></tr>
<tr>
<td title='com.test.frontofficeBilling.test.TC_004_FoRegistrationWithSchemeCompanyBillingTest.frontOfficeBillingTest()'><b>frontOfficeBillingTest</b><br>Test class: com.test.frontofficeBilling.test.TC_004_FoRegistrationWithSchemeCompanyBillingTest<br>Parameters: SANITY HOSPITAL, 1st Floor NS, SPSL.884909, Divyansh company, Divyansh Pvt Ltd, Healthindia Allied Services Pvt Ltd, Insurance_Card_001, Cardiac Sciences, ABHIJEET, 333, cbc outsource, Routine, Anaesthesia, Employee231, Blood Bank, Test, 2, 10, Blood Bank, abc, Routine, Cardiology, Laxmi Halder, self, KAMAL ADHIKARI, Doctor Referral, ER, Billing Remaks Box, 100% scheme, 03/12/2025, Dr. Himanshu Sharma, On Bill, On Service, On Items, Staff Discount, Staff Discount, Consultations, ABHIJEET SAWANT, Kamal Adhikari, Discount On, SAKTI, Admin@123, Cheque, Anup00123, Airtel payment Bank, Noida, Credit Card, MASTERCARD, A1111, Air Force BANK, B2222</td>
<td><div><pre>java.lang.AssertionError: Error while Clicking on the web element... 
	at com.test.ui.helper.CommanUtill.clickFunction(CommanUtill.java:370)
	at com.test.frontoffice.page.FrontOfficeBillingPage.clickOnAddToBillButton(FrontOfficeBillingPage.java:512)
	at com.test.frontofficeBilling.test.TC_004_FoRegistrationWithSchemeCompanyBillingTest.frontOfficeBillingTest(TC_004_FoRegistrationWithSchemeCompanyBillingTest.java:178)
	at java.base/java.util.ArrayList.forEach(ArrayList.java:1596)
... Removed 26 stack frames</pre></div><a href='#' onClick='toggleBox("stack-trace1355471790", this, "Click to show all stack frames", "Click to hide stack frames")'>Click to show all stack frames</a>
<div class='stack-trace' id='stack-trace1355471790'><pre>java.lang.AssertionError: Error while Clicking on the web element... 
	at org.testng.Assert.fail(Assert.java:111)
	at com.test.ui.helper.CommanUtill.clickFunction(CommanUtill.java:370)
	at com.test.frontoffice.page.FrontOfficeBillingPage.clickOnAddToBillButton(FrontOfficeBillingPage.java:512)
	at com.test.frontofficeBilling.test.TC_004_FoRegistrationWithSchemeCompanyBillingTest.frontOfficeBillingTest(TC_004_FoRegistrationWithSchemeCompanyBillingTest.java:178)
	at java.base/jdk.internal.reflect.DirectMethodHandleAccessor.invoke(DirectMethodHandleAccessor.java:103)
	at java.base/java.lang.reflect.Method.invoke(Method.java:580)
	at org.testng.internal.invokers.MethodInvocationHelper.invokeMethod(MethodInvocationHelper.java:141)
	at org.testng.internal.invokers.TestInvoker.invokeMethod(TestInvoker.java:687)
	at org.testng.internal.invokers.TestInvoker.invokeTestMethod(TestInvoker.java:230)
	at org.testng.internal.invokers.MethodRunner.runInSequence(MethodRunner.java:63)
	at org.testng.internal.invokers.TestInvoker$MethodInvocationAgent.invoke(TestInvoker.java:995)
	at org.testng.internal.invokers.TestInvoker.invokeTestMethods(TestInvoker.java:203)
	at org.testng.internal.invokers.TestMethodWorker.invokeTestMethods(TestMethodWorker.java:154)
	at org.testng.internal.invokers.TestMethodWorker.run(TestMethodWorker.java:134)
	at java.base/java.util.ArrayList.forEach(ArrayList.java:1596)
	at org.testng.TestRunner.privateRun(TestRunner.java:741)
	at org.testng.TestRunner.run(TestRunner.java:616)
	at org.testng.SuiteRunner.runTest(SuiteRunner.java:421)
	at org.testng.SuiteRunner.runSequentially(SuiteRunner.java:413)
	at org.testng.SuiteRunner.privateRun(SuiteRunner.java:373)
	at org.testng.SuiteRunner.run(SuiteRunner.java:312)
	at org.testng.SuiteRunnerWorker.runSuite(SuiteRunnerWorker.java:52)
	at org.testng.SuiteRunnerWorker.run(SuiteRunnerWorker.java:95)
	at org.testng.TestNG.runSuitesSequentially(TestNG.java:1274)
	at org.testng.TestNG.runSuitesLocally(TestNG.java:1208)
	at org.testng.TestNG.runSuites(TestNG.java:1112)
	at org.testng.TestNG.run(TestNG.java:1079)
	at org.testng.remote.AbstractRemoteTestNG.run(AbstractRemoteTestNG.java:115)
	at org.testng.remote.RemoteTestNG.initAndRun(RemoteTestNG.java:293)
	at org.testng.remote.RemoteTestNG.main(RemoteTestNG.java:91)
</pre></div></td>
<td>65</td>
<td>com.test.frontofficeBilling.test.TC_004_FoRegistrationWithSchemeCompanyBillingTest@740cae06</td></tr>
<tr>
<td title='com.test.frontofficeBilling.test.TC_005_FoRegistrationWithBillsUtilityTest.billsUtilityInRefundCreditCardTest()'><b>billsUtilityInRefundCreditCardTest</b><br>Test class: com.test.frontofficeBilling.test.TC_005_FoRegistrationWithBillsUtilityTest<br>Parameters: SANITY HOSPITAL, 1st Floor NS, SPSL.884588, 12/01/2026, 12/01/2026, SAKTI, Admin@123, Doctor Not Available, Refund Reason XYZ, SAKTI, Doctor Not Available, Anup, Cash, Cheque, Credit Card, Anup1111, 12/01/2026, Airtel payment Bank, 12/02/2026, NOIDA, 9876543210, MASTERCARD, 02/01/2026, 123456, SPSL.885424, 100, Balihar Singh, Duplicate Entry, Anup Credit Note</td>
<td><div><pre>java.lang.NullPointerException: Cannot invoke &quot;String.toString()&quot; because &quot;inputText&quot; is null
	at com.test.ui.helper.CommanUtill.textEnter(CommanUtill.java:482)
	at com.test.frontoffice.page.FoBillsUtilityPage.enterUHID(FoBillsUtilityPage.java:167)
	at com.test.frontofficeBilling.test.TC_005_FoRegistrationWithBillsUtilityTest.billsUtilityInRefundCreditCardTest(TC_005_FoRegistrationWithBillsUtilityTest.java:153)
	at java.base/java.util.ArrayList.forEach(ArrayList.java:1596)
... Removed 25 stack frames</pre></div><a href='#' onClick='toggleBox("stack-trace1113747078", this, "Click to show all stack frames", "Click to hide stack frames")'>Click to show all stack frames</a>
<div class='stack-trace' id='stack-trace1113747078'><pre>java.lang.NullPointerException: Cannot invoke &quot;String.toString()&quot; because &quot;inputText&quot; is null
	at com.test.ui.helper.CommanUtill.textEnter(CommanUtill.java:482)
	at com.test.frontoffice.page.FoBillsUtilityPage.enterUHID(FoBillsUtilityPage.java:167)
	at com.test.frontofficeBilling.test.TC_005_FoRegistrationWithBillsUtilityTest.billsUtilityInRefundCreditCardTest(TC_005_FoRegistrationWithBillsUtilityTest.java:153)
	at java.base/jdk.internal.reflect.DirectMethodHandleAccessor.invoke(DirectMethodHandleAccessor.java:103)
	at java.base/java.lang.reflect.Method.invoke(Method.java:580)
	at org.testng.internal.invokers.MethodInvocationHelper.invokeMethod(MethodInvocationHelper.java:141)
	at org.testng.internal.invokers.TestInvoker.invokeMethod(TestInvoker.java:687)
	at org.testng.internal.invokers.TestInvoker.invokeTestMethod(TestInvoker.java:230)
	at org.testng.internal.invokers.MethodRunner.runInSequence(MethodRunner.java:63)
	at org.testng.internal.invokers.TestInvoker$MethodInvocationAgent.invoke(TestInvoker.java:995)
	at org.testng.internal.invokers.TestInvoker.invokeTestMethods(TestInvoker.java:203)
	at org.testng.internal.invokers.TestMethodWorker.invokeTestMethods(TestMethodWorker.java:154)
	at org.testng.internal.invokers.TestMethodWorker.run(TestMethodWorker.java:134)
	at java.base/java.util.ArrayList.forEach(ArrayList.java:1596)
	at org.testng.TestRunner.privateRun(TestRunner.java:741)
	at org.testng.TestRunner.run(TestRunner.java:616)
	at org.testng.SuiteRunner.runTest(SuiteRunner.java:421)
	at org.testng.SuiteRunner.runSequentially(SuiteRunner.java:413)
	at org.testng.SuiteRunner.privateRun(SuiteRunner.java:373)
	at org.testng.SuiteRunner.run(SuiteRunner.java:312)
	at org.testng.SuiteRunnerWorker.runSuite(SuiteRunnerWorker.java:52)
	at org.testng.SuiteRunnerWorker.run(SuiteRunnerWorker.java:95)
	at org.testng.TestNG.runSuitesSequentially(TestNG.java:1274)
	at org.testng.TestNG.runSuitesLocally(TestNG.java:1208)
	at org.testng.TestNG.runSuites(TestNG.java:1112)
	at org.testng.TestNG.run(TestNG.java:1079)
	at org.testng.remote.AbstractRemoteTestNG.run(AbstractRemoteTestNG.java:115)
	at org.testng.remote.RemoteTestNG.initAndRun(RemoteTestNG.java:293)
	at org.testng.remote.RemoteTestNG.main(RemoteTestNG.java:91)
</pre></div></td>
<td>0</td>
<td>com.test.frontofficeBilling.test.TC_005_FoRegistrationWithBillsUtilityTest@26d9b808</td></tr>
<tr>
<td title='com.test.frontofficeBilling.test.TC_005_FoRegistrationWithBillsUtilityTest.CreditNote()'><b>CreditNote</b><br>Test class: com.test.frontofficeBilling.test.TC_005_FoRegistrationWithBillsUtilityTest<br>Parameters: SANITY HOSPITAL, 1st Floor NS, SPSL.884588, 12/01/2026, 12/01/2026, SAKTI, Admin@123, Doctor Not Available, Refund Reason XYZ, SAKTI, Doctor Not Available, Anup, Cash, Cheque, Credit Card, Anup1111, 12/01/2026, Airtel payment Bank, 12/02/2026, NOIDA, 9876543210, MASTERCARD, 02/01/2026, 123456, SPSL.885424, 100, Balihar Singh, Duplicate Entry, Anup Credit Note</td>
<td><div><pre>org.openqa.selenium.ElementNotInteractableException: element not interactable
  (Session info: chrome=143.0.7499.193)
Build info: version: &apos;4.38.0&apos;, revision: &apos;6b412e825c*&apos;
System info: os.name: &apos;Windows 11&apos;, os.arch: &apos;amd64&apos;, os.version: &apos;10.0&apos;, java.version: &apos;21.0.1&apos;
Driver info: org.openqa.selenium.chrome.ChromeDriver
Command: [49c601bf1ec5005dbf720608bf73e11f, sendKeysToElement {id=f.747F325FB9D41C89CE7119886F3C74DE.d.8E4AD9C3084B49D28724DBDDF6D3AD61.e.130, value=[Ljava.lang.CharSequence;@61a369cf}]
Capabilities {acceptInsecureCerts: true, browserName: chrome, browserVersion: 143.0.7499.193, chrome: {chromedriverVersion: 142.0.7444.61 (9884f628acbc..., userDataDir: C:\Users\ANUP~1.DES\AppData...}, fedcm:accounts: true, goog:chromeOptions: {debuggerAddress: localhost:50434}, goog:processID: 3076, networkConnectionEnabled: false, pageLoadStrategy: normal, platformName: windows, proxy: Proxy(), se:cdp: ws://localhost:50434/devtoo..., se:cdpVersion: 143.0.7499.193, setWindowRect: true, strictFileInteractability: false, timeouts: {implicit: 0, pageLoad: 300000, script: 30000}, unhandledPromptBehavior: dismiss and notify, webauthn:extension:credBlob: true, webauthn:extension:largeBlob: true, webauthn:extension:minPinLength: true, webauthn:extension:prf: true, webauthn:virtualAuthenticators: true}
Element: [[ChromeDriver: chrome on windows (49c601bf1ec5005dbf720608bf73e11f)] -&gt; xpath: //input[@id=&apos;uHid&apos;]]
Session ID: 49c601bf1ec5005dbf720608bf73e11f
	at org.openqa.selenium.remote.ErrorCodec.decode(ErrorCodec.java:167)
	at org.openqa.selenium.remote.codec.w3c.W3CHttpResponseCodec.decode(W3CHttpResponseCodec.java:138)
	at org.openqa.selenium.remote.codec.w3c.W3CHttpResponseCodec.decode(W3CHttpResponseCodec.java:50)
	at org.openqa.selenium.remote.HttpCommandExecutor.execute(HttpCommandExecutor.java:215)
	at org.openqa.selenium.remote.service.DriverCommandExecutor.invokeExecute(DriverCommandExecutor.java:216)
	at org.openqa.selenium.remote.service.DriverCommandExecutor.execute(DriverCommandExecutor.java:174)
	at org.openqa.selenium.remote.RemoteWebDriver.execute(RemoteWebDriver.java:557)
	at org.openqa.selenium.remote.RemoteWebElement.execute(RemoteWebElement.java:223)
	at org.openqa.selenium.remote.RemoteWebElement.sendKeys(RemoteWebElement.java:110)
	at com.test.frontoffice.page.FoBillsUtilityPage.EntercreditNoteUHID(FoBillsUtilityPage.java:414)
	at com.test.frontofficeBilling.test.TC_005_FoRegistrationWithBillsUtilityTest.CreditNote(TC_005_FoRegistrationWithBillsUtilityTest.java:206)
	at java.base/java.util.ArrayList.forEach(ArrayList.java:1596)
... Removed 28 stack frames</pre></div><a href='#' onClick='toggleBox("stack-trace1706840265", this, "Click to show all stack frames", "Click to hide stack frames")'>Click to show all stack frames</a>
<div class='stack-trace' id='stack-trace1706840265'><pre>org.openqa.selenium.ElementNotInteractableException: element not interactable
  (Session info: chrome=143.0.7499.193)
Build info: version: &apos;4.38.0&apos;, revision: &apos;6b412e825c*&apos;
System info: os.name: &apos;Windows 11&apos;, os.arch: &apos;amd64&apos;, os.version: &apos;10.0&apos;, java.version: &apos;21.0.1&apos;
Driver info: org.openqa.selenium.chrome.ChromeDriver
Command: [49c601bf1ec5005dbf720608bf73e11f, sendKeysToElement {id=f.747F325FB9D41C89CE7119886F3C74DE.d.8E4AD9C3084B49D28724DBDDF6D3AD61.e.130, value=[Ljava.lang.CharSequence;@61a369cf}]
Capabilities {acceptInsecureCerts: true, browserName: chrome, browserVersion: 143.0.7499.193, chrome: {chromedriverVersion: 142.0.7444.61 (9884f628acbc..., userDataDir: C:\Users\ANUP~1.DES\AppData...}, fedcm:accounts: true, goog:chromeOptions: {debuggerAddress: localhost:50434}, goog:processID: 3076, networkConnectionEnabled: false, pageLoadStrategy: normal, platformName: windows, proxy: Proxy(), se:cdp: ws://localhost:50434/devtoo..., se:cdpVersion: 143.0.7499.193, setWindowRect: true, strictFileInteractability: false, timeouts: {implicit: 0, pageLoad: 300000, script: 30000}, unhandledPromptBehavior: dismiss and notify, webauthn:extension:credBlob: true, webauthn:extension:largeBlob: true, webauthn:extension:minPinLength: true, webauthn:extension:prf: true, webauthn:virtualAuthenticators: true}
Element: [[ChromeDriver: chrome on windows (49c601bf1ec5005dbf720608bf73e11f)] -&gt; xpath: //input[@id=&apos;uHid&apos;]]
Session ID: 49c601bf1ec5005dbf720608bf73e11f
	at java.base/jdk.internal.reflect.DirectConstructorHandleAccessor.newInstance(DirectConstructorHandleAccessor.java:62)
	at java.base/java.lang.reflect.Constructor.newInstanceWithCaller(Constructor.java:502)
	at java.base/java.lang.reflect.Constructor.newInstance(Constructor.java:486)
	at org.openqa.selenium.remote.ErrorCodec.decode(ErrorCodec.java:167)
	at org.openqa.selenium.remote.codec.w3c.W3CHttpResponseCodec.decode(W3CHttpResponseCodec.java:138)
	at org.openqa.selenium.remote.codec.w3c.W3CHttpResponseCodec.decode(W3CHttpResponseCodec.java:50)
	at org.openqa.selenium.remote.HttpCommandExecutor.execute(HttpCommandExecutor.java:215)
	at org.openqa.selenium.remote.service.DriverCommandExecutor.invokeExecute(DriverCommandExecutor.java:216)
	at org.openqa.selenium.remote.service.DriverCommandExecutor.execute(DriverCommandExecutor.java:174)
	at org.openqa.selenium.remote.RemoteWebDriver.execute(RemoteWebDriver.java:557)
	at org.openqa.selenium.remote.RemoteWebElement.execute(RemoteWebElement.java:223)
	at org.openqa.selenium.remote.RemoteWebElement.sendKeys(RemoteWebElement.java:110)
	at com.test.frontoffice.page.FoBillsUtilityPage.EntercreditNoteUHID(FoBillsUtilityPage.java:414)
	at com.test.frontofficeBilling.test.TC_005_FoRegistrationWithBillsUtilityTest.CreditNote(TC_005_FoRegistrationWithBillsUtilityTest.java:206)
	at java.base/jdk.internal.reflect.DirectMethodHandleAccessor.invoke(DirectMethodHandleAccessor.java:103)
	at java.base/java.lang.reflect.Method.invoke(Method.java:580)
	at org.testng.internal.invokers.MethodInvocationHelper.invokeMethod(MethodInvocationHelper.java:141)
	at org.testng.internal.invokers.TestInvoker.invokeMethod(TestInvoker.java:687)
	at org.testng.internal.invokers.TestInvoker.invokeTestMethod(TestInvoker.java:230)
	at org.testng.internal.invokers.MethodRunner.runInSequence(MethodRunner.java:63)
	at org.testng.internal.invokers.TestInvoker$MethodInvocationAgent.invoke(TestInvoker.java:995)
	at org.testng.internal.invokers.TestInvoker.invokeTestMethods(TestInvoker.java:203)
	at org.testng.internal.invokers.TestMethodWorker.invokeTestMethods(TestMethodWorker.java:154)
	at org.testng.internal.invokers.TestMethodWorker.run(TestMethodWorker.java:134)
	at java.base/java.util.ArrayList.forEach(ArrayList.java:1596)
	at org.testng.TestRunner.privateRun(TestRunner.java:741)
	at org.testng.TestRunner.run(TestRunner.java:616)
	at org.testng.SuiteRunner.runTest(SuiteRunner.java:421)
	at org.testng.SuiteRunner.runSequentially(SuiteRunner.java:413)
	at org.testng.SuiteRunner.privateRun(SuiteRunner.java:373)
	at org.testng.SuiteRunner.run(SuiteRunner.java:312)
	at org.testng.SuiteRunnerWorker.runSuite(SuiteRunnerWorker.java:52)
	at org.testng.SuiteRunnerWorker.run(SuiteRunnerWorker.java:95)
	at org.testng.TestNG.runSuitesSequentially(TestNG.java:1274)
	at org.testng.TestNG.runSuitesLocally(TestNG.java:1208)
	at org.testng.TestNG.runSuites(TestNG.java:1112)
	at org.testng.TestNG.run(TestNG.java:1079)
	at org.testng.remote.AbstractRemoteTestNG.run(AbstractRemoteTestNG.java:115)
	at org.testng.remote.RemoteTestNG.initAndRun(RemoteTestNG.java:293)
	at org.testng.remote.RemoteTestNG.main(RemoteTestNG.java:91)
</pre></div></td>
<td>68</td>
<td>com.test.frontofficeBilling.test.TC_005_FoRegistrationWithBillsUtilityTest@26d9b808</td></tr>
<tr>
<td title='com.test.frontofficeBilling.test.TC_005_FoRegistrationWithBillsUtilityTest.billsUtilityInRefundCashTest()'><b>billsUtilityInRefundCashTest</b><br>Test class: com.test.frontofficeBilling.test.TC_005_FoRegistrationWithBillsUtilityTest<br>Parameters: SANITY HOSPITAL, 1st Floor NS, SPSL.884588, 12/01/2026, 12/01/2026, SAKTI, Admin@123, Doctor Not Available, Refund Reason XYZ, SAKTI, Doctor Not Available, Anup, Cash, Cheque, Credit Card, Anup1111, 12/01/2026, Airtel payment Bank, 12/02/2026, NOIDA, 9876543210, MASTERCARD, 02/01/2026, 123456, SPSL.885424, 100, Balihar Singh, Duplicate Entry, Anup Credit Note</td>
<td><div><pre>java.lang.AssertionError: Error while Clicking on the web element... 
	at com.test.ui.helper.CommanUtill.clickFunction(CommanUtill.java:370)
	at com.test.frontoffice.page.FoBillsUtilityPage.clickOnBillingButton(FoBillsUtilityPage.java:155)
	at com.test.frontofficeBilling.test.TC_005_FoRegistrationWithBillsUtilityTest.billsUtilityInRefundCashTest(TC_005_FoRegistrationWithBillsUtilityTest.java:54)
	at java.base/java.util.ArrayList.forEach(ArrayList.java:1596)
... Removed 26 stack frames</pre></div><a href='#' onClick='toggleBox("stack-trace526461288", this, "Click to show all stack frames", "Click to hide stack frames")'>Click to show all stack frames</a>
<div class='stack-trace' id='stack-trace526461288'><pre>java.lang.AssertionError: Error while Clicking on the web element... 
	at org.testng.Assert.fail(Assert.java:111)
	at com.test.ui.helper.CommanUtill.clickFunction(CommanUtill.java:370)
	at com.test.frontoffice.page.FoBillsUtilityPage.clickOnBillingButton(FoBillsUtilityPage.java:155)
	at com.test.frontofficeBilling.test.TC_005_FoRegistrationWithBillsUtilityTest.billsUtilityInRefundCashTest(TC_005_FoRegistrationWithBillsUtilityTest.java:54)
	at java.base/jdk.internal.reflect.DirectMethodHandleAccessor.invoke(DirectMethodHandleAccessor.java:103)
	at java.base/java.lang.reflect.Method.invoke(Method.java:580)
	at org.testng.internal.invokers.MethodInvocationHelper.invokeMethod(MethodInvocationHelper.java:141)
	at org.testng.internal.invokers.TestInvoker.invokeMethod(TestInvoker.java:687)
	at org.testng.internal.invokers.TestInvoker.invokeTestMethod(TestInvoker.java:230)
	at org.testng.internal.invokers.MethodRunner.runInSequence(MethodRunner.java:63)
	at org.testng.internal.invokers.TestInvoker$MethodInvocationAgent.invoke(TestInvoker.java:995)
	at org.testng.internal.invokers.TestInvoker.invokeTestMethods(TestInvoker.java:203)
	at org.testng.internal.invokers.TestMethodWorker.invokeTestMethods(TestMethodWorker.java:154)
	at org.testng.internal.invokers.TestMethodWorker.run(TestMethodWorker.java:134)
	at java.base/java.util.ArrayList.forEach(ArrayList.java:1596)
	at org.testng.TestRunner.privateRun(TestRunner.java:741)
	at org.testng.TestRunner.run(TestRunner.java:616)
	at org.testng.SuiteRunner.runTest(SuiteRunner.java:421)
	at org.testng.SuiteRunner.runSequentially(SuiteRunner.java:413)
	at org.testng.SuiteRunner.privateRun(SuiteRunner.java:373)
	at org.testng.SuiteRunner.run(SuiteRunner.java:312)
	at org.testng.SuiteRunnerWorker.runSuite(SuiteRunnerWorker.java:52)
	at org.testng.SuiteRunnerWorker.run(SuiteRunnerWorker.java:95)
	at org.testng.TestNG.runSuitesSequentially(TestNG.java:1274)
	at org.testng.TestNG.runSuitesLocally(TestNG.java:1208)
	at org.testng.TestNG.runSuites(TestNG.java:1112)
	at org.testng.TestNG.run(TestNG.java:1079)
	at org.testng.remote.AbstractRemoteTestNG.run(AbstractRemoteTestNG.java:115)
	at org.testng.remote.RemoteTestNG.initAndRun(RemoteTestNG.java:293)
	at org.testng.remote.RemoteTestNG.main(RemoteTestNG.java:91)
</pre></div></td>
<td>1</td>
<td>com.test.frontofficeBilling.test.TC_005_FoRegistrationWithBillsUtilityTest@26d9b808</td></tr>
<tr>
<td title='com.test.frontofficeBilling.test.TC_007_FoDepositsTest.refundDepositeTest()'><b>refundDepositeTest</b><br>Test class: com.test.frontofficeBilling.test.TC_007_FoDepositsTest<br>Parameters: SANITY HOSPITAL, 1st Floor NS, SPSl.885448, 100, Anup, Automation, 1122, 14/01/2026, Air Force BANK, NOIDA, Auto Captcher, 9988, RuPay, ANDHRA BANK, NOIDA, 1000, SPSL.885416, OPDP3164, 01/01/2026, 15/01/2026, Excess Deposit, Remaks Deposit Pop</td>
<td><div><pre>java.lang.AssertionError: Error while Clicking on the web element... 
	at com.test.ui.helper.CommanUtill.clickFunction(CommanUtill.java:370)
	at com.test.frontoffice.page.FoDepositsPage.enterDepositRefundReasonRemarksAndSendApprovalReq(FoDepositsPage.java:342)
	at com.test.frontofficeBilling.test.TC_007_FoDepositsTest.refundDepositeTest(TC_007_FoDepositsTest.java:153)
	at java.base/java.util.ArrayList.forEach(ArrayList.java:1596)
... Removed 26 stack frames</pre></div><a href='#' onClick='toggleBox("stack-trace1625675003", this, "Click to show all stack frames", "Click to hide stack frames")'>Click to show all stack frames</a>
<div class='stack-trace' id='stack-trace1625675003'><pre>java.lang.AssertionError: Error while Clicking on the web element... 
	at org.testng.Assert.fail(Assert.java:111)
	at com.test.ui.helper.CommanUtill.clickFunction(CommanUtill.java:370)
	at com.test.frontoffice.page.FoDepositsPage.enterDepositRefundReasonRemarksAndSendApprovalReq(FoDepositsPage.java:342)
	at com.test.frontofficeBilling.test.TC_007_FoDepositsTest.refundDepositeTest(TC_007_FoDepositsTest.java:153)
	at java.base/jdk.internal.reflect.DirectMethodHandleAccessor.invoke(DirectMethodHandleAccessor.java:103)
	at java.base/java.lang.reflect.Method.invoke(Method.java:580)
	at org.testng.internal.invokers.MethodInvocationHelper.invokeMethod(MethodInvocationHelper.java:141)
	at org.testng.internal.invokers.TestInvoker.invokeMethod(TestInvoker.java:687)
	at org.testng.internal.invokers.TestInvoker.invokeTestMethod(TestInvoker.java:230)
	at org.testng.internal.invokers.MethodRunner.runInSequence(MethodRunner.java:63)
	at org.testng.internal.invokers.TestInvoker$MethodInvocationAgent.invoke(TestInvoker.java:995)
	at org.testng.internal.invokers.TestInvoker.invokeTestMethods(TestInvoker.java:203)
	at org.testng.internal.invokers.TestMethodWorker.invokeTestMethods(TestMethodWorker.java:154)
	at org.testng.internal.invokers.TestMethodWorker.run(TestMethodWorker.java:134)
	at java.base/java.util.ArrayList.forEach(ArrayList.java:1596)
	at org.testng.TestRunner.privateRun(TestRunner.java:741)
	at org.testng.TestRunner.run(TestRunner.java:616)
	at org.testng.SuiteRunner.runTest(SuiteRunner.java:421)
	at org.testng.SuiteRunner.runSequentially(SuiteRunner.java:413)
	at org.testng.SuiteRunner.privateRun(SuiteRunner.java:373)
	at org.testng.SuiteRunner.run(SuiteRunner.java:312)
	at org.testng.SuiteRunnerWorker.runSuite(SuiteRunnerWorker.java:52)
	at org.testng.SuiteRunnerWorker.run(SuiteRunnerWorker.java:95)
	at org.testng.TestNG.runSuitesSequentially(TestNG.java:1274)
	at org.testng.TestNG.runSuitesLocally(TestNG.java:1208)
	at org.testng.TestNG.runSuites(TestNG.java:1112)
	at org.testng.TestNG.run(TestNG.java:1079)
	at org.testng.remote.AbstractRemoteTestNG.run(AbstractRemoteTestNG.java:115)
	at org.testng.remote.RemoteTestNG.initAndRun(RemoteTestNG.java:293)
	at org.testng.remote.RemoteTestNG.main(RemoteTestNG.java:91)
</pre></div></td>
<td>154</td>
<td>com.test.frontofficeBilling.test.TC_007_FoDepositsTest@1ed4ae0f</td></tr>
<tr>
<td title='com.test.frontofficeBilling.test.TC_007_FoDepositsTest.ReceiptUtilityPrint()'><b>ReceiptUtilityPrint</b><br>Test class: com.test.frontofficeBilling.test.TC_007_FoDepositsTest<br>Parameters: SANITY HOSPITAL, 1st Floor NS, SPSl.885448, 100, Anup, Automation, 1122, 14/01/2026, Air Force BANK, NOIDA, Auto Captcher, 9988, RuPay, ANDHRA BANK, NOIDA, 1000, SPSL.885416, OPDP3164, 01/01/2026, 15/01/2026, Excess Deposit, Remaks Deposit Pop</td>
<td><div><pre>java.lang.AssertionError: Error while Clicking on the web element... 
	at com.test.ui.helper.CommanUtill.clickFunction(CommanUtill.java:370)
	at com.test.frontoffice.page.FoDepositsPage.clickOnDashboardFrontOfficeBtn(FoDepositsPage.java:150)
	at com.test.frontofficeBilling.test.TC_007_FoDepositsTest.ReceiptUtilityPrint(TC_007_FoDepositsTest.java:170)
	at java.base/java.util.ArrayList.forEach(ArrayList.java:1596)
... Removed 26 stack frames</pre></div><a href='#' onClick='toggleBox("stack-trace193946880", this, "Click to show all stack frames", "Click to hide stack frames")'>Click to show all stack frames</a>
<div class='stack-trace' id='stack-trace193946880'><pre>java.lang.AssertionError: Error while Clicking on the web element... 
	at org.testng.Assert.fail(Assert.java:111)
	at com.test.ui.helper.CommanUtill.clickFunction(CommanUtill.java:370)
	at com.test.frontoffice.page.FoDepositsPage.clickOnDashboardFrontOfficeBtn(FoDepositsPage.java:150)
	at com.test.frontofficeBilling.test.TC_007_FoDepositsTest.ReceiptUtilityPrint(TC_007_FoDepositsTest.java:170)
	at java.base/jdk.internal.reflect.DirectMethodHandleAccessor.invoke(DirectMethodHandleAccessor.java:103)
	at java.base/java.lang.reflect.Method.invoke(Method.java:580)
	at org.testng.internal.invokers.MethodInvocationHelper.invokeMethod(MethodInvocationHelper.java:141)
	at org.testng.internal.invokers.TestInvoker.invokeMethod(TestInvoker.java:687)
	at org.testng.internal.invokers.TestInvoker.invokeTestMethod(TestInvoker.java:230)
	at org.testng.internal.invokers.MethodRunner.runInSequence(MethodRunner.java:63)
	at org.testng.internal.invokers.TestInvoker$MethodInvocationAgent.invoke(TestInvoker.java:995)
	at org.testng.internal.invokers.TestInvoker.invokeTestMethods(TestInvoker.java:203)
	at org.testng.internal.invokers.TestMethodWorker.invokeTestMethods(TestMethodWorker.java:154)
	at org.testng.internal.invokers.TestMethodWorker.run(TestMethodWorker.java:134)
	at java.base/java.util.ArrayList.forEach(ArrayList.java:1596)
	at org.testng.TestRunner.privateRun(TestRunner.java:741)
	at org.testng.TestRunner.run(TestRunner.java:616)
	at org.testng.SuiteRunner.runTest(SuiteRunner.java:421)
	at org.testng.SuiteRunner.runSequentially(SuiteRunner.java:413)
	at org.testng.SuiteRunner.privateRun(SuiteRunner.java:373)
	at org.testng.SuiteRunner.run(SuiteRunner.java:312)
	at org.testng.SuiteRunnerWorker.runSuite(SuiteRunnerWorker.java:52)
	at org.testng.SuiteRunnerWorker.run(SuiteRunnerWorker.java:95)
	at org.testng.TestNG.runSuitesSequentially(TestNG.java:1274)
	at org.testng.TestNG.runSuitesLocally(TestNG.java:1208)
	at org.testng.TestNG.runSuites(TestNG.java:1112)
	at org.testng.TestNG.run(TestNG.java:1079)
	at org.testng.remote.AbstractRemoteTestNG.run(AbstractRemoteTestNG.java:115)
	at org.testng.remote.RemoteTestNG.initAndRun(RemoteTestNG.java:293)
	at org.testng.remote.RemoteTestNG.main(RemoteTestNG.java:91)
</pre></div></td>
<td>31</td>
<td>com.test.frontofficeBilling.test.TC_007_FoDepositsTest@1ed4ae0f</td></tr>
</table><p>
<table width='100%' border='1' class='invocation-passed'>
<tr><td colspan='4' align='center'><b>PASSED TESTS</b></td></tr>
<tr><td><b>Test method</b></td>
<td><b>Attribute(s)</b></td>
<td width="30%"><b>Exception</b></td>
<td width="10%"><b>Time (seconds)</b></td>
<td><b>Instance</b></td>
</tr>
<tr>
<td title='com.test.frontofficeBilling.test.TC_001_FoRegistrationWithoutSchemeBillingTest.frontOfficeDiscountOnBillingTest()'><b>frontOfficeDiscountOnBillingTest</b><br>Test class: com.test.frontofficeBilling.test.TC_001_FoRegistrationWithoutSchemeBillingTest<br>Parameters: SANITY HOSPITAL, 1st Floor NS, SPSL.884909, Divyansh company, Divyansh Pvt Ltd, Healthindia Allied Services Pvt Ltd, Insurance_Card_001, Cardiac Sciences, ABHIJEET, 333, cbc outsource, Routine, Anaesthesia, Employee231, Blood Bank, Test, 2, 10, Blood Bank, abc, Routine, Cardiology, Laxmi Halder, self, KAMAL ADHIKARI, Doctor Referral, ER, Billing Remaks Box, 100% scheme, 03/12/2025, Dr. Himanshu Sharma, On Bill, On Service, On Items, Staff Discount, Staff Discount, Consultations, ABHIJEET SAWANT, Kamal Adhikari, Discount On, SAKTI, Admin@123, Cheque, Anup00123, Airtel payment Bank, Noida, Credit Card, MASTERCARD, A1111, Air Force BANK, B2222</td>
<td></td>
<td>61</td>
<td>com.test.frontofficeBilling.test.TC_001_FoRegistrationWithoutSchemeBillingTest@3e27aa33</td></tr>
<tr>
<td title='com.test.frontofficeBilling.test.TC_006_BillsUtility_DuesSettlementTest.verifyPatientRegistration()'><b>verifyPatientRegistration</b><br>Test class: com.test.frontofficeBilling.test.TC_006_BillsUtility_DuesSettlementTest<br>Parameters: SANITY HOSPITAL, 1st Floor NS, Mr., Avdesh, Kumar, Mandal, Male, 17/11/2010, 19/11/2017, 23, Single, Devi, Sharma, Gupta, Indian, 12345678, 91, 9876543210, Anup@gmail.com, D345, Delhi ( DELHI ), Place, 111213, DELHI, 111213, India, A123456789, Divyansh company, Divyansh Pvt Ltd, fhg, Healthindia Allied Services Pvt Ltd, Company Department test, Consultation, Company Department test, 123456, asvg123, As requested, VIP_Text, Remaks Show  In Billing, aadhar card, ID1234567, ABHA, Abha, self, Hindi, 124111, Business, B.D.S., Hindu, asd, OBC, Doctor Referral, ER, asdd, Anup, Brother, 1234556, 20% Scheme, Kin, Anup, Brother, 124567, Fine, Covid, Two, Covishield, 15/12/2025, Vaccine Remaks</td>
<td></td>
<td>51</td>
<td>com.test.frontofficeBilling.test.TC_006_BillsUtility_DuesSettlementTest@7526515b</td></tr>
<tr>
<td title='com.test.frontofficeBilling.test.TC_009_ReportDispatchTrackingTest.BillsReportDispatchTrackingTest()'><b>BillsReportDispatchTrackingTest</b><br>Test class: com.test.frontofficeBilling.test.TC_009_ReportDispatchTrackingTest<br>Parameters: SANITY HOSPITAL, 1st Floor NS, SPSL.885424, Verify Lab Report After, SANITY HOSPITAL, 02/11/2025, 13/01/2026, Unreceived, All, Received, Dispatched, Verified, All, Trio Tree Hopsital 8</td>
<td></td>
<td>36</td>
<td>com.test.frontofficeBilling.test.TC_009_ReportDispatchTrackingTest@6d4d66d2</td></tr>
<tr>
<td title='com.test.frontofficeBilling.test.TC_001_FoRegistrationWithoutSchemeBillingTest.frontOfficeDiscountOnItemsTest()'><b>frontOfficeDiscountOnItemsTest</b><br>Test class: com.test.frontofficeBilling.test.TC_001_FoRegistrationWithoutSchemeBillingTest<br>Parameters: SANITY HOSPITAL, 1st Floor NS, SPSL.884909, Divyansh company, Divyansh Pvt Ltd, Healthindia Allied Services Pvt Ltd, Insurance_Card_001, Cardiac Sciences, ABHIJEET, 333, cbc outsource, Routine, Anaesthesia, Employee231, Blood Bank, Test, 2, 10, Blood Bank, abc, Routine, Cardiology, Laxmi Halder, self, KAMAL ADHIKARI, Doctor Referral, ER, Billing Remaks Box, 100% scheme, 03/12/2025, Dr. Himanshu Sharma, On Bill, On Service, On Items, Staff Discount, Staff Discount, Consultations, ABHIJEET SAWANT, Kamal Adhikari, Discount On, SAKTI, Admin@123, Cheque, Anup00123, Airtel payment Bank, Noida, Credit Card, MASTERCARD, A1111, Air Force BANK, B2222</td>
<td></td>
<td>61</td>
<td>com.test.frontofficeBilling.test.TC_001_FoRegistrationWithoutSchemeBillingTest@3e27aa33</td></tr>
<tr>
<td title='com.test.frontofficeBilling.test.TC_006_BillsUtility_DuesSettlementTest.billsUtilityDueSettlementTest()'><b>billsUtilityDueSettlementTest</b><br>Test class: com.test.frontofficeBilling.test.TC_006_BillsUtility_DuesSettlementTest<br>Parameters: SANITY HOSPITAL, 1st Floor NS, SPSL.885194, 1000, 100, Corporate Discount, Corporate Discount, vibhor, Anup Due Settlement Remarks</td>
<td></td>
<td>32</td>
<td>com.test.frontofficeBilling.test.TC_006_BillsUtility_DuesSettlementTest@7526515b</td></tr>
<tr>
<td title='com.test.frontofficeBilling.test.TC_001_FoRegistrationWithoutSchemeBillingTest.verifyPatientRegistration()'><b>verifyPatientRegistration</b><br>Test class: com.test.frontofficeBilling.test.TC_001_FoRegistrationWithoutSchemeBillingTest<br>Parameters: SANITY HOSPITAL, 1st Floor NS, Mr., Avdesh, Kumar, Mandal, Male, 17/11/2010, 19/11/2017, 23, Single, Devi, Sharma, Gupta, Indian, 12345678, 91, 9876543210, Anup@gmail.com, D345, Delhi ( DELHI ), Place, 111213, DELHI, 111213, India, A123456789, Divyansh company, Divyansh Pvt Ltd, fhg, Healthindia Allied Services Pvt Ltd, Company Department test, Consultation, Company Department test, 123456, asvg123, As requested, VIP_Text, Remaks Show  In Billing, aadhar card, ID1234567, ABHA, Abha, self, Hindi, 124111, Business, B.D.S., Hindu, asd, OBC, Doctor Referral, ER, asdd, Anup, Brother, 1234556, 20% Scheme, Kin, Anup, Brother, 124567, Fine, Covid, Two, Covishield, 15/12/2025, Vaccine Remaks</td>
<td></td>
<td>52</td>
<td>com.test.frontofficeBilling.test.TC_001_FoRegistrationWithoutSchemeBillingTest@3e27aa33</td></tr>
<tr>
<td title='com.test.frontofficeBilling.test.TC_003_FoRegistrationWithSchemeOPDPackageBillingTest.verifyPatientRegistration()'><b>verifyPatientRegistration</b><br>Test class: com.test.frontofficeBilling.test.TC_003_FoRegistrationWithSchemeOPDPackageBillingTest<br>Parameters: SANITY HOSPITAL, 1st Floor NS, Mr., Avdesh, Kumar, Mandal, Male, 17/11/2010, 19/11/2017, 23, Single, Devi, Sharma, Gupta, Indian, 12345678, 91, 9876543210, Anup@gmail.com, D345, Delhi ( DELHI ), Place, 111213, DELHI, 111213, India, A123456789, Divyansh company, Divyansh Pvt Ltd, fhg, Healthindia Allied Services Pvt Ltd, Company Department test, Consultation, Company Department test, 123456, asvg123, As requested, VIP_Text, Remaks Show  In Billing, aadhar card, ID1234567, ABHA, Abha, self, Hindi, 124111, Business, B.D.S., Hindu, asd, OBC, Doctor Referral, ER, asdd, Anup, Brother, 1234556, 20% Scheme, Kin, Anup, Brother, 124567, Fine, Covid, Two, Covishield, 15/12/2025, Vaccine Remaks</td>
<td></td>
<td>55</td>
<td>com.test.frontofficeBilling.test.TC_003_FoRegistrationWithSchemeOPDPackageBillingTest@f0c8a99</td></tr>
<tr>
<td title='com.test.frontofficeBilling.test.TC_003_FoRegistrationWithSchemeOPDPackageBillingTest.frontOfficeBillingTest()'><b>frontOfficeBillingTest</b><br>Test class: com.test.frontofficeBilling.test.TC_003_FoRegistrationWithSchemeOPDPackageBillingTest<br>Parameters: SANITY HOSPITAL, 1st Floor NS, SPSL.884588, amit yadav op, Rishab Mishra, 1000, self, KAMAL ADHIKARI, Doctor Referral, ER, Billing Remaks Box, 100% scheme, 03/12/2025, Dr. Himanshu Sharma</td>
<td></td>
<td>30</td>
<td>com.test.frontofficeBilling.test.TC_003_FoRegistrationWithSchemeOPDPackageBillingTest@f0c8a99</td></tr>
<tr>
<td title='com.test.frontofficeBilling.test.TC_001_FoRegistrationWithoutSchemeBillingTest.frontOfficeBillingTest()'><b>frontOfficeBillingTest</b><br>Test class: com.test.frontofficeBilling.test.TC_001_FoRegistrationWithoutSchemeBillingTest<br>Parameters: SANITY HOSPITAL, 1st Floor NS, SPSL.884909, Divyansh company, Divyansh Pvt Ltd, Healthindia Allied Services Pvt Ltd, Insurance_Card_001, Cardiac Sciences, ABHIJEET, 333, cbc outsource, Routine, Anaesthesia, Employee231, Blood Bank, Test, 2, 10, Blood Bank, abc, Routine, Cardiology, Laxmi Halder, self, KAMAL ADHIKARI, Doctor Referral, ER, Billing Remaks Box, 100% scheme, 03/12/2025, Dr. Himanshu Sharma, On Bill, On Service, On Items, Staff Discount, Staff Discount, Consultations, ABHIJEET SAWANT, Kamal Adhikari, Discount On, SAKTI, Admin@123, Cheque, Anup00123, Airtel payment Bank, Noida, Credit Card, MASTERCARD, A1111, Air Force BANK, B2222</td>
<td></td>
<td>50</td>
<td>com.test.frontofficeBilling.test.TC_001_FoRegistrationWithoutSchemeBillingTest@3e27aa33</td></tr>
<tr>
<td title='com.test.frontofficeBilling.test.TC_006_BillsUtility_DuesSettlementTest.FullDuesBillsSettlementTest()'><b>FullDuesBillsSettlementTest</b><br>Test class: com.test.frontofficeBilling.test.TC_006_BillsUtility_DuesSettlementTest<br>Parameters: SANITY HOSPITAL, 1st Floor NS, SPSL.885194, 1000, 100, Corporate Discount, Corporate Discount, vibhor, Anup Due Settlement Remarks</td>
<td></td>
<td>3</td>
<td>com.test.frontofficeBilling.test.TC_006_BillsUtility_DuesSettlementTest@7526515b</td></tr>
<tr>
<td title='com.test.frontofficeBilling.test.TC_001_FoRegistrationWithoutSchemeBillingTest.frontOfficeDiscountOnServiceTest()'><b>frontOfficeDiscountOnServiceTest</b><br>Test class: com.test.frontofficeBilling.test.TC_001_FoRegistrationWithoutSchemeBillingTest<br>Parameters: SANITY HOSPITAL, 1st Floor NS, SPSL.884909, Divyansh company, Divyansh Pvt Ltd, Healthindia Allied Services Pvt Ltd, Insurance_Card_001, Cardiac Sciences, ABHIJEET, 333, cbc outsource, Routine, Anaesthesia, Employee231, Blood Bank, Test, 2, 10, Blood Bank, abc, Routine, Cardiology, Laxmi Halder, self, KAMAL ADHIKARI, Doctor Referral, ER, Billing Remaks Box, 100% scheme, 03/12/2025, Dr. Himanshu Sharma, On Bill, On Service, On Items, Staff Discount, Staff Discount, Consultations, ABHIJEET SAWANT, Kamal Adhikari, Discount On, SAKTI, Admin@123, Cheque, Anup00123, Airtel payment Bank, Noida, Credit Card, MASTERCARD, A1111, Air Force BANK, B2222</td>
<td></td>
<td>63</td>
<td>com.test.frontofficeBilling.test.TC_001_FoRegistrationWithoutSchemeBillingTest@3e27aa33</td></tr>
<tr>
<td title='com.test.frontofficeBilling.test.TC_006_BillsUtility_DuesSettlementTest.frontOfficeBillingTest()'><b>frontOfficeBillingTest</b><br>Test class: com.test.frontofficeBilling.test.TC_006_BillsUtility_DuesSettlementTest<br>Parameters: SANITY HOSPITAL, 1st Floor NS, SPSL.884909, Divyansh company, Divyansh Pvt Ltd, Healthindia Allied Services Pvt Ltd, Insurance_Card_001, Cardiac Sciences, ABHIJEET, 333, cbc outsource, Routine, Anaesthesia, Employee231, Blood Bank, Test, 2, 10, Blood Bank, abc, Routine, Cardiology, Laxmi Halder, self, KAMAL ADHIKARI, Doctor Referral, ER, Billing Remaks Box, 100% scheme, 03/12/2025, Dr. Himanshu Sharma, On Bill, On Service, On Items, Staff Discount, Staff Discount, Consultations, ABHIJEET SAWANT, Kamal Adhikari, Discount On, SAKTI, Admin@123, Cheque, Anup00123, Airtel payment Bank, Noida, Credit Card, MASTERCARD, A1111, Air Force BANK, B2222</td>
<td></td>
<td>59</td>
<td>com.test.frontofficeBilling.test.TC_006_BillsUtility_DuesSettlementTest@7526515b</td></tr>
<tr>
<td title='com.test.frontofficeBilling.test.TC_004_FoRegistrationWithSchemeCompanyBillingTest.verifyPatientRegistration()'><b>verifyPatientRegistration</b><br>Test class: com.test.frontofficeBilling.test.TC_004_FoRegistrationWithSchemeCompanyBillingTest<br>Parameters: SANITY HOSPITAL, 1st Floor NS, Mr., Avdesh, Kumar, Mandal, Male, 17/11/2010, 19/11/2017, 23, Single, Devi, Sharma, Gupta, Indian, 12345678, 91, 9876543210, Anup@gmail.com, D345, Delhi ( DELHI ), Place, 111213, DELHI, 111213, India, A123456789, Divyansh company, Divyansh Pvt Ltd, fhg, Healthindia Allied Services Pvt Ltd, Company Department test, Consultation, Company Department test, 123456, asvg123, As requested, VIP_Text, Remaks Show  In Billing, aadhar card, ID1234567, ABHA, Abha, self, Hindi, 124111, Business, B.D.S., Hindu, asd, OBC, Doctor Referral, ER, asdd, Anup, Brother, 1234556, 20% Scheme, Kin, Anup, Brother, 124567, Fine, Covid, Two, Covishield, 15/12/2025, Vaccine Remaks</td>
<td></td>
<td>81</td>
<td>com.test.frontofficeBilling.test.TC_004_FoRegistrationWithSchemeCompanyBillingTest@740cae06</td></tr>
</table><p>
<table width='100%' border='1' class='invocation-skipped'>
<tr><td colspan='4' align='center'><b>SKIPPED TESTS</b></td></tr>
<tr><td><b>Test method</b></td>
<td><b>Attribute(s)</b></td>
<td width="30%"><b>Exception</b></td>
<td width="10%"><b>Time (seconds)</b></td>
<td><b>Instance</b></td>
</tr>
<tr>
<td title='com.test.frontofficeBilling.test.TC_008_ApproveBillsRefundTest.BillsApproveRefundsTest()'><b>BillsApproveRefundsTest</b><br>Test class: com.test.frontofficeBilling.test.TC_008_ApproveBillsRefundTest<br>Parameters: SANITY HOSPITAL, 1st Floor NS, 01/01/2026, 15/01/2026, 27/10/2025, 16/01/2026</td>
<td><div><pre>org.openqa.selenium.WebDriverException: unknown error: JavaScript code failed
from unknown command: &apos;Runtime.evaluate&apos; wasn&apos;t found
  (Session info: chrome=143.0.7499.193)
Build info: version: &apos;4.38.0&apos;, revision: &apos;6b412e825c*&apos;
System info: os.name: &apos;Windows 11&apos;, os.arch: &apos;amd64&apos;, os.version: &apos;10.0&apos;, java.version: &apos;21.0.1&apos;
Driver info: org.openqa.selenium.chrome.ChromeDriver
Command: [03492475d75e61c393497d5eac7e2765, maximizeCurrentWindow {}]
Capabilities {acceptInsecureCerts: true, browserName: chrome, browserVersion: 143.0.7499.193, chrome: {chromedriverVersion: 142.0.7444.61 (9884f628acbc..., userDataDir: C:\Users\ANUP~1.DES\AppData...}, fedcm:accounts: true, goog:chromeOptions: {debuggerAddress: localhost:51767}, goog:processID: 18912, networkConnectionEnabled: false, pageLoadStrategy: normal, platformName: windows, proxy: Proxy(), se:cdp: ws://localhost:51767/devtoo..., se:cdpVersion: 143.0.7499.193, setWindowRect: true, strictFileInteractability: false, timeouts: {implicit: 0, pageLoad: 300000, script: 30000}, unhandledPromptBehavior: dismiss and notify, webauthn:extension:credBlob: true, webauthn:extension:largeBlob: true, webauthn:extension:minPinLength: true, webauthn:extension:prf: true, webauthn:virtualAuthenticators: true}
Session ID: 03492475d75e61c393497d5eac7e2765
	at org.openqa.selenium.remote.ErrorCodec.decode(ErrorCodec.java:167)
	at org.openqa.selenium.remote.codec.w3c.W3CHttpResponseCodec.decode(W3CHttpResponseCodec.java:138)
	at org.openqa.selenium.remote.codec.w3c.W3CHttpResponseCodec.decode(W3CHttpResponseCodec.java:50)
	at org.openqa.selenium.remote.HttpCommandExecutor.execute(HttpCommandExecutor.java:215)
	at org.openqa.selenium.remote.service.DriverCommandExecutor.invokeExecute(DriverCommandExecutor.java:216)
	at org.openqa.selenium.remote.service.DriverCommandExecutor.execute(DriverCommandExecutor.java:174)
	at org.openqa.selenium.remote.RemoteWebDriver.execute(RemoteWebDriver.java:557)
	at org.openqa.selenium.remote.RemoteWebDriver.execute(RemoteWebDriver.java:634)
	at org.openqa.selenium.remote.RemoteWebDriver.execute(RemoteWebDriver.java:638)
	at org.openqa.selenium.remote.RemoteWebDriver$RemoteWebDriverOptions$RemoteWindow.maximize(RemoteWebDriver.java:1064)
	at com.test.browser.setup.GeneralBrowserSetting.launchBrowser(GeneralBrowserSetting.java:90)
	at java.base/java.util.ArrayList.forEach(ArrayList.java:1596)
... Removed 26 stack frames</pre></div><a href='#' onClick='toggleBox("stack-trace542849562", this, "Click to show all stack frames", "Click to hide stack frames")'>Click to show all stack frames</a>
<div class='stack-trace' id='stack-trace542849562'><pre>org.openqa.selenium.WebDriverException: unknown error: JavaScript code failed
from unknown command: &apos;Runtime.evaluate&apos; wasn&apos;t found
  (Session info: chrome=143.0.7499.193)
Build info: version: &apos;4.38.0&apos;, revision: &apos;6b412e825c*&apos;
System info: os.name: &apos;Windows 11&apos;, os.arch: &apos;amd64&apos;, os.version: &apos;10.0&apos;, java.version: &apos;21.0.1&apos;
Driver info: org.openqa.selenium.chrome.ChromeDriver
Command: [03492475d75e61c393497d5eac7e2765, maximizeCurrentWindow {}]
Capabilities {acceptInsecureCerts: true, browserName: chrome, browserVersion: 143.0.7499.193, chrome: {chromedriverVersion: 142.0.7444.61 (9884f628acbc..., userDataDir: C:\Users\ANUP~1.DES\AppData...}, fedcm:accounts: true, goog:chromeOptions: {debuggerAddress: localhost:51767}, goog:processID: 18912, networkConnectionEnabled: false, pageLoadStrategy: normal, platformName: windows, proxy: Proxy(), se:cdp: ws://localhost:51767/devtoo..., se:cdpVersion: 143.0.7499.193, setWindowRect: true, strictFileInteractability: false, timeouts: {implicit: 0, pageLoad: 300000, script: 30000}, unhandledPromptBehavior: dismiss and notify, webauthn:extension:credBlob: true, webauthn:extension:largeBlob: true, webauthn:extension:minPinLength: true, webauthn:extension:prf: true, webauthn:virtualAuthenticators: true}
Session ID: 03492475d75e61c393497d5eac7e2765
	at java.base/jdk.internal.reflect.DirectConstructorHandleAccessor.newInstance(DirectConstructorHandleAccessor.java:62)
	at java.base/java.lang.reflect.Constructor.newInstanceWithCaller(Constructor.java:502)
	at java.base/java.lang.reflect.Constructor.newInstance(Constructor.java:486)
	at org.openqa.selenium.remote.ErrorCodec.decode(ErrorCodec.java:167)
	at org.openqa.selenium.remote.codec.w3c.W3CHttpResponseCodec.decode(W3CHttpResponseCodec.java:138)
	at org.openqa.selenium.remote.codec.w3c.W3CHttpResponseCodec.decode(W3CHttpResponseCodec.java:50)
	at org.openqa.selenium.remote.HttpCommandExecutor.execute(HttpCommandExecutor.java:215)
	at org.openqa.selenium.remote.service.DriverCommandExecutor.invokeExecute(DriverCommandExecutor.java:216)
	at org.openqa.selenium.remote.service.DriverCommandExecutor.execute(DriverCommandExecutor.java:174)
	at org.openqa.selenium.remote.RemoteWebDriver.execute(RemoteWebDriver.java:557)
	at org.openqa.selenium.remote.RemoteWebDriver.execute(RemoteWebDriver.java:634)
	at org.openqa.selenium.remote.RemoteWebDriver.execute(RemoteWebDriver.java:638)
	at org.openqa.selenium.remote.RemoteWebDriver$RemoteWebDriverOptions$RemoteWindow.maximize(RemoteWebDriver.java:1064)
	at com.test.browser.setup.GeneralBrowserSetting.launchBrowser(GeneralBrowserSetting.java:90)
	at java.base/jdk.internal.reflect.DirectMethodHandleAccessor.invoke(DirectMethodHandleAccessor.java:103)
	at java.base/java.lang.reflect.Method.invoke(Method.java:580)
	at org.testng.internal.invokers.MethodInvocationHelper.invokeMethod(MethodInvocationHelper.java:141)
	at org.testng.internal.invokers.MethodInvocationHelper.invokeMethodConsideringTimeout(MethodInvocationHelper.java:71)
	at org.testng.internal.invokers.ConfigInvoker.invokeConfigurationMethod(ConfigInvoker.java:400)
	at org.testng.internal.invokers.ConfigInvoker.invokeConfigurations(ConfigInvoker.java:333)
	at org.testng.internal.invokers.TestMethodWorker.invokeBeforeClassMethods(TestMethodWorker.java:188)
	at org.testng.internal.invokers.TestMethodWorker.run(TestMethodWorker.java:128)
	at java.base/java.util.ArrayList.forEach(ArrayList.java:1596)
	at org.testng.TestRunner.privateRun(TestRunner.java:741)
	at org.testng.TestRunner.run(TestRunner.java:616)
	at org.testng.SuiteRunner.runTest(SuiteRunner.java:421)
	at org.testng.SuiteRunner.runSequentially(SuiteRunner.java:413)
	at org.testng.SuiteRunner.privateRun(SuiteRunner.java:373)
	at org.testng.SuiteRunner.run(SuiteRunner.java:312)
	at org.testng.SuiteRunnerWorker.runSuite(SuiteRunnerWorker.java:52)
	at org.testng.SuiteRunnerWorker.run(SuiteRunnerWorker.java:95)
	at org.testng.TestNG.runSuitesSequentially(TestNG.java:1274)
	at org.testng.TestNG.runSuitesLocally(TestNG.java:1208)
	at org.testng.TestNG.runSuites(TestNG.java:1112)
	at org.testng.TestNG.run(TestNG.java:1079)
	at org.testng.remote.AbstractRemoteTestNG.run(AbstractRemoteTestNG.java:115)
	at org.testng.remote.RemoteTestNG.initAndRun(RemoteTestNG.java:293)
	at org.testng.remote.RemoteTestNG.main(RemoteTestNG.java:91)
</pre></div></td>
<td>0</td>
<td>com.test.frontofficeBilling.test.TC_008_ApproveBillsRefundTest@54c5a2ff</td></tr>
<tr>
<td title='com.test.frontofficeBilling.test.TC_008_ApproveBillsRefundTest.frontOfficeBillingTest()'><b>frontOfficeBillingTest</b><br>Test class: com.test.frontofficeBilling.test.TC_008_ApproveBillsRefundTest<br>Parameters: SANITY HOSPITAL, 1st Floor NS, SPSL.884909, Divyansh company, Divyansh Pvt Ltd, Healthindia Allied Services Pvt Ltd, Insurance_Card_001, Cardiac Sciences, ABHIJEET, 333, cbc outsource, Routine, Anaesthesia, Employee231, Blood Bank, Test, 2, 10, Blood Bank, abc, Routine, Cardiology, Laxmi Halder, self, KAMAL ADHIKARI, Doctor Referral, ER, Billing Remaks Box, 100% scheme, 03/12/2025, Dr. Himanshu Sharma, On Bill, On Service, On Items, Staff Discount, Staff Discount, Consultations, ABHIJEET SAWANT, Kamal Adhikari, Discount On, SAKTI, Admin@123, Cheque, Anup00123, Airtel payment Bank, Noida, Credit Card, MASTERCARD, A1111, Air Force BANK, B2222</td>
<td><div><pre>org.openqa.selenium.WebDriverException: unknown error: JavaScript code failed
from unknown command: &apos;Runtime.evaluate&apos; wasn&apos;t found
  (Session info: chrome=143.0.7499.193)
Build info: version: &apos;4.38.0&apos;, revision: &apos;6b412e825c*&apos;
System info: os.name: &apos;Windows 11&apos;, os.arch: &apos;amd64&apos;, os.version: &apos;10.0&apos;, java.version: &apos;21.0.1&apos;
Driver info: org.openqa.selenium.chrome.ChromeDriver
Command: [03492475d75e61c393497d5eac7e2765, maximizeCurrentWindow {}]
Capabilities {acceptInsecureCerts: true, browserName: chrome, browserVersion: 143.0.7499.193, chrome: {chromedriverVersion: 142.0.7444.61 (9884f628acbc..., userDataDir: C:\Users\ANUP~1.DES\AppData...}, fedcm:accounts: true, goog:chromeOptions: {debuggerAddress: localhost:51767}, goog:processID: 18912, networkConnectionEnabled: false, pageLoadStrategy: normal, platformName: windows, proxy: Proxy(), se:cdp: ws://localhost:51767/devtoo..., se:cdpVersion: 143.0.7499.193, setWindowRect: true, strictFileInteractability: false, timeouts: {implicit: 0, pageLoad: 300000, script: 30000}, unhandledPromptBehavior: dismiss and notify, webauthn:extension:credBlob: true, webauthn:extension:largeBlob: true, webauthn:extension:minPinLength: true, webauthn:extension:prf: true, webauthn:virtualAuthenticators: true}
Session ID: 03492475d75e61c393497d5eac7e2765
	at org.openqa.selenium.remote.ErrorCodec.decode(ErrorCodec.java:167)
	at org.openqa.selenium.remote.codec.w3c.W3CHttpResponseCodec.decode(W3CHttpResponseCodec.java:138)
	at org.openqa.selenium.remote.codec.w3c.W3CHttpResponseCodec.decode(W3CHttpResponseCodec.java:50)
	at org.openqa.selenium.remote.HttpCommandExecutor.execute(HttpCommandExecutor.java:215)
	at org.openqa.selenium.remote.service.DriverCommandExecutor.invokeExecute(DriverCommandExecutor.java:216)
	at org.openqa.selenium.remote.service.DriverCommandExecutor.execute(DriverCommandExecutor.java:174)
	at org.openqa.selenium.remote.RemoteWebDriver.execute(RemoteWebDriver.java:557)
	at org.openqa.selenium.remote.RemoteWebDriver.execute(RemoteWebDriver.java:634)
	at org.openqa.selenium.remote.RemoteWebDriver.execute(RemoteWebDriver.java:638)
	at org.openqa.selenium.remote.RemoteWebDriver$RemoteWebDriverOptions$RemoteWindow.maximize(RemoteWebDriver.java:1064)
	at com.test.browser.setup.GeneralBrowserSetting.launchBrowser(GeneralBrowserSetting.java:90)
	at java.base/java.util.ArrayList.forEach(ArrayList.java:1596)
... Removed 26 stack frames</pre></div><a href='#' onClick='toggleBox("stack-trace1722130732", this, "Click to show all stack frames", "Click to hide stack frames")'>Click to show all stack frames</a>
<div class='stack-trace' id='stack-trace1722130732'><pre>org.openqa.selenium.WebDriverException: unknown error: JavaScript code failed
from unknown command: &apos;Runtime.evaluate&apos; wasn&apos;t found
  (Session info: chrome=143.0.7499.193)
Build info: version: &apos;4.38.0&apos;, revision: &apos;6b412e825c*&apos;
System info: os.name: &apos;Windows 11&apos;, os.arch: &apos;amd64&apos;, os.version: &apos;10.0&apos;, java.version: &apos;21.0.1&apos;
Driver info: org.openqa.selenium.chrome.ChromeDriver
Command: [03492475d75e61c393497d5eac7e2765, maximizeCurrentWindow {}]
Capabilities {acceptInsecureCerts: true, browserName: chrome, browserVersion: 143.0.7499.193, chrome: {chromedriverVersion: 142.0.7444.61 (9884f628acbc..., userDataDir: C:\Users\ANUP~1.DES\AppData...}, fedcm:accounts: true, goog:chromeOptions: {debuggerAddress: localhost:51767}, goog:processID: 18912, networkConnectionEnabled: false, pageLoadStrategy: normal, platformName: windows, proxy: Proxy(), se:cdp: ws://localhost:51767/devtoo..., se:cdpVersion: 143.0.7499.193, setWindowRect: true, strictFileInteractability: false, timeouts: {implicit: 0, pageLoad: 300000, script: 30000}, unhandledPromptBehavior: dismiss and notify, webauthn:extension:credBlob: true, webauthn:extension:largeBlob: true, webauthn:extension:minPinLength: true, webauthn:extension:prf: true, webauthn:virtualAuthenticators: true}
Session ID: 03492475d75e61c393497d5eac7e2765
	at java.base/jdk.internal.reflect.DirectConstructorHandleAccessor.newInstance(DirectConstructorHandleAccessor.java:62)
	at java.base/java.lang.reflect.Constructor.newInstanceWithCaller(Constructor.java:502)
	at java.base/java.lang.reflect.Constructor.newInstance(Constructor.java:486)
	at org.openqa.selenium.remote.ErrorCodec.decode(ErrorCodec.java:167)
	at org.openqa.selenium.remote.codec.w3c.W3CHttpResponseCodec.decode(W3CHttpResponseCodec.java:138)
	at org.openqa.selenium.remote.codec.w3c.W3CHttpResponseCodec.decode(W3CHttpResponseCodec.java:50)
	at org.openqa.selenium.remote.HttpCommandExecutor.execute(HttpCommandExecutor.java:215)
	at org.openqa.selenium.remote.service.DriverCommandExecutor.invokeExecute(DriverCommandExecutor.java:216)
	at org.openqa.selenium.remote.service.DriverCommandExecutor.execute(DriverCommandExecutor.java:174)
	at org.openqa.selenium.remote.RemoteWebDriver.execute(RemoteWebDriver.java:557)
	at org.openqa.selenium.remote.RemoteWebDriver.execute(RemoteWebDriver.java:634)
	at org.openqa.selenium.remote.RemoteWebDriver.execute(RemoteWebDriver.java:638)
	at org.openqa.selenium.remote.RemoteWebDriver$RemoteWebDriverOptions$RemoteWindow.maximize(RemoteWebDriver.java:1064)
	at com.test.browser.setup.GeneralBrowserSetting.launchBrowser(GeneralBrowserSetting.java:90)
	at java.base/jdk.internal.reflect.DirectMethodHandleAccessor.invoke(DirectMethodHandleAccessor.java:103)
	at java.base/java.lang.reflect.Method.invoke(Method.java:580)
	at org.testng.internal.invokers.MethodInvocationHelper.invokeMethod(MethodInvocationHelper.java:141)
	at org.testng.internal.invokers.MethodInvocationHelper.invokeMethodConsideringTimeout(MethodInvocationHelper.java:71)
	at org.testng.internal.invokers.ConfigInvoker.invokeConfigurationMethod(ConfigInvoker.java:400)
	at org.testng.internal.invokers.ConfigInvoker.invokeConfigurations(ConfigInvoker.java:333)
	at org.testng.internal.invokers.TestMethodWorker.invokeBeforeClassMethods(TestMethodWorker.java:188)
	at org.testng.internal.invokers.TestMethodWorker.run(TestMethodWorker.java:128)
	at java.base/java.util.ArrayList.forEach(ArrayList.java:1596)
	at org.testng.TestRunner.privateRun(TestRunner.java:741)
	at org.testng.TestRunner.run(TestRunner.java:616)
	at org.testng.SuiteRunner.runTest(SuiteRunner.java:421)
	at org.testng.SuiteRunner.runSequentially(SuiteRunner.java:413)
	at org.testng.SuiteRunner.privateRun(SuiteRunner.java:373)
	at org.testng.SuiteRunner.run(SuiteRunner.java:312)
	at org.testng.SuiteRunnerWorker.runSuite(SuiteRunnerWorker.java:52)
	at org.testng.SuiteRunnerWorker.run(SuiteRunnerWorker.java:95)
	at org.testng.TestNG.runSuitesSequentially(TestNG.java:1274)
	at org.testng.TestNG.runSuitesLocally(TestNG.java:1208)
	at org.testng.TestNG.runSuites(TestNG.java:1112)
	at org.testng.TestNG.run(TestNG.java:1079)
	at org.testng.remote.AbstractRemoteTestNG.run(AbstractRemoteTestNG.java:115)
	at org.testng.remote.RemoteTestNG.initAndRun(RemoteTestNG.java:293)
	at org.testng.remote.RemoteTestNG.main(RemoteTestNG.java:91)
</pre></div></td>
<td>0</td>
<td>com.test.frontofficeBilling.test.TC_008_ApproveBillsRefundTest@54c5a2ff</td></tr>
<tr>
<td title='com.test.frontofficeBilling.test.TC_008_ApproveBillsRefundTest.verifyPatientRegistration()'><b>verifyPatientRegistration</b><br>Test class: com.test.frontofficeBilling.test.TC_008_ApproveBillsRefundTest<br>Parameters: SANITY HOSPITAL, 1st Floor NS, Mr., Avdesh, Kumar, Mandal, Male, 17/11/2010, 19/11/2017, 23, Single, Devi, Sharma, Gupta, Indian, 12345678, 91, 9876543210, Anup@gmail.com, D345, Delhi ( DELHI ), Place, 111213, DELHI, 111213, India, A123456789, Divyansh company, Divyansh Pvt Ltd, fhg, Healthindia Allied Services Pvt Ltd, Company Department test, Consultation, Company Department test, 123456, asvg123, As requested, VIP_Text, Remaks Show  In Billing, aadhar card, ID1234567, ABHA, Abha, self, Hindi, 124111, Business, B.D.S., Hindu, asd, OBC, Doctor Referral, ER, asdd, Anup, Brother, 1234556, 20% Scheme, Kin, Anup, Brother, 124567, Fine, Covid, Two, Covishield, 15/12/2025, Vaccine Remaks</td>
<td><div><pre>org.openqa.selenium.WebDriverException: unknown error: JavaScript code failed
from unknown command: &apos;Runtime.evaluate&apos; wasn&apos;t found
  (Session info: chrome=143.0.7499.193)
Build info: version: &apos;4.38.0&apos;, revision: &apos;6b412e825c*&apos;
System info: os.name: &apos;Windows 11&apos;, os.arch: &apos;amd64&apos;, os.version: &apos;10.0&apos;, java.version: &apos;21.0.1&apos;
Driver info: org.openqa.selenium.chrome.ChromeDriver
Command: [03492475d75e61c393497d5eac7e2765, maximizeCurrentWindow {}]
Capabilities {acceptInsecureCerts: true, browserName: chrome, browserVersion: 143.0.7499.193, chrome: {chromedriverVersion: 142.0.7444.61 (9884f628acbc..., userDataDir: C:\Users\ANUP~1.DES\AppData...}, fedcm:accounts: true, goog:chromeOptions: {debuggerAddress: localhost:51767}, goog:processID: 18912, networkConnectionEnabled: false, pageLoadStrategy: normal, platformName: windows, proxy: Proxy(), se:cdp: ws://localhost:51767/devtoo..., se:cdpVersion: 143.0.7499.193, setWindowRect: true, strictFileInteractability: false, timeouts: {implicit: 0, pageLoad: 300000, script: 30000}, unhandledPromptBehavior: dismiss and notify, webauthn:extension:credBlob: true, webauthn:extension:largeBlob: true, webauthn:extension:minPinLength: true, webauthn:extension:prf: true, webauthn:virtualAuthenticators: true}
Session ID: 03492475d75e61c393497d5eac7e2765
	at org.openqa.selenium.remote.ErrorCodec.decode(ErrorCodec.java:167)
	at org.openqa.selenium.remote.codec.w3c.W3CHttpResponseCodec.decode(W3CHttpResponseCodec.java:138)
	at org.openqa.selenium.remote.codec.w3c.W3CHttpResponseCodec.decode(W3CHttpResponseCodec.java:50)
	at org.openqa.selenium.remote.HttpCommandExecutor.execute(HttpCommandExecutor.java:215)
	at org.openqa.selenium.remote.service.DriverCommandExecutor.invokeExecute(DriverCommandExecutor.java:216)
	at org.openqa.selenium.remote.service.DriverCommandExecutor.execute(DriverCommandExecutor.java:174)
	at org.openqa.selenium.remote.RemoteWebDriver.execute(RemoteWebDriver.java:557)
	at org.openqa.selenium.remote.RemoteWebDriver.execute(RemoteWebDriver.java:634)
	at org.openqa.selenium.remote.RemoteWebDriver.execute(RemoteWebDriver.java:638)
	at org.openqa.selenium.remote.RemoteWebDriver$RemoteWebDriverOptions$RemoteWindow.maximize(RemoteWebDriver.java:1064)
	at com.test.browser.setup.GeneralBrowserSetting.launchBrowser(GeneralBrowserSetting.java:90)
	at java.base/java.util.ArrayList.forEach(ArrayList.java:1596)
... Removed 26 stack frames</pre></div><a href='#' onClick='toggleBox("stack-trace355880331", this, "Click to show all stack frames", "Click to hide stack frames")'>Click to show all stack frames</a>
<div class='stack-trace' id='stack-trace355880331'><pre>org.openqa.selenium.WebDriverException: unknown error: JavaScript code failed
from unknown command: &apos;Runtime.evaluate&apos; wasn&apos;t found
  (Session info: chrome=143.0.7499.193)
Build info: version: &apos;4.38.0&apos;, revision: &apos;6b412e825c*&apos;
System info: os.name: &apos;Windows 11&apos;, os.arch: &apos;amd64&apos;, os.version: &apos;10.0&apos;, java.version: &apos;21.0.1&apos;
Driver info: org.openqa.selenium.chrome.ChromeDriver
Command: [03492475d75e61c393497d5eac7e2765, maximizeCurrentWindow {}]
Capabilities {acceptInsecureCerts: true, browserName: chrome, browserVersion: 143.0.7499.193, chrome: {chromedriverVersion: 142.0.7444.61 (9884f628acbc..., userDataDir: C:\Users\ANUP~1.DES\AppData...}, fedcm:accounts: true, goog:chromeOptions: {debuggerAddress: localhost:51767}, goog:processID: 18912, networkConnectionEnabled: false, pageLoadStrategy: normal, platformName: windows, proxy: Proxy(), se:cdp: ws://localhost:51767/devtoo..., se:cdpVersion: 143.0.7499.193, setWindowRect: true, strictFileInteractability: false, timeouts: {implicit: 0, pageLoad: 300000, script: 30000}, unhandledPromptBehavior: dismiss and notify, webauthn:extension:credBlob: true, webauthn:extension:largeBlob: true, webauthn:extension:minPinLength: true, webauthn:extension:prf: true, webauthn:virtualAuthenticators: true}
Session ID: 03492475d75e61c393497d5eac7e2765
	at java.base/jdk.internal.reflect.DirectConstructorHandleAccessor.newInstance(DirectConstructorHandleAccessor.java:62)
	at java.base/java.lang.reflect.Constructor.newInstanceWithCaller(Constructor.java:502)
	at java.base/java.lang.reflect.Constructor.newInstance(Constructor.java:486)
	at org.openqa.selenium.remote.ErrorCodec.decode(ErrorCodec.java:167)
	at org.openqa.selenium.remote.codec.w3c.W3CHttpResponseCodec.decode(W3CHttpResponseCodec.java:138)
	at org.openqa.selenium.remote.codec.w3c.W3CHttpResponseCodec.decode(W3CHttpResponseCodec.java:50)
	at org.openqa.selenium.remote.HttpCommandExecutor.execute(HttpCommandExecutor.java:215)
	at org.openqa.selenium.remote.service.DriverCommandExecutor.invokeExecute(DriverCommandExecutor.java:216)
	at org.openqa.selenium.remote.service.DriverCommandExecutor.execute(DriverCommandExecutor.java:174)
	at org.openqa.selenium.remote.RemoteWebDriver.execute(RemoteWebDriver.java:557)
	at org.openqa.selenium.remote.RemoteWebDriver.execute(RemoteWebDriver.java:634)
	at org.openqa.selenium.remote.RemoteWebDriver.execute(RemoteWebDriver.java:638)
	at org.openqa.selenium.remote.RemoteWebDriver$RemoteWebDriverOptions$RemoteWindow.maximize(RemoteWebDriver.java:1064)
	at com.test.browser.setup.GeneralBrowserSetting.launchBrowser(GeneralBrowserSetting.java:90)
	at java.base/jdk.internal.reflect.DirectMethodHandleAccessor.invoke(DirectMethodHandleAccessor.java:103)
	at java.base/java.lang.reflect.Method.invoke(Method.java:580)
	at org.testng.internal.invokers.MethodInvocationHelper.invokeMethod(MethodInvocationHelper.java:141)
	at org.testng.internal.invokers.MethodInvocationHelper.invokeMethodConsideringTimeout(MethodInvocationHelper.java:71)
	at org.testng.internal.invokers.ConfigInvoker.invokeConfigurationMethod(ConfigInvoker.java:400)
	at org.testng.internal.invokers.ConfigInvoker.invokeConfigurations(ConfigInvoker.java:333)
	at org.testng.internal.invokers.TestMethodWorker.invokeBeforeClassMethods(TestMethodWorker.java:188)
	at org.testng.internal.invokers.TestMethodWorker.run(TestMethodWorker.java:128)
	at java.base/java.util.ArrayList.forEach(ArrayList.java:1596)
	at org.testng.TestRunner.privateRun(TestRunner.java:741)
	at org.testng.TestRunner.run(TestRunner.java:616)
	at org.testng.SuiteRunner.runTest(SuiteRunner.java:421)
	at org.testng.SuiteRunner.runSequentially(SuiteRunner.java:413)
	at org.testng.SuiteRunner.privateRun(SuiteRunner.java:373)
	at org.testng.SuiteRunner.run(SuiteRunner.java:312)
	at org.testng.SuiteRunnerWorker.runSuite(SuiteRunnerWorker.java:52)
	at org.testng.SuiteRunnerWorker.run(SuiteRunnerWorker.java:95)
	at org.testng.TestNG.runSuitesSequentially(TestNG.java:1274)
	at org.testng.TestNG.runSuitesLocally(TestNG.java:1208)
	at org.testng.TestNG.runSuites(TestNG.java:1112)
	at org.testng.TestNG.run(TestNG.java:1079)
	at org.testng.remote.AbstractRemoteTestNG.run(AbstractRemoteTestNG.java:115)
	at org.testng.remote.RemoteTestNG.initAndRun(RemoteTestNG.java:293)
	at org.testng.remote.RemoteTestNG.main(RemoteTestNG.java:91)
</pre></div></td>
<td>0</td>
<td>com.test.frontofficeBilling.test.TC_008_ApproveBillsRefundTest@54c5a2ff</td></tr>
<tr>
<td title='com.test.frontofficeBilling.test.TC_008_ApproveBillsRefundTest.billsUtilityInRefundCashTest()'><b>billsUtilityInRefundCashTest</b><br>Test class: com.test.frontofficeBilling.test.TC_008_ApproveBillsRefundTest<br>Parameters: SANITY HOSPITAL, 1st Floor NS, SPSL.884588, 12/01/2026, 12/01/2026, SAKTI, Admin@123, Doctor Not Available, Refund Reason XYZ, SAKTI, Doctor Not Available, Anup, Cash, Cheque, Credit Card, Anup1111, 12/01/2026, Airtel payment Bank, 12/02/2026, NOIDA, 9876543210, MASTERCARD, 02/01/2026, 123456, SPSL.885424, 100, Balihar Singh, Duplicate Entry, Anup Credit Note</td>
<td><div><pre>org.openqa.selenium.WebDriverException: unknown error: JavaScript code failed
from unknown command: &apos;Runtime.evaluate&apos; wasn&apos;t found
  (Session info: chrome=143.0.7499.193)
Build info: version: &apos;4.38.0&apos;, revision: &apos;6b412e825c*&apos;
System info: os.name: &apos;Windows 11&apos;, os.arch: &apos;amd64&apos;, os.version: &apos;10.0&apos;, java.version: &apos;21.0.1&apos;
Driver info: org.openqa.selenium.chrome.ChromeDriver
Command: [03492475d75e61c393497d5eac7e2765, maximizeCurrentWindow {}]
Capabilities {acceptInsecureCerts: true, browserName: chrome, browserVersion: 143.0.7499.193, chrome: {chromedriverVersion: 142.0.7444.61 (9884f628acbc..., userDataDir: C:\Users\ANUP~1.DES\AppData...}, fedcm:accounts: true, goog:chromeOptions: {debuggerAddress: localhost:51767}, goog:processID: 18912, networkConnectionEnabled: false, pageLoadStrategy: normal, platformName: windows, proxy: Proxy(), se:cdp: ws://localhost:51767/devtoo..., se:cdpVersion: 143.0.7499.193, setWindowRect: true, strictFileInteractability: false, timeouts: {implicit: 0, pageLoad: 300000, script: 30000}, unhandledPromptBehavior: dismiss and notify, webauthn:extension:credBlob: true, webauthn:extension:largeBlob: true, webauthn:extension:minPinLength: true, webauthn:extension:prf: true, webauthn:virtualAuthenticators: true}
Session ID: 03492475d75e61c393497d5eac7e2765
	at org.openqa.selenium.remote.ErrorCodec.decode(ErrorCodec.java:167)
	at org.openqa.selenium.remote.codec.w3c.W3CHttpResponseCodec.decode(W3CHttpResponseCodec.java:138)
	at org.openqa.selenium.remote.codec.w3c.W3CHttpResponseCodec.decode(W3CHttpResponseCodec.java:50)
	at org.openqa.selenium.remote.HttpCommandExecutor.execute(HttpCommandExecutor.java:215)
	at org.openqa.selenium.remote.service.DriverCommandExecutor.invokeExecute(DriverCommandExecutor.java:216)
	at org.openqa.selenium.remote.service.DriverCommandExecutor.execute(DriverCommandExecutor.java:174)
	at org.openqa.selenium.remote.RemoteWebDriver.execute(RemoteWebDriver.java:557)
	at org.openqa.selenium.remote.RemoteWebDriver.execute(RemoteWebDriver.java:634)
	at org.openqa.selenium.remote.RemoteWebDriver.execute(RemoteWebDriver.java:638)
	at org.openqa.selenium.remote.RemoteWebDriver$RemoteWebDriverOptions$RemoteWindow.maximize(RemoteWebDriver.java:1064)
	at com.test.browser.setup.GeneralBrowserSetting.launchBrowser(GeneralBrowserSetting.java:90)
	at java.base/java.util.ArrayList.forEach(ArrayList.java:1596)
... Removed 26 stack frames</pre></div><a href='#' onClick='toggleBox("stack-trace1080660279", this, "Click to show all stack frames", "Click to hide stack frames")'>Click to show all stack frames</a>
<div class='stack-trace' id='stack-trace1080660279'><pre>org.openqa.selenium.WebDriverException: unknown error: JavaScript code failed
from unknown command: &apos;Runtime.evaluate&apos; wasn&apos;t found
  (Session info: chrome=143.0.7499.193)
Build info: version: &apos;4.38.0&apos;, revision: &apos;6b412e825c*&apos;
System info: os.name: &apos;Windows 11&apos;, os.arch: &apos;amd64&apos;, os.version: &apos;10.0&apos;, java.version: &apos;21.0.1&apos;
Driver info: org.openqa.selenium.chrome.ChromeDriver
Command: [03492475d75e61c393497d5eac7e2765, maximizeCurrentWindow {}]
Capabilities {acceptInsecureCerts: true, browserName: chrome, browserVersion: 143.0.7499.193, chrome: {chromedriverVersion: 142.0.7444.61 (9884f628acbc..., userDataDir: C:\Users\ANUP~1.DES\AppData...}, fedcm:accounts: true, goog:chromeOptions: {debuggerAddress: localhost:51767}, goog:processID: 18912, networkConnectionEnabled: false, pageLoadStrategy: normal, platformName: windows, proxy: Proxy(), se:cdp: ws://localhost:51767/devtoo..., se:cdpVersion: 143.0.7499.193, setWindowRect: true, strictFileInteractability: false, timeouts: {implicit: 0, pageLoad: 300000, script: 30000}, unhandledPromptBehavior: dismiss and notify, webauthn:extension:credBlob: true, webauthn:extension:largeBlob: true, webauthn:extension:minPinLength: true, webauthn:extension:prf: true, webauthn:virtualAuthenticators: true}
Session ID: 03492475d75e61c393497d5eac7e2765
	at java.base/jdk.internal.reflect.DirectConstructorHandleAccessor.newInstance(DirectConstructorHandleAccessor.java:62)
	at java.base/java.lang.reflect.Constructor.newInstanceWithCaller(Constructor.java:502)
	at java.base/java.lang.reflect.Constructor.newInstance(Constructor.java:486)
	at org.openqa.selenium.remote.ErrorCodec.decode(ErrorCodec.java:167)
	at org.openqa.selenium.remote.codec.w3c.W3CHttpResponseCodec.decode(W3CHttpResponseCodec.java:138)
	at org.openqa.selenium.remote.codec.w3c.W3CHttpResponseCodec.decode(W3CHttpResponseCodec.java:50)
	at org.openqa.selenium.remote.HttpCommandExecutor.execute(HttpCommandExecutor.java:215)
	at org.openqa.selenium.remote.service.DriverCommandExecutor.invokeExecute(DriverCommandExecutor.java:216)
	at org.openqa.selenium.remote.service.DriverCommandExecutor.execute(DriverCommandExecutor.java:174)
	at org.openqa.selenium.remote.RemoteWebDriver.execute(RemoteWebDriver.java:557)
	at org.openqa.selenium.remote.RemoteWebDriver.execute(RemoteWebDriver.java:634)
	at org.openqa.selenium.remote.RemoteWebDriver.execute(RemoteWebDriver.java:638)
	at org.openqa.selenium.remote.RemoteWebDriver$RemoteWebDriverOptions$RemoteWindow.maximize(RemoteWebDriver.java:1064)
	at com.test.browser.setup.GeneralBrowserSetting.launchBrowser(GeneralBrowserSetting.java:90)
	at java.base/jdk.internal.reflect.DirectMethodHandleAccessor.invoke(DirectMethodHandleAccessor.java:103)
	at java.base/java.lang.reflect.Method.invoke(Method.java:580)
	at org.testng.internal.invokers.MethodInvocationHelper.invokeMethod(MethodInvocationHelper.java:141)
	at org.testng.internal.invokers.MethodInvocationHelper.invokeMethodConsideringTimeout(MethodInvocationHelper.java:71)
	at org.testng.internal.invokers.ConfigInvoker.invokeConfigurationMethod(ConfigInvoker.java:400)
	at org.testng.internal.invokers.ConfigInvoker.invokeConfigurations(ConfigInvoker.java:333)
	at org.testng.internal.invokers.TestMethodWorker.invokeBeforeClassMethods(TestMethodWorker.java:188)
	at org.testng.internal.invokers.TestMethodWorker.run(TestMethodWorker.java:128)
	at java.base/java.util.ArrayList.forEach(ArrayList.java:1596)
	at org.testng.TestRunner.privateRun(TestRunner.java:741)
	at org.testng.TestRunner.run(TestRunner.java:616)
	at org.testng.SuiteRunner.runTest(SuiteRunner.java:421)
	at org.testng.SuiteRunner.runSequentially(SuiteRunner.java:413)
	at org.testng.SuiteRunner.privateRun(SuiteRunner.java:373)
	at org.testng.SuiteRunner.run(SuiteRunner.java:312)
	at org.testng.SuiteRunnerWorker.runSuite(SuiteRunnerWorker.java:52)
	at org.testng.SuiteRunnerWorker.run(SuiteRunnerWorker.java:95)
	at org.testng.TestNG.runSuitesSequentially(TestNG.java:1274)
	at org.testng.TestNG.runSuitesLocally(TestNG.java:1208)
	at org.testng.TestNG.runSuites(TestNG.java:1112)
	at org.testng.TestNG.run(TestNG.java:1079)
	at org.testng.remote.AbstractRemoteTestNG.run(AbstractRemoteTestNG.java:115)
	at org.testng.remote.RemoteTestNG.initAndRun(RemoteTestNG.java:293)
	at org.testng.remote.RemoteTestNG.main(RemoteTestNG.java:91)
</pre></div></td>
<td>0</td>
<td>com.test.frontofficeBilling.test.TC_008_ApproveBillsRefundTest@54c5a2ff</td></tr>
</table><p>
</body>
</html>