<?xml version="1.0" encoding="UTF-8"?>
<!-- Generated by org.testng.reporters.JUnitXMLReporter -->
<testsuite ignored="7" hostname="DESKTOP-V88DC5U" failures="9" tests="26" name="Test" time="1083.135" errors="0" timestamp="2026-01-26T16:07:33 IST">
  <testcase classname="com.test.browser.setup.GeneralBrowserSetting" name="@BeforeClass launchBrowser" time="1.255">
    <failure type="org.openqa.selenium.WebDriverException" message="unknown error: JavaScript code failed
from unknown command: &amp;apos;Runtime.evaluate&amp;apos; wasn&amp;apos;t found
  (Session info: chrome=143.0.7499.193)
Build info: version: &amp;apos;4.38.0&amp;apos;, revision: &amp;apos;6b412e825c*&amp;apos;
System info: os.name: &amp;apos;Windows 11&amp;apos;, os.arch: &amp;apos;amd64&amp;apos;, os.version: &amp;apos;10.0&amp;apos;, java.version: &amp;apos;21.0.1&amp;apos;
Driver info: org.openqa.selenium.chrome.ChromeDriver
Command: [03492475d75e61c393497d5eac7e2765, maximizeCurrentWindow {}]
Capabilities {acceptInsecureCerts: true, browserName: chrome, browserVersion: 143.0.7499.193, chrome: {chromedriverVersion: 142.0.7444.61 (9884f628acbc..., userDataDir: C:\Users\ANUP~1.DES\AppData...}, fedcm:accounts: true, goog:chromeOptions: {debuggerAddress: localhost:51767}, goog:processID: 18912, networkConnectionEnabled: false, pageLoadStrategy: normal, platformName: windows, proxy: Proxy(), se:cdp: ws://localhost:51767/devtoo..., se:cdpVersion: 143.0.7499.193, setWindowRect: true, strictFileInteractability: false, timeouts: {implicit: 0, pageLoad: 300000, script: 30000}, unhandledPromptBehavior: dismiss and notify, webauthn:extension:credBlob: true, webauthn:extension:largeBlob: true, webauthn:extension:minPinLength: true, webauthn:extension:prf: true, webauthn:virtualAuthenticators: true}
Session ID: 03492475d75e61c393497d5eac7e2765">
      <![CDATA[org.openqa.selenium.WebDriverException: unknown error: JavaScript code failed
from unknown command: 'Runtime.evaluate' wasn't found
  (Session info: chrome=143.0.7499.193)
Build info: version: '4.38.0', revision: '6b412e825c*'
System info: os.name: 'Windows 11', os.arch: 'amd64', os.version: '10.0', java.version: '21.0.1'
Driver info: org.openqa.selenium.chrome.ChromeDriver
Command: [03492475d75e61c393497d5eac7e2765, maximizeCurrentWindow {}]
Capabilities {acceptInsecureCerts: true, browserName: chrome, browserVersion: 143.0.7499.193, chrome: {chromedriverVersion: 142.0.7444.61 (9884f628acbc..., userDataDir: C:\Users\ANUP~1.DES\AppData...}, fedcm:accounts: true, goog:chromeOptions: {debuggerAddress: localhost:51767}, goog:processID: 18912, networkConnectionEnabled: false, pageLoadStrategy: normal, platformName: windows, proxy: Proxy(), se:cdp: ws://localhost:51767/devtoo..., se:cdpVersion: 143.0.7499.193, setWindowRect: true, strictFileInteractability: false, timeouts: {implicit: 0, pageLoad: 300000, script: 30000}, unhandledPromptBehavior: dismiss and notify, webauthn:extension:credBlob: true, webauthn:extension:largeBlob: true, webauthn:extension:minPinLength: true, webauthn:extension:prf: true, webauthn:virtualAuthenticators: true}
Session ID: 03492475d75e61c393497d5eac7e2765
at org.openqa.selenium.remote.ErrorCodec.decode(ErrorCodec.java:167)
at org.openqa.selenium.remote.codec.w3c.W3CHttpResponseCodec.decode(W3CHttpResponseCodec.java:138)
at org.openqa.selenium.remote.codec.w3c.W3CHttpResponseCodec.decode(W3CHttpResponseCodec.java:50)
at org.openqa.selenium.remote.HttpCommandExecutor.execute(HttpCommandExecutor.java:215)
at org.openqa.selenium.remote.service.DriverCommandExecutor.invokeExecute(DriverCommandExecutor.java:216)
at org.openqa.selenium.remote.service.DriverCommandExecutor.execute(DriverCommandExecutor.java:174)
at org.openqa.selenium.remote.RemoteWebDriver.execute(RemoteWebDriver.java:557)
at org.openqa.selenium.remote.RemoteWebDriver.execute(RemoteWebDriver.java:634)
at org.openqa.selenium.remote.RemoteWebDriver.execute(RemoteWebDriver.java:638)
at org.openqa.selenium.remote.RemoteWebDriver$RemoteWebDriverOptions$RemoteWindow.maximize(RemoteWebDriver.java:1064)
at com.test.browser.setup.GeneralBrowserSetting.launchBrowser(GeneralBrowserSetting.java:90)
at java.base/java.util.ArrayList.forEach(ArrayList.java:1596)
... Removed 26 stack frames]]>
    </failure>
  </testcase> <!-- @BeforeClass launchBrowser -->
  <testcase classname="com.test.report.Reports" name="@AfterMethod reportclosewindows" time="0.0">
    <skipped/>
  </testcase> <!-- @AfterMethod reportclosewindows -->
  <testcase classname="com.test.report.Reports" name="@AfterMethod reportclosewindows" time="0.0">
    <skipped/>
  </testcase> <!-- @AfterMethod reportclosewindows -->
  <testcase classname="com.test.report.Reports" name="@AfterMethod reportclosewindows" time="0.0">
    <skipped/>
  </testcase> <!-- @AfterMethod reportclosewindows -->
  <testcase classname="com.test.report.Reports" name="@AfterMethod reportclosewindows" time="0.0">
    <skipped/>
  </testcase> <!-- @AfterMethod reportclosewindows -->
  <testcase classname="com.test.browser.setup.GeneralBrowserSetting" name="@AfterClass closeBroser" time="0.0">
    <skipped/>
  </testcase> <!-- @AfterClass closeBroser -->
  <testcase classname="com.test.frontofficeBilling.test.TC_001_FoRegistrationWithoutSchemeBillingTest" name="verifyPatientRegistration" time="52.391"/>
  <testcase classname="com.test.frontofficeBilling.test.TC_001_FoRegistrationWithoutSchemeBillingTest" name="frontOfficeBillingTest" time="50.765"/>
  <testcase classname="com.test.frontofficeBilling.test.TC_001_FoRegistrationWithoutSchemeBillingTest" name="frontOfficeDiscountOnBillingTest" time="61.243"/>
  <testcase classname="com.test.frontofficeBilling.test.TC_001_FoRegistrationWithoutSchemeBillingTest" name="frontOfficeDiscountOnServiceTest" time="63.53"/>
  <testcase classname="com.test.frontofficeBilling.test.TC_001_FoRegistrationWithoutSchemeBillingTest" name="frontOfficeDiscountOnItemsTest" time="61.447"/>
  <testcase classname="com.test.frontofficeBilling.test.TC_003_FoRegistrationWithSchemeOPDPackageBillingTest" name="verifyPatientRegistration" time="55.318"/>
  <testcase classname="com.test.frontofficeBilling.test.TC_003_FoRegistrationWithSchemeOPDPackageBillingTest" name="frontOfficeBillingTest" time="30.16"/>
  <testcase classname="com.test.frontofficeBilling.test.TC_004_FoRegistrationWithSchemeCompanyBillingTest" name="verifyPatientRegistration" time="81.457"/>
  <testcase classname="com.test.frontofficeBilling.test.TC_004_FoRegistrationWithSchemeCompanyBillingTest" name="frontOfficeBillingTest" time="65.332">
    <failure type="java.lang.AssertionError" message="Error while Clicking on the web element... ">
      <![CDATA[java.lang.AssertionError: Error while Clicking on the web element... 
at com.test.ui.helper.CommanUtill.clickFunction(CommanUtill.java:370)
at com.test.frontoffice.page.FrontOfficeBillingPage.clickOnAddToBillButton(FrontOfficeBillingPage.java:512)
at com.test.frontofficeBilling.test.TC_004_FoRegistrationWithSchemeCompanyBillingTest.frontOfficeBillingTest(TC_004_FoRegistrationWithSchemeCompanyBillingTest.java:178)
at java.base/java.util.ArrayList.forEach(ArrayList.java:1596)
... Removed 26 stack frames]]>
    </failure>
  </testcase> <!-- frontOfficeBillingTest -->
  <testcase classname="com.test.frontofficeBilling.test.TC_005_FoRegistrationWithBillsUtilityTest" name="verifyPatientRegistration" time="3.989">
    <failure type="java.lang.AssertionError" message="Error while Clicking on the web element... ">
      <![CDATA[java.lang.AssertionError: Error while Clicking on the web element... 
at com.test.ui.helper.CommanUtill.clickFunction(CommanUtill.java:370)
at com.test.frontoffice.page.FrontOfficePatientRegistrationPage.clickOnDashboardFrontOfficeBtn(FrontOfficePatientRegistrationPage.java:242)
at com.test.frontofficeBilling.test.TC_005_FoRegistrationWithBillsUtilityTest.verifyPatientRegistration(TC_005_FoRegistrationWithBillsUtilityTest.java:258)
at java.base/java.util.ArrayList.forEach(ArrayList.java:1596)
... Removed 26 stack frames]]>
    </failure>
  </testcase> <!-- verifyPatientRegistration -->
  <testcase classname="com.test.frontofficeBilling.test.TC_005_FoRegistrationWithBillsUtilityTest" name="frontOfficeBillingTest" time="30.042">
    <failure type="org.openqa.selenium.NoSuchElementException" message="no such element: Unable to locate element: {&amp;quot;method&amp;quot;:&amp;quot;xpath&amp;quot;,&amp;quot;selector&amp;quot;:&amp;quot;//a[@id=&amp;apos;cancelinsurance&amp;apos;]//i[@class=&amp;apos;fa fa-times&amp;apos;]&amp;quot;}
  (Session info: chrome=143.0.7499.193)
For documentation on this error, please visit: https://www.selenium.dev/documentation/webdriver/troubleshooting/errors#nosuchelementexception
Build info: version: &amp;apos;4.38.0&amp;apos;, revision: &amp;apos;6b412e825c*&amp;apos;
System info: os.name: &amp;apos;Windows 11&amp;apos;, os.arch: &amp;apos;amd64&amp;apos;, os.version: &amp;apos;10.0&amp;apos;, java.version: &amp;apos;21.0.1&amp;apos;
Driver info: org.openqa.selenium.chrome.ChromeDriver
Command: [49c601bf1ec5005dbf720608bf73e11f, findElement {value=//a[@id=&amp;apos;cancelinsurance&amp;apos;]//i[@class=&amp;apos;fa fa-times&amp;apos;], using=xpath}]
Capabilities {acceptInsecureCerts: true, browserName: chrome, browserVersion: 143.0.7499.193, chrome: {chromedriverVersion: 142.0.7444.61 (9884f628acbc..., userDataDir: C:\Users\ANUP~1.DES\AppData...}, fedcm:accounts: true, goog:chromeOptions: {debuggerAddress: localhost:50434}, goog:processID: 3076, networkConnectionEnabled: false, pageLoadStrategy: normal, platformName: windows, proxy: Proxy(), se:cdp: ws://localhost:50434/devtoo..., se:cdpVersion: 143.0.7499.193, setWindowRect: true, strictFileInteractability: false, timeouts: {implicit: 0, pageLoad: 300000, script: 30000}, unhandledPromptBehavior: dismiss and notify, webauthn:extension:credBlob: true, webauthn:extension:largeBlob: true, webauthn:extension:minPinLength: true, webauthn:extension:prf: true, webauthn:virtualAuthenticators: true}
Session ID: 49c601bf1ec5005dbf720608bf73e11f">
      <![CDATA[org.openqa.selenium.NoSuchElementException: no such element: Unable to locate element: {"method":"xpath","selector":"//a[@id='cancelinsurance']//i[@class='fa fa-times']"}
  (Session info: chrome=143.0.7499.193)
For documentation on this error, please visit: https://www.selenium.dev/documentation/webdriver/troubleshooting/errors#nosuchelementexception
Build info: version: '4.38.0', revision: '6b412e825c*'
System info: os.name: 'Windows 11', os.arch: 'amd64', os.version: '10.0', java.version: '21.0.1'
Driver info: org.openqa.selenium.chrome.ChromeDriver
Command: [49c601bf1ec5005dbf720608bf73e11f, findElement {value=//a[@id='cancelinsurance']//i[@class='fa fa-times'], using=xpath}]
Capabilities {acceptInsecureCerts: true, browserName: chrome, browserVersion: 143.0.7499.193, chrome: {chromedriverVersion: 142.0.7444.61 (9884f628acbc..., userDataDir: C:\Users\ANUP~1.DES\AppData...}, fedcm:accounts: true, goog:chromeOptions: {debuggerAddress: localhost:50434}, goog:processID: 3076, networkConnectionEnabled: false, pageLoadStrategy: normal, platformName: windows, proxy: Proxy(), se:cdp: ws://localhost:50434/devtoo..., se:cdpVersion: 143.0.7499.193, setWindowRect: true, strictFileInteractability: false, timeouts: {implicit: 0, pageLoad: 300000, script: 30000}, unhandledPromptBehavior: dismiss and notify, webauthn:extension:credBlob: true, webauthn:extension:largeBlob: true, webauthn:extension:minPinLength: true, webauthn:extension:prf: true, webauthn:virtualAuthenticators: true}
Session ID: 49c601bf1ec5005dbf720608bf73e11f
at org.openqa.selenium.remote.ErrorCodec.decode(ErrorCodec.java:167)
at org.openqa.selenium.remote.codec.w3c.W3CHttpResponseCodec.decode(W3CHttpResponseCodec.java:138)
at org.openqa.selenium.remote.codec.w3c.W3CHttpResponseCodec.decode(W3CHttpResponseCodec.java:50)
at org.openqa.selenium.remote.HttpCommandExecutor.execute(HttpCommandExecutor.java:215)
at org.openqa.selenium.remote.service.DriverCommandExecutor.invokeExecute(DriverCommandExecutor.java:216)
at org.openqa.selenium.remote.service.DriverCommandExecutor.execute(DriverCommandExecutor.java:174)
at org.openqa.selenium.remote.RemoteWebDriver.execute(RemoteWebDriver.java:557)
at org.openqa.selenium.remote.ElementLocation$ElementFinder$2.findElement(ElementLocation.java:165)
at org.openqa.selenium.remote.ElementLocation.findElement(ElementLocation.java:59)
at org.openqa.selenium.remote.RemoteWebDriver.findElement(RemoteWebDriver.java:380)
at org.openqa.selenium.remote.RemoteWebDriver.findElement(RemoteWebDriver.java:374)
at com.test.ui.helper.CommanUtill.isElementPresent(CommanUtill.java:1910)
at com.test.frontoffice.page.FrontOfficeBillingPage.closeCompanyDetailsPopup(FrontOfficeBillingPage.java:393)
at com.test.frontofficeBilling.test.TC_005_FoRegistrationWithBillsUtilityTest.frontOfficeBillingTest(TC_005_FoRegistrationWithBillsUtilityTest.java:322)
at java.base/java.util.ArrayList.forEach(ArrayList.java:1596)
... Removed 28 stack frames]]>
    </failure>
  </testcase> <!-- frontOfficeBillingTest -->
  <testcase classname="com.test.frontofficeBilling.test.TC_005_FoRegistrationWithBillsUtilityTest" name="billsUtilityInRefundCashTest" time="1.692">
    <failure type="java.lang.AssertionError" message="Error while Clicking on the web element... ">
      <![CDATA[java.lang.AssertionError: Error while Clicking on the web element... 
at com.test.ui.helper.CommanUtill.clickFunction(CommanUtill.java:370)
at com.test.frontoffice.page.FoBillsUtilityPage.clickOnBillingButton(FoBillsUtilityPage.java:155)
at com.test.frontofficeBilling.test.TC_005_FoRegistrationWithBillsUtilityTest.billsUtilityInRefundCashTest(TC_005_FoRegistrationWithBillsUtilityTest.java:54)
at java.base/java.util.ArrayList.forEach(ArrayList.java:1596)
... Removed 26 stack frames]]>
    </failure>
  </testcase> <!-- billsUtilityInRefundCashTest -->
  <testcase classname="com.test.frontofficeBilling.test.TC_005_FoRegistrationWithBillsUtilityTest" name="billsUtilityInRefundChequeTest" time="0.514">
    <failure type="java.lang.NullPointerException" message="Cannot invoke &amp;quot;String.toString()&amp;quot; because &amp;quot;inputText&amp;quot; is null">
      <![CDATA[java.lang.NullPointerException: Cannot invoke "String.toString()" because "inputText" is null
at com.test.ui.helper.CommanUtill.textEnter(CommanUtill.java:482)
at com.test.frontoffice.page.FoBillsUtilityPage.enterUHID(FoBillsUtilityPage.java:167)
at com.test.frontofficeBilling.test.TC_005_FoRegistrationWithBillsUtilityTest.billsUtilityInRefundChequeTest(TC_005_FoRegistrationWithBillsUtilityTest.java:103)
at java.base/java.util.ArrayList.forEach(ArrayList.java:1596)
... Removed 25 stack frames]]>
    </failure>
  </testcase> <!-- billsUtilityInRefundChequeTest -->
  <testcase classname="com.test.frontofficeBilling.test.TC_005_FoRegistrationWithBillsUtilityTest" name="billsUtilityInRefundCreditCardTest" time="0.509">
    <failure type="java.lang.NullPointerException" message="Cannot invoke &amp;quot;String.toString()&amp;quot; because &amp;quot;inputText&amp;quot; is null">
      <![CDATA[java.lang.NullPointerException: Cannot invoke "String.toString()" because "inputText" is null
at com.test.ui.helper.CommanUtill.textEnter(CommanUtill.java:482)
at com.test.frontoffice.page.FoBillsUtilityPage.enterUHID(FoBillsUtilityPage.java:167)
at com.test.frontofficeBilling.test.TC_005_FoRegistrationWithBillsUtilityTest.billsUtilityInRefundCreditCardTest(TC_005_FoRegistrationWithBillsUtilityTest.java:153)
at java.base/java.util.ArrayList.forEach(ArrayList.java:1596)
... Removed 25 stack frames]]>
    </failure>
  </testcase> <!-- billsUtilityInRefundCreditCardTest -->
  <testcase classname="com.test.frontofficeBilling.test.TC_005_FoRegistrationWithBillsUtilityTest" name="CreditNote" time="68.353">
    <failure type="org.openqa.selenium.ElementNotInteractableException" message="element not interactable
  (Session info: chrome=143.0.7499.193)
Build info: version: &amp;apos;4.38.0&amp;apos;, revision: &amp;apos;6b412e825c*&amp;apos;
System info: os.name: &amp;apos;Windows 11&amp;apos;, os.arch: &amp;apos;amd64&amp;apos;, os.version: &amp;apos;10.0&amp;apos;, java.version: &amp;apos;21.0.1&amp;apos;
Driver info: org.openqa.selenium.chrome.ChromeDriver
Command: [49c601bf1ec5005dbf720608bf73e11f, sendKeysToElement {id=f.747F325FB9D41C89CE7119886F3C74DE.d.8E4AD9C3084B49D28724DBDDF6D3AD61.e.130, value=[Ljava.lang.CharSequence;@61a369cf}]
Capabilities {acceptInsecureCerts: true, browserName: chrome, browserVersion: 143.0.7499.193, chrome: {chromedriverVersion: 142.0.7444.61 (9884f628acbc..., userDataDir: C:\Users\ANUP~1.DES\AppData...}, fedcm:accounts: true, goog:chromeOptions: {debuggerAddress: localhost:50434}, goog:processID: 3076, networkConnectionEnabled: false, pageLoadStrategy: normal, platformName: windows, proxy: Proxy(), se:cdp: ws://localhost:50434/devtoo..., se:cdpVersion: 143.0.7499.193, setWindowRect: true, strictFileInteractability: false, timeouts: {implicit: 0, pageLoad: 300000, script: 30000}, unhandledPromptBehavior: dismiss and notify, webauthn:extension:credBlob: true, webauthn:extension:largeBlob: true, webauthn:extension:minPinLength: true, webauthn:extension:prf: true, webauthn:virtualAuthenticators: true}
Element: [[ChromeDriver: chrome on windows (49c601bf1ec5005dbf720608bf73e11f)] -&amp;gt; xpath: //input[@id=&amp;apos;uHid&amp;apos;]]
Session ID: 49c601bf1ec5005dbf720608bf73e11f">
      <![CDATA[org.openqa.selenium.ElementNotInteractableException: element not interactable
  (Session info: chrome=143.0.7499.193)
Build info: version: '4.38.0', revision: '6b412e825c*'
System info: os.name: 'Windows 11', os.arch: 'amd64', os.version: '10.0', java.version: '21.0.1'
Driver info: org.openqa.selenium.chrome.ChromeDriver
Command: [49c601bf1ec5005dbf720608bf73e11f, sendKeysToElement {id=f.747F325FB9D41C89CE7119886F3C74DE.d.8E4AD9C3084B49D28724DBDDF6D3AD61.e.130, value=[Ljava.lang.CharSequence;@61a369cf}]
Capabilities {acceptInsecureCerts: true, browserName: chrome, browserVersion: 143.0.7499.193, chrome: {chromedriverVersion: 142.0.7444.61 (9884f628acbc..., userDataDir: C:\Users\ANUP~1.DES\AppData...}, fedcm:accounts: true, goog:chromeOptions: {debuggerAddress: localhost:50434}, goog:processID: 3076, networkConnectionEnabled: false, pageLoadStrategy: normal, platformName: windows, proxy: Proxy(), se:cdp: ws://localhost:50434/devtoo..., se:cdpVersion: 143.0.7499.193, setWindowRect: true, strictFileInteractability: false, timeouts: {implicit: 0, pageLoad: 300000, script: 30000}, unhandledPromptBehavior: dismiss and notify, webauthn:extension:credBlob: true, webauthn:extension:largeBlob: true, webauthn:extension:minPinLength: true, webauthn:extension:prf: true, webauthn:virtualAuthenticators: true}
Element: [[ChromeDriver: chrome on windows (49c601bf1ec5005dbf720608bf73e11f)] -> xpath: //input[@id='uHid']]
Session ID: 49c601bf1ec5005dbf720608bf73e11f
at org.openqa.selenium.remote.ErrorCodec.decode(ErrorCodec.java:167)
at org.openqa.selenium.remote.codec.w3c.W3CHttpResponseCodec.decode(W3CHttpResponseCodec.java:138)
at org.openqa.selenium.remote.codec.w3c.W3CHttpResponseCodec.decode(W3CHttpResponseCodec.java:50)
at org.openqa.selenium.remote.HttpCommandExecutor.execute(HttpCommandExecutor.java:215)
at org.openqa.selenium.remote.service.DriverCommandExecutor.invokeExecute(DriverCommandExecutor.java:216)
at org.openqa.selenium.remote.service.DriverCommandExecutor.execute(DriverCommandExecutor.java:174)
at org.openqa.selenium.remote.RemoteWebDriver.execute(RemoteWebDriver.java:557)
at org.openqa.selenium.remote.RemoteWebElement.execute(RemoteWebElement.java:223)
at org.openqa.selenium.remote.RemoteWebElement.sendKeys(RemoteWebElement.java:110)
at com.test.frontoffice.page.FoBillsUtilityPage.EntercreditNoteUHID(FoBillsUtilityPage.java:414)
at com.test.frontofficeBilling.test.TC_005_FoRegistrationWithBillsUtilityTest.CreditNote(TC_005_FoRegistrationWithBillsUtilityTest.java:206)
at java.base/java.util.ArrayList.forEach(ArrayList.java:1596)
... Removed 28 stack frames]]>
    </failure>
  </testcase> <!-- CreditNote -->
  <testcase classname="com.test.frontofficeBilling.test.TC_006_BillsUtility_DuesSettlementTest" name="verifyPatientRegistration" time="51.855"/>
  <testcase classname="com.test.frontofficeBilling.test.TC_006_BillsUtility_DuesSettlementTest" name="frontOfficeBillingTest" time="59.033"/>
  <testcase classname="com.test.frontofficeBilling.test.TC_006_BillsUtility_DuesSettlementTest" name="billsUtilityDueSettlementTest" time="32.26"/>
  <testcase classname="com.test.frontofficeBilling.test.TC_006_BillsUtility_DuesSettlementTest" name="FullDuesBillsSettlementTest" time="3.611"/>
  <testcase classname="com.test.frontofficeBilling.test.TC_007_FoDepositsTest" name="refundDepositeTest" time="154.132">
    <failure type="java.lang.AssertionError" message="Error while Clicking on the web element... ">
      <![CDATA[java.lang.AssertionError: Error while Clicking on the web element... 
at com.test.ui.helper.CommanUtill.clickFunction(CommanUtill.java:370)
at com.test.frontoffice.page.FoDepositsPage.enterDepositRefundReasonRemarksAndSendApprovalReq(FoDepositsPage.java:342)
at com.test.frontofficeBilling.test.TC_007_FoDepositsTest.refundDepositeTest(TC_007_FoDepositsTest.java:153)
at java.base/java.util.ArrayList.forEach(ArrayList.java:1596)
... Removed 26 stack frames]]>
    </failure>
  </testcase> <!-- refundDepositeTest -->
  <testcase classname="com.test.frontofficeBilling.test.TC_007_FoDepositsTest" name="ReceiptUtilityPrint" time="31.83">
    <failure type="java.lang.AssertionError" message="Error while Clicking on the web element... ">
      <![CDATA[java.lang.AssertionError: Error while Clicking on the web element... 
at com.test.ui.helper.CommanUtill.clickFunction(CommanUtill.java:370)
at com.test.frontoffice.page.FoDepositsPage.clickOnDashboardFrontOfficeBtn(FoDepositsPage.java:150)
at com.test.frontofficeBilling.test.TC_007_FoDepositsTest.ReceiptUtilityPrint(TC_007_FoDepositsTest.java:170)
at java.base/java.util.ArrayList.forEach(ArrayList.java:1596)
... Removed 26 stack frames]]>
    </failure>
  </testcase> <!-- ReceiptUtilityPrint -->
  <testcase classname="com.test.frontofficeBilling.test.TC_008_ApproveBillsRefundTest" name="verifyPatientRegistration" time="0.0">
    <skipped/>
  </testcase> <!-- verifyPatientRegistration -->
  <testcase classname="com.test.frontofficeBilling.test.TC_008_ApproveBillsRefundTest" name="frontOfficeBillingTest" time="0.0">
    <skipped/>
  </testcase> <!-- frontOfficeBillingTest -->
  <testcase classname="com.test.frontofficeBilling.test.TC_008_ApproveBillsRefundTest" name="billsUtilityInRefundCashTest" time="0.0">
    <skipped/>
  </testcase> <!-- billsUtilityInRefundCashTest -->
  <testcase classname="com.test.frontofficeBilling.test.TC_008_ApproveBillsRefundTest" name="BillsApproveRefundsTest" time="0.0">
    <skipped/>
  </testcase> <!-- BillsApproveRefundsTest -->
  <testcase classname="com.test.frontofficeBilling.test.TC_009_ReportDispatchTrackingTest" name="BillsReportDispatchTrackingTest" time="36.265"/>
  <testcase classname="com.test.report.Reports" name="@BeforeSuite launch" time="0.0">
    <ignored/>
  </testcase> <!-- @BeforeSuite launch -->
  <testcase classname="com.test.report.Reports" name="@BeforeSuite launch" time="0.0">
    <ignored/>
  </testcase> <!-- @BeforeSuite launch -->
  <testcase classname="com.test.report.Reports" name="@BeforeSuite launch" time="0.0">
    <ignored/>
  </testcase> <!-- @BeforeSuite launch -->
  <testcase classname="com.test.report.Reports" name="@BeforeSuite launch" time="0.0">
    <ignored/>
  </testcase> <!-- @BeforeSuite launch -->
  <testcase classname="com.test.report.Reports" name="@BeforeSuite launch" time="0.0">
    <ignored/>
  </testcase> <!-- @BeforeSuite launch -->
  <testcase classname="com.test.report.Reports" name="@BeforeSuite launch" time="0.0">
    <ignored/>
  </testcase> <!-- @BeforeSuite launch -->
  <testcase classname="com.test.report.Reports" name="@BeforeSuite launch" time="0.0">
    <ignored/>
  </testcase> <!-- @BeforeSuite launch -->
</testsuite> <!-- Test -->
