<?xml version="1.0" encoding="UTF-8"?>
<!-- Generated by org.testng.reporters.JUnitReportReporter -->
<testsuite hostname="DESKTOP-V88DC5U" failures="0" tests="2" name="com.test.emergency.test.TC_039_ER_Order_MARMissedDoseTest" time="32.770" errors="0" timestamp="2026-05-11T15:14:12 IST" skipped="0">
  <testcase classname="com.test.emergency.test.TC_039_ER_Order_MARMissedDoseTest" name="SelectOccupiedPatientInRightTab" time="20.936"/>
  <testcase classname="com.test.emergency.test.TC_039_ER_Order_MARMissedDoseTest" name="ErMedicationAdministrationsMissedDoseTest" time="11.834"/>
</testsuite> <!-- com.test.emergency.test.TC_039_ER_Order_MARMissedDoseTest -->
