<?xml version="1.0" encoding="UTF-8"?>
<!-- Generated by org.testng.reporters.JUnitReportReporter -->
<testsuite hostname="DESKTOP-V88DC5U" failures="0" tests="2" name="com.test.frontofficeBilling.test.TC_004_FoRegistrationWithSchemeOPDPackageBillingTest" time="91.564" errors="0" timestamp="2025-12-05T11:29:17 IST" skipped="0">
  <testcase classname="com.test.frontofficeBilling.test.TC_004_FoRegistrationWithSchemeOPDPackageBillingTest" name="verifyPatientRegistration" time="51.884"/>
  <testcase classname="com.test.frontofficeBilling.test.TC_004_FoRegistrationWithSchemeOPDPackageBillingTest" name="frontOfficeBillingTest" time="39.680"/>
</testsuite> <!-- com.test.frontofficeBilling.test.TC_004_FoRegistrationWithSchemeOPDPackageBillingTest -->
