<?xml version="1.0" encoding="UTF-8"?>
<!-- Generated by org.testng.reporters.JUnitReportReporter -->
<testsuite hostname="DESKTOP-V88DC5U" failures="0" tests="1" name="com.test.INDIAN_HIS.ADT.Test_Page.TC_00A_ADT_Cash_AdmitPatientTest" time="100.143" errors="0" timestamp="2026-02-04T18:12:21 IST" skipped="0">
  <testcase classname="com.test.INDIAN_HIS.ADT.Test_Page.TC_00A_ADT_Cash_AdmitPatientTest" name="AdmitPatient" time="100.143"/>
</testsuite> <!-- com.test.INDIAN_HIS.ADT.Test_Page.TC_00A_ADT_Cash_AdmitPatientTest -->
