<?xml version="1.0" encoding="UTF-8"?>
<!-- Generated by org.testng.reporters.JUnitReportReporter -->
<testsuite hostname="DESKTOP-V88DC5U" failures="0" tests="3" name="com.test.frontoffice.test.FrontOfficeAppointmentSchedulingTest" time="142.974" errors="0" timestamp="2025-11-26T11:34:29 IST" skipped="0">
  <testcase classname="com.test.frontoffice.test.FrontOfficeAppointmentSchedulingTest" name="frontOfficeAppointmentSchedulingAndRegistration" time="59.599"/>
  <testcase classname="com.test.frontoffice.test.FrontOfficeAppointmentSchedulingTest" name="FoAppointmentInLinkUHIDAndBilling" time="55.012"/>
  <testcase classname="com.test.frontoffice.test.FrontOfficeAppointmentSchedulingTest" name="FoAppointmentINUHID" time="28.363"/>
</testsuite> <!-- com.test.frontoffice.test.FrontOfficeAppointmentSchedulingTest -->
