<?xml version="1.0" encoding="UTF-8"?>
<!-- Generated by org.testng.reporters.JUnitReportReporter -->
<testsuite hostname="DESKTOP-V88DC5U" failures="0" tests="2" name="com.test.frontoffice.test.DoctorBlockScheduleAndEquipmentScheduleTest" time="71.173" errors="0" timestamp="2026-01-17T13:50:09 IST" skipped="1">
  <testcase classname="com.test.frontoffice.test.DoctorBlockScheduleAndEquipmentScheduleTest" name="BlockEquimentTest" time="71.173"/>
  <testcase classname="com.test.frontoffice.test.DoctorBlockScheduleAndEquipmentScheduleTest" name="BlockSchedulingTest">
    <skipped/>
  </testcase> <!-- BlockSchedulingTest -->
</testsuite> <!-- com.test.frontoffice.test.DoctorBlockScheduleAndEquipmentScheduleTest -->
