<?xml version="1.0" encoding="UTF-8"?>
<!-- Generated by org.testng.reporters.JUnitReportReporter -->
<testsuite hostname="DESKTOP-V88DC5U" failures="0" tests="3" name="com.test.frontoffice.test.PhysicianOrderCasePatientBillTest005" time="214.885" errors="0" timestamp="2025-07-23T17:20:52 IST" skipped="0">
  <testcase classname="com.test.frontoffice.test.PhysicianOrderCasePatientBillTest005" name="FrontOfficePatientRegistration" time="78.431"/>
  <testcase classname="com.test.frontoffice.test.PhysicianOrderCasePatientBillTest005" name="appointmentScheduling" time="87.039"/>
  <testcase classname="com.test.frontoffice.test.PhysicianOrderCasePatientBillTest005" name="reBilingAfterPhysicianOrder" time="49.415"/>
</testsuite> <!-- com.test.frontoffice.test.PhysicianOrderCasePatientBillTest005 -->
