<?xml version="1.0" encoding="UTF-8"?>
<!-- Generated by org.testng.reporters.JUnitReportReporter -->
<testsuite hostname="DESKTOP-V88DC5U" failures="0" tests="4" name="com.test.IpBilling.test.TC_008_DoctorVisit_BillingTest" time="120.767" errors="0" timestamp="2026-02-05T22:29:17 IST" skipped="0">
  <testcase classname="com.test.IpBilling.test.TC_008_DoctorVisit_BillingTest" name="SearchInCurrentPatintDoctorVisit" time="44.996"/>
  <testcase classname="com.test.IpBilling.test.TC_008_DoctorVisit_BillingTest" name="SerachDischargedPatientsDoctorVisit" time="21.165"/>
  <testcase classname="com.test.IpBilling.test.TC_008_DoctorVisit_BillingTest" name="PatientsDoctorVisitTest" time="34.530"/>
  <testcase classname="com.test.IpBilling.test.TC_008_DoctorVisit_BillingTest" name="SearchDateWisePatientsDoctorVisitTest" time="20.076"/>
</testsuite> <!-- com.test.IpBilling.test.TC_008_DoctorVisit_BillingTest -->
