<?xml version="1.0" encoding="UTF-8"?>
<!-- Generated by org.testng.reporters.JUnitReportReporter -->
<testsuite hostname="DESKTOP-V88DC5U" failures="0" tests="9" name="com.test.IpBilling.test.TC_00A2_Ip_Billing_Bill_Settle_MiscCharges_Add_On_BillTest" time="411.905" errors="1" timestamp="2026-02-12T17:24:38 IST" skipped="0">
  <testcase classname="com.test.IpBilling.test.TC_00A2_Ip_Billing_Bill_Settle_MiscCharges_Add_On_BillTest" name="AdmitPatient" time="105.461"/>
  <testcase classname="com.test.IpBilling.test.TC_00A2_Ip_Billing_Bill_Settle_MiscCharges_Add_On_BillTest" name="NursingClearanceTest" time="52.042"/>
  <testcase classname="com.test.IpBilling.test.TC_00A2_Ip_Billing_Bill_Settle_MiscCharges_Add_On_BillTest" name="NursingClearanceTest" time="15.232"/>
  <testcase classname="com.test.IpBilling.test.TC_00A2_Ip_Billing_Bill_Settle_MiscCharges_Add_On_BillTest" name="PharmacyDischargeNotificationTest" time="35.933"/>
  <testcase classname="com.test.IpBilling.test.TC_00A2_Ip_Billing_Bill_Settle_MiscCharges_Add_On_BillTest" name="LabclearanceDataProviderTest" time="27.023"/>
  <testcase classname="com.test.IpBilling.test.TC_00A2_Ip_Billing_Bill_Settle_MiscCharges_Add_On_BillTest" name="AcknowledgeDischargeNotification" time="35.469"/>
  <testcase classname="com.test.IpBilling.test.TC_00A2_Ip_Billing_Bill_Settle_MiscCharges_Add_On_BillTest" name="IpBillingTest" time="64.838"/>
  <testcase classname="com.test.IpBilling.test.TC_00A2_Ip_Billing_Bill_Settle_MiscCharges_Add_On_BillTest" name="EnterUHID_IpNumber_MiscellaneousCharges" time="27.181"/>
  <testcase classname="com.test.IpBilling.test.TC_00A2_Ip_Billing_Bill_Settle_MiscCharges_Add_On_BillTest" name="IpBillingAddOnBill" time="48.726">
    <error message="Expected condition failed: waiting for element to be clickable: By.xpath: //a[@id=&#039;btnYesIPBillingSaveAddOnMSG_Modal&#039;] (tried for 20 second(s) with 500 milliseconds interval)
Build info: version: &#039;4.38.0&#039;, revision: &#039;6b412e825c*&#039;
System info: os.name: &#039;Windows 11&#039;, os.arch: &#039;amd64&#039;, os.version: &#039;10.0&#039;, java.version: &#039;21.0.1&#039;
Driver info: org.openqa.selenium.chrome.ChromeDriver
Capabilities {acceptInsecureCerts: true, browserName: chrome, browserVersion: 144.0.7559.133, chrome: {chromedriverVersion: 144.0.7559.133 (7da823b1d59..., userDataDir: C:\Users\ANUP~1.DES\AppData...}, fedcm:accounts: true, goog:chromeOptions: {debuggerAddress: localhost:50443}, goog:processID: 12668, networkConnectionEnabled: false, pageLoadStrategy: normal, platformName: windows, proxy: Proxy(), se:cdp: ws://localhost:50443/devtoo..., se:cdpVersion: 144.0.7559.133, setWindowRect: true, strictFileInteractability: false, timeouts: {implicit: 0, pageLoad: 300000, script: 30000}, unhandledPromptBehavior: dismiss and notify, webauthn:extension:credBlob: true, webauthn:extension:largeBlob: true, webauthn:extension:minPinLength: true, webauthn:extension:prf: true, webauthn:virtualAuthenticators: true}
Session ID: d499b6af1cf77cf7802faf39d9b1a387" type="org.openqa.selenium.TimeoutException">
      <![CDATA[org.openqa.selenium.TimeoutException: Expected condition failed: waiting for element to be clickable: By.xpath: //a[@id='btnYesIPBillingSaveAddOnMSG_Modal'] (tried for 20 second(s) with 500 milliseconds interval)
Build info: version: '4.38.0', revision: '6b412e825c*'
System info: os.name: 'Windows 11', os.arch: 'amd64', os.version: '10.0', java.version: '21.0.1'
Driver info: org.openqa.selenium.chrome.ChromeDriver
Capabilities {acceptInsecureCerts: true, browserName: chrome, browserVersion: 144.0.7559.133, chrome: {chromedriverVersion: 144.0.7559.133 (7da823b1d59..., userDataDir: C:\Users\ANUP~1.DES\AppData...}, fedcm:accounts: true, goog:chromeOptions: {debuggerAddress: localhost:50443}, goog:processID: 12668, networkConnectionEnabled: false, pageLoadStrategy: normal, platformName: windows, proxy: Proxy(), se:cdp: ws://localhost:50443/devtoo..., se:cdpVersion: 144.0.7559.133, setWindowRect: true, strictFileInteractability: false, timeouts: {implicit: 0, pageLoad: 300000, script: 30000}, unhandledPromptBehavior: dismiss and notify, webauthn:extension:credBlob: true, webauthn:extension:largeBlob: true, webauthn:extension:minPinLength: true, webauthn:extension:prf: true, webauthn:virtualAuthenticators: true}
Session ID: d499b6af1cf77cf7802faf39d9b1a387
at org.openqa.selenium.support.ui.WebDriverWait.timeoutException(WebDriverWait.java:84)
at org.openqa.selenium.support.ui.FluentWait.until(FluentWait.java:228)
at com.test.IpBilling.Page.IpBillingPage.PrintradioBtnAddOnBill(IpBillingPage.java:873)
at com.test.IpBilling.test.TC_00A2_Ip_Billing_Bill_Settle_MiscCharges_Add_On_BillTest.IpBillingAddOnBill(TC_00A2_Ip_Billing_Bill_Settle_MiscCharges_Add_On_BillTest.java:413)
at java.base/jdk.internal.reflect.DirectMethodHandleAccessor.invoke(DirectMethodHandleAccessor.java:103)
at java.base/java.lang.reflect.Method.invoke(Method.java:580)
at org.testng.internal.invokers.MethodInvocationHelper.invokeMethod(MethodInvocationHelper.java:141)
at org.testng.internal.invokers.TestInvoker.invokeMethod(TestInvoker.java:687)
at org.testng.internal.invokers.TestInvoker.invokeTestMethod(TestInvoker.java:230)
at org.testng.internal.invokers.MethodRunner.runInSequence(MethodRunner.java:63)
at org.testng.internal.invokers.TestInvoker$MethodInvocationAgent.invoke(TestInvoker.java:995)
at org.testng.internal.invokers.TestInvoker.invokeTestMethods(TestInvoker.java:203)
at org.testng.internal.invokers.TestMethodWorker.invokeTestMethods(TestMethodWorker.java:154)
at org.testng.internal.invokers.TestMethodWorker.run(TestMethodWorker.java:134)
at java.base/java.util.ArrayList.forEach(ArrayList.java:1596)
at org.testng.TestRunner.privateRun(TestRunner.java:741)
at org.testng.TestRunner.run(TestRunner.java:616)
at org.testng.SuiteRunner.runTest(SuiteRunner.java:421)
at org.testng.SuiteRunner.runSequentially(SuiteRunner.java:413)
at org.testng.SuiteRunner.privateRun(SuiteRunner.java:373)
at org.testng.SuiteRunner.run(SuiteRunner.java:312)
at org.testng.SuiteRunnerWorker.runSuite(SuiteRunnerWorker.java:52)
at org.testng.SuiteRunnerWorker.run(SuiteRunnerWorker.java:95)
at org.testng.TestNG.runSuitesSequentially(TestNG.java:1274)
at org.testng.TestNG.runSuitesLocally(TestNG.java:1208)
at org.testng.TestNG.runSuites(TestNG.java:1112)
at org.testng.TestNG.run(TestNG.java:1079)
at org.testng.remote.AbstractRemoteTestNG.run(AbstractRemoteTestNG.java:115)
at org.testng.remote.RemoteTestNG.initAndRun(RemoteTestNG.java:293)
at org.testng.remote.RemoteTestNG.main(RemoteTestNG.java:91)
]]>
    </error>
  </testcase> <!-- IpBillingAddOnBill -->
</testsuite> <!-- com.test.IpBilling.test.TC_00A2_Ip_Billing_Bill_Settle_MiscCharges_Add_On_BillTest -->
