<?xml version="1.0" encoding="UTF-8"?>
<!-- Generated by org.testng.reporters.JUnitReportReporter -->
<testsuite hostname="DESKTOP-V88DC5U" failures="0" tests="1" name="com.test.INDIAN_HIS.ADT.Test_Page.TC0001_ADT_Admit_Patient" time="108.163" errors="0" timestamp="2026-02-04T12:45:35 IST" skipped="0">
  <testcase classname="com.test.INDIAN_HIS.ADT.Test_Page.TC0001_ADT_Admit_Patient" name="AdmitPatient" time="108.163"/>
</testsuite> <!-- com.test.INDIAN_HIS.ADT.Test_Page.TC0001_ADT_Admit_Patient -->
