<?xml version="1.0" encoding="UTF-8"?>
<!-- Generated by org.testng.reporters.JUnitReportReporter -->
<testsuite hostname="DESKTOP-V88DC5U" failures="0" tests="3" name="com.test.emergency.test.TC_015A_Er_DueSettlementSearchDateTest" time="83.702" errors="0" timestamp="2026-05-13T14:06:29 IST" skipped="0">
  <testcase classname="com.test.emergency.test.TC_015A_Er_DueSettlementSearchDateTest" name="SearchErNumberAndDueSettlmentTest" time="20.903"/>
  <testcase classname="com.test.emergency.test.TC_015A_Er_DueSettlementSearchDateTest" name="EnterErNumberInChequeDueSettlementTest" time="24.872"/>
  <testcase classname="com.test.emergency.test.TC_015A_Er_DueSettlementSearchDateTest" name="PrintReciptNumberTest" time="37.927"/>
</testsuite> <!-- com.test.emergency.test.TC_015A_Er_DueSettlementSearchDateTest -->
