<?xml version="1.0" encoding="UTF-8"?>
<!-- Generated by org.testng.reporters.JUnitReportReporter -->
<testsuite hostname="DESKTOP-V88DC5U" failures="0" tests="2" name="com.test.IpBilling.test.TC_002_AcknowledgeDischargeNotificationTest" time="76.947" errors="0" timestamp="2026-03-05T14:49:23 IST" skipped="1">
  <testcase classname="com.test.IpBilling.test.TC_002_AcknowledgeDischargeNotificationTest" name="AcknowledgeDischargeNotification" time="76.947"/>
  <testcase classname="com.test.IpBilling.test.TC_002_AcknowledgeDischargeNotificationTest" name="CheckDischagedPatient">
    <skipped/>
  </testcase> <!-- CheckDischagedPatient -->
</testsuite> <!-- com.test.IpBilling.test.TC_002_AcknowledgeDischargeNotificationTest -->
