<?xml version="1.0" encoding="UTF-8"?>
<!-- Generated by org.testng.reporters.JUnitReportReporter -->
<testsuite hostname="DESKTOP-V88DC5U" failures="0" tests="2" name="com.test.frontoffice.test.GenerateScheduleAndEquipmentScheduleTest" time="369.064" errors="0" timestamp="2026-01-19T15:56:33 IST" skipped="0">
  <testcase classname="com.test.frontoffice.test.GenerateScheduleAndEquipmentScheduleTest" name="GenenrateSchedulingTest" time="188.289"/>
  <testcase classname="com.test.frontoffice.test.GenerateScheduleAndEquipmentScheduleTest" name="Generate_Equipment_Schedule" time="180.775"/>
</testsuite> <!-- com.test.frontoffice.test.GenerateScheduleAndEquipmentScheduleTest -->
