<?xml version="1.0" encoding="UTF-8"?>
<!-- Generated by org.testng.reporters.JUnitReportReporter -->
<testsuite hostname="DESKTOP-V88DC5U" failures="0" tests="1" name="com.test.frontoffice.test.TC_007_Fo_RegistrationPassportDetailsTest" time="81.607" errors="0" timestamp="2025-12-01T11:11:28 IST" skipped="0">
  <testcase classname="com.test.frontoffice.test.TC_007_Fo_RegistrationPassportDetailsTest" name="verifyPatientRegistration" time="81.607"/>
</testsuite> <!-- com.test.frontoffice.test.TC_007_Fo_RegistrationPassportDetailsTest -->
