<?xml version="1.0" encoding="UTF-8"?>
<!-- Generated by org.testng.reporters.JUnitReportReporter -->
<testsuite hostname="DESKTOP-V88DC5U" failures="0" tests="3" name="com.test.emergency.test.TC_014_ERDischargeNotificationTest" time="61.228" errors="0" timestamp="2026-05-12T15:45:56 IST" skipped="0">
  <testcase classname="com.test.emergency.test.TC_014_ERDischargeNotificationTest" name="CheckFuncilityTest" time="39.804"/>
  <testcase classname="com.test.emergency.test.TC_014_ERDischargeNotificationTest" name="DischargedPatientAcknowledgeAndBillTest" time="10.825"/>
  <testcase classname="com.test.emergency.test.TC_014_ERDischargeNotificationTest" name="CancelAcknowledgedPatientTest" time="10.599"/>
</testsuite> <!-- com.test.emergency.test.TC_014_ERDischargeNotificationTest -->
