<?xml version="1.0" encoding="UTF-8"?>
<!-- Generated by org.testng.reporters.JUnitReportReporter -->
<testsuite hostname="DESKTOP-V88DC5U" failures="0" tests="3" name="com.test.emergency.test.TC_022_BloodBank_RequisitionListTest" time="34.860" errors="0" timestamp="2026-04-16T16:30:07 IST" skipped="0">
  <testcase classname="com.test.emergency.test.TC_022_BloodBank_RequisitionListTest" name="SeachInDateWiseRequisitionListTest" time="24.537"/>
  <testcase classname="com.test.emergency.test.TC_022_BloodBank_RequisitionListTest" name="SeachInUHIDRequisitionListTest" time="6.414"/>
  <testcase classname="com.test.emergency.test.TC_022_BloodBank_RequisitionListTest" name="SearchStatusRequisitionListTest" time="3.909"/>
</testsuite> <!-- com.test.emergency.test.TC_022_BloodBank_RequisitionListTest -->
