<?xml version="1.0" encoding="UTF-8"?>
<!-- Generated by org.testng.reporters.JUnitReportReporter -->
<testsuite hostname="DESKTOP-V88DC5U" failures="0" tests="4" name="com.test.frontofficeBilling.test.TC_009_BillsUtility_DuesSettlementTest" time="153.926" errors="0" timestamp="2026-01-19T13:15:39 IST" skipped="0">
  <testcase classname="com.test.frontofficeBilling.test.TC_009_BillsUtility_DuesSettlementTest" name="verifyPatientRegistration" time="54.067"/>
  <testcase classname="com.test.frontofficeBilling.test.TC_009_BillsUtility_DuesSettlementTest" name="frontOfficeBillingTest" time="62.396"/>
  <testcase classname="com.test.frontofficeBilling.test.TC_009_BillsUtility_DuesSettlementTest" name="billsUtilityDueSettlementTest" time="33.403"/>
  <testcase classname="com.test.frontofficeBilling.test.TC_009_BillsUtility_DuesSettlementTest" name="FullDuesBillsSettlementTest" time="4.060"/>
</testsuite> <!-- com.test.frontofficeBilling.test.TC_009_BillsUtility_DuesSettlementTest -->
