<?xml version="1.0" encoding="UTF-8"?>
<!-- Generated by org.testng.reporters.JUnitReportReporter -->
<testsuite hostname="DESKTOP-V88DC5U" failures="0" tests="1" name="com.test.frontoffice.test.TC_003_Fo_RegistrationAllFiledsTest" time="157.501" errors="0" timestamp="2026-01-08T17:07:17 IST" skipped="0">
  <testcase classname="com.test.frontoffice.test.TC_003_Fo_RegistrationAllFiledsTest" name="PatientRegistrationDetails" time="157.501"/>
</testsuite> <!-- com.test.frontoffice.test.TC_003_Fo_RegistrationAllFiledsTest -->
