<?xml version="1.0" encoding="UTF-8"?>
<!-- Generated by org.testng.reporters.JUnitReportReporter -->
<testsuite hostname="DESKTOP-V88DC5U" failures="0" tests="1" name="com.test.frontofficeBilling.test.ApproveBillsRefundTest" time="55.035" errors="0" timestamp="2026-01-16T15:02:18 IST" skipped="0">
  <testcase classname="com.test.frontofficeBilling.test.ApproveBillsRefundTest" name="BillsApproveRefundsTest" time="55.035"/>
</testsuite> <!-- com.test.frontofficeBilling.test.ApproveBillsRefundTest -->
