<?xml version="1.0" encoding="UTF-8"?>
<!-- Generated by org.testng.reporters.JUnitReportReporter -->
<testsuite hostname="DESKTOP-V88DC5U" failures="0" tests="12" name="com.test.emergency.test.TC_003_Er_Registration_With_Print_Modification_OtherTest" time="318.429" errors="0" timestamp="2026-03-19T14:31:33 IST" skipped="1">
  <testcase classname="com.test.emergency.test.TC_003_Er_Registration_With_Print_Modification_OtherTest" name="erDemogrphicDetailsTest" time="131.561"/>
  <testcase classname="com.test.emergency.test.TC_003_Er_Registration_With_Print_Modification_OtherTest" name="ErPaymentInCash" time="2.763"/>
  <testcase classname="com.test.emergency.test.TC_003_Er_Registration_With_Print_Modification_OtherTest" name="AddPermanentAddressTest" time="17.582"/>
  <testcase classname="com.test.emergency.test.TC_003_Er_Registration_With_Print_Modification_OtherTest" name="MLCDetailsTest" time="40.199"/>
  <testcase classname="com.test.emergency.test.TC_003_Er_Registration_With_Print_Modification_OtherTest" name="KinDetailsTest" time="10.388"/>
  <testcase classname="com.test.emergency.test.TC_003_Er_Registration_With_Print_Modification_OtherTest" name="AmbulanceInformationTest" time="12.921"/>
  <testcase classname="com.test.emergency.test.TC_003_Er_Registration_With_Print_Modification_OtherTest" name="SaveEmergencyPatientTest" time="8.439"/>
  <testcase classname="com.test.emergency.test.TC_003_Er_Registration_With_Print_Modification_OtherTest" name="PrintFuncilityTest" time="12.779"/>
  <testcase classname="com.test.emergency.test.TC_003_Er_Registration_With_Print_Modification_OtherTest" name="ModifyAndUpdateErPatientTest" time="10.748"/>
  <testcase classname="com.test.emergency.test.TC_003_Er_Registration_With_Print_Modification_OtherTest" name="PatientUploadDocumentTest" time="16.974"/>
  <testcase classname="com.test.emergency.test.TC_003_Er_Registration_With_Print_Modification_OtherTest" name="AdmitAsIpTestFuncility" time="54.075"/>
  <testcase classname="com.test.emergency.test.TC_003_Er_Registration_With_Print_Modification_OtherTest" name="ErCompanyInsuranceDetailsTest">
    <skipped/>
  </testcase> <!-- ErCompanyInsuranceDetailsTest -->
</testsuite> <!-- com.test.emergency.test.TC_003_Er_Registration_With_Print_Modification_OtherTest -->
