<?xml version="1.0" encoding="UTF-8"?>
<!-- Generated by org.testng.reporters.JUnitReportReporter -->
<testsuite hostname="DESKTOP-V88DC5U" failures="0" tests="1" name="com.test.opdnursing.test.Tc_11OPDNurisingAllergyTest_011" time="133.953" errors="0" timestamp="2025-08-06T16:46:22 IST" skipped="0">
  <testcase classname="com.test.opdnursing.test.Tc_11OPDNurisingAllergyTest_011" name="nursingAllergyPatient" time="133.953"/>
</testsuite> <!-- com.test.opdnursing.test.Tc_11OPDNurisingAllergyTest_011 -->
