<?xml version="1.0" encoding="UTF-8"?>
<!-- Generated by org.testng.reporters.JUnitReportReporter -->
<testsuite hostname="DESKTOP-V88DC5U" failures="0" tests="8" name="com.test.emergency.test.TC_010_Reg_MiscCharges_BillDetails_Dis_BillSettledTest" time="206.059" errors="0" timestamp="2026-03-30T14:44:02 IST" skipped="0">
  <testcase classname="com.test.emergency.test.TC_010_Reg_MiscCharges_BillDetails_Dis_BillSettledTest" name="erDemogrphicDetailsTest" time="69.843"/>
  <testcase classname="com.test.emergency.test.TC_010_Reg_MiscCharges_BillDetails_Dis_BillSettledTest" name="SaveEmergencyPatientTest" time="6.574"/>
  <testcase classname="com.test.emergency.test.TC_010_Reg_MiscCharges_BillDetails_Dis_BillSettledTest" name="EnterUHID_IpNumber_MiscellaneousCharges" time="28.286"/>
  <testcase classname="com.test.emergency.test.TC_010_Reg_MiscCharges_BillDetails_Dis_BillSettledTest" name="AmbulanceMRDChargesTest" time="31.612"/>
  <testcase classname="com.test.emergency.test.TC_010_Reg_MiscCharges_BillDetails_Dis_BillSettledTest" name="EnterErNumberAndUHID" time="8.672"/>
  <testcase classname="com.test.emergency.test.TC_010_Reg_MiscCharges_BillDetails_Dis_BillSettledTest" name="BillDetailsDetails" time="29.256"/>
  <testcase classname="com.test.emergency.test.TC_010_Reg_MiscCharges_BillDetails_Dis_BillSettledTest" name="DischargeIconTest" time="11.853"/>
  <testcase classname="com.test.emergency.test.TC_010_Reg_MiscCharges_BillDetails_Dis_BillSettledTest" name="BillSettlementReceiptInChequeTest" time="19.963"/>
</testsuite> <!-- com.test.emergency.test.TC_010_Reg_MiscCharges_BillDetails_Dis_BillSettledTest -->
