<?xml version="1.0" encoding="UTF-8"?>
<!-- Generated by org.testng.reporters.JUnitReportReporter -->
<testsuite hostname="DESKTOP-V88DC5U" failures="0" tests="3" name="com.test.IpBilling.test.Tc_013_PackageDurationModifictionTest" time="54.489" errors="0" timestamp="2026-02-25T15:29:32 IST" skipped="0">
  <testcase classname="com.test.IpBilling.test.Tc_013_PackageDurationModifictionTest" name="PackageDurationModifiction_ChangeBillableTypeTest" time="34.645"/>
  <testcase classname="com.test.IpBilling.test.Tc_013_PackageDurationModifictionTest" name="PackageDurationModifictionTest" time="13.384"/>
  <testcase classname="com.test.IpBilling.test.Tc_013_PackageDurationModifictionTest" name="PackageDurationModifictionDeleteTest" time="6.460"/>
</testsuite> <!-- com.test.IpBilling.test.Tc_013_PackageDurationModifictionTest -->
