<?xml version="1.0" encoding="UTF-8"?>
<!-- Generated by org.testng.reporters.JUnitReportReporter -->
<testsuite hostname="DESKTOP-V88DC5U" failures="0" tests="1" name="com.test.frontoffice.test.FrontOfficeAppointmentSchedulingTest001" time="87.297" errors="0" timestamp="2025-07-18T13:48:58 IST" skipped="0">
  <testcase classname="com.test.frontoffice.test.FrontOfficeAppointmentSchedulingTest001" name="nursingActivity" time="87.297"/>
</testsuite> <!-- com.test.frontoffice.test.FrontOfficeAppointmentSchedulingTest001 -->
