<?xml version="1.0" encoding="UTF-8"?>
<!-- Generated by org.testng.reporters.JUnitReportReporter -->
<testsuite hostname="DESKTOP-V88DC5U" failures="0" tests="17" name="com.test.emergency.test.ErBillingTest" time="39.085" errors="0" timestamp="2026-03-24T14:22:21 IST" skipped="15">
  <testcase classname="com.test.emergency.test.ErBillingTest" name="EnterErNumberAndUHID" time="16.422"/>
  <testcase classname="com.test.emergency.test.ErBillingTest" name="DiscountInItemWiseTest" time="22.663"/>
  <testcase classname="com.test.emergency.test.ErBillingTest" name="CancelDischargeTest">
    <skipped/>
  </testcase> <!-- CancelDischargeTest -->
  <testcase classname="com.test.emergency.test.ErBillingTest" name="PatientInsuranceApprovalDetailsTest">
    <skipped/>
  </testcase> <!-- PatientInsuranceApprovalDetailsTest -->
  <testcase classname="com.test.emergency.test.ErBillingTest" name="DepositRefundDetails">
    <skipped/>
  </testcase> <!-- DepositRefundDetails -->
  <testcase classname="com.test.emergency.test.ErBillingTest" name="EditFinancialDetaitModification">
    <skipped/>
  </testcase> <!-- EditFinancialDetaitModification -->
  <testcase classname="com.test.emergency.test.ErBillingTest" name="DeleteDiscountBillTest">
    <skipped/>
  </testcase> <!-- DeleteDiscountBillTest -->
  <testcase classname="com.test.emergency.test.ErBillingTest" name="DeleteDiscountBillTest1">
    <skipped/>
  </testcase> <!-- DeleteDiscountBillTest1 -->
  <testcase classname="com.test.emergency.test.ErBillingTest" name="SearchDischargedPatientTest">
    <skipped/>
  </testcase> <!-- SearchDischargedPatientTest -->
  <testcase classname="com.test.emergency.test.ErBillingTest" name="BillDetailsDetails">
    <skipped/>
  </testcase> <!-- BillDetailsDetails -->
  <testcase classname="com.test.emergency.test.ErBillingTest" name="PendingInvestigationtest">
    <skipped/>
  </testcase> <!-- PendingInvestigationtest -->
  <testcase classname="com.test.emergency.test.ErBillingTest" name="DiscountOnServiceWiseDiscountTest">
    <skipped/>
  </testcase> <!-- DiscountOnServiceWiseDiscountTest -->
  <testcase classname="com.test.emergency.test.ErBillingTest" name="SearchCurrentPatientTest">
    <skipped/>
  </testcase> <!-- SearchCurrentPatientTest -->
  <testcase classname="com.test.emergency.test.ErBillingTest" name="DischargeIconTest">
    <skipped/>
  </testcase> <!-- DischargeIconTest -->
  <testcase classname="com.test.emergency.test.ErBillingTest" name="PatientBillSchemeTest">
    <skipped/>
  </testcase> <!-- PatientBillSchemeTest -->
  <testcase classname="com.test.emergency.test.ErBillingTest" name="DiscountInTotalBillDiscountTest">
    <skipped/>
  </testcase> <!-- DiscountInTotalBillDiscountTest -->
  <testcase classname="com.test.emergency.test.ErBillingTest" name="InterimBillTest">
    <skipped/>
  </testcase> <!-- InterimBillTest -->
</testsuite> <!-- com.test.emergency.test.ErBillingTest -->
