<?xml version="1.0" encoding="UTF-8"?>
<!-- Generated by org.testng.reporters.JUnitReportReporter -->
<testsuite hostname="DESKTOP-V88DC5U" failures="0" tests="2" name="com.test.frontoffice.test.MarkPatientDeceasedTest" time="42.822" errors="0" timestamp="2025-12-19T17:00:43 IST" skipped="0">
  <testcase classname="com.test.frontoffice.test.MarkPatientDeceasedTest" name="markPatientDeceasedInUHID" time="26.817"/>
  <testcase classname="com.test.frontoffice.test.MarkPatientDeceasedTest" name="markPatientDeceasedInSerachPatient" time="16.005"/>
</testsuite> <!-- com.test.frontoffice.test.MarkPatientDeceasedTest -->
