<?xml version="1.0" encoding="UTF-8"?>
<!-- Generated by org.testng.reporters.JUnitReportReporter -->
<testsuite hostname="DESKTOP-V88DC5U" failures="0" tests="2" name="com.test.frontoffice.test.HealthCheckupPackagePlanAppointmentTest" time="72.552" errors="0" timestamp="2026-01-21T10:47:11 IST" skipped="0">
  <testcase classname="com.test.frontoffice.test.HealthCheckupPackagePlanAppointmentTest" name="verifyPatientRegistration" time="48.299"/>
  <testcase classname="com.test.frontoffice.test.HealthCheckupPackagePlanAppointmentTest" name="HealthCheckupAndPackagePlan" time="24.253"/>
</testsuite> <!-- com.test.frontoffice.test.HealthCheckupPackagePlanAppointmentTest -->
