<?xml version="1.0" encoding="UTF-8"?>
<!-- Generated by org.testng.reporters.JUnitReportReporter -->
<testsuite hostname="DESKTOP-V88DC5U" failures="0" tests="6" name="com.test.frontofficeBilling.test.TC_005_FoRegistrationWithBillsUtilityTest" time="263.772" errors="0" timestamp="2026-01-19T10:19:45 IST" skipped="0">
  <testcase classname="com.test.frontofficeBilling.test.TC_005_FoRegistrationWithBillsUtilityTest" name="verifyPatientRegistration" time="51.399"/>
  <testcase classname="com.test.frontofficeBilling.test.TC_005_FoRegistrationWithBillsUtilityTest" name="frontOfficeBillingTest" time="52.367"/>
  <testcase classname="com.test.frontofficeBilling.test.TC_005_FoRegistrationWithBillsUtilityTest" name="billsUtilityInRefundCashTest" time="45.343"/>
  <testcase classname="com.test.frontofficeBilling.test.TC_005_FoRegistrationWithBillsUtilityTest" name="billsUtilityInRefundChequeTest" time="40.996"/>
  <testcase classname="com.test.frontofficeBilling.test.TC_005_FoRegistrationWithBillsUtilityTest" name="billsUtilityInRefundCreditCardTest" time="39.735"/>
  <testcase classname="com.test.frontofficeBilling.test.TC_005_FoRegistrationWithBillsUtilityTest" name="CreditNote" time="33.932"/>
</testsuite> <!-- com.test.frontofficeBilling.test.TC_005_FoRegistrationWithBillsUtilityTest -->
