<?xml version="1.0" encoding="UTF-8"?>
<!-- Generated by org.testng.reporters.JUnitReportReporter -->
<testsuite hostname="DESKTOP-V88DC5U" failures="0" tests="2" name="com.test.frontoffice.test.TC_011_MergeAndUnmergeDuplicateTest" time="37.884" errors="0" timestamp="2026-01-07T15:41:47 IST" skipped="0">
  <testcase classname="com.test.frontoffice.test.TC_011_MergeAndUnmergeDuplicateTest" name="DuplicateMergePatient" time="23.445"/>
  <testcase classname="com.test.frontoffice.test.TC_011_MergeAndUnmergeDuplicateTest" name="DuplicateUnMergePatient" time="14.439"/>
</testsuite> <!-- com.test.frontoffice.test.TC_011_MergeAndUnmergeDuplicateTest -->
