<?xml version="1.0" encoding="UTF-8"?>
<!-- Generated by org.testng.reporters.JUnitReportReporter -->
<testsuite hostname="DESKTOP-V88DC5U" failures="0" tests="1" name="com.test.frontoffice.test.Tc_58FrontOfficePatientDocumentTest" time="93.080" errors="0" timestamp="2025-07-25T13:06:36 IST" skipped="0">
  <testcase classname="com.test.frontoffice.test.Tc_58FrontOfficePatientDocumentTest" name="UploadPatientDocumentType" time="93.080"/>
</testsuite> <!-- com.test.frontoffice.test.Tc_58FrontOfficePatientDocumentTest -->
