<?xml version="1.0" encoding="UTF-8"?>
<!-- Generated by org.testng.reporters.JUnitReportReporter -->
<testsuite hostname="DESKTOP-V88DC5U" failures="0" tests="5" name="com.test.IpBilling.test.TC_007_GeneralOrderEntry_IpbillinTest" time="118.261" errors="0" timestamp="2026-02-05T23:07:17 IST" skipped="0">
  <testcase classname="com.test.IpBilling.test.TC_007_GeneralOrderEntry_IpbillinTest" name="GeneralOrderEntryIpBilling" time="52.684"/>
  <testcase classname="com.test.IpBilling.test.TC_007_GeneralOrderEntry_IpbillinTest" name="PreviousOrderGeneralOrderEntryCheck" time="12.742"/>
  <testcase classname="com.test.IpBilling.test.TC_007_GeneralOrderEntry_IpbillinTest" name="DeleteProceduresTest" time="17.550"/>
  <testcase classname="com.test.IpBilling.test.TC_007_GeneralOrderEntry_IpbillinTest" name="SearchCurrint_In_Paient" time="16.456"/>
  <testcase classname="com.test.IpBilling.test.TC_007_GeneralOrderEntry_IpbillinTest" name="DischargedPatientsGeneralOrderEntry" time="18.829"/>
</testsuite> <!-- com.test.IpBilling.test.TC_007_GeneralOrderEntry_IpbillinTest -->
