<?xml version="1.0" encoding="UTF-8"?>
<!-- Generated by org.testng.reporters.JUnitReportReporter -->
<testsuite hostname="DESKTOP-V88DC5U" failures="0" tests="1" name="com.test.nursing.test.Tc_03OPDNursingConsentEpisodeTest003" time="41.458" errors="0" timestamp="2025-07-24T22:52:07 IST" skipped="0">
  <testcase classname="com.test.nursing.test.Tc_03OPDNursingConsentEpisodeTest003" name="nursingWorkbench" time="41.458"/>
</testsuite> <!-- com.test.nursing.test.Tc_03OPDNursingConsentEpisodeTest003 -->
