<?xml version="1.0" encoding="UTF-8"?>
<!-- Generated by org.testng.reporters.JUnitReportReporter -->
<testsuite hostname="DESKTOP-V88DC5U" failures="0" tests="2" name="com.test.frontofficeBilling.test.TC_003_FoRegistrationWithSchemeOPDPackageBillingTest" time="85.973" errors="0" timestamp="2025-12-09T17:28:30 IST" skipped="0">
  <testcase classname="com.test.frontofficeBilling.test.TC_003_FoRegistrationWithSchemeOPDPackageBillingTest" name="verifyPatientRegistration" time="54.469"/>
  <testcase classname="com.test.frontofficeBilling.test.TC_003_FoRegistrationWithSchemeOPDPackageBillingTest" name="frontOfficeBillingTest" time="31.504"/>
</testsuite> <!-- com.test.frontofficeBilling.test.TC_003_FoRegistrationWithSchemeOPDPackageBillingTest -->
