<?xml version="1.0" encoding="UTF-8"?>
<!-- Generated by org.testng.reporters.JUnitReportReporter -->
<testsuite hostname="DESKTOP-V88DC5U" failures="0" tests="5" name="com.test.emergency.test.TC_009_Due_Er_Billing_Test" time="122.123" errors="0" timestamp="2026-03-26T11:46:18 IST" skipped="0">
  <testcase classname="com.test.emergency.test.TC_009_Due_Er_Billing_Test" name="erDemogrphicDetailsTest" time="71.720"/>
  <testcase classname="com.test.emergency.test.TC_009_Due_Er_Billing_Test" name="SaveEmergencyPatientTest" time="6.834"/>
  <testcase classname="com.test.emergency.test.TC_009_Due_Er_Billing_Test" name="EnterErNumberAndUHID" time="8.599"/>
  <testcase classname="com.test.emergency.test.TC_009_Due_Er_Billing_Test" name="DischargeIconTest" time="12.407"/>
  <testcase classname="com.test.emergency.test.TC_009_Due_Er_Billing_Test" name="DueBillSettlementReceiptTest" time="22.563"/>
</testsuite> <!-- com.test.emergency.test.TC_009_Due_Er_Billing_Test -->
