<?xml version="1.0" encoding="UTF-8"?>
<!-- Generated by org.testng.reporters.JUnitReportReporter -->
<testsuite hostname="DESKTOP-V88DC5U" failures="0" tests="2" name="com.test.frontoffice.test.MultipleEpisodeCreditLimitTest" time="46.487" errors="0" timestamp="2025-12-25T18:20:55 IST" skipped="0">
  <testcase classname="com.test.frontoffice.test.MultipleEpisodeCreditLimitTest" name="MultipleEpisodeCreditLimit" time="29.796"/>
  <testcase classname="com.test.frontoffice.test.MultipleEpisodeCreditLimitTest" name="FrontOfficeBilingPage" time="16.691"/>
</testsuite> <!-- com.test.frontoffice.test.MultipleEpisodeCreditLimitTest -->
