<?xml version="1.0" encoding="UTF-8"?>
<!-- Generated by org.testng.reporters.JUnitReportReporter -->
<testsuite hostname="DESKTOP-V88DC5U" failures="0" tests="3" name="com.test.emergency.test.TC_012_AmbulanceMRDChargesTest" time="30.705" errors="0" timestamp="2026-05-12T14:49:11 IST" skipped="1">
  <testcase classname="com.test.emergency.test.TC_012_AmbulanceMRDChargesTest" name="AmbulanceMRDChargesTest" time="25.271"/>
  <testcase classname="com.test.emergency.test.TC_012_AmbulanceMRDChargesTest" name="DeleteAmbulanceMRDChargesTest" time="5.434"/>
  <testcase classname="com.test.emergency.test.TC_012_AmbulanceMRDChargesTest" name="FindCurrentPatientAmbulanceMRDChargesTest">
    <skipped/>
  </testcase> <!-- FindCurrentPatientAmbulanceMRDChargesTest -->
</testsuite> <!-- com.test.emergency.test.TC_012_AmbulanceMRDChargesTest -->
