<?xml version="1.0" encoding="UTF-8"?>
<!-- Generated by org.testng.reporters.JUnitReportReporter -->
<testsuite hostname="DESKTOP-V88DC5U" failures="0" tests="1" name="com.test.frontoffice.test.FrontOfficeRegistrationTest" time="104.279" errors="0" timestamp="2025-11-28T11:26:56 IST" skipped="0">
  <testcase classname="com.test.frontoffice.test.FrontOfficeRegistrationTest" name="verifyPatientRegistration" time="104.279"/>
</testsuite> <!-- com.test.frontoffice.test.FrontOfficeRegistrationTest -->
