<?xml version="1.0" encoding="UTF-8"?>
<!-- Generated by org.testng.reporters.JUnitReportReporter -->
<testsuite hostname="DESKTOP-V88DC5U" failures="0" tests="1" name="com.test.frontoffice.test.FrontOfficeRegistrationTest" time="0.769" errors="1" timestamp="2025-11-26T18:49:38 IST" skipped="0">
  <testcase classname="com.test.frontoffice.test.FrontOfficeRegistrationTest" name="verifyPatientRegistration" time="0.769">
    <error message="
[public void com.test.frontoffice.test.FrontOfficeRegistrationTest.verifyPatientRegistration(java.lang.String,java.lang.String,java.lang.String,java.lang.String,java.lang.String,java.lang.String,java.lang.String,java.lang.String,java.lang.String,java.lang.String,java.lang.String,java.lang.String,java.lang.String,java.lang.String,java.lang.String,java.lang.String,java.lang.String,java.lang.String,java.lang.String,java.lang.String,java.lang.String,java.lang.String,java.lang.String,java.lang.String,java.lang.String,java.lang.String,java.lang.String,java.lang.String,java.lang.String,java.lang.String,java.lang.String,java.lang.String,java.lang.String,java.lang.String,java.lang.String,java.lang.String,java.lang.String,java.lang.String,java.lang.String,java.lang.String,java.lang.String,java.lang.String,java.lang.String,java.lang.String,java.lang.String,java.lang.String,java.lang.String,java.lang.String,java.lang.String,java.lang.String,java.lang.String,java.lang.String,java.lang.String,java.lang.String,java.lang.String,java.lang.String,java.lang.String,java.lang.String,java.lang.String,java.lang.String,java.lang.String) throws java.io.IOException,java.lang.InterruptedException,java.lang.ClassNotFoundException] has no parameters defined but was found to be using a data provider (either explicitly specified or inherited from class level annotation).
Data provider mismatch
Method: verifyPatientRegistration([java.lang.String arg0, java.lang.String arg1, java.lang.String arg2, java.lang.String arg3, java.lang.String arg4, java.lang.String arg5, java.lang.String arg6, java.lang.String arg7, java.lang.String arg8, java.lang.String arg9, java.lang.String arg10, java.lang.String arg11, java.lang.String arg12, java.lang.String arg13, java.lang.String arg14, java.lang.String arg15, java.lang.String arg16, java.lang.String arg17, java.lang.String arg18, java.lang.String arg19, java.lang.String arg20, java.lang.String arg21, java.lang.String arg22, java.lang.String arg23, java.lang.String arg24, java.lang.String arg25, java.lang.String arg26, java.lang.String arg27, java.lang.String arg28, java.lang.String arg29, java.lang.String arg30, java.lang.String arg31, java.lang.String arg32, java.lang.String arg33, java.lang.String arg34, java.lang.String arg35, java.lang.String arg36, java.lang.String arg37, java.lang.String arg38, java.lang.String arg39, java.lang.String arg40, java.lang.String arg41, java.lang.String arg42, java.lang.String arg43, java.lang.String arg44, java.lang.String arg45, java.lang.String arg46, java.lang.String arg47, java.lang.String arg48, java.lang.String arg49, java.lang.String arg50, java.lang.String arg51, java.lang.String arg52, java.lang.String arg53, java.lang.String arg54, java.lang.String arg55, java.lang.String arg56, java.lang.String arg57, java.lang.String arg58, java.lang.String arg59, java.lang.String arg60])
Arguments: [(java.lang.String) SANITY HOSPITAL,(java.lang.String) 1st Floor NS,(java.lang.String) Mr.,(java.lang.String) Avdesh,(java.lang.String) Kumar ,(java.lang.String) Mandal,(java.lang.String) Male,(java.lang.String) 17/11/2010,(java.lang.String) 19/11/2017,(java.lang.String) 21,(java.lang.String) Single,(java.lang.String) Devi,(java.lang.String) Sharma,(java.lang.String) Gupta,(java.lang.String) Indian,(java.lang.String) 1.2345678E7,(java.lang.String) 91,(java.lang.String) 9.87654321E9,(java.lang.String) Anup@gmail.com,(java.lang.String) D345,(java.lang.String) Delhi ( DELHI ),(java.lang.String) Place,(java.lang.String) 111213,(java.lang.String) DELHI,(java.lang.String) 111213,(java.lang.String) India,(java.lang.String) CORPORATE,(java.lang.String) ADIP,(java.lang.String) Himanshu Contract,(java.lang.String) 44556688_ValidityExpired,(java.lang.String) Check,(java.lang.String) Consultation,(java.lang.String) Consultation,(java.lang.String) 123456,(java.lang.String) asvg123,(java.lang.String) Modification,(java.lang.String) VIP_Text,(java.lang.String) Remaks,(java.lang.String) aadhar card,(java.lang.String) Adhar000,(java.lang.String) ABHA ,(java.lang.String) Abha,(java.lang.String) self,(java.lang.String) Hindi,(java.lang.String) 124111,(java.lang.String) Business,(java.lang.String) B.D.S.,(java.lang.String) Hindu,(java.lang.String) asd,(java.lang.String) OBC,(java.lang.String) Doctor Referral,(java.lang.String) ER,(java.lang.String) asdd,(java.lang.String) Anup,(java.lang.String) Brother,(java.lang.String) 1234556,(java.lang.String) 100% scheme,(java.lang.String) Kin,(java.lang.String) Anup,(java.lang.String) Brother,(java.lang.String) 124567,(java.lang.String) Fine]" type="org.testng.internal.reflect.MethodMatcherException">
      <![CDATA[org.testng.internal.reflect.MethodMatcherException: 
[public void com.test.frontoffice.test.FrontOfficeRegistrationTest.verifyPatientRegistration(java.lang.String,java.lang.String,java.lang.String,java.lang.String,java.lang.String,java.lang.String,java.lang.String,java.lang.String,java.lang.String,java.lang.String,java.lang.String,java.lang.String,java.lang.String,java.lang.String,java.lang.String,java.lang.String,java.lang.String,java.lang.String,java.lang.String,java.lang.String,java.lang.String,java.lang.String,java.lang.String,java.lang.String,java.lang.String,java.lang.String,java.lang.String,java.lang.String,java.lang.String,java.lang.String,java.lang.String,java.lang.String,java.lang.String,java.lang.String,java.lang.String,java.lang.String,java.lang.String,java.lang.String,java.lang.String,java.lang.String,java.lang.String,java.lang.String,java.lang.String,java.lang.String,java.lang.String,java.lang.String,java.lang.String,java.lang.String,java.lang.String,java.lang.String,java.lang.String,java.lang.String,java.lang.String,java.lang.String,java.lang.String,java.lang.String,java.lang.String,java.lang.String,java.lang.String,java.lang.String,java.lang.String) throws java.io.IOException,java.lang.InterruptedException,java.lang.ClassNotFoundException] has no parameters defined but was found to be using a data provider (either explicitly specified or inherited from class level annotation).
Data provider mismatch
Method: verifyPatientRegistration([java.lang.String arg0, java.lang.String arg1, java.lang.String arg2, java.lang.String arg3, java.lang.String arg4, java.lang.String arg5, java.lang.String arg6, java.lang.String arg7, java.lang.String arg8, java.lang.String arg9, java.lang.String arg10, java.lang.String arg11, java.lang.String arg12, java.lang.String arg13, java.lang.String arg14, java.lang.String arg15, java.lang.String arg16, java.lang.String arg17, java.lang.String arg18, java.lang.String arg19, java.lang.String arg20, java.lang.String arg21, java.lang.String arg22, java.lang.String arg23, java.lang.String arg24, java.lang.String arg25, java.lang.String arg26, java.lang.String arg27, java.lang.String arg28, java.lang.String arg29, java.lang.String arg30, java.lang.String arg31, java.lang.String arg32, java.lang.String arg33, java.lang.String arg34, java.lang.String arg35, java.lang.String arg36, java.lang.String arg37, java.lang.String arg38, java.lang.String arg39, java.lang.String arg40, java.lang.String arg41, java.lang.String arg42, java.lang.String arg43, java.lang.String arg44, java.lang.String arg45, java.lang.String arg46, java.lang.String arg47, java.lang.String arg48, java.lang.String arg49, java.lang.String arg50, java.lang.String arg51, java.lang.String arg52, java.lang.String arg53, java.lang.String arg54, java.lang.String arg55, java.lang.String arg56, java.lang.String arg57, java.lang.String arg58, java.lang.String arg59, java.lang.String arg60])
Arguments: [(java.lang.String) SANITY HOSPITAL,(java.lang.String) 1st Floor NS,(java.lang.String) Mr.,(java.lang.String) Avdesh,(java.lang.String) Kumar ,(java.lang.String) Mandal,(java.lang.String) Male,(java.lang.String) 17/11/2010,(java.lang.String) 19/11/2017,(java.lang.String) 21,(java.lang.String) Single,(java.lang.String) Devi,(java.lang.String) Sharma,(java.lang.String) Gupta,(java.lang.String) Indian,(java.lang.String) 1.2345678E7,(java.lang.String) 91,(java.lang.String) 9.87654321E9,(java.lang.String) Anup@gmail.com,(java.lang.String) D345,(java.lang.String) Delhi ( DELHI ),(java.lang.String) Place,(java.lang.String) 111213,(java.lang.String) DELHI,(java.lang.String) 111213,(java.lang.String) India,(java.lang.String) CORPORATE,(java.lang.String) ADIP,(java.lang.String) Himanshu Contract,(java.lang.String) 44556688_ValidityExpired,(java.lang.String) Check,(java.lang.String) Consultation,(java.lang.String) Consultation,(java.lang.String) 123456,(java.lang.String) asvg123,(java.lang.String) Modification,(java.lang.String) VIP_Text,(java.lang.String) Remaks,(java.lang.String) aadhar card,(java.lang.String) Adhar000,(java.lang.String) ABHA ,(java.lang.String) Abha,(java.lang.String) self,(java.lang.String) Hindi,(java.lang.String) 124111,(java.lang.String) Business,(java.lang.String) B.D.S.,(java.lang.String) Hindu,(java.lang.String) asd,(java.lang.String) OBC,(java.lang.String) Doctor Referral,(java.lang.String) ER,(java.lang.String) asdd,(java.lang.String) Anup,(java.lang.String) Brother,(java.lang.String) 1234556,(java.lang.String) 100% scheme,(java.lang.String) Kin,(java.lang.String) Anup,(java.lang.String) Brother,(java.lang.String) 124567,(java.lang.String) Fine]
at org.testng.internal.reflect.DataProviderMethodMatcher.getConformingArguments(DataProviderMethodMatcher.java:46)
at org.testng.internal.Parameters.injectParameters(Parameters.java:915)
at org.testng.internal.invokers.MethodRunner.runInSequence(MethodRunner.java:50)
at org.testng.internal.invokers.TestInvoker$MethodInvocationAgent.invoke(TestInvoker.java:995)
at org.testng.internal.invokers.TestInvoker.invokeTestMethods(TestInvoker.java:203)
at org.testng.internal.invokers.TestMethodWorker.invokeTestMethods(TestMethodWorker.java:154)
at org.testng.internal.invokers.TestMethodWorker.run(TestMethodWorker.java:134)
at java.base/java.util.ArrayList.forEach(ArrayList.java:1596)
at org.testng.TestRunner.privateRun(TestRunner.java:741)
at org.testng.TestRunner.run(TestRunner.java:616)
at org.testng.SuiteRunner.runTest(SuiteRunner.java:421)
at org.testng.SuiteRunner.runSequentially(SuiteRunner.java:413)
at org.testng.SuiteRunner.privateRun(SuiteRunner.java:373)
at org.testng.SuiteRunner.run(SuiteRunner.java:312)
at org.testng.SuiteRunnerWorker.runSuite(SuiteRunnerWorker.java:52)
at org.testng.SuiteRunnerWorker.run(SuiteRunnerWorker.java:95)
at org.testng.TestNG.runSuitesSequentially(TestNG.java:1274)
at org.testng.TestNG.runSuitesLocally(TestNG.java:1208)
at org.testng.TestNG.runSuites(TestNG.java:1112)
at org.testng.TestNG.run(TestNG.java:1079)
at org.testng.remote.AbstractRemoteTestNG.run(AbstractRemoteTestNG.java:115)
at org.testng.remote.RemoteTestNG.initAndRun(RemoteTestNG.java:293)
at org.testng.remote.RemoteTestNG.main(RemoteTestNG.java:91)
]]>
    </error>
  </testcase> <!-- verifyPatientRegistration -->
</testsuite> <!-- com.test.frontoffice.test.FrontOfficeRegistrationTest -->
