<?xml version="1.0" encoding="UTF-8"?>
<!-- Generated by org.testng.reporters.JUnitReportReporter -->
<testsuite hostname="DESKTOP-V88DC5U" failures="0" tests="2" name="com.test.frontoffice.test.TC_023_GenerateSchedule_EquipmentScheduleTest" time="384.135" errors="0" timestamp="2026-01-27T22:20:33 IST" skipped="0">
  <testcase classname="com.test.frontoffice.test.TC_023_GenerateSchedule_EquipmentScheduleTest" name="GenenrateSchedulingTest" time="200.728"/>
  <testcase classname="com.test.frontoffice.test.TC_023_GenerateSchedule_EquipmentScheduleTest" name="Generate_Equipment_Schedule" time="183.407"/>
</testsuite> <!-- com.test.frontoffice.test.TC_023_GenerateSchedule_EquipmentScheduleTest -->
