<?xml version="1.0" encoding="UTF-8"?>
<!-- Generated by org.testng.reporters.JUnitReportReporter -->
<testsuite hostname="DESKTOP-V88DC5U" failures="0" tests="1" name="com.test.frontoffice.test.FrontOfficeBlockHomeCareAppointmentTest007" time="35.940" errors="0" timestamp="2025-07-22T20:47:07 IST" skipped="0">
  <testcase classname="com.test.frontoffice.test.FrontOfficeBlockHomeCareAppointmentTest007" name="appointmentScheduling" time="35.940"/>
</testsuite> <!-- com.test.frontoffice.test.FrontOfficeBlockHomeCareAppointmentTest007 -->
