<?xml version="1.0" encoding="UTF-8"?>
<!-- Generated by org.testng.reporters.JUnitReportReporter -->
<testsuite hostname="DESKTOP-V88DC5U" failures="0" tests="1" name="com.test.frontofficeBilling.test.ApproveDepositRefundTest" time="48.047" errors="0" timestamp="2026-01-16T17:10:42 IST" skipped="0">
  <testcase classname="com.test.frontofficeBilling.test.ApproveDepositRefundTest" name="DepositApproveRefundsTest" time="48.047"/>
</testsuite> <!-- com.test.frontofficeBilling.test.ApproveDepositRefundTest -->
