<?xml version="1.0" encoding="UTF-8"?>
<!-- Generated by org.testng.reporters.JUnitReportReporter -->
<testsuite hostname="DESKTOP-V88DC5U" failures="0" tests="5" name="com.test.frontoffice.test.FrontOfficeAppointmentSchedulingTest" time="238.351" errors="0" timestamp="2025-12-02T16:29:55 IST" skipped="0">
  <testcase classname="com.test.frontoffice.test.FrontOfficeAppointmentSchedulingTest" name="frontOfficeAppointmentSchedulingAndRegistration" time="59.529"/>
  <testcase classname="com.test.frontoffice.test.FrontOfficeAppointmentSchedulingTest" name="FoAppointmentInLinkUHIDAndBilling" time="53.543"/>
  <testcase classname="com.test.frontoffice.test.FrontOfficeAppointmentSchedulingTest" name="FoAppointmentINUHID" time="26.946"/>
  <testcase classname="com.test.frontoffice.test.FrontOfficeAppointmentSchedulingTest" name="FOAppointmentAndAppointmentCancel" time="52.315"/>
  <testcase classname="com.test.frontoffice.test.FrontOfficeAppointmentSchedulingTest" name="FOAppointmentAndSlotUpdateModification" time="46.018"/>
</testsuite> <!-- com.test.frontoffice.test.FrontOfficeAppointmentSchedulingTest -->
