<?xml version="1.0" encoding="UTF-8"?>
<!-- Generated by org.testng.reporters.JUnitReportReporter -->
<testsuite hostname="DESKTOP-V88DC5U" failures="0" tests="6" name="com.test.emergency.test.TC_037_Er_DoctorNotesTest" time="103.603" errors="0" timestamp="2026-05-07T10:12:30 IST" skipped="0">
  <testcase classname="com.test.emergency.test.TC_037_Er_DoctorNotesTest" name="SelectOccupiedPatientInRightTab" time="15.963"/>
  <testcase classname="com.test.emergency.test.TC_037_Er_DoctorNotesTest" name="ErDoctorNotesPreoperativeTest" time="16.409"/>
  <testcase classname="com.test.emergency.test.TC_037_Er_DoctorNotesTest" name="ErDoctorReferralTest" time="20.901"/>
  <testcase classname="com.test.emergency.test.TC_037_Er_DoctorNotesTest" name="ErOperativeNotesTest" time="17.477"/>
  <testcase classname="com.test.emergency.test.TC_037_Er_DoctorNotesTest" name="ErPreOtNotesTest" time="16.469"/>
  <testcase classname="com.test.emergency.test.TC_037_Er_DoctorNotesTest" name="ErPhysicanTemplateTest" time="16.384"/>
</testsuite> <!-- com.test.emergency.test.TC_037_Er_DoctorNotesTest -->
