<?xml version="1.0" encoding="UTF-8"?>
<!-- Generated by org.testng.reporters.JUnitReportReporter -->
<testsuite hostname="DESKTOP-V88DC5U" failures="0" tests="2" name="com.test.frontoffice.test.MergeAndUnmergeDuplicateTest" time="31.123" errors="0" timestamp="2025-12-16T15:22:26 IST" skipped="0">
  <testcase classname="com.test.frontoffice.test.MergeAndUnmergeDuplicateTest" name="DuplicateMergePatient" time="20.991"/>
  <testcase classname="com.test.frontoffice.test.MergeAndUnmergeDuplicateTest" name="DuplicateUnMergePatient" time="10.132"/>
</testsuite> <!-- com.test.frontoffice.test.MergeAndUnmergeDuplicateTest -->
