<?xml version="1.0" encoding="UTF-8"?>
<!-- Generated by org.testng.reporters.JUnitReportReporter -->
<testsuite hostname="DESKTOP-V88DC5U" failures="0" tests="2" name="com.test.emergency.test.TC_010_Er_Miscellaneous_ChargesTest" time="43.593" errors="0" timestamp="2026-03-27T12:25:19 IST" skipped="1">
  <testcase classname="com.test.emergency.test.TC_010_Er_Miscellaneous_ChargesTest" name="Current_In_Patient_MiscellaneousCharges" time="43.593"/>
  <testcase classname="com.test.emergency.test.TC_010_Er_Miscellaneous_ChargesTest" name="EnterUHID_IpNumber_MiscellaneousCharges">
    <skipped/>
  </testcase> <!-- EnterUHID_IpNumber_MiscellaneousCharges -->
</testsuite> <!-- com.test.emergency.test.TC_010_Er_Miscellaneous_ChargesTest -->
