<?xml version="1.0" encoding="UTF-8"?>
<!-- Generated by org.testng.reporters.JUnitReportReporter -->
<testsuite hostname="DESKTOP-V88DC5U" failures="0" tests="4" name="com.test.emergency.test.TC_35_Er_Order_InsertionMoniteringTest" time="68.638" errors="0" timestamp="2026-04-30T11:02:12 IST" skipped="0">
  <testcase classname="com.test.emergency.test.TC_35_Er_Order_InsertionMoniteringTest" name="SelectOccupiedPatientInRightTab" time="17.395"/>
  <testcase classname="com.test.emergency.test.TC_35_Er_Order_InsertionMoniteringTest" name="ErInsertionDetailsTest" time="25.092"/>
  <testcase classname="com.test.emergency.test.TC_35_Er_Order_InsertionMoniteringTest" name="ErMaintenanceDetaitsTest" time="12.062"/>
  <testcase classname="com.test.emergency.test.TC_35_Er_Order_InsertionMoniteringTest" name="ErDeleteInsertionDetailsTest" time="14.089"/>
</testsuite> <!-- com.test.emergency.test.TC_35_Er_Order_InsertionMoniteringTest -->
