<?xml version="1.0" encoding="UTF-8"?>
<!-- Generated by org.testng.reporters.JUnitReportReporter -->
<testsuite hostname="DESKTOP-V88DC5U" failures="0" tests="1" name="com.test.opdnursing.test.TS_02OPD_NursingProcedurePhysicianOrder" time="224.105" errors="0" timestamp="2025-08-07T13:51:38 IST" skipped="0">
  <testcase classname="com.test.opdnursing.test.TS_02OPD_NursingProcedurePhysicianOrder" name="frontoffice_billing_physicianOrder_NursingProcedure" time="224.105"/>
</testsuite> <!-- com.test.opdnursing.test.TS_02OPD_NursingProcedurePhysicianOrder -->
