<?xml version="1.0" encoding="UTF-8"?>
<!-- Generated by org.testng.reporters.JUnitReportReporter -->
<testsuite hostname="DESKTOP-V88DC5U" failures="0" tests="1" name="com.test.frontoffice.test.TC_004_Fo_RegistrationKinDetailsTest" time="119.329" errors="0" timestamp="2025-12-08T12:48:38 IST" skipped="0">
  <testcase classname="com.test.frontoffice.test.TC_004_Fo_RegistrationKinDetailsTest" name="PatientRegistrationWithKinDetails" time="119.329"/>
</testsuite> <!-- com.test.frontoffice.test.TC_004_Fo_RegistrationKinDetailsTest -->
