<?xml version="1.0" encoding="UTF-8"?>
<!-- Generated by org.testng.reporters.JUnitReportReporter -->
<testsuite hostname="DESKTOP-V88DC5U" failures="0" tests="2" name="com.test.emergency.test.TC_004_ActivitySheetTest" time="60.733" errors="0" timestamp="2026-05-12T12:20:16 IST" skipped="0">
  <testcase classname="com.test.emergency.test.TC_004_ActivitySheetTest" name="ActivitySheetTest" time="11.723"/>
  <testcase classname="com.test.emergency.test.TC_004_ActivitySheetTest" name="FindCurrentPatientActivitySheetTest" time="49.010"/>
</testsuite> <!-- com.test.emergency.test.TC_004_ActivitySheetTest -->
