<?xml version="1.0" encoding="UTF-8"?>
<!-- Generated by org.testng.reporters.JUnitReportReporter -->
<testsuite hostname="DESKTOP-V88DC5U" failures="0" tests="1" name="com.test.INDIAN_HIS.ADT.Test_Page.TC0001_ADT_Admit_Patient" time="105.741" errors="0" timestamp="2026-04-25T17:28:14 IST" skipped="0">
  <testcase classname="com.test.INDIAN_HIS.ADT.Test_Page.TC0001_ADT_Admit_Patient" name="AdmitPatient" time="105.741"/>
</testsuite> <!-- com.test.INDIAN_HIS.ADT.Test_Page.TC0001_ADT_Admit_Patient -->
