<?xml version="1.0" encoding="UTF-8"?>
<!-- Generated by org.testng.reporters.JUnitReportReporter -->
<testsuite hostname="DESKTOP-V88DC5U" failures="0" tests="12" name="com.test.emergency.test.TC_033_EndorsementToolTest" time="174.543" errors="0" timestamp="2026-04-29T10:43:39 IST" skipped="1">
  <testcase classname="com.test.emergency.test.TC_033_EndorsementToolTest" name="SelectOccupiedPatientInRightTab" time="21.013"/>
  <testcase classname="com.test.emergency.test.TC_033_EndorsementToolTest" name="NurseNotesEndorsementTool" time="7.546"/>
  <testcase classname="com.test.emergency.test.TC_033_EndorsementToolTest" name="AllergiesEndorsementTool" time="22.470"/>
  <testcase classname="com.test.emergency.test.TC_033_EndorsementToolTest" name="IdentificationBackgroundAndCheckBoxDetails" time="8.768"/>
  <testcase classname="com.test.emergency.test.TC_033_EndorsementToolTest" name="DeleteChiefComplaintsTest" time="7.050"/>
  <testcase classname="com.test.emergency.test.TC_033_EndorsementToolTest" name="ChiefComplaintsTest" time="26.663"/>
  <testcase classname="com.test.emergency.test.TC_033_EndorsementToolTest" name="PatientPastInformationTest" time="8.883"/>
  <testcase classname="com.test.emergency.test.TC_033_EndorsementToolTest" name="EnterERNoVitalMappingTest" time="21.007"/>
  <testcase classname="com.test.emergency.test.TC_033_EndorsementToolTest" name="EndorsementToolPainScoreTest" time="17.110"/>
  <testcase classname="com.test.emergency.test.TC_033_EndorsementToolTest" name="EndorsementToolCentralNervousSystemTest" time="10.648"/>
  <testcase classname="com.test.emergency.test.TC_033_EndorsementToolTest" name="EndorsementToolAnyOtherInstruction_LoginPasswordTest" time="23.385"/>
  <testcase classname="com.test.emergency.test.TC_033_EndorsementToolTest" name="NursingEndorsementTool">
    <skipped/>
  </testcase> <!-- NursingEndorsementTool -->
</testsuite> <!-- com.test.emergency.test.TC_033_EndorsementToolTest -->
