<?xml version="1.0" encoding="UTF-8"?>
<!-- Generated by org.testng.reporters.JUnitReportReporter -->
<testsuite hostname="DESKTOP-V88DC5U" failures="0" tests="10" name="com.test.IpBilling.test.TC_0A1_IpBillingTest" time="335.707" errors="0" timestamp="2026-03-14T18:12:40 IST" skipped="1">
  <testcase classname="com.test.IpBilling.test.TC_0A1_IpBillingTest" name="AdmitPatient" time="106.273"/>
  <testcase classname="com.test.IpBilling.test.TC_0A1_IpBillingTest" name="NursingDischargeTest" time="63.476"/>
  <testcase classname="com.test.IpBilling.test.TC_0A1_IpBillingTest" name="NursingClearanceTest" time="16.481"/>
  <testcase classname="com.test.IpBilling.test.TC_0A1_IpBillingTest" name="PharmacyDischargeNotificationTest" time="68.858"/>
  <testcase classname="com.test.IpBilling.test.TC_0A1_IpBillingTest" name="AcknowledgeDischargeNotification" time="37.183"/>
  <testcase classname="com.test.IpBilling.test.TC_0A1_IpBillingTest" name="IpBillDischargeIcon" time="17.950"/>
  <testcase classname="com.test.IpBilling.test.TC_0A1_IpBillingTest" name="IpBillReadyTest" time="6.041"/>
  <testcase classname="com.test.IpBilling.test.TC_0A1_IpBillingTest" name="BillGenrateTest" time="5.700"/>
  <testcase classname="com.test.IpBilling.test.TC_0A1_IpBillingTest" name="IpBillSettlement" time="13.745"/>
  <testcase classname="com.test.IpBilling.test.TC_0A1_IpBillingTest" name="LabclearanceDataProviderTest">
    <skipped/>
  </testcase> <!-- LabclearanceDataProviderTest -->
</testsuite> <!-- com.test.IpBilling.test.TC_0A1_IpBillingTest -->
