<?xml version="1.0" encoding="UTF-8"?>
<!-- Generated by org.testng.reporters.JUnitReportReporter -->
<testsuite hostname="DESKTOP-V88DC5U" failures="0" tests="1" name="com.test.emergency.test.TC_029_Report_ER_FractionalItemUsageReportTest" time="55.652" errors="0" timestamp="2026-04-22T16:07:26 IST" skipped="0">
  <testcase classname="com.test.emergency.test.TC_029_Report_ER_FractionalItemUsageReportTest" name="FractionalItemUsageReportTest" time="55.652"/>
</testsuite> <!-- com.test.emergency.test.TC_029_Report_ER_FractionalItemUsageReportTest -->
