<?xml version="1.0" encoding="UTF-8"?>
<!-- Generated by org.testng.reporters.JUnitReportReporter -->
<testsuite hostname="DESKTOP-V88DC5U" failures="0" tests="1" name="com.test.nursing.test.OPDNursingSerologyPositiveTest013" time="57.691" errors="0" timestamp="2025-07-17T14:25:03 IST" skipped="0">
  <testcase classname="com.test.nursing.test.OPDNursingSerologyPositiveTest013" name="nursingSerologyPositive" time="57.691"/>
</testsuite> <!-- com.test.nursing.test.OPDNursingSerologyPositiveTest013 -->
