<?xml version="1.0" encoding="UTF-8"?>
<!-- Generated by org.testng.reporters.JUnitReportReporter -->
<testsuite hostname="DESKTOP-V88DC5U" failures="0" tests="2" name="com.test.emergency.test.TC_001_ER_RegistrationTest" time="73.219" errors="0" timestamp="2026-04-23T09:53:14 IST" skipped="0">
  <testcase classname="com.test.emergency.test.TC_001_ER_RegistrationTest" name="ErDemogrphicDetailsTest" time="67.885"/>
  <testcase classname="com.test.emergency.test.TC_001_ER_RegistrationTest" name="SaveEmergencyPatientTest" time="5.334"/>
</testsuite> <!-- com.test.emergency.test.TC_001_ER_RegistrationTest -->
