<?xml version="1.0" encoding="UTF-8"?>
<!-- Generated by org.testng.reporters.JUnitReportReporter -->
<testsuite hostname="DESKTOP-V88DC5U" failures="0" tests="2" name="com.test.frontoffice.test.ReportCommonScrollTest" time="62.871" errors="0" timestamp="2026-01-21T14:37:10 IST" skipped="0">
  <testcase classname="com.test.frontoffice.test.ReportCommonScrollTest" name="ReportInCommonScrollNumber" time="27.799"/>
  <testcase classname="com.test.frontoffice.test.ReportCommonScrollTest" name="CommonScrollReportInNewTraction" time="35.072"/>
</testsuite> <!-- com.test.frontoffice.test.ReportCommonScrollTest -->
