<?xml version="1.0" encoding="UTF-8"?>
<!-- Generated by org.testng.reporters.JUnitReportReporter -->
<testsuite hostname="DESKTOP-V88DC5U" failures="0" tests="5" name="com.test.IpBilling.test.TC_011_ChequeInHandTest" time="163.080" errors="0" timestamp="2026-02-24T16:00:40 IST" skipped="0">
  <testcase classname="com.test.IpBilling.test.TC_011_ChequeInHandTest" name="ChequeInHandInDischargePatient" time="37.550"/>
  <testcase classname="com.test.IpBilling.test.TC_011_ChequeInHandTest" name="ChequeInHandInCurrentPatient" time="40.838"/>
  <testcase classname="com.test.IpBilling.test.TC_011_ChequeInHandTest" name="IPDepositRefundChequeSaveTest" time="8.843"/>
  <testcase classname="com.test.IpBilling.test.TC_011_ChequeInHandTest" name="ChequeInHandSaveAndDeleteIcon" time="38.819"/>
  <testcase classname="com.test.IpBilling.test.TC_011_ChequeInHandTest" name="EnterUHID_IPNumber_ChequeInHand_Deposit" time="37.030"/>
</testsuite> <!-- com.test.IpBilling.test.TC_011_ChequeInHandTest -->
