<?xml version="1.0" encoding="UTF-8"?>
<!-- Generated by org.testng.reporters.JUnitReportReporter -->
<testsuite hostname="DESKTOP-V88DC5U" failures="0" tests="2" name="com.test.frontoffice.test.TC_011_MergeAndUnmergeDuplicateTest" time="31.732" errors="0" timestamp="2025-12-16T15:42:05 IST" skipped="0">
  <testcase classname="com.test.frontoffice.test.TC_011_MergeAndUnmergeDuplicateTest" name="DuplicateMergePatient" time="20.201"/>
  <testcase classname="com.test.frontoffice.test.TC_011_MergeAndUnmergeDuplicateTest" name="DuplicateUnMergePatient" time="11.531"/>
</testsuite> <!-- com.test.frontoffice.test.TC_011_MergeAndUnmergeDuplicateTest -->
