<?xml version="1.0" encoding="UTF-8"?>
<!-- Generated by org.testng.reporters.JUnitReportReporter -->
<testsuite hostname="DESKTOP-V88DC5U" failures="0" tests="19" name="com.test.emergency.test.TC_017_Er_OrderTest" time="52.107" errors="0" timestamp="2026-04-13T18:27:51 IST" skipped="15">
  <testcase classname="com.test.emergency.test.TC_017_Er_OrderTest" name="SearchOccupiedPatientTest_3" time="21.298"/>
  <testcase classname="com.test.emergency.test.TC_017_Er_OrderTest" name="CheckAndVerifyPendingNewRetunDrugTestFuncility" time="1.591"/>
  <testcase classname="com.test.emergency.test.TC_017_Er_OrderTest" name="EmergencyDischargeIntimationTest" time="16.564"/>
  <testcase classname="com.test.emergency.test.TC_017_Er_OrderTest" name="CancleDischargedIntimationTestFuncility" time="12.654"/>
  <testcase classname="com.test.emergency.test.TC_017_Er_OrderTest" name="SearchOccupiedPatientTest_2">
    <skipped/>
  </testcase> <!-- SearchOccupiedPatientTest_2 -->
  <testcase classname="com.test.emergency.test.TC_017_Er_OrderTest" name="SaveGeneralOrderEntryTest">
    <skipped/>
  </testcase> <!-- SaveGeneralOrderEntryTest -->
  <testcase classname="com.test.emergency.test.TC_017_Er_OrderTest" name="InvestigationsOrderTest">
    <skipped/>
  </testcase> <!-- InvestigationsOrderTest -->
  <testcase classname="com.test.emergency.test.TC_017_Er_OrderTest" name="PharmacyIpRetunTest">
    <skipped/>
  </testcase> <!-- PharmacyIpRetunTest -->
  <testcase classname="com.test.emergency.test.TC_017_Er_OrderTest" name="PrintCompletedOrderTest">
    <skipped/>
  </testcase> <!-- PrintCompletedOrderTest -->
  <testcase classname="com.test.emergency.test.TC_017_Er_OrderTest" name="SearchOccupiedPatientTest">
    <skipped/>
  </testcase> <!-- SearchOccupiedPatientTest -->
  <testcase classname="com.test.emergency.test.TC_017_Er_OrderTest" name="CheckVerifyDrugsIssuedTest">
    <skipped/>
  </testcase> <!-- CheckVerifyDrugsIssuedTest -->
  <testcase classname="com.test.emergency.test.TC_017_Er_OrderTest" name="PendingOrderSaveTest">
    <skipped/>
  </testcase> <!-- PendingOrderSaveTest -->
  <testcase classname="com.test.emergency.test.TC_017_Er_OrderTest" name="NewDrugOrderTest">
    <skipped/>
  </testcase> <!-- NewDrugOrderTest -->
  <testcase classname="com.test.emergency.test.TC_017_Er_OrderTest" name="DeleteGeneralOrderEntryTest">
    <skipped/>
  </testcase> <!-- DeleteGeneralOrderEntryTest -->
  <testcase classname="com.test.emergency.test.TC_017_Er_OrderTest" name="GeneralOrderEntryTest">
    <skipped/>
  </testcase> <!-- GeneralOrderEntryTest -->
  <testcase classname="com.test.emergency.test.TC_017_Er_OrderTest" name="CancelPendingDrugsOrderTest">
    <skipped/>
  </testcase> <!-- CancelPendingDrugsOrderTest -->
  <testcase classname="com.test.emergency.test.TC_017_Er_OrderTest" name="PrintPendingDrugsOrderTest">
    <skipped/>
  </testcase> <!-- PrintPendingDrugsOrderTest -->
  <testcase classname="com.test.emergency.test.TC_017_Er_OrderTest" name="NewRetunDrugTestFuncility">
    <skipped/>
  </testcase> <!-- NewRetunDrugTestFuncility -->
  <testcase classname="com.test.emergency.test.TC_017_Er_OrderTest" name="PharmacyIpIssueTest">
    <skipped/>
  </testcase> <!-- PharmacyIpIssueTest -->
</testsuite> <!-- com.test.emergency.test.TC_017_Er_OrderTest -->
