<?xml version="1.0" encoding="UTF-8"?>
<!-- Generated by org.testng.reporters.JUnitReportReporter -->
<testsuite hostname="DESKTOP-V88DC5U" failures="0" tests="2" name="com.test.emergency.test.TC_013_TOCApprovalEmergencyTest" time="27.414" errors="0" timestamp="2026-03-31T12:18:37 IST" skipped="0">
  <testcase classname="com.test.emergency.test.TC_013_TOCApprovalEmergencyTest" name="SaveTOCApprovalEmergencyTest" time="20.492"/>
  <testcase classname="com.test.emergency.test.TC_013_TOCApprovalEmergencyTest" name="CheckTOCApprovedEmergencyTest" time="6.922"/>
</testsuite> <!-- com.test.emergency.test.TC_013_TOCApprovalEmergencyTest -->
