<?xml version="1.0" encoding="UTF-8"?>
<!-- Generated by org.testng.reporters.JUnitReportReporter -->
<testsuite hostname="DESKTOP-V88DC5U" failures="0" tests="15" name="com.test.emergency.test.TC_016_Er_DepositRefundTest" time="360.355" errors="0" timestamp="2026-05-13T11:40:04 IST" skipped="0">
  <testcase classname="com.test.emergency.test.TC_016_Er_DepositRefundTest" name="SearchCurrentInPatientTest" time="24.313"/>
  <testcase classname="com.test.emergency.test.TC_016_Er_DepositRefundTest" name="DepositInCashTest" time="17.529"/>
  <testcase classname="com.test.emergency.test.TC_016_Er_DepositRefundTest" name="DepositInChequeTest" time="27.966"/>
  <testcase classname="com.test.emergency.test.TC_016_Er_DepositRefundTest" name="DepositInCreditCardTest" time="31.184"/>
  <testcase classname="com.test.emergency.test.TC_016_Er_DepositRefundTest" name="DepositInDebitCardTest" time="29.727"/>
  <testcase classname="com.test.emergency.test.TC_016_Er_DepositRefundTest" name="DepositInNEETRTGSTest" time="25.931"/>
  <testcase classname="com.test.emergency.test.TC_016_Er_DepositRefundTest" name="DepositOtherTest" time="23.496"/>
  <testcase classname="com.test.emergency.test.TC_016_Er_DepositRefundTest" name="DepositReceiptUtilityTest" time="9.147"/>
  <testcase classname="com.test.emergency.test.TC_016_Er_DepositRefundTest" name="RefundCashTest" time="18.842"/>
  <testcase classname="com.test.emergency.test.TC_016_Er_DepositRefundTest" name="RefundChequeTest" time="27.840"/>
  <testcase classname="com.test.emergency.test.TC_016_Er_DepositRefundTest" name="RefundCreditCardTest" time="27.259"/>
  <testcase classname="com.test.emergency.test.TC_016_Er_DepositRefundTest" name="RefundNEFTRGTSProcessingFinanceTest" time="32.768"/>
  <testcase classname="com.test.emergency.test.TC_016_Er_DepositRefundTest" name="RefundNEFTRGTSAlreadyProcessedTest" time="30.446"/>
  <testcase classname="com.test.emergency.test.TC_016_Er_DepositRefundTest" name="RefundOtherTest" time="25.440"/>
  <testcase classname="com.test.emergency.test.TC_016_Er_DepositRefundTest" name="RefoundReceiptUtilityTest" time="8.467"/>
</testsuite> <!-- com.test.emergency.test.TC_016_Er_DepositRefundTest -->
