<?xml version="1.0" encoding="UTF-8"?>
<!-- Generated by org.testng.reporters.JUnitReportReporter -->
<testsuite hostname="DESKTOP-V88DC5U" failures="0" tests="1" name="com.test.frontoffice.test.FrontOfficeSearchAppointmentSchedulingTeste004" time="36.060" errors="0" timestamp="2025-07-19T12:50:49 IST" skipped="0">
  <testcase classname="com.test.frontoffice.test.FrontOfficeSearchAppointmentSchedulingTeste004" name="serachAppointmentScheduling" time="36.060"/>
</testsuite> <!-- com.test.frontoffice.test.FrontOfficeSearchAppointmentSchedulingTeste004 -->
