<?xml version="1.0" encoding="UTF-8"?>
<!-- Generated by org.testng.reporters.JUnitReportReporter -->
<testsuite hostname="DESKTOP-V88DC5U" failures="0" tests="1" name="com.test.IpBilling.test.TC_002_AcknowledgeDischargeNotificationTest" time="21.004" errors="0" timestamp="2026-02-03T22:35:13 IST" skipped="0">
  <testcase classname="com.test.IpBilling.test.TC_002_AcknowledgeDischargeNotificationTest" name="AcknowledgeDischargeNotification" time="21.004"/>
</testsuite> <!-- com.test.IpBilling.test.TC_002_AcknowledgeDischargeNotificationTest -->
