<?xml version="1.0" encoding="UTF-8"?>
<!-- Generated by org.testng.reporters.JUnitReportReporter -->
<testsuite hostname="DESKTOP-V88DC5U" failures="0" tests="1" name="com.test.frontoffice.test.Tc_54FrontOfficeHomeCareAppointmentTest006" time="59.168" errors="0" timestamp="2025-07-24T23:40:22 IST" skipped="0">
  <testcase classname="com.test.frontoffice.test.Tc_54FrontOfficeHomeCareAppointmentTest006" name="appointmentScheduling" time="59.168"/>
</testsuite> <!-- com.test.frontoffice.test.Tc_54FrontOfficeHomeCareAppointmentTest006 -->
