<?xml version="1.0" encoding="UTF-8"?>
<!-- Generated by org.testng.reporters.JUnitReportReporter -->
<testsuite hostname="DESKTOP-V88DC5U" failures="0" tests="1" name="com.test.frontoffice.test.TC_007_Fo_RegistrationAliasNameTest" time="84.226" errors="0" timestamp="2026-04-30T18:19:04 IST" skipped="0">
  <testcase classname="com.test.frontoffice.test.TC_007_Fo_RegistrationAliasNameTest" name="AliasPatientRegistration" time="84.226"/>
</testsuite> <!-- com.test.frontoffice.test.TC_007_Fo_RegistrationAliasNameTest -->
