<?xml version="1.0" encoding="UTF-8"?>
<!-- Generated by org.testng.reporters.JUnitReportReporter -->
<testsuite hostname="DESKTOP-V88DC5U" failures="0" tests="1" name="com.test.frontoffice.test.TC_006_Fo_RegistrationPassportDetailsTest" time="77.987" errors="0" timestamp="2026-01-07T14:46:32 IST" skipped="0">
  <testcase classname="com.test.frontoffice.test.TC_006_Fo_RegistrationPassportDetailsTest" name="PatientRegistrationWithPassportDetails" time="77.987"/>
</testsuite> <!-- com.test.frontoffice.test.TC_006_Fo_RegistrationPassportDetailsTest -->
