<?xml version="1.0" encoding="UTF-8"?>
<!-- Generated by org.testng.reporters.JUnitReportReporter -->
<testsuite hostname="DESKTOP-V88DC5U" failures="0" tests="4" name="com.test.IpBilling.test.TC_008_DoctorVisit_BillingTest" time="40.772" errors="0" timestamp="2026-02-05T22:06:53 IST" skipped="3">
  <testcase classname="com.test.IpBilling.test.TC_008_DoctorVisit_BillingTest" name="SearchDateWisePatientsDoctorVisitTest" time="40.772"/>
  <testcase classname="com.test.IpBilling.test.TC_008_DoctorVisit_BillingTest" name="SerachDischargedPatientsDoctorVisit">
    <skipped/>
  </testcase> <!-- SerachDischargedPatientsDoctorVisit -->
  <testcase classname="com.test.IpBilling.test.TC_008_DoctorVisit_BillingTest" name="SearchInCurrentPatintDoctorVisit">
    <skipped/>
  </testcase> <!-- SearchInCurrentPatintDoctorVisit -->
  <testcase classname="com.test.IpBilling.test.TC_008_DoctorVisit_BillingTest" name="PatientsDoctorVisitTest">
    <skipped/>
  </testcase> <!-- PatientsDoctorVisitTest -->
</testsuite> <!-- com.test.IpBilling.test.TC_008_DoctorVisit_BillingTest -->
