<?xml version="1.0" encoding="UTF-8"?>
<!-- Generated by org.testng.reporters.JUnitReportReporter -->
<testsuite hostname="DESKTOP-V88DC5U" failures="0" tests="18" name="com.test.IpBilling.test.TC_00A3_IPDepositRefundTest" time="157.085" errors="0" timestamp="2026-02-23T13:58:48 IST" skipped="15">
  <testcase classname="com.test.IpBilling.test.TC_00A3_IPDepositRefundTest" name="AdmitPatient" time="104.416"/>
  <testcase classname="com.test.IpBilling.test.TC_00A3_IPDepositRefundTest" name="FrontOfficeOPDepositTest" time="28.313"/>
  <testcase classname="com.test.IpBilling.test.TC_00A3_IPDepositRefundTest" name="IpDepositRefundToOpDDepositsTest" time="24.356"/>
  <testcase classname="com.test.IpBilling.test.TC_00A3_IPDepositRefundTest" name="IpDepositOtherTest">
    <skipped/>
  </testcase> <!-- IpDepositOtherTest -->
  <testcase classname="com.test.IpBilling.test.TC_00A3_IPDepositRefundTest" name="IpDepositRefundReceptTest">
    <skipped/>
  </testcase> <!-- IpDepositRefundReceptTest -->
  <testcase classname="com.test.IpBilling.test.TC_00A3_IPDepositRefundTest" name="IpRefundInNEFTRTGSTest">
    <skipped/>
  </testcase> <!-- IpRefundInNEFTRTGSTest -->
  <testcase classname="com.test.IpBilling.test.TC_00A3_IPDepositRefundTest" name="IpRefundInChequeTest">
    <skipped/>
  </testcase> <!-- IpRefundInChequeTest -->
  <testcase classname="com.test.IpBilling.test.TC_00A3_IPDepositRefundTest" name="IpDepositDeditCardTest">
    <skipped/>
  </testcase> <!-- IpDepositDeditCardTest -->
  <testcase classname="com.test.IpBilling.test.TC_00A3_IPDepositRefundTest" name="IpRefundInNEFTRTGSAlreadyProcessedTest">
    <skipped/>
  </testcase> <!-- IpRefundInNEFTRTGSAlreadyProcessedTest -->
  <testcase classname="com.test.IpBilling.test.TC_00A3_IPDepositRefundTest" name="IpDepositCreditCardTest">
    <skipped/>
  </testcase> <!-- IpDepositCreditCardTest -->
  <testcase classname="com.test.IpBilling.test.TC_00A3_IPDepositRefundTest" name="IpDepositRefundReceptDateWiseTest">
    <skipped/>
  </testcase> <!-- IpDepositRefundReceptDateWiseTest -->
  <testcase classname="com.test.IpBilling.test.TC_00A3_IPDepositRefundTest" name="IpDepositCashTest">
    <skipped/>
  </testcase> <!-- IpDepositCashTest -->
  <testcase classname="com.test.IpBilling.test.TC_00A3_IPDepositRefundTest" name="FindPatientForDeposit">
    <skipped/>
  </testcase> <!-- FindPatientForDeposit -->
  <testcase classname="com.test.IpBilling.test.TC_00A3_IPDepositRefundTest" name="IpDeposiNEFTTest">
    <skipped/>
  </testcase> <!-- IpDeposiNEFTTest -->
  <testcase classname="com.test.IpBilling.test.TC_00A3_IPDepositRefundTest" name="IpDepositChequeest">
    <skipped/>
  </testcase> <!-- IpDepositChequeest -->
  <testcase classname="com.test.IpBilling.test.TC_00A3_IPDepositRefundTest" name="IpRefundInCreditCardest">
    <skipped/>
  </testcase> <!-- IpRefundInCreditCardest -->
  <testcase classname="com.test.IpBilling.test.TC_00A3_IPDepositRefundTest" name="IpRefundInOtherModeOfPaymentTest">
    <skipped/>
  </testcase> <!-- IpRefundInOtherModeOfPaymentTest -->
  <testcase classname="com.test.IpBilling.test.TC_00A3_IPDepositRefundTest" name="IpRefundInCashTest">
    <skipped/>
  </testcase> <!-- IpRefundInCashTest -->
</testsuite> <!-- com.test.IpBilling.test.TC_00A3_IPDepositRefundTest -->
