<?xml version="1.0" encoding="UTF-8"?>
<!-- Generated by org.testng.reporters.JUnitReportReporter -->
<testsuite hostname="DESKTOP-V88DC5U" failures="0" tests="6" name="com.test.frontoffice.test.TC_003_Fo_RegistrationAndModification_OtherTest" time="195.413" errors="0" timestamp="2025-12-12T15:46:50 IST" skipped="0">
  <testcase classname="com.test.frontoffice.test.TC_003_Fo_RegistrationAndModification_OtherTest" name="ModificationOfPatientRegistration" time="75.197"/>
  <testcase classname="com.test.frontoffice.test.TC_003_Fo_RegistrationAndModification_OtherTest" name="modificationOPRegistration" time="26.534"/>
  <testcase classname="com.test.frontoffice.test.TC_003_Fo_RegistrationAndModification_OtherTest" name="FrontOfficeSaveVaccineDetails" time="20.360"/>
  <testcase classname="com.test.frontoffice.test.TC_003_Fo_RegistrationAndModification_OtherTest" name="FrontOfficeVaccineDelete" time="8.638"/>
  <testcase classname="com.test.frontoffice.test.TC_003_Fo_RegistrationAndModification_OtherTest" name="FrontOfficeOPDCardPrint" time="5.574"/>
  <testcase classname="com.test.frontoffice.test.TC_003_Fo_RegistrationAndModification_OtherTest" name="FrontOfficeFinancialDetails" time="59.110"/>
</testsuite> <!-- com.test.frontoffice.test.TC_003_Fo_RegistrationAndModification_OtherTest -->
