<?xml version="1.0" encoding="UTF-8"?>
<!-- Generated by org.testng.reporters.JUnitReportReporter -->
<testsuite hostname="DESKTOP-V88DC5U" failures="0" tests="1" name="com.test.LabMedicine.test.TC_001_Labclearance_LabMedicineTest" time="29.677" errors="0" timestamp="2026-02-11T11:44:37 IST" skipped="0">
  <testcase classname="com.test.LabMedicine.test.TC_001_Labclearance_LabMedicineTest" name="LabclearanceDataProviderTest" time="29.677"/>
</testsuite> <!-- com.test.LabMedicine.test.TC_001_Labclearance_LabMedicineTest -->
