<?xml version="1.0" encoding="UTF-8"?>
<!-- Generated by org.testng.reporters.JUnitReportReporter -->
<testsuite hostname="DESKTOP-V88DC5U" failures="0" tests="1" name="com.test.frontoffice.test.FrontOfficeHomeCareAppointmentTest006" time="55.034" errors="0" timestamp="2025-07-22T19:14:47 IST" skipped="0">
  <testcase classname="com.test.frontoffice.test.FrontOfficeHomeCareAppointmentTest006" name="appointmentScheduling" time="55.034"/>
</testsuite> <!-- com.test.frontoffice.test.FrontOfficeHomeCareAppointmentTest006 -->
