<?xml version="1.0" encoding="UTF-8"?>
<!-- Generated by org.testng.reporters.JUnitReportReporter -->
<testsuite hostname="DESKTOP-V88DC5U" failures="0" tests="6" name="com.test.emergency.test.TC_009_Reg_Discharge_DueBillSrttled_ErBillingTest" time="139.600" errors="0" timestamp="2026-05-12T17:48:03 IST" skipped="0">
  <testcase classname="com.test.emergency.test.TC_009_Reg_Discharge_DueBillSrttled_ErBillingTest" name="erDemogrphicDetailsTest" time="65.391"/>
  <testcase classname="com.test.emergency.test.TC_009_Reg_Discharge_DueBillSrttled_ErBillingTest" name="SaveEmergencyPatientTest" time="5.831"/>
  <testcase classname="com.test.emergency.test.TC_009_Reg_Discharge_DueBillSrttled_ErBillingTest" name="EnterErNumberAndUHID" time="8.401"/>
  <testcase classname="com.test.emergency.test.TC_009_Reg_Discharge_DueBillSrttled_ErBillingTest" name="DischargeIconTest" time="12.125"/>
  <testcase classname="com.test.emergency.test.TC_009_Reg_Discharge_DueBillSrttled_ErBillingTest" name="DueBillSettlementReceiptTest" time="19.684"/>
  <testcase classname="com.test.emergency.test.TC_009_Reg_Discharge_DueBillSrttled_ErBillingTest" name="EnterErNumberInChequeDueSettlementTest" time="28.168"/>
</testsuite> <!-- com.test.emergency.test.TC_009_Reg_Discharge_DueBillSrttled_ErBillingTest -->
