<?xml version="1.0" encoding="UTF-8"?>
<!-- Generated by org.testng.reporters.JUnitReportReporter -->
<testsuite hostname="DESKTOP-V88DC5U" failures="0" tests="3" name="com.test.IpBilling.test.TC_005_PendinginvestigationTest" time="52.584" errors="0" timestamp="2026-02-02T16:40:54 IST" skipped="0">
  <testcase classname="com.test.IpBilling.test.TC_005_PendinginvestigationTest" name="SerachCurrentInPatientPendingInvestigation" time="31.488"/>
  <testcase classname="com.test.IpBilling.test.TC_005_PendinginvestigationTest" name="SerachDischargedPatientsPendingInvestigation" time="16.618"/>
  <testcase classname="com.test.IpBilling.test.TC_005_PendinginvestigationTest" name="SerachIPNumber_UHID_PatientsPendingInvestigation" time="4.478"/>
</testsuite> <!-- com.test.IpBilling.test.TC_005_PendinginvestigationTest -->
