<?xml version="1.0" encoding="UTF-8"?>
<!-- Generated by org.testng.reporters.JUnitReportReporter -->
<testsuite hostname="DESKTOP-V88DC5U" failures="0" tests="2" name="com.test.nursing.test.OPDNursingNotesandTemplatesTest_005" time="114.173" errors="0" timestamp="2025-07-15T17:29:33 IST" skipped="0">
  <testcase classname="com.test.nursing.test.OPDNursingNotesandTemplatesTest_005" name="nursingNotesTempalet" time="74.943"/>
  <testcase classname="com.test.nursing.test.OPDNursingNotesandTemplatesTest_005" name="nursingProgressNotes" time="39.230"/>
</testsuite> <!-- com.test.nursing.test.OPDNursingNotesandTemplatesTest_005 -->
