<?xml version="1.0" encoding="UTF-8"?>
<!-- Generated by org.testng.reporters.JUnitReportReporter -->
<testsuite hostname="DESKTOP-V88DC5U" failures="0" tests="2" name="com.test.frontoffice.test.TC_015_PatientPortalUnregisteredPatientListTest" time="33.287" errors="0" timestamp="2026-01-07T16:52:11 IST" skipped="0">
  <testcase classname="com.test.frontoffice.test.TC_015_PatientPortalUnregisteredPatientListTest" name="UnregisterPatientList" time="19.600"/>
  <testcase classname="com.test.frontoffice.test.TC_015_PatientPortalUnregisteredPatientListTest" name="PatientPortalRegisterPatient" time="13.687"/>
</testsuite> <!-- com.test.frontoffice.test.TC_015_PatientPortalUnregisteredPatientListTest -->
