<?xml version="1.0" encoding="UTF-8"?>
<!-- Generated by org.testng.reporters.JUnitReportReporter -->
<testsuite hostname="DESKTOP-V88DC5U" failures="0" tests="2" name="com.test.emergency.test.TC_001_ER_RegistrationTest" time="76.417" errors="0" timestamp="2026-04-01T10:34:48 IST" skipped="0">
  <testcase classname="com.test.emergency.test.TC_001_ER_RegistrationTest" name="erDemogrphicDetailsTest" time="71.443"/>
  <testcase classname="com.test.emergency.test.TC_001_ER_RegistrationTest" name="SaveEmergencyPatientTest" time="4.974"/>
</testsuite> <!-- com.test.emergency.test.TC_001_ER_RegistrationTest -->
