<?xml version="1.0" encoding="UTF-8"?>
<!-- Generated by org.testng.reporters.JUnitReportReporter -->
<testsuite hostname="DESKTOP-V88DC5U" failures="0" tests="5" name="com.test.emergency.test.TC_032_ER_IOChartTest" time="106.777" errors="0" timestamp="2026-04-24T16:22:10 IST" skipped="1">
  <testcase classname="com.test.emergency.test.TC_032_ER_IOChartTest" name="SearchPatientIOChartTest" time="25.185"/>
  <testcase classname="com.test.emergency.test.TC_032_ER_IOChartTest" name="ERNumberPatientIOChartTest" time="63.553"/>
  <testcase classname="com.test.emergency.test.TC_032_ER_IOChartTest" name="IOChartChildWindToParentWindowPrintTest" time="14.158"/>
  <testcase classname="com.test.emergency.test.TC_032_ER_IOChartTest" name="DeleteErrorMarkedErrorTest" time="3.881"/>
  <testcase classname="com.test.emergency.test.TC_032_ER_IOChartTest" name="DeletePatientIOChartTest">
    <skipped/>
  </testcase> <!-- DeletePatientIOChartTest -->
</testsuite> <!-- com.test.emergency.test.TC_032_ER_IOChartTest -->
