<?xml version="1.0" encoding="UTF-8"?>
<!-- Generated by org.testng.reporters.JUnitReportReporter -->
<testsuite hostname="DESKTOP-V88DC5U" failures="0" tests="2" name="com.test.frontofficeBilling.test.TC_003_FoRegistrationWithSchemeBillingTest" time="128.593" errors="0" timestamp="2025-12-04T17:02:50 IST" skipped="0">
  <testcase classname="com.test.frontofficeBilling.test.TC_003_FoRegistrationWithSchemeBillingTest" name="verifyPatientRegistration" time="53.431"/>
  <testcase classname="com.test.frontofficeBilling.test.TC_003_FoRegistrationWithSchemeBillingTest" name="frontOfficeBillingTest" time="75.162"/>
</testsuite> <!-- com.test.frontofficeBilling.test.TC_003_FoRegistrationWithSchemeBillingTest -->
