<?xml version="1.0" encoding="UTF-8"?>
<!-- Generated by org.testng.reporters.JUnitReportReporter -->
<testsuite hostname="DESKTOP-V88DC5U" failures="0" tests="5" name="com.test.frontofficeBilling.test.TC_001_FoRegistrationWithoutSchemeBillingTest" time="329.094" errors="0" timestamp="2026-01-09T11:07:59 IST" skipped="0">
  <testcase classname="com.test.frontofficeBilling.test.TC_001_FoRegistrationWithoutSchemeBillingTest" name="verifyPatientRegistration" time="68.962"/>
  <testcase classname="com.test.frontofficeBilling.test.TC_001_FoRegistrationWithoutSchemeBillingTest" name="frontOfficeBillingTest" time="57.194"/>
  <testcase classname="com.test.frontofficeBilling.test.TC_001_FoRegistrationWithoutSchemeBillingTest" name="frontOfficeDiscountOnBillingTest" time="68.030"/>
  <testcase classname="com.test.frontofficeBilling.test.TC_001_FoRegistrationWithoutSchemeBillingTest" name="frontOfficeDiscountOnServiceTest" time="69.106"/>
  <testcase classname="com.test.frontofficeBilling.test.TC_001_FoRegistrationWithoutSchemeBillingTest" name="frontOfficeDiscountOnItemsTest" time="65.802"/>
</testsuite> <!-- com.test.frontofficeBilling.test.TC_001_FoRegistrationWithoutSchemeBillingTest -->
