<?xml version="1.0" encoding="UTF-8"?>
<!-- Generated by org.testng.reporters.JUnitReportReporter -->
<testsuite hostname="DESKTOP-V88DC5U" failures="0" tests="3" name="com.test.frontoffice.test.TC_013_CreateFamilyTest" time="41.123" errors="0" timestamp="2026-01-07T15:56:57 IST" skipped="0">
  <testcase classname="com.test.frontoffice.test.TC_013_CreateFamilyTest" name="CreateFamilyPatient" time="37.126"/>
  <testcase classname="com.test.frontoffice.test.TC_013_CreateFamilyTest" name="CreateFamilyInExcelSheet" time="1.518"/>
  <testcase classname="com.test.frontoffice.test.TC_013_CreateFamilyTest" name="CheckCreateFamilyInEmployee_Code" time="2.479"/>
</testsuite> <!-- com.test.frontoffice.test.TC_013_CreateFamilyTest -->
