<?xml version="1.0" encoding="UTF-8"?>
<!-- Generated by org.testng.reporters.JUnitReportReporter -->
<testsuite hostname="DESKTOP-V88DC5U" failures="0" tests="5" name="com.test.IpBilling.test.TC_011_ChequeInHandTest" time="166.504" errors="0" timestamp="2026-02-27T10:12:44 IST" skipped="0">
  <testcase classname="com.test.IpBilling.test.TC_011_ChequeInHandTest" name="ChequeInHandInDischargePatient" time="42.504"/>
  <testcase classname="com.test.IpBilling.test.TC_011_ChequeInHandTest" name="ChequeInHandInCurrentPatient" time="39.872"/>
  <testcase classname="com.test.IpBilling.test.TC_011_ChequeInHandTest" name="IPDepositRefundChequeSaveTest" time="7.959"/>
  <testcase classname="com.test.IpBilling.test.TC_011_ChequeInHandTest" name="ChequeInHandSaveAndDeleteIcon" time="39.571"/>
  <testcase classname="com.test.IpBilling.test.TC_011_ChequeInHandTest" name="EnterUHID_IPNumber_ChequeInHand_Deposit" time="36.598"/>
</testsuite> <!-- com.test.IpBilling.test.TC_011_ChequeInHandTest -->
