<?xml version="1.0" encoding="UTF-8"?>
<!-- Generated by org.testng.reporters.JUnitReportReporter -->
<testsuite hostname="DESKTOP-V88DC5U" failures="0" tests="1" name="com.test.frontoffice.test.TC_001_Fo_RegistrationMandotryFiledTest" time="49.032" errors="0" timestamp="2025-11-26T18:08:55 IST" skipped="0">
  <testcase classname="com.test.frontoffice.test.TC_001_Fo_RegistrationMandotryFiledTest" name="verifyPatientRegistration" time="49.032"/>
</testsuite> <!-- com.test.frontoffice.test.TC_001_Fo_RegistrationMandotryFiledTest -->
