<?xml version="1.0" encoding="UTF-8"?>
<!-- Generated by org.testng.reporters.JUnitReportReporter -->
<testsuite hostname="DESKTOP-V88DC5U" failures="0" tests="1" name="com.test.samplecollection.test.Tc_01SampleCollectionTest" time="27.584" errors="0" timestamp="2025-07-26T15:04:59 IST" skipped="0">
  <testcase classname="com.test.samplecollection.test.Tc_01SampleCollectionTest" name="HomeVisitSampleCollectionOfOutpatient" time="27.584"/>
</testsuite> <!-- com.test.samplecollection.test.Tc_01SampleCollectionTest -->
