<?xml version="1.0" encoding="UTF-8"?>
<!-- Generated by org.testng.reporters.JUnitReportReporter -->
<testsuite hostname="DESKTOP-V88DC5U" failures="0" tests="2" name="com.test.nursing.test.Tc_05OPDNursingNotesandTemplatesTest_005" time="149.919" errors="0" timestamp="2025-07-24T22:52:07 IST" skipped="0">
  <testcase classname="com.test.nursing.test.Tc_05OPDNursingNotesandTemplatesTest_005" name="nursingNotesTempalet" time="105.734"/>
  <testcase classname="com.test.nursing.test.Tc_05OPDNursingNotesandTemplatesTest_005" name="nursingProgressNotes" time="44.185"/>
</testsuite> <!-- com.test.nursing.test.Tc_05OPDNursingNotesandTemplatesTest_005 -->
