<?xml version="1.0" encoding="UTF-8"?>
<!-- Generated by org.testng.reporters.JUnitReportReporter -->
<testsuite hostname="DESKTOP-V88DC5U" failures="0" tests="2" name="com.test.emergency.test.TC_026_Report_TriagePatientBillStatusReportTest" time="45.843" errors="0" timestamp="2026-04-22T12:53:58 IST" skipped="0">
  <testcase classname="com.test.emergency.test.TC_026_Report_TriagePatientBillStatusReportTest" name="AscendingTriagePatientBillStatusTest" time="31.735"/>
  <testcase classname="com.test.emergency.test.TC_026_Report_TriagePatientBillStatusReportTest" name="DescendingTriagePatientBillStatusTest" time="14.108"/>
</testsuite> <!-- com.test.emergency.test.TC_026_Report_TriagePatientBillStatusReportTest -->
