<?xml version="1.0" encoding="UTF-8"?>
<!-- Generated by org.testng.reporters.JUnitReportReporter -->
<testsuite hostname="DESKTOP-V88DC5U" failures="0" tests="2" name="com.test.IpBilling.test.TC_00A1_IpBillingTest" time="148.592" errors="0" timestamp="2026-02-05T10:12:02 IST" skipped="0">
  <testcase classname="com.test.IpBilling.test.TC_00A1_IpBillingTest" name="AdmitPatient" time="107.008"/>
  <testcase classname="com.test.IpBilling.test.TC_00A1_IpBillingTest" name="NursingClearanceTest" time="41.584"/>
</testsuite> <!-- com.test.IpBilling.test.TC_00A1_IpBillingTest -->
