<?xml version="1.0" encoding="UTF-8"?>
<!-- Generated by org.testng.reporters.JUnitReportReporter -->
<testsuite hostname="DESKTOP-V88DC5U" failures="0" tests="1" name="com.test.frontofficeBilling.test.TC_008_ApproveRefundTest" time="26.377" errors="0" timestamp="2026-01-15T16:44:25 IST" skipped="0">
  <testcase classname="com.test.frontofficeBilling.test.TC_008_ApproveRefundTest" name="BillsApproveRefundsTest" time="26.377"/>
</testsuite> <!-- com.test.frontofficeBilling.test.TC_008_ApproveRefundTest -->
