<?xml version="1.0" encoding="UTF-8"?>
<!-- Generated by org.testng.reporters.JUnitReportReporter -->
<testsuite hostname="DESKTOP-V88DC5U" failures="0" tests="1" name="com.test.emergency.test.TC_027_Report_Er_TriageDischargeCancellationReportTest" time="28.825" errors="0" timestamp="2026-04-22T13:58:58 IST" skipped="0">
  <testcase classname="com.test.emergency.test.TC_027_Report_Er_TriageDischargeCancellationReportTest" name="TriageDischargeCancellationTest" time="28.825"/>
</testsuite> <!-- com.test.emergency.test.TC_027_Report_Er_TriageDischargeCancellationReportTest -->
