<?xml version="1.0" encoding="UTF-8"?>
<!-- Generated by org.testng.reporters.JUnitReportReporter -->
<testsuite hostname="DESKTOP-V88DC5U" failures="0" tests="2" name="com.test.frontofficeBilling.test.TC_004_FoRegistrationWithSchemeCompanyBillingTest" time="132.974" errors="0" timestamp="2025-12-09T18:36:44 IST" skipped="0">
  <testcase classname="com.test.frontofficeBilling.test.TC_004_FoRegistrationWithSchemeCompanyBillingTest" name="verifyPatientRegistration" time="80.508"/>
  <testcase classname="com.test.frontofficeBilling.test.TC_004_FoRegistrationWithSchemeCompanyBillingTest" name="frontOfficeBillingTest" time="52.466"/>
</testsuite> <!-- com.test.frontofficeBilling.test.TC_004_FoRegistrationWithSchemeCompanyBillingTest -->
