<?xml version="1.0" encoding="UTF-8"?>
<!-- Generated by org.testng.reporters.JUnitReportReporter -->
<testsuite hostname="DESKTOP-V88DC5U" failures="0" tests="2" name="com.test.emergency.test.TC_005_AdmissionUpdateDateTimeTest" time="24.173" errors="0" timestamp="2026-03-20T10:24:40 IST" skipped="0">
  <testcase classname="com.test.emergency.test.TC_005_AdmissionUpdateDateTimeTest" name="CurrentPatentTest" time="24.109"/>
  <testcase classname="com.test.emergency.test.TC_005_AdmissionUpdateDateTimeTest" name="DischargePatentTest" time="0.064"/>
</testsuite> <!-- com.test.emergency.test.TC_005_AdmissionUpdateDateTimeTest -->
