<?xml version="1.0" encoding="UTF-8"?>
<!-- Generated by org.testng.reporters.JUnitReportReporter -->
<testsuite hostname="DESKTOP-V88DC5U" failures="0" tests="2" name="com.test.frontoffice.test.PatientPortalUnregisteredPatientListTest" time="32.525" errors="0" timestamp="2025-12-26T11:29:21 IST" skipped="0">
  <testcase classname="com.test.frontoffice.test.PatientPortalUnregisteredPatientListTest" name="UnregisterPatientList" time="18.872"/>
  <testcase classname="com.test.frontoffice.test.PatientPortalUnregisteredPatientListTest" name="PatientPortalRegisterPatient" time="13.653"/>
</testsuite> <!-- com.test.frontoffice.test.PatientPortalUnregisteredPatientListTest -->
