<?xml version="1.0" encoding="UTF-8"?>
<!-- Generated by org.testng.reporters.JUnitReportReporter -->
<testsuite hostname="DESKTOP-V88DC5U" failures="0" tests="5" name="com.test.emergency.test.Tc_015_Er_DueSettlementTest" time="89.380" errors="0" timestamp="2026-05-12T15:54:16 IST" skipped="0">
  <testcase classname="com.test.emergency.test.Tc_015_Er_DueSettlementTest" name="SearchErNumberAndDueSettlmentTest" time="24.652"/>
  <testcase classname="com.test.emergency.test.Tc_015_Er_DueSettlementTest" name="SearchByCompanyDateWiseTest" time="11.592"/>
  <testcase classname="com.test.emergency.test.Tc_015_Er_DueSettlementTest" name="EnterErNumberInChequeDueSettlementTest" time="24.131"/>
  <testcase classname="com.test.emergency.test.Tc_015_Er_DueSettlementTest" name="EnterErNumberInDueSettlementInCashTest" time="11.732"/>
  <testcase classname="com.test.emergency.test.Tc_015_Er_DueSettlementTest" name="PrintReciptNumberTest" time="17.273"/>
</testsuite> <!-- com.test.emergency.test.Tc_015_Er_DueSettlementTest -->
