<?xml version="1.0" encoding="UTF-8"?>
<!-- Generated by org.testng.reporters.JUnitReportReporter -->
<testsuite hostname="DESKTOP-V88DC5U" failures="0" tests="1" name="com.test.frontoffice.test.TC_001_Fo_RegistrationMandotryFiledTest" time="50.793" errors="0" timestamp="2026-01-18T11:25:42 IST" skipped="0">
  <testcase classname="com.test.frontoffice.test.TC_001_Fo_RegistrationMandotryFiledTest" name="verifyPatientRegistration" time="50.793"/>
</testsuite> <!-- com.test.frontoffice.test.TC_001_Fo_RegistrationMandotryFiledTest -->
