<?xml version="1.0" encoding="UTF-8"?>
<!-- Generated by org.testng.reporters.JUnitReportReporter -->
<testsuite hostname="DESKTOP-V88DC5U" failures="1" tests="6" name="com.test.emergency.test.TC_015_Er_DueSettlementTest" time="3.459" errors="0" timestamp="2026-05-13T13:56:07 IST" skipped="5">
  <testcase classname="com.test.emergency.test.TC_015_Er_DueSettlementTest" name="launchBrowser" time="3.459">
    <failure message="Exception while capturing screenshotno such window: target window already closed
from unknown error: web view not found
  (Session info: chrome=148.0.7778.97)
Build info: version: &#039;4.38.0&#039;, revision: &#039;6b412e825c*&#039;
System info: os.name: &#039;Windows 11&#039;, os.arch: &#039;amd64&#039;, os.version: &#039;10.0&#039;, java.version: &#039;21.0.1&#039;
Driver info: org.openqa.selenium.chrome.ChromeDriver
Command: [c09af3d5141d7cd97a08e95b0cb4eb7c, screenshot {}]
Capabilities {acceptInsecureCerts: true, browserName: chrome, browserVersion: 148.0.7778.97, chrome: {chromedriverVersion: 148.0.7778.97 (6b3fa66a923a..., userDataDir: C:\Users\ANUP~1.DES\AppData...}, fedcm:accounts: true, goog:chromeOptions: {debuggerAddress: localhost:53167}, goog:processID: 51716, networkConnectionEnabled: false, pageLoadStrategy: normal, platformName: windows, proxy: Proxy(), se:cdp: ws://localhost:53167/devtoo..., se:cdpVersion: 148.0.7778.97, setWindowRect: true, strictFileInteractability: false, timeouts: {implicit: 0, pageLoad: 300000, script: 30000}, unhandledPromptBehavior: dismiss and notify, webauthn:extension:credBlob: true, webauthn:extension:largeBlob: true, webauthn:extension:minPinLength: true, webauthn:extension:prf: true, webauthn:virtualAuthenticators: true}
Session ID: c09af3d5141d7cd97a08e95b0cb4eb7c" type="java.lang.AssertionError">
      <![CDATA[java.lang.AssertionError: Exception while capturing screenshotno such window: target window already closed
from unknown error: web view not found
  (Session info: chrome=148.0.7778.97)
Build info: version: '4.38.0', revision: '6b412e825c*'
System info: os.name: 'Windows 11', os.arch: 'amd64', os.version: '10.0', java.version: '21.0.1'
Driver info: org.openqa.selenium.chrome.ChromeDriver
Command: [c09af3d5141d7cd97a08e95b0cb4eb7c, screenshot {}]
Capabilities {acceptInsecureCerts: true, browserName: chrome, browserVersion: 148.0.7778.97, chrome: {chromedriverVersion: 148.0.7778.97 (6b3fa66a923a..., userDataDir: C:\Users\ANUP~1.DES\AppData...}, fedcm:accounts: true, goog:chromeOptions: {debuggerAddress: localhost:53167}, goog:processID: 51716, networkConnectionEnabled: false, pageLoadStrategy: normal, platformName: windows, proxy: Proxy(), se:cdp: ws://localhost:53167/devtoo..., se:cdpVersion: 148.0.7778.97, setWindowRect: true, strictFileInteractability: false, timeouts: {implicit: 0, pageLoad: 300000, script: 30000}, unhandledPromptBehavior: dismiss and notify, webauthn:extension:credBlob: true, webauthn:extension:largeBlob: true, webauthn:extension:minPinLength: true, webauthn:extension:prf: true, webauthn:virtualAuthenticators: true}
Session ID: c09af3d5141d7cd97a08e95b0cb4eb7c
at org.testng.Assert.fail(Assert.java:111)
at com.test.ui.helper.CommanUtill.passedScreenShotPics(CommanUtill.java:212)
at com.test.ui.helper.CommanUtill.enter(CommanUtill.java:464)
at com.test.browser.setup.GeneralBrowserSetting.applicationLogin(GeneralBrowserSetting.java:83)
at com.test.browser.setup.GeneralBrowserSetting.launchBrowser(GeneralBrowserSetting.java:78)
at java.base/jdk.internal.reflect.DirectMethodHandleAccessor.invoke(DirectMethodHandleAccessor.java:103)
at java.base/java.lang.reflect.Method.invoke(Method.java:580)
at org.testng.internal.invokers.MethodInvocationHelper.invokeMethod(MethodInvocationHelper.java:141)
at org.testng.internal.invokers.MethodInvocationHelper.invokeMethodConsideringTimeout(MethodInvocationHelper.java:71)
at org.testng.internal.invokers.ConfigInvoker.invokeConfigurationMethod(ConfigInvoker.java:400)
at org.testng.internal.invokers.ConfigInvoker.invokeConfigurations(ConfigInvoker.java:333)
at org.testng.internal.invokers.TestMethodWorker.invokeBeforeClassMethods(TestMethodWorker.java:188)
at org.testng.internal.invokers.TestMethodWorker.run(TestMethodWorker.java:128)
at java.base/java.util.ArrayList.forEach(ArrayList.java:1596)
at org.testng.TestRunner.privateRun(TestRunner.java:741)
at org.testng.TestRunner.run(TestRunner.java:616)
at org.testng.SuiteRunner.runTest(SuiteRunner.java:421)
at org.testng.SuiteRunner.runSequentially(SuiteRunner.java:413)
at org.testng.SuiteRunner.privateRun(SuiteRunner.java:373)
at org.testng.SuiteRunner.run(SuiteRunner.java:312)
at org.testng.SuiteRunnerWorker.runSuite(SuiteRunnerWorker.java:52)
at org.testng.SuiteRunnerWorker.run(SuiteRunnerWorker.java:95)
at org.testng.TestNG.runSuitesSequentially(TestNG.java:1274)
at org.testng.TestNG.runSuitesLocally(TestNG.java:1208)
at org.testng.TestNG.runSuites(TestNG.java:1112)
at org.testng.TestNG.run(TestNG.java:1079)
at org.testng.remote.AbstractRemoteTestNG.run(AbstractRemoteTestNG.java:115)
at org.testng.remote.RemoteTestNG.initAndRun(RemoteTestNG.java:293)
at org.testng.remote.RemoteTestNG.main(RemoteTestNG.java:91)
]]>
    </failure>
  </testcase> <!-- launchBrowser -->
  <testcase classname="com.test.emergency.test.TC_015_Er_DueSettlementTest" name="SearchErNumberAndDueSettlmentTest" time="0.000">
    <skipped/>
  </testcase> <!-- SearchErNumberAndDueSettlmentTest -->
  <testcase classname="com.test.emergency.test.TC_015_Er_DueSettlementTest" name="SearchByCompanyDateWiseTest" time="0.000">
    <skipped/>
  </testcase> <!-- SearchByCompanyDateWiseTest -->
  <testcase classname="com.test.emergency.test.TC_015_Er_DueSettlementTest" name="EnterErNumberInChequeDueSettlementTest" time="0.000">
    <skipped/>
  </testcase> <!-- EnterErNumberInChequeDueSettlementTest -->
  <testcase classname="com.test.emergency.test.TC_015_Er_DueSettlementTest" name="EnterErNumberInDueSettlementInCashTest" time="0.000">
    <skipped/>
  </testcase> <!-- EnterErNumberInDueSettlementInCashTest -->
  <testcase classname="com.test.emergency.test.TC_015_Er_DueSettlementTest" name="PrintReciptNumberTest" time="0.000">
    <skipped/>
  </testcase> <!-- PrintReciptNumberTest -->
</testsuite> <!-- com.test.emergency.test.TC_015_Er_DueSettlementTest -->
