<?xml version="1.0" encoding="UTF-8"?>
<!-- Generated by org.testng.reporters.JUnitReportReporter -->
<testsuite hostname="DESKTOP-V88DC5U" failures="0" tests="2" name="com.test.frontoffice.test.InsuranceDocumentTest" time="43.999" errors="0" timestamp="2026-01-07T18:59:31 IST" skipped="0">
  <testcase classname="com.test.frontoffice.test.InsuranceDocumentTest" name="FrontOfficeOP_InsuranceDocument" time="30.970"/>
  <testcase classname="com.test.frontoffice.test.InsuranceDocumentTest" name="FrontOfficeIP_InsuranceDocument" time="13.029"/>
</testsuite> <!-- com.test.frontoffice.test.InsuranceDocumentTest -->
