<?xml version="1.0" encoding="UTF-8"?>
<!-- Generated by org.testng.reporters.JUnitReportReporter -->
<testsuite hostname="DESKTOP-V88DC5U" failures="0" tests="3" name="com.test.frontoffice.test.CreateFamilyTest" time="39.270" errors="0" timestamp="2025-12-22T16:22:59 IST" skipped="0">
  <testcase classname="com.test.frontoffice.test.CreateFamilyTest" name="CreateFamilyPatient" time="35.454"/>
  <testcase classname="com.test.frontoffice.test.CreateFamilyTest" name="CreateFamilyInExcelSheet" time="1.380"/>
  <testcase classname="com.test.frontoffice.test.CreateFamilyTest" name="CheckCreateFamilyInEmployee_Code" time="2.436"/>
</testsuite> <!-- com.test.frontoffice.test.CreateFamilyTest -->
