<?xml version="1.0" encoding="UTF-8"?>
<!-- Generated by org.testng.reporters.JUnitReportReporter -->
<testsuite hostname="DESKTOP-V88DC5U" failures="0" tests="4" name="com.test.frontofficeBilling.test.TC_002_FoRegistrationWithSchemeBillingTest" time="215.458" errors="0" timestamp="2025-12-11T16:23:35 IST" skipped="0">
  <testcase classname="com.test.frontofficeBilling.test.TC_002_FoRegistrationWithSchemeBillingTest" name="verifyPatientRegistration" time="53.801"/>
  <testcase classname="com.test.frontofficeBilling.test.TC_002_FoRegistrationWithSchemeBillingTest" name="frontOfficeCashBillingTest" time="61.563"/>
  <testcase classname="com.test.frontofficeBilling.test.TC_002_FoRegistrationWithSchemeBillingTest" name="frontOfficeChwqueBillingTest" time="50.308"/>
  <testcase classname="com.test.frontofficeBilling.test.TC_002_FoRegistrationWithSchemeBillingTest" name="frontOfficeCreditCardBillingTest" time="49.786"/>
</testsuite> <!-- com.test.frontofficeBilling.test.TC_002_FoRegistrationWithSchemeBillingTest -->
