<?xml version="1.0" encoding="UTF-8"?>
<!-- Generated by org.testng.reporters.JUnitReportReporter -->
<testsuite hostname="DESKTOP-V88DC5U" failures="0" tests="2" name="com.test.frontoffice.test.TC_014_MultipleEpisodeCreditLimitTest" time="46.742" errors="0" timestamp="2026-01-07T16:24:31 IST" skipped="0">
  <testcase classname="com.test.frontoffice.test.TC_014_MultipleEpisodeCreditLimitTest" name="MultipleEpisodeCreditLimit" time="30.116"/>
  <testcase classname="com.test.frontoffice.test.TC_014_MultipleEpisodeCreditLimitTest" name="FrontOfficeBilingPage" time="16.626"/>
</testsuite> <!-- com.test.frontoffice.test.TC_014_MultipleEpisodeCreditLimitTest -->
