<?xml version="1.0" encoding="UTF-8"?>
<!-- Generated by org.testng.reporters.JUnitReportReporter -->
<testsuite hostname="DESKTOP-V88DC5U" failures="0" tests="2" name="com.test.frontofficeBilling.test.TC_003_FoRegistrationWithSchemeOPDPackageBillingTest" time="85.725" errors="0" timestamp="2026-01-26T16:07:34 IST" skipped="0">
  <testcase classname="com.test.frontofficeBilling.test.TC_003_FoRegistrationWithSchemeOPDPackageBillingTest" name="verifyPatientRegistration" time="55.456"/>
  <testcase classname="com.test.frontofficeBilling.test.TC_003_FoRegistrationWithSchemeOPDPackageBillingTest" name="frontOfficeBillingTest" time="30.269"/>
</testsuite> <!-- com.test.frontofficeBilling.test.TC_003_FoRegistrationWithSchemeOPDPackageBillingTest -->
