<?xml version="1.0" encoding="UTF-8"?>
<!-- Generated by org.testng.reporters.JUnitReportReporter -->
<testsuite hostname="DESKTOP-V88DC5U" failures="0" tests="8" name="com.test.emergency.test.TC_010_Reg_Misc_AmbulanceCharges_BillDetails_Discharge_BillSettledTest" time="181.759" errors="0" timestamp="2026-05-12T14:16:11 IST" skipped="0">
  <testcase classname="com.test.emergency.test.TC_010_Reg_Misc_AmbulanceCharges_BillDetails_Discharge_BillSettledTest" name="erDemogrphicDetailsTest" time="64.750"/>
  <testcase classname="com.test.emergency.test.TC_010_Reg_Misc_AmbulanceCharges_BillDetails_Discharge_BillSettledTest" name="SaveEmergencyPatientTest" time="5.999"/>
  <testcase classname="com.test.emergency.test.TC_010_Reg_Misc_AmbulanceCharges_BillDetails_Discharge_BillSettledTest" name="EnterUHID_IpNumber_MiscellaneousCharges" time="27.436"/>
  <testcase classname="com.test.emergency.test.TC_010_Reg_Misc_AmbulanceCharges_BillDetails_Discharge_BillSettledTest" name="AmbulanceMRDChargesTest" time="17.046"/>
  <testcase classname="com.test.emergency.test.TC_010_Reg_Misc_AmbulanceCharges_BillDetails_Discharge_BillSettledTest" name="EnterErNumberAndUHID" time="7.798"/>
  <testcase classname="com.test.emergency.test.TC_010_Reg_Misc_AmbulanceCharges_BillDetails_Discharge_BillSettledTest" name="BillDetailsDetails" time="28.427"/>
  <testcase classname="com.test.emergency.test.TC_010_Reg_Misc_AmbulanceCharges_BillDetails_Discharge_BillSettledTest" name="DischargeIconTest" time="11.347"/>
  <testcase classname="com.test.emergency.test.TC_010_Reg_Misc_AmbulanceCharges_BillDetails_Discharge_BillSettledTest" name="BillSettlementReceiptInChequeTest" time="18.956"/>
</testsuite> <!-- com.test.emergency.test.TC_010_Reg_Misc_AmbulanceCharges_BillDetails_Discharge_BillSettledTest -->
