<?xml version="1.0" encoding="UTF-8"?>
<!-- Generated by org.testng.reporters.JUnitReportReporter -->
<testsuite hostname="DESKTOP-V88DC5U" failures="0" tests="2" name="com.test.frontoffice.test.TC_012_MarkPatientDeceasedTest" time="42.889" errors="0" timestamp="2026-01-07T15:48:40 IST" skipped="0">
  <testcase classname="com.test.frontoffice.test.TC_012_MarkPatientDeceasedTest" name="markPatientDeceasedInUHID" time="26.770"/>
  <testcase classname="com.test.frontoffice.test.TC_012_MarkPatientDeceasedTest" name="markPatientDeceasedInSerachPatient" time="16.119"/>
</testsuite> <!-- com.test.frontoffice.test.TC_012_MarkPatientDeceasedTest -->
