<?xml version="1.0" encoding="UTF-8"?>
<!-- Generated by org.testng.reporters.JUnitReportReporter -->
<testsuite hostname="DESKTOP-V88DC5U" failures="0" tests="3" name="com.test.emergency.test.TC_012_AmbulanceMRDChargesTest" time="32.175" errors="0" timestamp="2026-03-30T15:41:04 IST" skipped="1">
  <testcase classname="com.test.emergency.test.TC_012_AmbulanceMRDChargesTest" name="AmbulanceMRDChargesTest" time="27.071"/>
  <testcase classname="com.test.emergency.test.TC_012_AmbulanceMRDChargesTest" name="DeleteAmbulanceMRDChargesTest" time="5.104"/>
  <testcase classname="com.test.emergency.test.TC_012_AmbulanceMRDChargesTest" name="FindCurrentPatientAmbulanceMRDChargesTest">
    <skipped/>
  </testcase> <!-- FindCurrentPatientAmbulanceMRDChargesTest -->
</testsuite> <!-- com.test.emergency.test.TC_012_AmbulanceMRDChargesTest -->
