<?xml version="1.0" encoding="UTF-8"?>
<!-- Generated by org.testng.reporters.JUnitReportReporter -->
<testsuite hostname="DESKTOP-V88DC5U" failures="0" tests="1" name="com.test.frontoffice.test.TC_005_Fo_RegistrationUnder10YearsMandotryFiledTest" time="49.769" errors="0" timestamp="2026-01-07T14:27:02 IST" skipped="0">
  <testcase classname="com.test.frontoffice.test.TC_005_Fo_RegistrationUnder10YearsMandotryFiledTest" name="PatientRegistrationUnder10Years" time="49.769"/>
</testsuite> <!-- com.test.frontoffice.test.TC_005_Fo_RegistrationUnder10YearsMandotryFiledTest -->
