<?xml version="1.0" encoding="UTF-8"?>
<!-- Generated by org.testng.reporters.JUnitReportReporter -->
<testsuite hostname="DESKTOP-V88DC5U" failures="0" tests="3" name="com.test.emergency.test.TC_024_Er_EmergencyClearanceTest" time="44.586" errors="0" timestamp="2026-04-21T16:39:40 IST" skipped="0">
  <testcase classname="com.test.emergency.test.TC_024_Er_EmergencyClearanceTest" name="UnacknowledgedEmergencyClearanceTest" time="30.016"/>
  <testcase classname="com.test.emergency.test.TC_024_Er_EmergencyClearanceTest" name="CheckaAcknowledgedEmergencyClearanceTest" time="7.375"/>
  <testcase classname="com.test.emergency.test.TC_024_Er_EmergencyClearanceTest" name="DeletedUnackEmergencyClearanceTest" time="7.195"/>
</testsuite> <!-- com.test.emergency.test.TC_024_Er_EmergencyClearanceTest -->
