<?xml version="1.0" encoding="UTF-8"?>
<!-- Generated by org.testng.reporters.JUnitReportReporter -->
<testsuite hostname="DESKTOP-V88DC5U" failures="0" tests="2" name="com.test.frontoffice.test.Fo_ModifyBillTest" time="64.314" errors="0" timestamp="2026-01-22T16:24:26 IST" skipped="0">
  <testcase classname="com.test.frontoffice.test.Fo_ModifyBillTest" name="ModifyBillInCash" time="32.586"/>
  <testcase classname="com.test.frontoffice.test.Fo_ModifyBillTest" name="ModifyBillInCompany" time="31.728"/>
</testsuite> <!-- com.test.frontoffice.test.Fo_ModifyBillTest -->
