<?xml version="1.0" encoding="UTF-8"?>
<!-- Generated by org.testng.reporters.JUnitReportReporter -->
<testsuite hostname="DESKTOP-V88DC5U" failures="0" tests="3" name="com.test.nursing.test.NursingRePrintBarcodeTestTc_001" time="85.584" errors="0" timestamp="2025-07-13T01:50:30 IST" skipped="0">
  <testcase classname="com.test.nursing.test.NursingRePrintBarcodeTestTc_001" name="nursingActivity" time="27.903"/>
  <testcase classname="com.test.nursing.test.NursingRePrintBarcodeTestTc_001" name="nursingActivity" time="29.405"/>
  <testcase classname="com.test.nursing.test.NursingRePrintBarcodeTestTc_001" name="nursingActivity" time="28.276"/>
</testsuite> <!-- com.test.nursing.test.NursingRePrintBarcodeTestTc_001 -->
