<?xml version="1.0" encoding="UTF-8"?>
<!-- Generated by org.testng.reporters.JUnitReportReporter -->
<testsuite hostname="DESKTOP-V88DC5U" failures="0" tests="5" name="com.test.frontoffice.test.AppointmentSchedulingTest" time="255.641" errors="0" timestamp="2026-01-19T17:31:20 IST" skipped="0">
  <testcase classname="com.test.frontoffice.test.AppointmentSchedulingTest" name="frontOfficeAppointmentSchedulingAndRegistration" time="64.447"/>
  <testcase classname="com.test.frontoffice.test.AppointmentSchedulingTest" name="FoAppointmentInLinkUHIDAndBilling" time="56.748"/>
  <testcase classname="com.test.frontoffice.test.AppointmentSchedulingTest" name="FoAppointmentINUHID" time="29.442"/>
  <testcase classname="com.test.frontoffice.test.AppointmentSchedulingTest" name="FOAppointmentAndAppointmentCancel" time="55.996"/>
  <testcase classname="com.test.frontoffice.test.AppointmentSchedulingTest" name="FOAppointmentAndSlotUpdateModification" time="49.008"/>
</testsuite> <!-- com.test.frontoffice.test.AppointmentSchedulingTest -->
