<?xml version="1.0" encoding="UTF-8"?>
<!-- Generated by org.testng.reporters.JUnitReportReporter -->
<testsuite hostname="DESKTOP-V88DC5U" failures="0" tests="7" name="com.test.emergency.test.TC_002_Er_RegistrationWithCompanyTest" time="189.305" errors="0" timestamp="2026-03-19T14:06:14 IST" skipped="0">
  <testcase classname="com.test.emergency.test.TC_002_Er_RegistrationWithCompanyTest" name="erDemogrphicDetailsTest" time="72.983"/>
  <testcase classname="com.test.emergency.test.TC_002_Er_RegistrationWithCompanyTest" name="ErCompanyInsuranceDetailsTest" time="36.332"/>
  <testcase classname="com.test.emergency.test.TC_002_Er_RegistrationWithCompanyTest" name="AddPermanentAddressTest" time="15.738"/>
  <testcase classname="com.test.emergency.test.TC_002_Er_RegistrationWithCompanyTest" name="MLCDetailsTest" time="37.421"/>
  <testcase classname="com.test.emergency.test.TC_002_Er_RegistrationWithCompanyTest" name="KinDetailsTest" time="9.785"/>
  <testcase classname="com.test.emergency.test.TC_002_Er_RegistrationWithCompanyTest" name="AmbulanceInformationTest" time="12.275"/>
  <testcase classname="com.test.emergency.test.TC_002_Er_RegistrationWithCompanyTest" name="SaveEmergencyPatientTest" time="4.771"/>
</testsuite> <!-- com.test.emergency.test.TC_002_Er_RegistrationWithCompanyTest -->
