<?xml version="1.0" encoding="UTF-8"?>
<!-- Generated by org.testng.reporters.JUnitReportReporter -->
<testsuite hostname="DESKTOP-V88DC5U" failures="2" tests="11" name="com.test.emergency.test.TC_038_ER_Order_MARTest" time="280.007" errors="0" timestamp="2026-05-11T13:10:59 IST" skipped="1">
  <testcase classname="com.test.emergency.test.TC_038_ER_Order_MARTest" name="SelectOccupiedPatientInRightTab" time="21.843"/>
  <testcase classname="com.test.emergency.test.TC_038_ER_Order_MARTest" name="ErMARCheckActiveMedicationTest" time="1.648"/>
  <testcase classname="com.test.emergency.test.TC_038_ER_Order_MARTest" name="NewDrugOrderTest" time="38.831"/>
  <testcase classname="com.test.emergency.test.TC_038_ER_Order_MARTest" name="PharmacyIpIssueTest" time="71.010"/>
  <testcase classname="com.test.emergency.test.TC_038_ER_Order_MARTest" name="EnterSamePatientInErOrder" time="20.432"/>
  <testcase classname="com.test.emergency.test.TC_038_ER_Order_MARTest" name="ActiveMedicationAdministerNowTest" time="41.248"/>
  <testcase classname="com.test.emergency.test.TC_038_ER_Order_MARTest" name="ActiveMedication_ChangeScheduleTest" time="33.081">
    <failure message="Error while Clicking on the web element... " type="java.lang.AssertionError">
      <![CDATA[java.lang.AssertionError: Error while Clicking on the web element... 
at org.testng.Assert.fail(Assert.java:111)
at com.test.ui.helper.CommanUtill.clickFunction(CommanUtill.java:376)
at com.test.emergency.page.ER_Order_MARPage.RadioBtnChangeSchedule(ER_Order_MARPage.java:203)
at com.test.emergency.test.TC_038_ER_Order_MARTest.ActiveMedication_ChangeScheduleTest(TC_038_ER_Order_MARTest.java:197)
at java.base/jdk.internal.reflect.DirectMethodHandleAccessor.invoke(DirectMethodHandleAccessor.java:103)
at java.base/java.lang.reflect.Method.invoke(Method.java:580)
at org.testng.internal.invokers.MethodInvocationHelper.invokeMethod(MethodInvocationHelper.java:141)
at org.testng.internal.invokers.TestInvoker.invokeMethod(TestInvoker.java:687)
at org.testng.internal.invokers.TestInvoker.invokeTestMethod(TestInvoker.java:230)
at org.testng.internal.invokers.MethodRunner.runInSequence(MethodRunner.java:63)
at org.testng.internal.invokers.TestInvoker$MethodInvocationAgent.invoke(TestInvoker.java:995)
at org.testng.internal.invokers.TestInvoker.invokeTestMethods(TestInvoker.java:203)
at org.testng.internal.invokers.TestMethodWorker.invokeTestMethods(TestMethodWorker.java:154)
at org.testng.internal.invokers.TestMethodWorker.run(TestMethodWorker.java:134)
at java.base/java.util.ArrayList.forEach(ArrayList.java:1596)
at org.testng.TestRunner.privateRun(TestRunner.java:741)
at org.testng.TestRunner.run(TestRunner.java:616)
at org.testng.SuiteRunner.runTest(SuiteRunner.java:421)
at org.testng.SuiteRunner.runSequentially(SuiteRunner.java:413)
at org.testng.SuiteRunner.privateRun(SuiteRunner.java:373)
at org.testng.SuiteRunner.run(SuiteRunner.java:312)
at org.testng.SuiteRunnerWorker.runSuite(SuiteRunnerWorker.java:52)
at org.testng.SuiteRunnerWorker.run(SuiteRunnerWorker.java:95)
at org.testng.TestNG.runSuitesSequentially(TestNG.java:1274)
at org.testng.TestNG.runSuitesLocally(TestNG.java:1208)
at org.testng.TestNG.runSuites(TestNG.java:1112)
at org.testng.TestNG.run(TestNG.java:1079)
at org.testng.remote.AbstractRemoteTestNG.run(AbstractRemoteTestNG.java:115)
at org.testng.remote.RemoteTestNG.initAndRun(RemoteTestNG.java:293)
at org.testng.remote.RemoteTestNG.main(RemoteTestNG.java:91)
]]>
    </failure>
  </testcase> <!-- ActiveMedication_ChangeScheduleTest -->
  <testcase classname="com.test.emergency.test.TC_038_ER_Order_MARTest" name="ActiveMedication_ChangeScheduleInBackwardHoursTest" time="32.313">
    <failure message="Error while Clicking on the web element... " type="java.lang.AssertionError">
      <![CDATA[java.lang.AssertionError: Error while Clicking on the web element... 
at org.testng.Assert.fail(Assert.java:111)
at com.test.ui.helper.CommanUtill.clickFunction(CommanUtill.java:376)
at com.test.emergency.page.ER_Order_MARPage.RadioBtnChangeSchedule(ER_Order_MARPage.java:203)
at com.test.emergency.test.TC_038_ER_Order_MARTest.ActiveMedication_ChangeScheduleInBackwardHoursTest(TC_038_ER_Order_MARTest.java:233)
at java.base/jdk.internal.reflect.DirectMethodHandleAccessor.invoke(DirectMethodHandleAccessor.java:103)
at java.base/java.lang.reflect.Method.invoke(Method.java:580)
at org.testng.internal.invokers.MethodInvocationHelper.invokeMethod(MethodInvocationHelper.java:141)
at org.testng.internal.invokers.TestInvoker.invokeMethod(TestInvoker.java:687)
at org.testng.internal.invokers.TestInvoker.invokeTestMethod(TestInvoker.java:230)
at org.testng.internal.invokers.MethodRunner.runInSequence(MethodRunner.java:63)
at org.testng.internal.invokers.TestInvoker$MethodInvocationAgent.invoke(TestInvoker.java:995)
at org.testng.internal.invokers.TestInvoker.invokeTestMethods(TestInvoker.java:203)
at org.testng.internal.invokers.TestMethodWorker.invokeTestMethods(TestMethodWorker.java:154)
at org.testng.internal.invokers.TestMethodWorker.run(TestMethodWorker.java:134)
at java.base/java.util.ArrayList.forEach(ArrayList.java:1596)
at org.testng.TestRunner.privateRun(TestRunner.java:741)
at org.testng.TestRunner.run(TestRunner.java:616)
at org.testng.SuiteRunner.runTest(SuiteRunner.java:421)
at org.testng.SuiteRunner.runSequentially(SuiteRunner.java:413)
at org.testng.SuiteRunner.privateRun(SuiteRunner.java:373)
at org.testng.SuiteRunner.run(SuiteRunner.java:312)
at org.testng.SuiteRunnerWorker.runSuite(SuiteRunnerWorker.java:52)
at org.testng.SuiteRunnerWorker.run(SuiteRunnerWorker.java:95)
at org.testng.TestNG.runSuitesSequentially(TestNG.java:1274)
at org.testng.TestNG.runSuitesLocally(TestNG.java:1208)
at org.testng.TestNG.runSuites(TestNG.java:1112)
at org.testng.TestNG.run(TestNG.java:1079)
at org.testng.remote.AbstractRemoteTestNG.run(AbstractRemoteTestNG.java:115)
at org.testng.remote.RemoteTestNG.initAndRun(RemoteTestNG.java:293)
at org.testng.remote.RemoteTestNG.main(RemoteTestNG.java:91)
]]>
    </failure>
  </testcase> <!-- ActiveMedication_ChangeScheduleInBackwardHoursTest -->
  <testcase classname="com.test.emergency.test.TC_038_ER_Order_MARTest" name="ActiveMedication_AdverseeventTest" time="16.752"/>
  <testcase classname="com.test.emergency.test.TC_038_ER_Order_MARTest" name="CheckAdministrationRecordAdverseEventTest" time="2.849"/>
  <testcase classname="com.test.emergency.test.TC_038_ER_Order_MARTest" name="ActiveMedication_UnablToAdministerTest">
    <skipped/>
  </testcase> <!-- ActiveMedication_UnablToAdministerTest -->
</testsuite> <!-- com.test.emergency.test.TC_038_ER_Order_MARTest -->
