<?xml version="1.0" encoding="UTF-8"?>
<!-- Generated by org.testng.reporters.JUnitReportReporter -->
<testsuite hostname="DESKTOP-V88DC5U" failures="0" tests="1" name="com.test.nursing.test.OPDNursingSignedPatientListTest_010" time="23.600" errors="0" timestamp="2025-07-16T17:49:42 IST" skipped="0">
  <testcase classname="com.test.nursing.test.OPDNursingSignedPatientListTest_010" name="nursingWorkbench" time="23.600"/>
</testsuite> <!-- com.test.nursing.test.OPDNursingSignedPatientListTest_010 -->
