<?xml version="1.0" encoding="UTF-8"?>
<!-- Generated by org.testng.reporters.JUnitReportReporter -->
<testsuite hostname="DESKTOP-V88DC5U" failures="0" tests="1" name="com.test.frontoffice.test.TC_004_Fo_RegistrationFinancialDetailsTest" time="62.280" errors="0" timestamp="2025-12-08T15:42:16 IST" skipped="0">
  <testcase classname="com.test.frontoffice.test.TC_004_Fo_RegistrationFinancialDetailsTest" name="FinancialDetailsPatientRegistration" time="62.280"/>
</testsuite> <!-- com.test.frontoffice.test.TC_004_Fo_RegistrationFinancialDetailsTest -->
