<?xml version="1.0" encoding="UTF-8"?>
<!-- Generated by org.testng.reporters.JUnitReportReporter -->
<testsuite hostname="DESKTOP-V88DC5U" failures="0" tests="16" name="com.test.IpBilling.test.TC_0A2_AddOnBillInMiscellaneousChargesTest" time="515.400" errors="0" timestamp="2026-03-15T20:02:38 IST" skipped="1">
  <testcase classname="com.test.IpBilling.test.TC_0A2_AddOnBillInMiscellaneousChargesTest" name="AdmitPatient" time="109.155"/>
  <testcase classname="com.test.IpBilling.test.TC_0A2_AddOnBillInMiscellaneousChargesTest" name="NursingDischargeTest" time="62.421"/>
  <testcase classname="com.test.IpBilling.test.TC_0A2_AddOnBillInMiscellaneousChargesTest" name="NursingClearanceTest" time="15.510"/>
  <testcase classname="com.test.IpBilling.test.TC_0A2_AddOnBillInMiscellaneousChargesTest" name="PharmacyDischargeNotificationTest" time="32.139"/>
  <testcase classname="com.test.IpBilling.test.TC_0A2_AddOnBillInMiscellaneousChargesTest" name="AcknowledgeDischargeNotification" time="34.136"/>
  <testcase classname="com.test.IpBilling.test.TC_0A2_AddOnBillInMiscellaneousChargesTest" name="EditFinancialDetails" time="76.059"/>
  <testcase classname="com.test.IpBilling.test.TC_0A2_AddOnBillInMiscellaneousChargesTest" name="CompanyDetailsThumbIcons" time="15.860"/>
  <testcase classname="com.test.IpBilling.test.TC_0A2_AddOnBillInMiscellaneousChargesTest" name="IpBillingDepositRefundDetails" time="8.592"/>
  <testcase classname="com.test.IpBilling.test.TC_0A2_AddOnBillInMiscellaneousChargesTest" name="ClickOnBillDetails" time="14.576"/>
  <testcase classname="com.test.IpBilling.test.TC_0A2_AddOnBillInMiscellaneousChargesTest" name="IpBillDischargeIcon" time="15.423"/>
  <testcase classname="com.test.IpBilling.test.TC_0A2_AddOnBillInMiscellaneousChargesTest" name="IpBillReadyTest" time="5.799"/>
  <testcase classname="com.test.IpBilling.test.TC_0A2_AddOnBillInMiscellaneousChargesTest" name="BillGenrateTest" time="5.431"/>
  <testcase classname="com.test.IpBilling.test.TC_0A2_AddOnBillInMiscellaneousChargesTest" name="IpBillSettlement" time="26.670"/>
  <testcase classname="com.test.IpBilling.test.TC_0A2_AddOnBillInMiscellaneousChargesTest" name="EnterUHID_IpNumber_MiscellaneousCharges" time="36.736"/>
  <testcase classname="com.test.IpBilling.test.TC_0A2_AddOnBillInMiscellaneousChargesTest" name="AddOnBilingTest" time="56.893"/>
  <testcase classname="com.test.IpBilling.test.TC_0A2_AddOnBillInMiscellaneousChargesTest" name="LabclearanceDataProviderTest">
    <skipped/>
  </testcase> <!-- LabclearanceDataProviderTest -->
</testsuite> <!-- com.test.IpBilling.test.TC_0A2_AddOnBillInMiscellaneousChargesTest -->
