<?xml version="1.0" encoding="UTF-8"?>
<!-- Generated by org.testng.reporters.JUnitReportReporter -->
<testsuite hostname="DESKTOP-V88DC5U" failures="0" tests="5" name="com.test.frontofficeBilling.test.TC_001_FoRegistrationWithoutSchemeBillingTest" time="287.881" errors="0" timestamp="2026-01-23T14:04:12 IST" skipped="0">
  <testcase classname="com.test.frontofficeBilling.test.TC_001_FoRegistrationWithoutSchemeBillingTest" name="verifyPatientRegistration" time="52.119"/>
  <testcase classname="com.test.frontofficeBilling.test.TC_001_FoRegistrationWithoutSchemeBillingTest" name="frontOfficeBillingTest" time="49.954"/>
  <testcase classname="com.test.frontofficeBilling.test.TC_001_FoRegistrationWithoutSchemeBillingTest" name="frontOfficeDiscountOnBillingTest" time="61.209"/>
  <testcase classname="com.test.frontofficeBilling.test.TC_001_FoRegistrationWithoutSchemeBillingTest" name="frontOfficeDiscountOnServiceTest" time="63.055"/>
  <testcase classname="com.test.frontofficeBilling.test.TC_001_FoRegistrationWithoutSchemeBillingTest" name="frontOfficeDiscountOnItemsTest" time="61.544"/>
</testsuite> <!-- com.test.frontofficeBilling.test.TC_001_FoRegistrationWithoutSchemeBillingTest -->
