<?xml version="1.0" encoding="UTF-8"?>
<!-- Generated by org.testng.reporters.JUnitReportReporter -->
<testsuite hostname="DESKTOP-V88DC5U" failures="0" tests="13" name="com.test.testng.test.PatientRegistration" time="41.673" errors="0" timestamp="2025-07-06T00:21:58 IST" skipped="0">
  <testcase classname="com.test.testng.test.PatientRegistration" name="selectFacility" time="1.433"/>
  <testcase classname="com.test.testng.test.PatientRegistration" name="clickSubmitOPDImg" time="0.718"/>
  <testcase classname="com.test.testng.test.PatientRegistration" name="selectDepartment" time="1.509"/>
  <testcase classname="com.test.testng.test.PatientRegistration" name="clickBtnYesDesh" time="9.512"/>
  <testcase classname="com.test.testng.test.PatientRegistration" name="clickLinkAddPatient" time="0.433"/>
  <testcase classname="com.test.testng.test.PatientRegistration" name="clickLinkPatientRegistration" time="8.293"/>
  <testcase classname="com.test.testng.test.PatientRegistration" name="selectTitle" time="3.313"/>
  <testcase classname="com.test.testng.test.PatientRegistration" name="enterFirstName" time="2.713"/>
  <testcase classname="com.test.testng.test.PatientRegistration" name="enterMiddleName" time="2.714"/>
  <testcase classname="com.test.testng.test.PatientRegistration" name="enterLastName" time="2.741"/>
  <testcase classname="com.test.testng.test.PatientRegistration" name="enterDOB" time="2.762"/>
  <testcase classname="com.test.testng.test.PatientRegistration" name="enterMotherName" time="2.786"/>
  <testcase classname="com.test.testng.test.PatientRegistration" name="enterRelName" time="2.746"/>
</testsuite> <!-- com.test.testng.test.PatientRegistration -->
