<?xml version="1.0" encoding="UTF-8"?>
<!-- Generated by org.testng.reporters.JUnitReportReporter -->
<testsuite hostname="DESKTOP-V88DC5U" failures="0" tests="2" name="com.test.IpBilling.test.TC_006_ModifyCreditLimitTest" time="32.178" errors="0" timestamp="2026-02-02T17:55:28 IST" skipped="0">
  <testcase classname="com.test.IpBilling.test.TC_006_ModifyCreditLimitTest" name="ModifyCreditLimit" time="30.057"/>
  <testcase classname="com.test.IpBilling.test.TC_006_ModifyCreditLimitTest" name="VerifyCreditLimit" time="2.121"/>
</testsuite> <!-- com.test.IpBilling.test.TC_006_ModifyCreditLimitTest -->
