<?xml version="1.0" encoding="UTF-8"?>
<!-- Generated by org.testng.reporters.JUnitReportReporter -->
<testsuite hostname="DESKTOP-V88DC5U" failures="0" tests="3" name="com.test.frontoffice.test.TC_009_Fo_DoctorAppointmentTest" time="106.122" errors="0" timestamp="2025-12-01T17:25:38 IST" skipped="0">
  <testcase classname="com.test.frontoffice.test.TC_009_Fo_DoctorAppointmentTest" name="frontOfficeAppointmentSchedulingAndRegistration" time="59.801"/>
  <testcase classname="com.test.frontoffice.test.TC_009_Fo_DoctorAppointmentTest" name="verifyPatientRegistration" time="29.266"/>
  <testcase classname="com.test.frontoffice.test.TC_009_Fo_DoctorAppointmentTest" name="frontOfficeBillingTest" time="17.055"/>
</testsuite> <!-- com.test.frontoffice.test.TC_009_Fo_DoctorAppointmentTest -->
