<?xml version="1.0" encoding="UTF-8"?>
<!-- Generated by org.testng.reporters.JUnitReportReporter -->
<testsuite hostname="DESKTOP-V88DC5U" failures="0" tests="3" name="com.test.emergency.test.TC_015A_Er_DueSettlementSearchDateTest" time="83.663" errors="0" timestamp="2026-05-13T17:32:17 IST" skipped="0">
  <testcase classname="com.test.emergency.test.TC_015A_Er_DueSettlementSearchDateTest" name="SearchErNumberAndDueSettlmentTest" time="21.811"/>
  <testcase classname="com.test.emergency.test.TC_015A_Er_DueSettlementSearchDateTest" name="EnterErNumberInChequeDueSettlementTest" time="23.938"/>
  <testcase classname="com.test.emergency.test.TC_015A_Er_DueSettlementSearchDateTest" name="PrintReciptNumberTest" time="37.914"/>
</testsuite> <!-- com.test.emergency.test.TC_015A_Er_DueSettlementSearchDateTest -->
