<?xml version="1.0" encoding="UTF-8"?>
<!-- Generated by org.testng.reporters.JUnitReportReporter -->
<testsuite hostname="DESKTOP-V88DC5U" failures="0" tests="2" name="com.test.emergency.test.TC_005_AdmissionUpdateDateTimeTest" time="21.109" errors="0" timestamp="2026-05-12T09:53:21 IST" skipped="1">
  <testcase classname="com.test.emergency.test.TC_005_AdmissionUpdateDateTimeTest" name="CurrentPatentTest" time="21.109"/>
  <testcase classname="com.test.emergency.test.TC_005_AdmissionUpdateDateTimeTest" name="DischargePatentTest">
    <skipped/>
  </testcase> <!-- DischargePatentTest -->
</testsuite> <!-- com.test.emergency.test.TC_005_AdmissionUpdateDateTimeTest -->
