<?xml version="1.0" encoding="UTF-8"?>
<!-- Generated by org.testng.reporters.JUnitReportReporter -->
<testsuite hostname="DESKTOP-V88DC5U" failures="0" tests="3" name="com.test.frontoffice.test.TC_009_Fo_DoctorAppointmentTest" time="101.598" errors="0" timestamp="2026-01-07T15:16:25 IST" skipped="0">
  <testcase classname="com.test.frontoffice.test.TC_009_Fo_DoctorAppointmentTest" name="verifyPatientRegistration" time="50.090"/>
  <testcase classname="com.test.frontoffice.test.TC_009_Fo_DoctorAppointmentTest" name="FoAppointmentGOTOBill" time="36.220"/>
  <testcase classname="com.test.frontoffice.test.TC_009_Fo_DoctorAppointmentTest" name="frontOfficeBillingTest" time="15.288"/>
</testsuite> <!-- com.test.frontoffice.test.TC_009_Fo_DoctorAppointmentTest -->
