<?xml version="1.0" encoding="UTF-8"?>
<!-- Generated by org.testng.reporters.JUnitReportReporter -->
<testsuite hostname="DESKTOP-V88DC5U" failures="0" tests="3" name="com.test.emergency.test.TC_036_Er_Order_NurseCarePlanTest" time="51.582" errors="0" timestamp="2026-04-30T14:23:29 IST" skipped="0">
  <testcase classname="com.test.emergency.test.TC_036_Er_Order_NurseCarePlanTest" name="SelectOccupiedPatientInRightTab" time="16.715"/>
  <testcase classname="com.test.emergency.test.TC_036_Er_Order_NurseCarePlanTest" name="ErSaveNurseCarePlanTest" time="18.210"/>
  <testcase classname="com.test.emergency.test.TC_036_Er_Order_NurseCarePlanTest" name="ErMarkedAsErrorTest" time="16.657"/>
</testsuite> <!-- com.test.emergency.test.TC_036_Er_Order_NurseCarePlanTest -->
