<?xml version="1.0" encoding="UTF-8"?>
<!-- Generated by org.testng.reporters.JUnitReportReporter -->
<testsuite hostname="DESKTOP-V88DC5U" failures="0" tests="2" name="com.test.frontoffice.test.TC_006_Fo_RegistrationAndModificationTest" time="97.269" errors="0" timestamp="2025-11-28T14:47:16 IST" skipped="0">
  <testcase classname="com.test.frontoffice.test.TC_006_Fo_RegistrationAndModificationTest" name="verifyPatientRegistration" time="79.695"/>
  <testcase classname="com.test.frontoffice.test.TC_006_Fo_RegistrationAndModificationTest" name="modificationOPRegistration" time="17.574"/>
</testsuite> <!-- com.test.frontoffice.test.TC_006_Fo_RegistrationAndModificationTest -->
