<?xml version="1.0" encoding="UTF-8"?>
<!-- Generated by org.testng.reporters.JUnitReportReporter -->
<testsuite hostname="DESKTOP-V88DC5U" failures="0" tests="12" name="com.test.emergency.test.Er_RegistationTest" time="69.081" errors="0" timestamp="2026-03-19T12:22:13 IST" skipped="11">
  <testcase classname="com.test.emergency.test.Er_RegistationTest" name="AdmitAsIpTestFuncility" time="69.081"/>
  <testcase classname="com.test.emergency.test.Er_RegistationTest" name="SaveEmergencyPatientTest">
    <skipped/>
  </testcase> <!-- SaveEmergencyPatientTest -->
  <testcase classname="com.test.emergency.test.Er_RegistationTest" name="AmbulanceInformationTest">
    <skipped/>
  </testcase> <!-- AmbulanceInformationTest -->
  <testcase classname="com.test.emergency.test.Er_RegistationTest" name="MLCDetailsTest">
    <skipped/>
  </testcase> <!-- MLCDetailsTest -->
  <testcase classname="com.test.emergency.test.Er_RegistationTest" name="erDemogrphicDetailsTest">
    <skipped/>
  </testcase> <!-- erDemogrphicDetailsTest -->
  <testcase classname="com.test.emergency.test.Er_RegistationTest" name="ErCompanyInsuranceDetailsTest">
    <skipped/>
  </testcase> <!-- ErCompanyInsuranceDetailsTest -->
  <testcase classname="com.test.emergency.test.Er_RegistationTest" name="ModifyAndUpdateErPatientTest">
    <skipped/>
  </testcase> <!-- ModifyAndUpdateErPatientTest -->
  <testcase classname="com.test.emergency.test.Er_RegistationTest" name="PrintFuncilityTest">
    <skipped/>
  </testcase> <!-- PrintFuncilityTest -->
  <testcase classname="com.test.emergency.test.Er_RegistationTest" name="KinDetailsTest">
    <skipped/>
  </testcase> <!-- KinDetailsTest -->
  <testcase classname="com.test.emergency.test.Er_RegistationTest" name="PatientUploadDocumentTest">
    <skipped/>
  </testcase> <!-- PatientUploadDocumentTest -->
  <testcase classname="com.test.emergency.test.Er_RegistationTest" name="ErPaymentInCash">
    <skipped/>
  </testcase> <!-- ErPaymentInCash -->
  <testcase classname="com.test.emergency.test.Er_RegistationTest" name="AddPermanentAddressTest">
    <skipped/>
  </testcase> <!-- AddPermanentAddressTest -->
</testsuite> <!-- com.test.emergency.test.Er_RegistationTest -->
