<?xml version="1.0" encoding="UTF-8"?>
<!-- Generated by org.testng.reporters.JUnitReportReporter -->
<testsuite hostname="DESKTOP-V88DC5U" failures="0" tests="1" name="com.test.frontoffice.test.TC_004_Fo_RegistrationKinDetailsTest" time="67.330" errors="0" timestamp="2025-11-27T11:28:24 IST" skipped="0">
  <testcase classname="com.test.frontoffice.test.TC_004_Fo_RegistrationKinDetailsTest" name="verifyPatientRegistration" time="67.330"/>
</testsuite> <!-- com.test.frontoffice.test.TC_004_Fo_RegistrationKinDetailsTest -->
