<?xml version="1.0" encoding="UTF-8"?>
<!-- Generated by org.testng.reporters.JUnitReportReporter -->
<testsuite hostname="DESKTOP-V88DC5U" failures="0" tests="2" name="com.test.frontoffice.test.GenerateScheduleAndEquipmentScheduleTest" time="447.478" errors="0" timestamp="2026-01-17T13:46:11 IST" skipped="0">
  <testcase classname="com.test.frontoffice.test.GenerateScheduleAndEquipmentScheduleTest" name="GenenrateSchedulingTest" time="202.706"/>
  <testcase classname="com.test.frontoffice.test.GenerateScheduleAndEquipmentScheduleTest" name="Generate_Equipment_Schedule" time="244.772"/>
</testsuite> <!-- com.test.frontoffice.test.GenerateScheduleAndEquipmentScheduleTest -->
