<?xml version="1.0" encoding="UTF-8"?>
<!-- Generated by org.testng.reporters.JUnitReportReporter -->
<testsuite hostname="DESKTOP-V88DC5U" failures="0" tests="5" name="com.test.emergency.test.TC_008_Reg_Dis_Settle_Full_ErBillingTest" time="112.365" errors="0" timestamp="2026-05-12T13:58:31 IST" skipped="0">
  <testcase classname="com.test.emergency.test.TC_008_Reg_Dis_Settle_Full_ErBillingTest" name="erDemogrphicDetailsTest" time="66.533"/>
  <testcase classname="com.test.emergency.test.TC_008_Reg_Dis_Settle_Full_ErBillingTest" name="SaveEmergencyPatientTest" time="6.078"/>
  <testcase classname="com.test.emergency.test.TC_008_Reg_Dis_Settle_Full_ErBillingTest" name="EnterErNumberAndUHID" time="8.184"/>
  <testcase classname="com.test.emergency.test.TC_008_Reg_Dis_Settle_Full_ErBillingTest" name="DischargeIconTest" time="12.217"/>
  <testcase classname="com.test.emergency.test.TC_008_Reg_Dis_Settle_Full_ErBillingTest" name="BillSettlementReceiptInChequeTest" time="19.353"/>
</testsuite> <!-- com.test.emergency.test.TC_008_Reg_Dis_Settle_Full_ErBillingTest -->
