<?xml version="1.0" encoding="UTF-8"?>
<!-- Generated by org.testng.reporters.JUnitReportReporter -->
<testsuite hostname="DESKTOP-V88DC5U" failures="1" tests="12" name="com.test.emergency.test.TC_003_Er_Registration_With_Print_Modification_OtherTest" time="375.965" errors="0" timestamp="2026-05-11T18:28:25 IST" skipped="1">
  <testcase classname="com.test.emergency.test.TC_003_Er_Registration_With_Print_Modification_OtherTest" name="erDemogrphicDetailsTest" time="110.335"/>
  <testcase classname="com.test.emergency.test.TC_003_Er_Registration_With_Print_Modification_OtherTest" name="ErCompanyInsuranceDetailsTest" time="30.737">
    <failure message="Error while Clicking on the web element... " type="java.lang.AssertionError">
      <![CDATA[java.lang.AssertionError: Error while Clicking on the web element... 
at org.testng.Assert.fail(Assert.java:111)
at com.test.ui.helper.CommanUtill.clickFunction(CommanUtill.java:376)
at com.test.emergency.page.Er_RegistrationPage.SchemeCheckBoxAndSelectScheme(Er_RegistrationPage.java:530)
at com.test.emergency.test.TC_003_Er_Registration_With_Print_Modification_OtherTest.ErCompanyInsuranceDetailsTest(TC_003_Er_Registration_With_Print_Modification_OtherTest.java:141)
at java.base/jdk.internal.reflect.DirectMethodHandleAccessor.invoke(DirectMethodHandleAccessor.java:103)
at java.base/java.lang.reflect.Method.invoke(Method.java:580)
at org.testng.internal.invokers.MethodInvocationHelper.invokeMethod(MethodInvocationHelper.java:141)
at org.testng.internal.invokers.TestInvoker.invokeMethod(TestInvoker.java:687)
at org.testng.internal.invokers.TestInvoker.invokeTestMethod(TestInvoker.java:230)
at org.testng.internal.invokers.MethodRunner.runInSequence(MethodRunner.java:63)
at org.testng.internal.invokers.TestInvoker$MethodInvocationAgent.invoke(TestInvoker.java:995)
at org.testng.internal.invokers.TestInvoker.invokeTestMethods(TestInvoker.java:203)
at org.testng.internal.invokers.TestMethodWorker.invokeTestMethods(TestMethodWorker.java:154)
at org.testng.internal.invokers.TestMethodWorker.run(TestMethodWorker.java:134)
at java.base/java.util.ArrayList.forEach(ArrayList.java:1596)
at org.testng.TestRunner.privateRun(TestRunner.java:741)
at org.testng.TestRunner.run(TestRunner.java:616)
at org.testng.SuiteRunner.runTest(SuiteRunner.java:421)
at org.testng.SuiteRunner.runSequentially(SuiteRunner.java:413)
at org.testng.SuiteRunner.privateRun(SuiteRunner.java:373)
at org.testng.SuiteRunner.run(SuiteRunner.java:312)
at org.testng.SuiteRunnerWorker.runSuite(SuiteRunnerWorker.java:52)
at org.testng.SuiteRunnerWorker.run(SuiteRunnerWorker.java:95)
at org.testng.TestNG.runSuitesSequentially(TestNG.java:1274)
at org.testng.TestNG.runSuitesLocally(TestNG.java:1208)
at org.testng.TestNG.runSuites(TestNG.java:1112)
at org.testng.TestNG.run(TestNG.java:1079)
at org.testng.remote.AbstractRemoteTestNG.run(AbstractRemoteTestNG.java:115)
at org.testng.remote.RemoteTestNG.initAndRun(RemoteTestNG.java:293)
at org.testng.remote.RemoteTestNG.main(RemoteTestNG.java:91)
]]>
    </failure>
  </testcase> <!-- ErCompanyInsuranceDetailsTest -->
  <testcase classname="com.test.emergency.test.TC_003_Er_Registration_With_Print_Modification_OtherTest" name="AddPermanentAddressTest" time="15.713"/>
  <testcase classname="com.test.emergency.test.TC_003_Er_Registration_With_Print_Modification_OtherTest" name="MLCDetailsTest" time="36.750"/>
  <testcase classname="com.test.emergency.test.TC_003_Er_Registration_With_Print_Modification_OtherTest" name="KinDetailsTest" time="9.780"/>
  <testcase classname="com.test.emergency.test.TC_003_Er_Registration_With_Print_Modification_OtherTest" name="AmbulanceInformationTest" time="11.947"/>
  <testcase classname="com.test.emergency.test.TC_003_Er_Registration_With_Print_Modification_OtherTest" name="SaveEmergencyPatientTest" time="7.736"/>
  <testcase classname="com.test.emergency.test.TC_003_Er_Registration_With_Print_Modification_OtherTest" name="PrintFuncilityTest" time="42.156"/>
  <testcase classname="com.test.emergency.test.TC_003_Er_Registration_With_Print_Modification_OtherTest" name="ModifyAndUpdateErPatientTest" time="11.980"/>
  <testcase classname="com.test.emergency.test.TC_003_Er_Registration_With_Print_Modification_OtherTest" name="PatientUploadDocumentTest" time="17.409"/>
  <testcase classname="com.test.emergency.test.TC_003_Er_Registration_With_Print_Modification_OtherTest" name="AdmitAsIpTestFuncility" time="81.422"/>
  <testcase classname="com.test.emergency.test.TC_003_Er_Registration_With_Print_Modification_OtherTest" name="ErPaymentInCash">
    <skipped/>
  </testcase> <!-- ErPaymentInCash -->
</testsuite> <!-- com.test.emergency.test.TC_003_Er_Registration_With_Print_Modification_OtherTest -->
