<?xml version="1.0" encoding="UTF-8"?>
<!-- Generated by org.testng.reporters.JUnitReportReporter -->
<testsuite hostname="DESKTOP-V88DC5U" failures="0" tests="1" name="com.test.frontoffice.test.TC_002_Fo_RegistrationUnder10YearsMandotryFiledTest" time="48.722" errors="0" timestamp="2025-11-26T18:46:27 IST" skipped="0">
  <testcase classname="com.test.frontoffice.test.TC_002_Fo_RegistrationUnder10YearsMandotryFiledTest" name="verifyPatientRegistration" time="48.722"/>
</testsuite> <!-- com.test.frontoffice.test.TC_002_Fo_RegistrationUnder10YearsMandotryFiledTest -->
