<?xml version="1.0" encoding="UTF-8"?>
<!-- Generated by org.testng.reporters.JUnitReportReporter -->
<testsuite hostname="DESKTOP-V88DC5U" failures="0" tests="1" name="com.test.frontoffice.test.FrontOfficeSelectEquipmentScheduleTest002" time="90.810" errors="0" timestamp="2025-07-19T09:39:10 IST" skipped="0">
  <testcase classname="com.test.frontoffice.test.FrontOfficeSelectEquipmentScheduleTest002" name="frontOfficeSelectEquipmentScheduley" time="90.810"/>
</testsuite> <!-- com.test.frontoffice.test.FrontOfficeSelectEquipmentScheduleTest002 -->
