<?xml version="1.0" encoding="UTF-8"?>
<!-- Generated by org.testng.reporters.JUnitReportReporter -->
<testsuite hostname="DESKTOP-V88DC5U" failures="0" tests="11" name="com.test.IpBilling.test.TC_0A1_FullBillSettlementTest" time="347.394" errors="0" timestamp="2026-03-14T19:05:54 IST" skipped="1">
  <testcase classname="com.test.IpBilling.test.TC_0A1_FullBillSettlementTest" name="AdmitPatient" time="111.187"/>
  <testcase classname="com.test.IpBilling.test.TC_0A1_FullBillSettlementTest" name="NursingDischargeTest" time="66.097"/>
  <testcase classname="com.test.IpBilling.test.TC_0A1_FullBillSettlementTest" name="NursingClearanceTest" time="16.881"/>
  <testcase classname="com.test.IpBilling.test.TC_0A1_FullBillSettlementTest" name="PharmacyDischargeNotificationTest" time="70.125"/>
  <testcase classname="com.test.IpBilling.test.TC_0A1_FullBillSettlementTest" name="AcknowledgeDischargeNotification" time="38.843"/>
  <testcase classname="com.test.IpBilling.test.TC_0A1_FullBillSettlementTest" name="IpBillDischargeIcon" time="17.766"/>
  <testcase classname="com.test.IpBilling.test.TC_0A1_FullBillSettlementTest" name="IpBillReadyTest" time="6.094"/>
  <testcase classname="com.test.IpBilling.test.TC_0A1_FullBillSettlementTest" name="BillGenrateTest" time="7.050"/>
  <testcase classname="com.test.IpBilling.test.TC_0A1_FullBillSettlementTest" name="IpBillSettlement" time="13.258"/>
  <testcase classname="com.test.IpBilling.test.TC_0A1_FullBillSettlementTest" name="BillingFuncility" time="0.093"/>
  <testcase classname="com.test.IpBilling.test.TC_0A1_FullBillSettlementTest" name="LabclearanceDataProviderTest">
    <skipped/>
  </testcase> <!-- LabclearanceDataProviderTest -->
</testsuite> <!-- com.test.IpBilling.test.TC_0A1_FullBillSettlementTest -->
