<?xml version="1.0" encoding="UTF-8"?>
<!-- Generated by org.testng.reporters.JUnitReportReporter -->
<testsuite hostname="DESKTOP-V88DC5U" failures="0" tests="10" name="com.test.IpBilling.test.TC_0A2_DueBillSettlementTest" time="365.153" errors="0" timestamp="2026-03-15T15:55:31 IST" skipped="1">
  <testcase classname="com.test.IpBilling.test.TC_0A2_DueBillSettlementTest" name="AdmitPatient" time="107.089"/>
  <testcase classname="com.test.IpBilling.test.TC_0A2_DueBillSettlementTest" name="NursingDischargeTest" time="61.657"/>
  <testcase classname="com.test.IpBilling.test.TC_0A2_DueBillSettlementTest" name="NursingClearanceTest" time="15.530"/>
  <testcase classname="com.test.IpBilling.test.TC_0A2_DueBillSettlementTest" name="PharmacyDischargeNotificationTest" time="31.906"/>
  <testcase classname="com.test.IpBilling.test.TC_0A2_DueBillSettlementTest" name="AcknowledgeDischargeNotification" time="34.968"/>
  <testcase classname="com.test.IpBilling.test.TC_0A2_DueBillSettlementTest" name="EditFinancialDetails" time="73.571"/>
  <testcase classname="com.test.IpBilling.test.TC_0A2_DueBillSettlementTest" name="CompanyDetailsThumbIcons" time="15.318"/>
  <testcase classname="com.test.IpBilling.test.TC_0A2_DueBillSettlementTest" name="IpBillingDepositRefundDetails" time="10.839"/>
  <testcase classname="com.test.IpBilling.test.TC_0A2_DueBillSettlementTest" name="ClickOnBillDetails" time="14.275"/>
  <testcase classname="com.test.IpBilling.test.TC_0A2_DueBillSettlementTest" name="LabclearanceDataProviderTest">
    <skipped/>
  </testcase> <!-- LabclearanceDataProviderTest -->
</testsuite> <!-- com.test.IpBilling.test.TC_0A2_DueBillSettlementTest -->
