<?xml version="1.0" encoding="UTF-8"?>
<!-- Generated by org.testng.reporters.JUnitReportReporter -->
<testsuite hostname="DESKTOP-V88DC5U" failures="0" tests="17" name="com.test.IpBilling.test.TC_009_IPDepositRefundTest" time="390.611" errors="0" timestamp="2026-02-23T17:34:07 IST" skipped="0">
  <testcase classname="com.test.IpBilling.test.TC_009_IPDepositRefundTest" name="FindPatientForDeposit" time="68.476"/>
  <testcase classname="com.test.IpBilling.test.TC_009_IPDepositRefundTest" name="IpDepositCashTest" time="22.524"/>
  <testcase classname="com.test.IpBilling.test.TC_009_IPDepositRefundTest" name="IpDepositChequeest" time="20.877"/>
  <testcase classname="com.test.IpBilling.test.TC_009_IPDepositRefundTest" name="IpDepositCreditCardTest" time="20.941"/>
  <testcase classname="com.test.IpBilling.test.TC_009_IPDepositRefundTest" name="IpDepositDeditCardTest" time="20.536"/>
  <testcase classname="com.test.IpBilling.test.TC_009_IPDepositRefundTest" name="IpDeposiNEFTTest" time="20.802"/>
  <testcase classname="com.test.IpBilling.test.TC_009_IPDepositRefundTest" name="IpDepositOtherTest" time="18.091"/>
  <testcase classname="com.test.IpBilling.test.TC_009_IPDepositRefundTest" name="IpRefundInCashTest" time="18.762"/>
  <testcase classname="com.test.IpBilling.test.TC_009_IPDepositRefundTest" name="IpRefundInChequeTest" time="17.974"/>
  <testcase classname="com.test.IpBilling.test.TC_009_IPDepositRefundTest" name="IpRefundInCreditCardest" time="18.208"/>
  <testcase classname="com.test.IpBilling.test.TC_009_IPDepositRefundTest" name="IpRefundInNEFTRTGSTest" time="23.353"/>
  <testcase classname="com.test.IpBilling.test.TC_009_IPDepositRefundTest" name="IpRefundInNEFTRTGSAlreadyProcessedTest" time="18.589"/>
  <testcase classname="com.test.IpBilling.test.TC_009_IPDepositRefundTest" name="IpRefundInOtherModeOfPaymentTest" time="17.338"/>
  <testcase classname="com.test.IpBilling.test.TC_009_IPDepositRefundTest" name="IpDepositRefundReceptTest" time="10.751"/>
  <testcase classname="com.test.IpBilling.test.TC_009_IPDepositRefundTest" name="IpDepositRefundReceptDateWiseTest" time="18.080"/>
  <testcase classname="com.test.IpBilling.test.TC_009_IPDepositRefundTest" name="FrontOfficeOPDepositTest" time="28.902"/>
  <testcase classname="com.test.IpBilling.test.TC_009_IPDepositRefundTest" name="IpDepositRefundToOpDDepositsTest" time="26.407"/>
</testsuite> <!-- com.test.IpBilling.test.TC_009_IPDepositRefundTest -->
