<?xml version="1.0" encoding="UTF-8"?>
<!-- Generated by org.testng.reporters.JUnitReportReporter -->
<testsuite hostname="DESKTOP-V88DC5U" failures="0" tests="1" name="com.test.frontoffice.test.TC_003_Fo_RegistrationFinancialDetailsTest" time="89.926" errors="0" timestamp="2025-11-28T11:56:33 IST" skipped="0">
  <testcase classname="com.test.frontoffice.test.TC_003_Fo_RegistrationFinancialDetailsTest" name="verifyPatientRegistration" time="89.926"/>
</testsuite> <!-- com.test.frontoffice.test.TC_003_Fo_RegistrationFinancialDetailsTest -->
