<?xml version="1.0" encoding="UTF-8"?>
<!-- Generated by org.testng.reporters.JUnitReportReporter -->
<testsuite hostname="DESKTOP-V88DC5U" failures="0" tests="2" name="com.test.emergency.test.TC_030_Report_UnsettledBillReportTest" time="95.127" errors="0" timestamp="2026-04-22T16:56:38 IST" skipped="0">
  <testcase classname="com.test.emergency.test.TC_030_Report_UnsettledBillReportTest" name="AscendingUnsettledBillReportTest" time="55.486"/>
  <testcase classname="com.test.emergency.test.TC_030_Report_UnsettledBillReportTest" name="DescendingUnsettledBillReportTest" time="39.641"/>
</testsuite> <!-- com.test.emergency.test.TC_030_Report_UnsettledBillReportTest -->
