<?xml version="1.0" encoding="UTF-8"?>
<!-- Generated by org.testng.reporters.JUnitReportReporter -->
<testsuite hostname="DESKTOP-V88DC5U" failures="0" tests="2" name="com.test.emergency.test.TC_019_Er_LabReportsTest" time="35.431" errors="0" timestamp="2026-04-15T14:39:05 IST" skipped="0">
  <testcase classname="com.test.emergency.test.TC_019_Er_LabReportsTest" name="ErLabReportInDateWiseTest" time="27.107"/>
  <testcase classname="com.test.emergency.test.TC_019_Er_LabReportsTest" name="ErLabReportInUHIDTest" time="8.324"/>
</testsuite> <!-- com.test.emergency.test.TC_019_Er_LabReportsTest -->
