<?xml version="1.0" encoding="UTF-8"?>
<!-- Generated by org.testng.reporters.JUnitReportReporter -->
<testsuite hostname="DESKTOP-V88DC5U" failures="0" tests="6" name="com.test.IpBilling.test.TC_012_PackageModifictionPatientTest" time="162.776" errors="0" timestamp="2026-02-26T23:22:05 IST" skipped="0">
  <testcase classname="com.test.IpBilling.test.TC_012_PackageModifictionPatientTest" name="SearchPatentPackageModificationTest" time="33.107"/>
  <testcase classname="com.test.IpBilling.test.TC_012_PackageModifictionPatientTest" name="AdtMultiplePackage" time="47.765"/>
  <testcase classname="com.test.IpBilling.test.TC_012_PackageModifictionPatientTest" name="PackageModifictionpatientFirstColumn" time="35.089"/>
  <testcase classname="com.test.IpBilling.test.TC_012_PackageModifictionPatientTest" name="PackageModifictionpatientExclusionService" time="18.241"/>
  <testcase classname="com.test.IpBilling.test.TC_012_PackageModifictionPatientTest" name="PackageModifictionpatient_FirstColumn" time="15.597"/>
  <testcase classname="com.test.IpBilling.test.TC_012_PackageModifictionPatientTest" name="PackageModifictionpatient_ThridColumn" time="12.977"/>
</testsuite> <!-- com.test.IpBilling.test.TC_012_PackageModifictionPatientTest -->
