<?xml version="1.0" encoding="UTF-8"?>
<!-- Generated by org.testng.reporters.JUnitReportReporter -->
<testsuite hostname="DESKTOP-V88DC5U" failures="0" tests="2" name="com.test.nursing.test.Tc_08OPDNursingPriorityCriticalPatientUndoTest008" time="55.461" errors="0" timestamp="2025-07-24T22:52:07 IST" skipped="0">
  <testcase classname="com.test.nursing.test.Tc_08OPDNursingPriorityCriticalPatientUndoTest008" name="nursingPriorityCriticalMarkPatient" time="28.304"/>
  <testcase classname="com.test.nursing.test.Tc_08OPDNursingPriorityCriticalPatientUndoTest008" name="nursingMarkUndoPatient" time="27.157"/>
</testsuite> <!-- com.test.nursing.test.Tc_08OPDNursingPriorityCriticalPatientUndoTest008 -->
