<?xml version="1.0" encoding="UTF-8"?>
<!-- Generated by org.testng.reporters.JUnitReportReporter -->
<testsuite hostname="DESKTOP-V88DC5U" failures="0" tests="8" name="com.test.testng.test.OP_CashBillTest" time="52.827" errors="0" timestamp="2025-07-06T00:24:19 IST" skipped="0">
  <testcase classname="com.test.testng.test.OP_CashBillTest" name="selectFacility" time="1.744"/>
  <testcase classname="com.test.testng.test.OP_CashBillTest" name="clickSubmitOPDImg" time="1.755"/>
  <testcase classname="com.test.testng.test.OP_CashBillTest" name="clickBtnYesDesh" time="5.257"/>
  <testcase classname="com.test.testng.test.OP_CashBillTest" name="clickLinkbilling" time="0.490"/>
  <testcase classname="com.test.testng.test.OP_CashBillTest" name="clickLinkPatientRegistration" time="8.554"/>
  <testcase classname="com.test.testng.test.OP_CashBillTest" name="goToBillingAndEnterUHID" time="6.146"/>
  <testcase classname="com.test.testng.test.OP_CashBillTest" name="closeUpdatePopup" time="0.320"/>
  <testcase classname="com.test.testng.test.OP_CashBillTest" name="completeBillingFlow" time="28.561"/>
</testsuite> <!-- com.test.testng.test.OP_CashBillTest -->
