<?xml version="1.0" encoding="UTF-8"?>
<!-- Generated by org.testng.reporters.JUnitReportReporter -->
<testsuite hostname="DESKTOP-V88DC5U" failures="0" tests="8" name="com.test.emergency.test.TC_008_Reg_Discharge_Settle_Full_ErBillingTest" time="138.856" errors="0" timestamp="2026-05-12T17:14:48 IST" skipped="0">
  <testcase classname="com.test.emergency.test.TC_008_Reg_Discharge_Settle_Full_ErBillingTest" name="erDemogrphicDetailsTest" time="64.160"/>
  <testcase classname="com.test.emergency.test.TC_008_Reg_Discharge_Settle_Full_ErBillingTest" name="SaveEmergencyPatientTest" time="5.824"/>
  <testcase classname="com.test.emergency.test.TC_008_Reg_Discharge_Settle_Full_ErBillingTest" name="EnterErNumberAndUHID" time="7.902"/>
  <testcase classname="com.test.emergency.test.TC_008_Reg_Discharge_Settle_Full_ErBillingTest" name="DischargeIconTest" time="12.148"/>
  <testcase classname="com.test.emergency.test.TC_008_Reg_Discharge_Settle_Full_ErBillingTest" name="BillSettlementReceiptInChequeTest" time="20.729"/>
  <testcase classname="com.test.emergency.test.TC_008_Reg_Discharge_Settle_Full_ErBillingTest" name="EnterErNumberCancelTest" time="4.368"/>
  <testcase classname="com.test.emergency.test.TC_008_Reg_Discharge_Settle_Full_ErBillingTest" name="CancelBillSettlemetTest" time="11.695"/>
  <testcase classname="com.test.emergency.test.TC_008_Reg_Discharge_Settle_Full_ErBillingTest" name="CancelDischargeTest" time="12.030"/>
</testsuite> <!-- com.test.emergency.test.TC_008_Reg_Discharge_Settle_Full_ErBillingTest -->
