<?xml version="1.0" encoding="UTF-8"?>
<!-- Generated by org.testng.reporters.JUnitReportReporter -->
<testsuite hostname="DESKTOP-V88DC5U" failures="0" tests="22" name="com.test.emergency.test.ErBillingTest" time="23.196" errors="0" timestamp="2026-03-26T12:47:08 IST" skipped="20">
  <testcase classname="com.test.emergency.test.ErBillingTest" name="EnterErNumberAndUHID" time="15.819"/>
  <testcase classname="com.test.emergency.test.ErBillingTest" name="PrintInHeaderBtn" time="7.377"/>
  <testcase classname="com.test.emergency.test.ErBillingTest" name="DischargeIconTest">
    <skipped/>
  </testcase> <!-- DischargeIconTest -->
  <testcase classname="com.test.emergency.test.ErBillingTest" name="DiscountInTotalBillDiscountTest">
    <skipped/>
  </testcase> <!-- DiscountInTotalBillDiscountTest -->
  <testcase classname="com.test.emergency.test.ErBillingTest" name="DeleteDiscountBillTest">
    <skipped/>
  </testcase> <!-- DeleteDiscountBillTest -->
  <testcase classname="com.test.emergency.test.ErBillingTest" name="BillSettlementReceiptInChequeTest">
    <skipped/>
  </testcase> <!-- BillSettlementReceiptInChequeTest -->
  <testcase classname="com.test.emergency.test.ErBillingTest" name="InterimBillTest">
    <skipped/>
  </testcase> <!-- InterimBillTest -->
  <testcase classname="com.test.emergency.test.ErBillingTest" name="PatientInsuranceApprovalDetailsTest">
    <skipped/>
  </testcase> <!-- PatientInsuranceApprovalDetailsTest -->
  <testcase classname="com.test.emergency.test.ErBillingTest" name="DepositRefundDetails">
    <skipped/>
  </testcase> <!-- DepositRefundDetails -->
  <testcase classname="com.test.emergency.test.ErBillingTest" name="CancelDischargeTest">
    <skipped/>
  </testcase> <!-- CancelDischargeTest -->
  <testcase classname="com.test.emergency.test.ErBillingTest" name="DueBillSettlementReceiptTest">
    <skipped/>
  </testcase> <!-- DueBillSettlementReceiptTest -->
  <testcase classname="com.test.emergency.test.ErBillingTest" name="FullBillSettlementReceiptCashTest">
    <skipped/>
  </testcase> <!-- FullBillSettlementReceiptCashTest -->
  <testcase classname="com.test.emergency.test.ErBillingTest" name="PatientBillSchemeTest">
    <skipped/>
  </testcase> <!-- PatientBillSchemeTest -->
  <testcase classname="com.test.emergency.test.ErBillingTest" name="DeleteDiscountBillTest1">
    <skipped/>
  </testcase> <!-- DeleteDiscountBillTest1 -->
  <testcase classname="com.test.emergency.test.ErBillingTest" name="BillSettledPrintReceiptNumberTest">
    <skipped/>
  </testcase> <!-- BillSettledPrintReceiptNumberTest -->
  <testcase classname="com.test.emergency.test.ErBillingTest" name="SearchDischargedPatientTest">
    <skipped/>
  </testcase> <!-- SearchDischargedPatientTest -->
  <testcase classname="com.test.emergency.test.ErBillingTest" name="BillDetailsDetails">
    <skipped/>
  </testcase> <!-- BillDetailsDetails -->
  <testcase classname="com.test.emergency.test.ErBillingTest" name="EditFinancialDetaitModification">
    <skipped/>
  </testcase> <!-- EditFinancialDetaitModification -->
  <testcase classname="com.test.emergency.test.ErBillingTest" name="SearchCurrentPatientTest">
    <skipped/>
  </testcase> <!-- SearchCurrentPatientTest -->
  <testcase classname="com.test.emergency.test.ErBillingTest" name="PendingInvestigationtest">
    <skipped/>
  </testcase> <!-- PendingInvestigationtest -->
  <testcase classname="com.test.emergency.test.ErBillingTest" name="DiscountOnServiceWiseDiscountTest">
    <skipped/>
  </testcase> <!-- DiscountOnServiceWiseDiscountTest -->
  <testcase classname="com.test.emergency.test.ErBillingTest" name="DiscountInItemWiseTest">
    <skipped/>
  </testcase> <!-- DiscountInItemWiseTest -->
</testsuite> <!-- com.test.emergency.test.ErBillingTest -->
