<?xml version="1.0" encoding="UTF-8"?>
<!-- Generated by org.testng.reporters.JUnitReportReporter -->
<testsuite hostname="DESKTOP-V88DC5U" failures="0" tests="3" name="com.test.frontoffice.test.TC_010_Fo_DoctorAppointmentTest" time="96.658" errors="0" timestamp="2025-12-01T18:31:14 IST" skipped="0">
  <testcase classname="com.test.frontoffice.test.TC_010_Fo_DoctorAppointmentTest" name="verifyPatientRegistration" time="48.350"/>
  <testcase classname="com.test.frontoffice.test.TC_010_Fo_DoctorAppointmentTest" name="FoAppointmentInLinkUHIDAndBilling" time="32.953"/>
  <testcase classname="com.test.frontoffice.test.TC_010_Fo_DoctorAppointmentTest" name="frontOfficeBillingTest" time="15.355"/>
</testsuite> <!-- com.test.frontoffice.test.TC_010_Fo_DoctorAppointmentTest -->
