<?xml version="1.0" encoding="UTF-8"?>
<!-- Generated by org.testng.reporters.JUnitReportReporter -->
<testsuite hostname="DESKTOP-V88DC5U" failures="0" tests="4" name="com.test.frontofficeBilling.test.TC_006_BillsUtility_DuesSettlementTest" time="147.131" errors="0" timestamp="2026-01-26T16:07:34 IST" skipped="0">
  <testcase classname="com.test.frontofficeBilling.test.TC_006_BillsUtility_DuesSettlementTest" name="verifyPatientRegistration" time="51.965"/>
  <testcase classname="com.test.frontofficeBilling.test.TC_006_BillsUtility_DuesSettlementTest" name="frontOfficeBillingTest" time="59.110"/>
  <testcase classname="com.test.frontofficeBilling.test.TC_006_BillsUtility_DuesSettlementTest" name="billsUtilityDueSettlementTest" time="32.366"/>
  <testcase classname="com.test.frontofficeBilling.test.TC_006_BillsUtility_DuesSettlementTest" name="FullDuesBillsSettlementTest" time="3.690"/>
</testsuite> <!-- com.test.frontofficeBilling.test.TC_006_BillsUtility_DuesSettlementTest -->
