<?xml version="1.0" encoding="UTF-8"?>
<!-- Generated by org.testng.reporters.JUnitReportReporter -->
<testsuite hostname="DESKTOP-V88DC5U" failures="0" tests="5" name="com.test.frontoffice.test.TC_003_Fo_RegistrationAndModificationTest" time="132.889" errors="0" timestamp="2025-12-12T14:54:19 IST" skipped="0">
  <testcase classname="com.test.frontoffice.test.TC_003_Fo_RegistrationAndModificationTest" name="ModificationOfPatientRegistration" time="75.060"/>
  <testcase classname="com.test.frontoffice.test.TC_003_Fo_RegistrationAndModificationTest" name="modificationOPRegistration" time="24.670"/>
  <testcase classname="com.test.frontoffice.test.TC_003_Fo_RegistrationAndModificationTest" name="FrontOfficeSaveVaccineDetails" time="20.805"/>
  <testcase classname="com.test.frontoffice.test.TC_003_Fo_RegistrationAndModificationTest" name="FrontOfficeVaccineDelete" time="8.101"/>
  <testcase classname="com.test.frontoffice.test.TC_003_Fo_RegistrationAndModificationTest" name="FrontOfficeOPDCardPrint" time="4.253"/>
</testsuite> <!-- com.test.frontoffice.test.TC_003_Fo_RegistrationAndModificationTest -->
