<?xml version="1.0" encoding="UTF-8"?>
<!-- Generated by org.testng.reporters.JUnitReportReporter -->
<testsuite hostname="DESKTOP-V88DC5U" failures="0" tests="1" name="com.test.frontofficeBilling.test.TC_006_ReportDispatchTrackingTest" time="35.964" errors="0" timestamp="2026-01-13T17:25:39 IST" skipped="0">
  <testcase classname="com.test.frontofficeBilling.test.TC_006_ReportDispatchTrackingTest" name="BillsReportDispatchTrackingTest" time="35.964"/>
</testsuite> <!-- com.test.frontofficeBilling.test.TC_006_ReportDispatchTrackingTest -->
