<?xml version="1.0" encoding="UTF-8"?>
<!-- Generated by org.testng.reporters.JUnitReportReporter -->
<testsuite hostname="DESKTOP-V88DC5U" failures="0" tests="1" name="com.test.frontofficeBilling.test.TC_009_ReportDispatchTrackingTest" time="36.395" errors="0" timestamp="2026-01-26T16:07:34 IST" skipped="0">
  <testcase classname="com.test.frontofficeBilling.test.TC_009_ReportDispatchTrackingTest" name="BillsReportDispatchTrackingTest" time="36.395"/>
</testsuite> <!-- com.test.frontofficeBilling.test.TC_009_ReportDispatchTrackingTest -->
