<?xml version="1.0" encoding="UTF-8"?>
<!-- Generated by org.testng.reporters.JUnitReportReporter -->
<testsuite hostname="DESKTOP-V88DC5U" failures="0" tests="2" name="com.test.frontofficeBilling.test.TC_001_FrontOfficeBillingTest" time="108.642" errors="0" timestamp="2025-12-04T11:33:54 IST" skipped="0">
  <testcase classname="com.test.frontofficeBilling.test.TC_001_FrontOfficeBillingTest" name="verifyPatientRegistration" time="49.313"/>
  <testcase classname="com.test.frontofficeBilling.test.TC_001_FrontOfficeBillingTest" name="frontOfficeBillingTest" time="59.329"/>
</testsuite> <!-- com.test.frontofficeBilling.test.TC_001_FrontOfficeBillingTest -->
