<?xml version="1.0" encoding="UTF-8"?>
<!-- Generated by org.testng.reporters.JUnitReportReporter -->
<testsuite hostname="DESKTOP-V88DC5U" failures="0" tests="2" name="com.test.IpBilling.test.TC_004_AmbulanceMrdChargesTest" time="40.383" errors="0" timestamp="2026-02-02T13:50:49 IST" skipped="0">
  <testcase classname="com.test.IpBilling.test.TC_004_AmbulanceMrdChargesTest" name="AmbulanceMrdCharges" time="34.359"/>
  <testcase classname="com.test.IpBilling.test.TC_004_AmbulanceMrdChargesTest" name="DeleteAmbulanceMrdCharges" time="6.024"/>
</testsuite> <!-- com.test.IpBilling.test.TC_004_AmbulanceMrdChargesTest -->
