<?xml version="1.0" encoding="UTF-8"?>
<!-- Generated by org.testng.reporters.JUnitReportReporter -->
<testsuite hostname="DESKTOP-V88DC5U" failures="0" tests="11" name="com.test.IpBilling.test.TC_0A4_DiscountIpBillingTest" time="358.605" errors="0" timestamp="2026-03-16T21:02:05 IST" skipped="1">
  <testcase classname="com.test.IpBilling.test.TC_0A4_DiscountIpBillingTest" name="AdmitPatient" time="104.001"/>
  <testcase classname="com.test.IpBilling.test.TC_0A4_DiscountIpBillingTest" name="NursingDischargeTest" time="63.830"/>
  <testcase classname="com.test.IpBilling.test.TC_0A4_DiscountIpBillingTest" name="NursingClearanceTest" time="15.625"/>
  <testcase classname="com.test.IpBilling.test.TC_0A4_DiscountIpBillingTest" name="PharmacyDischargeNotificationTest" time="32.661"/>
  <testcase classname="com.test.IpBilling.test.TC_0A4_DiscountIpBillingTest" name="AcknowledgeDischargeNotification" time="35.817"/>
  <testcase classname="com.test.IpBilling.test.TC_0A4_DiscountIpBillingTest" name="DiscountType_OnTotalBillDiscountTest" time="23.700"/>
  <testcase classname="com.test.IpBilling.test.TC_0A4_DiscountIpBillingTest" name="CancelDiscountTest" time="9.202"/>
  <testcase classname="com.test.IpBilling.test.TC_0A4_DiscountIpBillingTest" name="DiscountType_ServiceWiseDiscountTest" time="38.300"/>
  <testcase classname="com.test.IpBilling.test.TC_0A4_DiscountIpBillingTest" name="CancelDiscountTest2" time="13.501"/>
  <testcase classname="com.test.IpBilling.test.TC_0A4_DiscountIpBillingTest" name="DiscountType_ItemWiseDiscountTest" time="21.968"/>
  <testcase classname="com.test.IpBilling.test.TC_0A4_DiscountIpBillingTest" name="LabclearanceDataProviderTest">
    <skipped/>
  </testcase> <!-- LabclearanceDataProviderTest -->
</testsuite> <!-- com.test.IpBilling.test.TC_0A4_DiscountIpBillingTest -->
