<?xml version="1.0" encoding="UTF-8"?>
<!-- Generated by org.testng.reporters.JUnitReportReporter -->
<testsuite hostname="DESKTOP-V88DC5U" failures="0" tests="3" name="com.test.frontoffice.test.TC_009_Fo_DoctorAppointmentTest" time="98.913" errors="0" timestamp="2025-12-09T13:00:15 IST" skipped="0">
  <testcase classname="com.test.frontoffice.test.TC_009_Fo_DoctorAppointmentTest" name="verifyPatientRegistration" time="46.108"/>
  <testcase classname="com.test.frontoffice.test.TC_009_Fo_DoctorAppointmentTest" name="FoAppointmentGOTOBill" time="36.012"/>
  <testcase classname="com.test.frontoffice.test.TC_009_Fo_DoctorAppointmentTest" name="frontOfficeBillingTest" time="16.793"/>
</testsuite> <!-- com.test.frontoffice.test.TC_009_Fo_DoctorAppointmentTest -->
