<?xml version="1.0" encoding="UTF-8"?>
<!-- Generated by org.testng.reporters.JUnitReportReporter -->
<testsuite hostname="DESKTOP-V88DC5U" failures="0" tests="7" name="com.test.emergency.test.TC_002_Er_RegistrationWithCompanyTest" time="196.951" errors="0" timestamp="2026-05-11T16:21:45 IST" skipped="0">
  <testcase classname="com.test.emergency.test.TC_002_Er_RegistrationWithCompanyTest" name="erDemogrphicDetailsTest" time="74.834"/>
  <testcase classname="com.test.emergency.test.TC_002_Er_RegistrationWithCompanyTest" name="ErCompanyInsuranceDetailsTest" time="38.338"/>
  <testcase classname="com.test.emergency.test.TC_002_Er_RegistrationWithCompanyTest" name="AddPermanentAddressTest" time="15.935"/>
  <testcase classname="com.test.emergency.test.TC_002_Er_RegistrationWithCompanyTest" name="MLCDetailsTest" time="38.654"/>
  <testcase classname="com.test.emergency.test.TC_002_Er_RegistrationWithCompanyTest" name="KinDetailsTest" time="11.183"/>
  <testcase classname="com.test.emergency.test.TC_002_Er_RegistrationWithCompanyTest" name="AmbulanceInformationTest" time="12.651"/>
  <testcase classname="com.test.emergency.test.TC_002_Er_RegistrationWithCompanyTest" name="SaveEmergencyPatientTest" time="5.356"/>
</testsuite> <!-- com.test.emergency.test.TC_002_Er_RegistrationWithCompanyTest -->
