<?xml version="1.0" encoding="UTF-8"?>
<!-- Generated by org.testng.reporters.JUnitReportReporter -->
<testsuite hostname="DESKTOP-V88DC5U" failures="0" tests="1" name="com.test.opdnursing.test.TS_03OPD_NusringAllergyRegistrationAppointmentTest" time="254.358" errors="0" timestamp="2025-08-07T13:34:16 IST" skipped="0">
  <testcase classname="com.test.opdnursing.test.TS_03OPD_NusringAllergyRegistrationAppointmentTest" name="patientAllergyMarks" time="254.358"/>
</testsuite> <!-- com.test.opdnursing.test.TS_03OPD_NusringAllergyRegistrationAppointmentTest -->
