<?xml version="1.0" encoding="UTF-8"?>
<!-- Generated by org.testng.reporters.JUnitReportReporter -->
<testsuite hostname="DESKTOP-V88DC5U" failures="0" tests="3" name="com.test.frontoffice.test.TC_011_Fo_DoctorAppointmentTest" time="119.379" errors="0" timestamp="2025-12-02T10:41:39 IST" skipped="0">
  <testcase classname="com.test.frontoffice.test.TC_011_Fo_DoctorAppointmentTest" name="verifyPatientRegistration" time="55.605"/>
  <testcase classname="com.test.frontoffice.test.TC_011_Fo_DoctorAppointmentTest" name="FoAppointmentInLinkUHIDAndBilling" time="46.342"/>
  <testcase classname="com.test.frontoffice.test.TC_011_Fo_DoctorAppointmentTest" name="frontOfficeBillingTest" time="17.432"/>
</testsuite> <!-- com.test.frontoffice.test.TC_011_Fo_DoctorAppointmentTest -->
