<?xml version="1.0" encoding="UTF-8"?>
<!-- Generated by org.testng.reporters.JUnitReportReporter -->
<testsuite hostname="DESKTOP-V88DC5U" failures="0" tests="3" name="com.test.emergency.test.TC_018_Er_SalesConsumptionTest" time="31.857" errors="0" timestamp="2026-04-14T17:34:03 IST" skipped="1">
  <testcase classname="com.test.emergency.test.TC_018_Er_SalesConsumptionTest" name="PrintWardStockIssuedTest" time="29.409"/>
  <testcase classname="com.test.emergency.test.TC_018_Er_SalesConsumptionTest" name="ViewOrderSetSubstituteDrugsTest" time="2.448"/>
  <testcase classname="com.test.emergency.test.TC_018_Er_SalesConsumptionTest" name="SalesConsumptionTest">
    <skipped/>
  </testcase> <!-- SalesConsumptionTest -->
</testsuite> <!-- com.test.emergency.test.TC_018_Er_SalesConsumptionTest -->
