<?xml version="1.0" encoding="UTF-8"?>
<!-- Generated by org.testng.reporters.JUnitReportReporter -->
<testsuite hostname="DESKTOP-V88DC5U" failures="0" tests="3" name="com.test.emergency.test.TC_014_ERDischargeNotificationTest" time="63.528" errors="0" timestamp="2026-04-01T09:42:57 IST" skipped="0">
  <testcase classname="com.test.emergency.test.TC_014_ERDischargeNotificationTest" name="CheckFuncilityTest" time="41.733"/>
  <testcase classname="com.test.emergency.test.TC_014_ERDischargeNotificationTest" name="DischargedPatientAcknowledgeAndBillTest" time="11.541"/>
  <testcase classname="com.test.emergency.test.TC_014_ERDischargeNotificationTest" name="CancelAcknowledgedPatientTest" time="10.254"/>
</testsuite> <!-- com.test.emergency.test.TC_014_ERDischargeNotificationTest -->
