<?xml version="1.0" encoding="UTF-8"?>
<!-- Generated by org.testng.reporters.JUnitReportReporter -->
<testsuite hostname="DESKTOP-V88DC5U" failures="0" tests="2" name="com.test.emergency.test.TC_021_Er_Blood_Bank_RaiseNewRequestTest" time="51.917" errors="0" timestamp="2026-04-16T15:14:49 IST" skipped="0">
  <testcase classname="com.test.emergency.test.TC_021_Er_Blood_Bank_RaiseNewRequestTest" name="SearchBloodBankRaiseNewRequestTest" time="38.198"/>
  <testcase classname="com.test.emergency.test.TC_021_Er_Blood_Bank_RaiseNewRequestTest" name="EnterErNumberBloodBankRaiseNewRequestTest" time="13.719"/>
</testsuite> <!-- com.test.emergency.test.TC_021_Er_Blood_Bank_RaiseNewRequestTest -->
