<?xml version="1.0" encoding="UTF-8"?>
<!-- Generated by org.testng.reporters.JUnitReportReporter -->
<testsuite hostname="DESKTOP-V88DC5U" failures="0" tests="2" name="com.test.frontofficeBilling.test.TC_005_FoRegistrationWithSchemeCompanyBillingTest" time="132.925" errors="0" timestamp="2025-12-08T12:03:23 IST" skipped="0">
  <testcase classname="com.test.frontofficeBilling.test.TC_005_FoRegistrationWithSchemeCompanyBillingTest" name="verifyPatientRegistration" time="79.492"/>
  <testcase classname="com.test.frontofficeBilling.test.TC_005_FoRegistrationWithSchemeCompanyBillingTest" name="frontOfficeBillingTest" time="53.433"/>
</testsuite> <!-- com.test.frontofficeBilling.test.TC_005_FoRegistrationWithSchemeCompanyBillingTest -->
