<?xml version="1.0" encoding="UTF-8"?>
<!-- Generated by org.testng.reporters.JUnitReportReporter -->
<testsuite hostname="DESKTOP-V88DC5U" failures="0" tests="1" name="com.test.IpBilling.test.AcknowledgeDischargeNotificationTest" time="44.182" errors="0" timestamp="2026-01-29T14:58:27 IST" skipped="0">
  <testcase classname="com.test.IpBilling.test.AcknowledgeDischargeNotificationTest" name="AcknowledgeDischargeNotification" time="44.182"/>
</testsuite> <!-- com.test.IpBilling.test.AcknowledgeDischargeNotificationTest -->
