<?xml version="1.0" encoding="UTF-8"?>
<!-- Generated by org.testng.reporters.JUnitReportReporter -->
<testsuite hostname="DESKTOP-V88DC5U" failures="0" tests="1" name="com.test.nursing.test.NursingActivityAcknowledgementTest" time="34.410" errors="0" timestamp="2025-07-09T13:10:28 IST" skipped="0">
  <testcase classname="com.test.nursing.test.NursingActivityAcknowledgementTest" name="nursingActivity" time="34.410"/>
</testsuite> <!-- com.test.nursing.test.NursingActivityAcknowledgementTest -->
