<?xml version="1.0" encoding="UTF-8"?>
<!-- Generated by org.testng.reporters.JUnitReportReporter -->
<testsuite hostname="DESKTOP-V88DC5U" failures="0" tests="2" name="com.test.frontoffice.test.FO_PatientQueueTest" time="328.255" errors="0" timestamp="2026-01-23T11:06:54 IST" skipped="0">
  <testcase classname="com.test.frontoffice.test.FO_PatientQueueTest" name="CheckDoctorpatientQueue" time="63.843"/>
  <testcase classname="com.test.frontoffice.test.FO_PatientQueueTest" name="AllkDoctorpatientQueue" time="264.412"/>
</testsuite> <!-- com.test.frontoffice.test.FO_PatientQueueTest -->
