<?xml version="1.0" encoding="UTF-8"?>
<!-- Generated by org.testng.reporters.JUnitReportReporter -->
<testsuite hostname="DESKTOP-V88DC5U" failures="0" tests="1" name="com.test.frontoffice.test.AppointmentSchedulingDoctorCurrentStatusTest" time="30.176" errors="0" timestamp="2026-01-19T18:34:26 IST" skipped="0">
  <testcase classname="com.test.frontoffice.test.AppointmentSchedulingDoctorCurrentStatusTest" name="frontOfficeAppointmentSchedulingAndRegistration" time="30.176"/>
</testsuite> <!-- com.test.frontoffice.test.AppointmentSchedulingDoctorCurrentStatusTest -->
