<?xml version="1.0" encoding="UTF-8"?>
<!-- Generated by org.testng.reporters.JUnitReportReporter -->
<testsuite hostname="DESKTOP-V88DC5U" failures="0" tests="1" name="com.test.frontoffice.test.Tc_55FrontOfficeBlockHomeCareAppointmentTest007" time="102.462" errors="0" timestamp="2025-07-29T23:43:17 IST" skipped="0">
  <testcase classname="com.test.frontoffice.test.Tc_55FrontOfficeBlockHomeCareAppointmentTest007" name="appointmentScheduling" time="102.462"/>
</testsuite> <!-- com.test.frontoffice.test.Tc_55FrontOfficeBlockHomeCareAppointmentTest007 -->
