<?xml version="1.0" encoding="UTF-8"?>
<!-- Generated by org.testng.reporters.JUnitReportReporter -->
<testsuite hostname="DESKTOP-V88DC5U" failures="0" tests="8" name="com.test.emergency.test.TC_010_Reg_Misc_AmbulanceCharges_BillDetails_Discharge_BillSettledTest" time="196.862" errors="0" timestamp="2026-03-30T15:35:46 IST" skipped="0">
  <testcase classname="com.test.emergency.test.TC_010_Reg_Misc_AmbulanceCharges_BillDetails_Discharge_BillSettledTest" name="erDemogrphicDetailsTest" time="71.639"/>
  <testcase classname="com.test.emergency.test.TC_010_Reg_Misc_AmbulanceCharges_BillDetails_Discharge_BillSettledTest" name="SaveEmergencyPatientTest" time="6.680"/>
  <testcase classname="com.test.emergency.test.TC_010_Reg_Misc_AmbulanceCharges_BillDetails_Discharge_BillSettledTest" name="EnterUHID_IpNumber_MiscellaneousCharges" time="27.825"/>
  <testcase classname="com.test.emergency.test.TC_010_Reg_Misc_AmbulanceCharges_BillDetails_Discharge_BillSettledTest" name="AmbulanceMRDChargesTest" time="18.889"/>
  <testcase classname="com.test.emergency.test.TC_010_Reg_Misc_AmbulanceCharges_BillDetails_Discharge_BillSettledTest" name="EnterErNumberAndUHID" time="9.090"/>
  <testcase classname="com.test.emergency.test.TC_010_Reg_Misc_AmbulanceCharges_BillDetails_Discharge_BillSettledTest" name="BillDetailsDetails" time="29.751"/>
  <testcase classname="com.test.emergency.test.TC_010_Reg_Misc_AmbulanceCharges_BillDetails_Discharge_BillSettledTest" name="DischargeIconTest" time="12.263"/>
  <testcase classname="com.test.emergency.test.TC_010_Reg_Misc_AmbulanceCharges_BillDetails_Discharge_BillSettledTest" name="BillSettlementReceiptInChequeTest" time="20.725"/>
</testsuite> <!-- com.test.emergency.test.TC_010_Reg_Misc_AmbulanceCharges_BillDetails_Discharge_BillSettledTest -->
