<?xml version="1.0" encoding="UTF-8"?>
<!-- Generated by org.testng.reporters.JUnitReportReporter -->
<testsuite hostname="DESKTOP-V88DC5U" failures="0" tests="1" name="com.test.Pharmacy.Test.TC_001_DischargeNotification_PharmacyTest" time="24.720" errors="0" timestamp="2026-02-09T15:41:06 IST" skipped="0">
  <testcase classname="com.test.Pharmacy.Test.TC_001_DischargeNotification_PharmacyTest" name="PharmacyDischargeNotificationTest" time="24.720"/>
</testsuite> <!-- com.test.Pharmacy.Test.TC_001_DischargeNotification_PharmacyTest -->
