<?xml version="1.0" encoding="UTF-8"?>
<!-- Generated by org.testng.reporters.JUnitReportReporter -->
<testsuite hostname="DESKTOP-V88DC5U" failures="0" tests="1" name="com.test.nursing.test.TS_02NursingProcedurePhysicianOrder" time="214.600" errors="0" timestamp="2025-08-03T00:55:27 IST" skipped="0">
  <testcase classname="com.test.nursing.test.TS_02NursingProcedurePhysicianOrder" name="frontoffice_billing_physicianOrder_NursingProcedure" time="214.600"/>
</testsuite> <!-- com.test.nursing.test.TS_02NursingProcedurePhysicianOrder -->
