<?xml version="1.0" encoding="UTF-8"?>
<!-- Generated by org.testng.reporters.JUnitReportReporter -->
<testsuite hostname="DESKTOP-V88DC5U" failures="0" tests="19" name="com.test.emergency.test.TC_017_Er_OrderTest" time="441.441" errors="1" timestamp="2026-05-13T15:51:10 IST" skipped="0">
  <testcase classname="com.test.emergency.test.TC_017_Er_OrderTest" name="SearchOccupiedPatientTest" time="21.857"/>
  <testcase classname="com.test.emergency.test.TC_017_Er_OrderTest" name="InvestigationsOrderTest" time="25.343"/>
  <testcase classname="com.test.emergency.test.TC_017_Er_OrderTest" name="PendingOrderSaveTest" time="10.396"/>
  <testcase classname="com.test.emergency.test.TC_017_Er_OrderTest" name="PrintCompletedOrderTest" time="31.562">
    <error message="Expected condition failed: waiting for element to be clickable: By.xpath: //table[@id=&#039;investigationlist&#039;]//tbody//tr[position()=1] (tried for 5 second(s) with 500 milliseconds interval)
Build info: version: &#039;4.38.0&#039;, revision: &#039;6b412e825c*&#039;
System info: os.name: &#039;Windows 11&#039;, os.arch: &#039;amd64&#039;, os.version: &#039;10.0&#039;, java.version: &#039;21.0.1&#039;
Driver info: org.openqa.selenium.chrome.ChromeDriver
Capabilities {acceptInsecureCerts: true, browserName: chrome, browserVersion: 148.0.7778.97, chrome: {chromedriverVersion: 148.0.7778.167 (65db666ac2c..., userDataDir: C:\Users\ANUP~1.DES\AppData...}, fedcm:accounts: true, goog:chromeOptions: {debuggerAddress: localhost:59827}, goog:processID: 5332, networkConnectionEnabled: false, pageLoadStrategy: normal, platformName: windows, proxy: Proxy(), se:cdp: ws://localhost:59827/devtoo..., se:cdpVersion: 148.0.7778.97, setWindowRect: true, strictFileInteractability: false, timeouts: {implicit: 0, pageLoad: 300000, script: 30000}, unhandledPromptBehavior: dismiss and notify, webauthn:extension:credBlob: true, webauthn:extension:largeBlob: true, webauthn:extension:minPinLength: true, webauthn:extension:prf: true, webauthn:virtualAuthenticators: true}
Session ID: b3c51d4646454f6945bc0e26f1d8c3ca" type="org.openqa.selenium.TimeoutException">
      <![CDATA[org.openqa.selenium.TimeoutException: Expected condition failed: waiting for element to be clickable: By.xpath: //table[@id='investigationlist']//tbody//tr[position()=1] (tried for 5 second(s) with 500 milliseconds interval)
Build info: version: '4.38.0', revision: '6b412e825c*'
System info: os.name: 'Windows 11', os.arch: 'amd64', os.version: '10.0', java.version: '21.0.1'
Driver info: org.openqa.selenium.chrome.ChromeDriver
Capabilities {acceptInsecureCerts: true, browserName: chrome, browserVersion: 148.0.7778.97, chrome: {chromedriverVersion: 148.0.7778.167 (65db666ac2c..., userDataDir: C:\Users\ANUP~1.DES\AppData...}, fedcm:accounts: true, goog:chromeOptions: {debuggerAddress: localhost:59827}, goog:processID: 5332, networkConnectionEnabled: false, pageLoadStrategy: normal, platformName: windows, proxy: Proxy(), se:cdp: ws://localhost:59827/devtoo..., se:cdpVersion: 148.0.7778.97, setWindowRect: true, strictFileInteractability: false, timeouts: {implicit: 0, pageLoad: 300000, script: 30000}, unhandledPromptBehavior: dismiss and notify, webauthn:extension:credBlob: true, webauthn:extension:largeBlob: true, webauthn:extension:minPinLength: true, webauthn:extension:prf: true, webauthn:virtualAuthenticators: true}
Session ID: b3c51d4646454f6945bc0e26f1d8c3ca
at org.openqa.selenium.support.ui.WebDriverWait.timeoutException(WebDriverWait.java:84)
at org.openqa.selenium.support.ui.FluentWait.until(FluentWait.java:228)
at com.test.emergency.page.Er_OrderPage.ClickOnCompletedOrderTable(Er_OrderPage.java:473)
at com.test.emergency.test.TC_017_Er_OrderTest.PrintCompletedOrderTest(TC_017_Er_OrderTest.java:128)
at java.base/jdk.internal.reflect.DirectMethodHandleAccessor.invoke(DirectMethodHandleAccessor.java:103)
at java.base/java.lang.reflect.Method.invoke(Method.java:580)
at org.testng.internal.invokers.MethodInvocationHelper.invokeMethod(MethodInvocationHelper.java:141)
at org.testng.internal.invokers.TestInvoker.invokeMethod(TestInvoker.java:687)
at org.testng.internal.invokers.TestInvoker.invokeTestMethod(TestInvoker.java:230)
at org.testng.internal.invokers.MethodRunner.runInSequence(MethodRunner.java:63)
at org.testng.internal.invokers.TestInvoker$MethodInvocationAgent.invoke(TestInvoker.java:995)
at org.testng.internal.invokers.TestInvoker.invokeTestMethods(TestInvoker.java:203)
at org.testng.internal.invokers.TestMethodWorker.invokeTestMethods(TestMethodWorker.java:154)
at org.testng.internal.invokers.TestMethodWorker.run(TestMethodWorker.java:134)
at java.base/java.util.ArrayList.forEach(ArrayList.java:1596)
at org.testng.TestRunner.privateRun(TestRunner.java:741)
at org.testng.TestRunner.run(TestRunner.java:616)
at org.testng.SuiteRunner.runTest(SuiteRunner.java:421)
at org.testng.SuiteRunner.runSequentially(SuiteRunner.java:413)
at org.testng.SuiteRunner.privateRun(SuiteRunner.java:373)
at org.testng.SuiteRunner.run(SuiteRunner.java:312)
at org.testng.SuiteRunnerWorker.runSuite(SuiteRunnerWorker.java:52)
at org.testng.SuiteRunnerWorker.run(SuiteRunnerWorker.java:95)
at org.testng.TestNG.runSuitesSequentially(TestNG.java:1274)
at org.testng.TestNG.runSuitesLocally(TestNG.java:1208)
at org.testng.TestNG.runSuites(TestNG.java:1112)
at org.testng.TestNG.run(TestNG.java:1079)
at org.testng.remote.AbstractRemoteTestNG.run(AbstractRemoteTestNG.java:115)
at org.testng.remote.RemoteTestNG.initAndRun(RemoteTestNG.java:293)
at org.testng.remote.RemoteTestNG.main(RemoteTestNG.java:91)
]]>
    </error>
  </testcase> <!-- PrintCompletedOrderTest -->
  <testcase classname="com.test.emergency.test.TC_017_Er_OrderTest" name="GeneralOrderEntryTest" time="19.074"/>
  <testcase classname="com.test.emergency.test.TC_017_Er_OrderTest" name="SaveGeneralOrderEntryTest" time="4.836"/>
  <testcase classname="com.test.emergency.test.TC_017_Er_OrderTest" name="DeleteGeneralOrderEntryTest" time="8.185"/>
  <testcase classname="com.test.emergency.test.TC_017_Er_OrderTest" name="NewDrugOrderTest" time="63.002"/>
  <testcase classname="com.test.emergency.test.TC_017_Er_OrderTest" name="PrintPendingDrugsOrderTest" time="33.270"/>
  <testcase classname="com.test.emergency.test.TC_017_Er_OrderTest" name="CancelPendingDrugsOrderTest" time="17.771"/>
  <testcase classname="com.test.emergency.test.TC_017_Er_OrderTest" name="PharmacyIpIssueTest" time="69.426"/>
  <testcase classname="com.test.emergency.test.TC_017_Er_OrderTest" name="SearchOccupiedPatientTest_2" time="20.099"/>
  <testcase classname="com.test.emergency.test.TC_017_Er_OrderTest" name="CheckVerifyDrugsIssuedTest" time="2.795"/>
  <testcase classname="com.test.emergency.test.TC_017_Er_OrderTest" name="NewRetunDrugTestFuncility" time="45.843"/>
  <testcase classname="com.test.emergency.test.TC_017_Er_OrderTest" name="PharmacyIpRetunTest" time="21.515"/>
  <testcase classname="com.test.emergency.test.TC_017_Er_OrderTest" name="SearchOccupiedPatientTest_3" time="19.437"/>
  <testcase classname="com.test.emergency.test.TC_017_Er_OrderTest" name="CheckAndVerifyPendingNewRetunDrugTestFuncility" time="1.454"/>
  <testcase classname="com.test.emergency.test.TC_017_Er_OrderTest" name="EmergencyDischargeIntimationTest" time="12.485"/>
  <testcase classname="com.test.emergency.test.TC_017_Er_OrderTest" name="CancleDischargedIntimationTestFuncility" time="13.091"/>
</testsuite> <!-- com.test.emergency.test.TC_017_Er_OrderTest -->
