<?xml version="1.0" encoding="UTF-8"?>
<!-- Generated by org.testng.reporters.JUnitReportReporter -->
<testsuite hostname="DESKTOP-V88DC5U" failures="0" tests="3" name="com.test.frontoffice.test.Tc_56PhysicianOrderCasePatientBillTest005" time="204.473" errors="0" timestamp="2025-07-30T10:01:36 IST" skipped="0">
  <testcase classname="com.test.frontoffice.test.Tc_56PhysicianOrderCasePatientBillTest005" name="FrontOfficePatientRegistration" time="71.132"/>
  <testcase classname="com.test.frontoffice.test.Tc_56PhysicianOrderCasePatientBillTest005" name="phycisianOrder" time="86.356"/>
  <testcase classname="com.test.frontoffice.test.Tc_56PhysicianOrderCasePatientBillTest005" name="reBilingAfterPhysicianOrder" time="46.985"/>
</testsuite> <!-- com.test.frontoffice.test.Tc_56PhysicianOrderCasePatientBillTest005 -->
