<?xml version="1.0" encoding="UTF-8"?>
<!-- Generated by org.testng.reporters.JUnitReportReporter -->
<testsuite hostname="DESKTOP-V88DC5U" failures="0" tests="1" name="com.test.frontoffice.test.Appointment_Equipment_SchedulingTest" time="44.810" errors="0" timestamp="2026-01-20T14:11:22 IST" skipped="0">
  <testcase classname="com.test.frontoffice.test.Appointment_Equipment_SchedulingTest" name="AppoimentEquipmentSchedule" time="44.810"/>
</testsuite> <!-- com.test.frontoffice.test.Appointment_Equipment_SchedulingTest -->
