<?xml version="1.0" encoding="UTF-8"?>
<!-- Generated by org.testng.reporters.JUnitReportReporter -->
<testsuite hostname="DESKTOP-V88DC5U" failures="0" tests="2" name="com.test.frontoffice.test.TC_008_Fo_DoctorAppointmentTest" time="80.105" errors="2" timestamp="2026-01-07T15:09:02 IST" skipped="0">
  <testcase classname="com.test.frontoffice.test.TC_008_Fo_DoctorAppointmentTest" name="frontOfficeAppointmentSchedulingAndRegistration" time="79.956">
    <error message="no such element: Unable to locate element: {&quot;method&quot;:&quot;xpath&quot;,&quot;selector&quot;:&quot;//p[normalize-space()=&#039;Appointment booked successfully!&#039;]&quot;}
  (Session info: chrome=143.0.7499.170)
For documentation on this error, please visit: https://www.selenium.dev/documentation/webdriver/troubleshooting/errors#nosuchelementexception
Build info: version: &#039;4.38.0&#039;, revision: &#039;6b412e825c*&#039;
System info: os.name: &#039;Windows 11&#039;, os.arch: &#039;amd64&#039;, os.version: &#039;10.0&#039;, java.version: &#039;21.0.1&#039;
Driver info: org.openqa.selenium.chrome.ChromeDriver
Command: [cc194478f4a50a502f26eeab9b46b09e, findElement {using=xpath, value=//p[normalize-space()=&#039;Appointment booked successfully!&#039;]}]
Capabilities {acceptInsecureCerts: true, browserName: chrome, browserVersion: 143.0.7499.170, chrome: {chromedriverVersion: 142.0.7444.61 (9884f628acbc..., userDataDir: C:\Users\ANUP~1.DES\AppData...}, fedcm:accounts: true, goog:chromeOptions: {debuggerAddress: localhost:58486}, goog:processID: 5792, networkConnectionEnabled: false, pageLoadStrategy: normal, platformName: windows, proxy: Proxy(), se:cdp: ws://localhost:58486/devtoo..., se:cdpVersion: 143.0.7499.170, setWindowRect: true, strictFileInteractability: false, timeouts: {implicit: 0, pageLoad: 300000, script: 30000}, unhandledPromptBehavior: dismiss and notify, webauthn:extension:credBlob: true, webauthn:extension:largeBlob: true, webauthn:extension:minPinLength: true, webauthn:extension:prf: true, webauthn:virtualAuthenticators: true}
Session ID: cc194478f4a50a502f26eeab9b46b09e" type="org.openqa.selenium.NoSuchElementException">
      <![CDATA[org.openqa.selenium.NoSuchElementException: no such element: Unable to locate element: {"method":"xpath","selector":"//p[normalize-space()='Appointment booked successfully!']"}
  (Session info: chrome=143.0.7499.170)
For documentation on this error, please visit: https://www.selenium.dev/documentation/webdriver/troubleshooting/errors#nosuchelementexception
Build info: version: '4.38.0', revision: '6b412e825c*'
System info: os.name: 'Windows 11', os.arch: 'amd64', os.version: '10.0', java.version: '21.0.1'
Driver info: org.openqa.selenium.chrome.ChromeDriver
Command: [cc194478f4a50a502f26eeab9b46b09e, findElement {using=xpath, value=//p[normalize-space()='Appointment booked successfully!']}]
Capabilities {acceptInsecureCerts: true, browserName: chrome, browserVersion: 143.0.7499.170, chrome: {chromedriverVersion: 142.0.7444.61 (9884f628acbc..., userDataDir: C:\Users\ANUP~1.DES\AppData...}, fedcm:accounts: true, goog:chromeOptions: {debuggerAddress: localhost:58486}, goog:processID: 5792, networkConnectionEnabled: false, pageLoadStrategy: normal, platformName: windows, proxy: Proxy(), se:cdp: ws://localhost:58486/devtoo..., se:cdpVersion: 143.0.7499.170, setWindowRect: true, strictFileInteractability: false, timeouts: {implicit: 0, pageLoad: 300000, script: 30000}, unhandledPromptBehavior: dismiss and notify, webauthn:extension:credBlob: true, webauthn:extension:largeBlob: true, webauthn:extension:minPinLength: true, webauthn:extension:prf: true, webauthn:virtualAuthenticators: true}
Session ID: cc194478f4a50a502f26eeab9b46b09e
at java.base/jdk.internal.reflect.DirectConstructorHandleAccessor.newInstance(DirectConstructorHandleAccessor.java:62)
at java.base/java.lang.reflect.Constructor.newInstanceWithCaller(Constructor.java:502)
at java.base/java.lang.reflect.Constructor.newInstance(Constructor.java:486)
at org.openqa.selenium.remote.ErrorCodec.decode(ErrorCodec.java:167)
at org.openqa.selenium.remote.codec.w3c.W3CHttpResponseCodec.decode(W3CHttpResponseCodec.java:138)
at org.openqa.selenium.remote.codec.w3c.W3CHttpResponseCodec.decode(W3CHttpResponseCodec.java:50)
at org.openqa.selenium.remote.HttpCommandExecutor.execute(HttpCommandExecutor.java:215)
at org.openqa.selenium.remote.service.DriverCommandExecutor.invokeExecute(DriverCommandExecutor.java:216)
at org.openqa.selenium.remote.service.DriverCommandExecutor.execute(DriverCommandExecutor.java:174)
at org.openqa.selenium.remote.RemoteWebDriver.execute(RemoteWebDriver.java:557)
at org.openqa.selenium.remote.ElementLocation$ElementFinder$2.findElement(ElementLocation.java:165)
at org.openqa.selenium.remote.ElementLocation.findElement(ElementLocation.java:59)
at org.openqa.selenium.remote.RemoteWebDriver.findElement(RemoteWebDriver.java:380)
at org.openqa.selenium.remote.RemoteWebDriver.findElement(RemoteWebDriver.java:374)
at com.test.ui.helper.CommanUtill.isElementPresent(CommanUtill.java:1910)
at com.test.frontoffice.page.FrontOfficeAppointmentSchedulingPage.printPopupMessagefield(FrontOfficeAppointmentSchedulingPage.java:423)
at com.test.frontoffice.test.TC_008_Fo_DoctorAppointmentTest.frontOfficeAppointmentSchedulingAndRegistration(TC_008_Fo_DoctorAppointmentTest.java:78)
at java.base/jdk.internal.reflect.DirectMethodHandleAccessor.invoke(DirectMethodHandleAccessor.java:103)
at java.base/java.lang.reflect.Method.invoke(Method.java:580)
at org.testng.internal.invokers.MethodInvocationHelper.invokeMethod(MethodInvocationHelper.java:141)
at org.testng.internal.invokers.TestInvoker.invokeMethod(TestInvoker.java:687)
at org.testng.internal.invokers.TestInvoker.invokeTestMethod(TestInvoker.java:230)
at org.testng.internal.invokers.MethodRunner.runInSequence(MethodRunner.java:63)
at org.testng.internal.invokers.TestInvoker$MethodInvocationAgent.invoke(TestInvoker.java:995)
at org.testng.internal.invokers.TestInvoker.invokeTestMethods(TestInvoker.java:203)
at org.testng.internal.invokers.TestMethodWorker.invokeTestMethods(TestMethodWorker.java:154)
at org.testng.internal.invokers.TestMethodWorker.run(TestMethodWorker.java:134)
at java.base/java.util.ArrayList.forEach(ArrayList.java:1596)
at org.testng.TestRunner.privateRun(TestRunner.java:741)
at org.testng.TestRunner.run(TestRunner.java:616)
at org.testng.SuiteRunner.runTest(SuiteRunner.java:421)
at org.testng.SuiteRunner.runSequentially(SuiteRunner.java:413)
at org.testng.SuiteRunner.privateRun(SuiteRunner.java:373)
at org.testng.SuiteRunner.run(SuiteRunner.java:312)
at org.testng.SuiteRunnerWorker.runSuite(SuiteRunnerWorker.java:52)
at org.testng.SuiteRunnerWorker.run(SuiteRunnerWorker.java:95)
at org.testng.TestNG.runSuitesSequentially(TestNG.java:1274)
at org.testng.TestNG.runSuitesLocally(TestNG.java:1208)
at org.testng.TestNG.runSuites(TestNG.java:1112)
at org.testng.TestNG.run(TestNG.java:1079)
at org.testng.remote.AbstractRemoteTestNG.run(AbstractRemoteTestNG.java:115)
at org.testng.remote.RemoteTestNG.initAndRun(RemoteTestNG.java:293)
at org.testng.remote.RemoteTestNG.main(RemoteTestNG.java:91)
]]>
    </error>
  </testcase> <!-- frontOfficeAppointmentSchedulingAndRegistration -->
  <testcase classname="com.test.frontoffice.test.TC_008_Fo_DoctorAppointmentTest" name="verifyPatientRegistration" time="0.149">
    <error message="
[public void com.test.frontoffice.test.TC_008_Fo_DoctorAppointmentTest.verifyPatientRegistration(java.lang.String,java.lang.String,java.lang.String,java.lang.String,java.lang.String,java.lang.String,java.lang.String,java.lang.String,java.lang.String,java.lang.String,java.lang.String,java.lang.String,java.lang.String,java.lang.String,java.lang.String,java.lang.String,java.lang.String,java.lang.String,java.lang.String,java.lang.String,java.lang.String,java.lang.String,java.lang.String,java.lang.String,java.lang.String,java.lang.String,java.lang.String,java.lang.String,java.lang.String,java.lang.String,java.lang.String,java.lang.String,java.lang.String,java.lang.String,java.lang.String,java.lang.String,java.lang.String,java.lang.String,java.lang.String,java.lang.String,java.lang.String,java.lang.String,java.lang.String,java.lang.String,java.lang.String,java.lang.String,java.lang.String,java.lang.String,java.lang.String,java.lang.String,java.lang.String,java.lang.String,java.lang.String,java.lang.String,java.lang.String,java.lang.String,java.lang.String,java.lang.String,java.lang.String,java.lang.String,java.lang.String,java.lang.String,java.lang.String) throws java.io.IOException,java.lang.InterruptedException,java.lang.ClassNotFoundException] has no parameters defined but was found to be using a data provider (either explicitly specified or inherited from class level annotation).
Data provider mismatch
Method: verifyPatientRegistration([java.lang.String arg0, java.lang.String arg1, java.lang.String arg2, java.lang.String arg3, java.lang.String arg4, java.lang.String arg5, java.lang.String arg6, java.lang.String arg7, java.lang.String arg8, java.lang.String arg9, java.lang.String arg10, java.lang.String arg11, java.lang.String arg12, java.lang.String arg13, java.lang.String arg14, java.lang.String arg15, java.lang.String arg16, java.lang.String arg17, java.lang.String arg18, java.lang.String arg19, java.lang.String arg20, java.lang.String arg21, java.lang.String arg22, java.lang.String arg23, java.lang.String arg24, java.lang.String arg25, java.lang.String arg26, java.lang.String arg27, java.lang.String arg28, java.lang.String arg29, java.lang.String arg30, java.lang.String arg31, java.lang.String arg32, java.lang.String arg33, java.lang.String arg34, java.lang.String arg35, java.lang.String arg36, java.lang.String arg37, java.lang.String arg38, java.lang.String arg39, java.lang.String arg40, java.lang.String arg41, java.lang.String arg42, java.lang.String arg43, java.lang.String arg44, java.lang.String arg45, java.lang.String arg46, java.lang.String arg47, java.lang.String arg48, java.lang.String arg49, java.lang.String arg50, java.lang.String arg51, java.lang.String arg52, java.lang.String arg53, java.lang.String arg54, java.lang.String arg55, java.lang.String arg56, java.lang.String arg57, java.lang.String arg58, java.lang.String arg59, java.lang.String arg60, java.lang.String arg61, java.lang.String arg62])
Arguments: [(java.lang.String) SANITY HOSPITAL,(java.lang.String) 1st Floor NS,(java.lang.String) Mr.,(java.lang.String) Avdesh,(java.lang.String) Kumar,(java.lang.String) Mandal,(java.lang.String) Male,(java.lang.String) 17/11/2010,(java.lang.String) 19/11/2017,(java.lang.String) 23,(java.lang.String) Single,(java.lang.String) Devi,(java.lang.String) Sharma,(java.lang.String) Gupta,(java.lang.String) Indian,(java.lang.String) 12345678,(java.lang.String) 91,(java.lang.String) 9876543210,(java.lang.String) Anup@gmail.com,(java.lang.String) D345,(java.lang.String) Delhi ( DELHI ),(java.lang.String) Place,(java.lang.String) 111213,(java.lang.String) DELHI,(java.lang.String) 111213,(java.lang.String) India,(java.lang.String) A123456789,(java.lang.String) Divyanshu Company Type,(java.lang.String) DD Pvt Ltd,(java.lang.String) Himanshu Contract,(java.lang.String) Divyanshu,(java.lang.String) Company Department test,(java.lang.String) Consultation,(java.lang.String) Company Department test,(java.lang.String) 123456,(java.lang.String) asvg123,(java.lang.String) As requested,(java.lang.String) VIP_Text,(java.lang.String) Remaks Show  In Billing,(java.lang.String) aadhar card,(java.lang.String) ID1234567,(java.lang.String) ABHA,(java.lang.String) Abha,(java.lang.String) self,(java.lang.String) Hindi,(java.lang.String) 124111,(java.lang.String) Business,(java.lang.String) B.D.S.,(java.lang.String) Hindu,(java.lang.String) asd,(java.lang.String) OBC,(java.lang.String) Doctor Referral,(java.lang.String) ER,(java.lang.String) asdd,(java.lang.String) Anup,(java.lang.String) Brother,(java.lang.String) 1234556,(java.lang.String) 100% scheme,(java.lang.String) Kin,(java.lang.String) Anup,(java.lang.String) Brother,(java.lang.String) 124567,(java.lang.String) Fine,(java.lang.String) Covid,(java.lang.String) Two,(java.lang.String) Covishield,(java.lang.String) 15/12/2025,(java.lang.String) Vaccine Remaks]" type="org.testng.internal.reflect.MethodMatcherException">
      <![CDATA[org.testng.internal.reflect.MethodMatcherException: 
[public void com.test.frontoffice.test.TC_008_Fo_DoctorAppointmentTest.verifyPatientRegistration(java.lang.String,java.lang.String,java.lang.String,java.lang.String,java.lang.String,java.lang.String,java.lang.String,java.lang.String,java.lang.String,java.lang.String,java.lang.String,java.lang.String,java.lang.String,java.lang.String,java.lang.String,java.lang.String,java.lang.String,java.lang.String,java.lang.String,java.lang.String,java.lang.String,java.lang.String,java.lang.String,java.lang.String,java.lang.String,java.lang.String,java.lang.String,java.lang.String,java.lang.String,java.lang.String,java.lang.String,java.lang.String,java.lang.String,java.lang.String,java.lang.String,java.lang.String,java.lang.String,java.lang.String,java.lang.String,java.lang.String,java.lang.String,java.lang.String,java.lang.String,java.lang.String,java.lang.String,java.lang.String,java.lang.String,java.lang.String,java.lang.String,java.lang.String,java.lang.String,java.lang.String,java.lang.String,java.lang.String,java.lang.String,java.lang.String,java.lang.String,java.lang.String,java.lang.String,java.lang.String,java.lang.String,java.lang.String,java.lang.String) throws java.io.IOException,java.lang.InterruptedException,java.lang.ClassNotFoundException] has no parameters defined but was found to be using a data provider (either explicitly specified or inherited from class level annotation).
Data provider mismatch
Method: verifyPatientRegistration([java.lang.String arg0, java.lang.String arg1, java.lang.String arg2, java.lang.String arg3, java.lang.String arg4, java.lang.String arg5, java.lang.String arg6, java.lang.String arg7, java.lang.String arg8, java.lang.String arg9, java.lang.String arg10, java.lang.String arg11, java.lang.String arg12, java.lang.String arg13, java.lang.String arg14, java.lang.String arg15, java.lang.String arg16, java.lang.String arg17, java.lang.String arg18, java.lang.String arg19, java.lang.String arg20, java.lang.String arg21, java.lang.String arg22, java.lang.String arg23, java.lang.String arg24, java.lang.String arg25, java.lang.String arg26, java.lang.String arg27, java.lang.String arg28, java.lang.String arg29, java.lang.String arg30, java.lang.String arg31, java.lang.String arg32, java.lang.String arg33, java.lang.String arg34, java.lang.String arg35, java.lang.String arg36, java.lang.String arg37, java.lang.String arg38, java.lang.String arg39, java.lang.String arg40, java.lang.String arg41, java.lang.String arg42, java.lang.String arg43, java.lang.String arg44, java.lang.String arg45, java.lang.String arg46, java.lang.String arg47, java.lang.String arg48, java.lang.String arg49, java.lang.String arg50, java.lang.String arg51, java.lang.String arg52, java.lang.String arg53, java.lang.String arg54, java.lang.String arg55, java.lang.String arg56, java.lang.String arg57, java.lang.String arg58, java.lang.String arg59, java.lang.String arg60, java.lang.String arg61, java.lang.String arg62])
Arguments: [(java.lang.String) SANITY HOSPITAL,(java.lang.String) 1st Floor NS,(java.lang.String) Mr.,(java.lang.String) Avdesh,(java.lang.String) Kumar,(java.lang.String) Mandal,(java.lang.String) Male,(java.lang.String) 17/11/2010,(java.lang.String) 19/11/2017,(java.lang.String) 23,(java.lang.String) Single,(java.lang.String) Devi,(java.lang.String) Sharma,(java.lang.String) Gupta,(java.lang.String) Indian,(java.lang.String) 12345678,(java.lang.String) 91,(java.lang.String) 9876543210,(java.lang.String) Anup@gmail.com,(java.lang.String) D345,(java.lang.String) Delhi ( DELHI ),(java.lang.String) Place,(java.lang.String) 111213,(java.lang.String) DELHI,(java.lang.String) 111213,(java.lang.String) India,(java.lang.String) A123456789,(java.lang.String) Divyanshu Company Type,(java.lang.String) DD Pvt Ltd,(java.lang.String) Himanshu Contract,(java.lang.String) Divyanshu,(java.lang.String) Company Department test,(java.lang.String) Consultation,(java.lang.String) Company Department test,(java.lang.String) 123456,(java.lang.String) asvg123,(java.lang.String) As requested,(java.lang.String) VIP_Text,(java.lang.String) Remaks Show  In Billing,(java.lang.String) aadhar card,(java.lang.String) ID1234567,(java.lang.String) ABHA,(java.lang.String) Abha,(java.lang.String) self,(java.lang.String) Hindi,(java.lang.String) 124111,(java.lang.String) Business,(java.lang.String) B.D.S.,(java.lang.String) Hindu,(java.lang.String) asd,(java.lang.String) OBC,(java.lang.String) Doctor Referral,(java.lang.String) ER,(java.lang.String) asdd,(java.lang.String) Anup,(java.lang.String) Brother,(java.lang.String) 1234556,(java.lang.String) 100% scheme,(java.lang.String) Kin,(java.lang.String) Anup,(java.lang.String) Brother,(java.lang.String) 124567,(java.lang.String) Fine,(java.lang.String) Covid,(java.lang.String) Two,(java.lang.String) Covishield,(java.lang.String) 15/12/2025,(java.lang.String) Vaccine Remaks]
at org.testng.internal.reflect.DataProviderMethodMatcher.getConformingArguments(DataProviderMethodMatcher.java:46)
at org.testng.internal.Parameters.injectParameters(Parameters.java:915)
at org.testng.internal.invokers.MethodRunner.runInSequence(MethodRunner.java:50)
at org.testng.internal.invokers.TestInvoker$MethodInvocationAgent.invoke(TestInvoker.java:995)
at org.testng.internal.invokers.TestInvoker.invokeTestMethods(TestInvoker.java:203)
at org.testng.internal.invokers.TestMethodWorker.invokeTestMethods(TestMethodWorker.java:154)
at org.testng.internal.invokers.TestMethodWorker.run(TestMethodWorker.java:134)
at java.base/java.util.ArrayList.forEach(ArrayList.java:1596)
at org.testng.TestRunner.privateRun(TestRunner.java:741)
at org.testng.TestRunner.run(TestRunner.java:616)
at org.testng.SuiteRunner.runTest(SuiteRunner.java:421)
at org.testng.SuiteRunner.runSequentially(SuiteRunner.java:413)
at org.testng.SuiteRunner.privateRun(SuiteRunner.java:373)
at org.testng.SuiteRunner.run(SuiteRunner.java:312)
at org.testng.SuiteRunnerWorker.runSuite(SuiteRunnerWorker.java:52)
at org.testng.SuiteRunnerWorker.run(SuiteRunnerWorker.java:95)
at org.testng.TestNG.runSuitesSequentially(TestNG.java:1274)
at org.testng.TestNG.runSuitesLocally(TestNG.java:1208)
at org.testng.TestNG.runSuites(TestNG.java:1112)
at org.testng.TestNG.run(TestNG.java:1079)
at org.testng.remote.AbstractRemoteTestNG.run(AbstractRemoteTestNG.java:115)
at org.testng.remote.RemoteTestNG.initAndRun(RemoteTestNG.java:293)
at org.testng.remote.RemoteTestNG.main(RemoteTestNG.java:91)
]]>
    </error>
  </testcase> <!-- verifyPatientRegistration -->
</testsuite> <!-- com.test.frontoffice.test.TC_008_Fo_DoctorAppointmentTest -->
