<?xml version="1.0" encoding="UTF-8"?>
<!-- Generated by org.testng.reporters.JUnitReportReporter -->
<testsuite hostname="DESKTOP-V88DC5U" failures="0" tests="1" name="com.test.emergency.test.ViewAdmission_SurgeryRequestTest" time="19.580" errors="0" timestamp="2026-03-20T15:48:36 IST" skipped="0">
  <testcase classname="com.test.emergency.test.ViewAdmission_SurgeryRequestTest" name="ViewAdmissionSurgeryRequestTest" time="19.580"/>
</testsuite> <!-- com.test.emergency.test.ViewAdmission_SurgeryRequestTest -->
