<?xml version="1.0" encoding="UTF-8"?>
<!-- Generated by org.testng.reporters.JUnitReportReporter -->
<testsuite hostname="DESKTOP-V88DC5U" failures="0" tests="3" name="com.test.emergency.test.TC_023_Er_IssuedDrugAcknowledgementTest" time="25.744" errors="0" timestamp="2026-04-17T17:31:59 IST" skipped="1">
  <testcase classname="com.test.emergency.test.TC_023_Er_IssuedDrugAcknowledgementTest" name="IssuedDrugAcknowledgementTest" time="21.632"/>
  <testcase classname="com.test.emergency.test.TC_023_Er_IssuedDrugAcknowledgementTest" name="CheckAcknowledgementDrugTest" time="4.112"/>
  <testcase classname="com.test.emergency.test.TC_023_Er_IssuedDrugAcknowledgementTest" name="PharmacyIpIssueTest">
    <skipped/>
  </testcase> <!-- PharmacyIpIssueTest -->
</testsuite> <!-- com.test.emergency.test.TC_023_Er_IssuedDrugAcknowledgementTest -->
