<?xml version="1.0" encoding="UTF-8"?>
<!-- Generated by org.testng.reporters.JUnitReportReporter -->
<testsuite hostname="DESKTOP-V88DC5U" failures="0" tests="5" name="com.test.emergency.test.TC_025_Er_Report_EmergencyTotalPatientReportTest" time="228.093" errors="0" timestamp="2026-04-22T11:41:55 IST" skipped="0">
  <testcase classname="com.test.emergency.test.TC_025_Er_Report_EmergencyTotalPatientReportTest" name="DischargeReportAndCSVSheetTest" time="29.536"/>
  <testcase classname="com.test.emergency.test.TC_025_Er_Report_EmergencyTotalPatientReportTest" name="EmergencyConvertedPatientReportTest" time="15.110"/>
  <testcase classname="com.test.emergency.test.TC_025_Er_Report_EmergencyTotalPatientReportTest" name="AllDischargeConvertedPatientReportTest" time="73.444"/>
  <testcase classname="com.test.emergency.test.TC_025_Er_Report_EmergencyTotalPatientReportTest" name="EmergencyCurrentPatientReportTest" time="69.589"/>
  <testcase classname="com.test.emergency.test.TC_025_Er_Report_EmergencyTotalPatientReportTest" name="ER_ReadmissionReportTest" time="40.414"/>
</testsuite> <!-- com.test.emergency.test.TC_025_Er_Report_EmergencyTotalPatientReportTest -->
