<?xml version="1.0" encoding="UTF-8"?>
<!-- Generated by org.testng.reporters.JUnitReportReporter -->
<testsuite hostname="DESKTOP-V88DC5U" failures="0" tests="1" name="com.test.frontoffice.test.TC_005_Fo_RegistrationIDCardTypeDetailsTest" time="73.806" errors="0" timestamp="2025-11-28T11:47:19 IST" skipped="0">
  <testcase classname="com.test.frontoffice.test.TC_005_Fo_RegistrationIDCardTypeDetailsTest" name="verifyPatientRegistration" time="73.806"/>
</testsuite> <!-- com.test.frontoffice.test.TC_005_Fo_RegistrationIDCardTypeDetailsTest -->
