<?xml version="1.0" encoding="UTF-8"?>
<!-- Generated by org.testng.reporters.JUnitReportReporter -->
<testsuite hostname="DESKTOP-V88DC5U" failures="0" tests="4" name="com.test.emergency.test.TC_031_Er_PatientVitalTest" time="51.332" errors="0" timestamp="2026-04-24T10:53:23 IST" skipped="0">
  <testcase classname="com.test.emergency.test.TC_031_Er_PatientVitalTest" name="FindInPatientPatientVitailsTest" time="24.091"/>
  <testcase classname="com.test.emergency.test.TC_031_Er_PatientVitalTest" name="AddVitalMappingTest" time="9.175"/>
  <testcase classname="com.test.emergency.test.TC_031_Er_PatientVitalTest" name="DeleteVitalMappingTest" time="5.694"/>
  <testcase classname="com.test.emergency.test.TC_031_Er_PatientVitalTest" name="EnterERNoVitalMappingTest" time="12.372"/>
</testsuite> <!-- com.test.emergency.test.TC_031_Er_PatientVitalTest -->
