<?xml version="1.0" encoding="UTF-8"?>
<!-- Generated by org.testng.reporters.JUnitReportReporter -->
<testsuite hostname="DESKTOP-V88DC5U" failures="0" tests="1" name="com.test.frontoffice.test.FrontOfficeDoctorScheduleCurrentStatusTest003" time="43.633" errors="0" timestamp="2025-07-19T10:11:39 IST" skipped="0">
  <testcase classname="com.test.frontoffice.test.FrontOfficeDoctorScheduleCurrentStatusTest003" name="doctorScheduleCurrentStatus" time="43.633"/>
</testsuite> <!-- com.test.frontoffice.test.FrontOfficeDoctorScheduleCurrentStatusTest003 -->
