<?xml version="1.0" encoding="UTF-8"?>
<!-- Generated by org.testng.reporters.JUnitReportReporter -->
<testsuite hostname="DESKTOP-V88DC5U" failures="0" tests="8" name="com.test.frontoffice.test.TC_002_Fo_RegistrationAndModification_OtherTest" time="299.359" errors="0" timestamp="2026-01-07T14:58:05 IST" skipped="0">
  <testcase classname="com.test.frontoffice.test.TC_002_Fo_RegistrationAndModification_OtherTest" name="PatientRegistration" time="73.148"/>
  <testcase classname="com.test.frontoffice.test.TC_002_Fo_RegistrationAndModification_OtherTest" name="modificationOPRegistration" time="27.442"/>
  <testcase classname="com.test.frontoffice.test.TC_002_Fo_RegistrationAndModification_OtherTest" name="FrontOfficeSaveVaccineDetails" time="19.515"/>
  <testcase classname="com.test.frontoffice.test.TC_002_Fo_RegistrationAndModification_OtherTest" name="FrontOfficeVaccineDelete" time="8.946"/>
  <testcase classname="com.test.frontoffice.test.TC_002_Fo_RegistrationAndModification_OtherTest" name="FrontOfficeOPDCardPrint" time="6.612"/>
  <testcase classname="com.test.frontoffice.test.TC_002_Fo_RegistrationAndModification_OtherTest" name="PatientRegistrationUnder10Years" time="39.812"/>
  <testcase classname="com.test.frontoffice.test.TC_002_Fo_RegistrationAndModification_OtherTest" name="FrontOfficeFinancialDetails" time="59.454"/>
  <testcase classname="com.test.frontoffice.test.TC_002_Fo_RegistrationAndModification_OtherTest" name="PatientRegistrationWithPassportDetails" time="64.430"/>
</testsuite> <!-- com.test.frontoffice.test.TC_002_Fo_RegistrationAndModification_OtherTest -->
