<?xml version="1.0" encoding="UTF-8"?>
<!-- Generated by org.testng.reporters.JUnitReportReporter -->
<testsuite hostname="DESKTOP-V88DC5U" failures="0" tests="32" name="com.test.IpBilling.test.IPBillingTest" time="125.755" errors="0" timestamp="2026-03-16T20:20:23 IST" skipped="27">
  <testcase classname="com.test.IpBilling.test.IPBillingTest" name="DiscountType_OnTotalBillDiscountTest" time="44.647"/>
  <testcase classname="com.test.IpBilling.test.IPBillingTest" name="CancelDiscountTest" time="8.345"/>
  <testcase classname="com.test.IpBilling.test.IPBillingTest" name="DiscountType_ServiceWiseDiscountTest" time="37.657"/>
  <testcase classname="com.test.IpBilling.test.IPBillingTest" name="CancelDiscountTest2" time="12.188"/>
  <testcase classname="com.test.IpBilling.test.IPBillingTest" name="DiscountType_ItemWiseDiscountTest" time="22.918"/>
  <testcase classname="com.test.IpBilling.test.IPBillingTest" name="CamcelBillSettlement">
    <skipped/>
  </testcase> <!-- CamcelBillSettlement -->
  <testcase classname="com.test.IpBilling.test.IPBillingTest" name="SearchByNameIpBillingTest">
    <skipped/>
  </testcase> <!-- SearchByNameIpBillingTest -->
  <testcase classname="com.test.IpBilling.test.IPBillingTest" name="IpBillReadyTest">
    <skipped/>
  </testcase> <!-- IpBillReadyTest -->
  <testcase classname="com.test.IpBilling.test.IPBillingTest" name="AdtMultiplePackage">
    <skipped/>
  </testcase> <!-- AdtMultiplePackage -->
  <testcase classname="com.test.IpBilling.test.IPBillingTest" name="CancelDischargeTest">
    <skipped/>
  </testcase> <!-- CancelDischargeTest -->
  <testcase classname="com.test.IpBilling.test.IPBillingTest" name="CompanyDetailsThumbIcons">
    <skipped/>
  </testcase> <!-- CompanyDetailsThumbIcons -->
  <testcase classname="com.test.IpBilling.test.IPBillingTest" name="PrintIpBilling">
    <skipped/>
  </testcase> <!-- PrintIpBilling -->
  <testcase classname="com.test.IpBilling.test.IPBillingTest" name="IpBillingDepositRefundDetails">
    <skipped/>
  </testcase> <!-- IpBillingDepositRefundDetails -->
  <testcase classname="com.test.IpBilling.test.IPBillingTest" name="SurgeryBreakUpDetailsTest">
    <skipped/>
  </testcase> <!-- SurgeryBreakUpDetailsTest -->
  <testcase classname="com.test.IpBilling.test.IPBillingTest" name="BillGenrateTest">
    <skipped/>
  </testcase> <!-- BillGenrateTest -->
  <testcase classname="com.test.IpBilling.test.IPBillingTest" name="IpBillingAddRemarksIcon">
    <skipped/>
  </testcase> <!-- IpBillingAddRemarksIcon -->
  <testcase classname="com.test.IpBilling.test.IPBillingTest" name="DueSettlementBillTest">
    <skipped/>
  </testcase> <!-- DueSettlementBillTest -->
  <testcase classname="com.test.IpBilling.test.IPBillingTest" name="uplaodPatientDocuments">
    <skipped/>
  </testcase> <!-- uplaodPatientDocuments -->
  <testcase classname="com.test.IpBilling.test.IPBillingTest" name="SelectNonPayableServiceName">
    <skipped/>
  </testcase> <!-- SelectNonPayableServiceName -->
  <testcase classname="com.test.IpBilling.test.IPBillingTest" name="UpdatePaymentModeFinancialDetails">
    <skipped/>
  </testcase> <!-- UpdatePaymentModeFinancialDetails -->
  <testcase classname="com.test.IpBilling.test.IPBillingTest" name="PendingInvestigationTest">
    <skipped/>
  </testcase> <!-- PendingInvestigationTest -->
  <testcase classname="com.test.IpBilling.test.IPBillingTest" name="CancelBillReadyTest">
    <skipped/>
  </testcase> <!-- CancelBillReadyTest -->
  <testcase classname="com.test.IpBilling.test.IPBillingTest" name="EditFinancialDetails">
    <skipped/>
  </testcase> <!-- EditFinancialDetails -->
  <testcase classname="com.test.IpBilling.test.IPBillingTest" name="IpPackageDetailsTest">
    <skipped/>
  </testcase> <!-- IpPackageDetailsTest -->
  <testcase classname="com.test.IpBilling.test.IPBillingTest" name="ClickOnBillDetails">
    <skipped/>
  </testcase> <!-- ClickOnBillDetails -->
  <testcase classname="com.test.IpBilling.test.IPBillingTest" name="IpBillSettlement">
    <skipped/>
  </testcase> <!-- IpBillSettlement -->
  <testcase classname="com.test.IpBilling.test.IPBillingTest" name="CurrentInPatintIpBillingTest">
    <skipped/>
  </testcase> <!-- CurrentInPatintIpBillingTest -->
  <testcase classname="com.test.IpBilling.test.IPBillingTest" name="IpBillDischargeIcon">
    <skipped/>
  </testcase> <!-- IpBillDischargeIcon -->
  <testcase classname="com.test.IpBilling.test.IPBillingTest" name="PackageBillDetailsTest">
    <skipped/>
  </testcase> <!-- PackageBillDetailsTest -->
  <testcase classname="com.test.IpBilling.test.IPBillingTest" name="AddOnBilingTest">
    <skipped/>
  </testcase> <!-- AddOnBilingTest -->
  <testcase classname="com.test.IpBilling.test.IPBillingTest" name="DischargedPatientsIpBilling">
    <skipped/>
  </testcase> <!-- DischargedPatientsIpBilling -->
  <testcase classname="com.test.IpBilling.test.IPBillingTest" name="SchemeEditFinancialDetails">
    <skipped/>
  </testcase> <!-- SchemeEditFinancialDetails -->
</testsuite> <!-- com.test.IpBilling.test.IPBillingTest -->
