<?xml version="1.0" encoding="UTF-8"?>
<!-- Generated by org.testng.reporters.JUnitReportReporter -->
<testsuite hostname="DESKTOP-V88DC5U" failures="0" tests="1" name="com.test.emergency.test.TC_020_Er_CancelEmergencyIssueTest" time="28.551" errors="0" timestamp="2026-04-15T17:29:35 IST" skipped="0">
  <testcase classname="com.test.emergency.test.TC_020_Er_CancelEmergencyIssueTest" name="ErCancelEmergencyIssuTest" time="28.551"/>
</testsuite> <!-- com.test.emergency.test.TC_020_Er_CancelEmergencyIssueTest -->
