<?xml version="1.0" encoding="UTF-8"?>
<!-- Generated by org.testng.reporters.JUnitReportReporter -->
<testsuite hostname="DESKTOP-V88DC5U" failures="0" tests="4" name="com.test.emergency.test.TC_016_Er_DepositRefundTest" time="41.968" errors="0" timestamp="2026-04-03T16:46:58 IST" skipped="2">
  <testcase classname="com.test.emergency.test.TC_016_Er_DepositRefundTest" name="SearchCurrentInPatientTest" time="30.072"/>
  <testcase classname="com.test.emergency.test.TC_016_Er_DepositRefundTest" name="DepositReceiptUtilityTest" time="11.896"/>
  <testcase classname="com.test.emergency.test.TC_016_Er_DepositRefundTest" name="DepositInCashTest">
    <skipped/>
  </testcase> <!-- DepositInCashTest -->
  <testcase classname="com.test.emergency.test.TC_016_Er_DepositRefundTest" name="DepositInChequeTest">
    <skipped/>
  </testcase> <!-- DepositInChequeTest -->
</testsuite> <!-- com.test.emergency.test.TC_016_Er_DepositRefundTest -->
